::1 - - [10/Aug/2021:11:21:06 +0000] "POST /user/register HTTP/1.1" 200 140 "-" "PostmanRuntime/7.28.2"
::1 - - [10/Aug/2021:11:21:49 +0000] "POST /user/register HTTP/1.1" 200 140 "-" "PostmanRuntime/7.28.2"
::1 - - [10/Aug/2021:11:22:53 +0000] "POST /user/register HTTP/1.1" - - "-" "PostmanRuntime/7.28.2"
::1 - - [10/Aug/2021:11:24:56 +0000] "POST /user/register HTTP/1.1" 403 35 "-" "PostmanRuntime/7.28.2"
::1 - - [10/Aug/2021:11:25:30 +0000] "POST /user/register HTTP/1.1" 200 140 "-" "PostmanRuntime/7.28.2"
::1 - - [10/Aug/2021:11:29:18 +0000] "POST /user/register HTTP/1.1" 200 140 "-" "PostmanRuntime/7.28.2"
::1 - - [10/Aug/2021:11:31:47 +0000] "POST /user/register HTTP/1.1" 200 140 "-" "PostmanRuntime/7.28.2"
::1 - - [10/Aug/2021:11:33:03 +0000] "POST /user/register HTTP/1.1" 403 35 "-" "PostmanRuntime/7.28.2"
::1 - - [10/Aug/2021:11:33:20 +0000] "POST /user/register HTTP/1.1" 200 140 "-" "PostmanRuntime/7.28.2"
::1 - - [10/Aug/2021:11:46:05 +0000] "POST /user/register HTTP/1.1" 403 35 "-" "PostmanRuntime/7.28.2"
::1 - - [10/Aug/2021:11:46:27 +0000] "POST /user/register HTTP/1.1" 200 22 "-" "PostmanRuntime/7.28.2"
::1 - - [10/Aug/2021:11:48:36 +0000] "POST /user/verify HTTP/1.1" 401 2158 "-" "Mozilla/5.0 (Windows NT 10.0; Win64; x64) AppleWebKit/537.36 (KHTML, like Gecko) Chrome/92.0.4515.131 Safari/537.36"
::1 - - [10/Aug/2021:11:49:51 +0000] "POST /user/verify HTTP/1.1" 401 2158 "-" "Mozilla/5.0 (Windows NT 10.0; Win64; x64) AppleWebKit/537.36 (KHTML, like Gecko) Chrome/92.0.4515.131 Safari/537.36"
::1 - - [10/Aug/2021:11:50:13 +0000] "POST /user/verify HTTP/1.1" 500 2148 "-" "Mozilla/5.0 (Windows NT 10.0; Win64; x64) AppleWebKit/537.36 (KHTML, like Gecko) Chrome/92.0.4515.131 Safari/537.36"
::1 - - [10/Aug/2021:11:51:24 +0000] "POST /user/verify HTTP/1.1" 404 151 "-" "Mozilla/5.0 (Windows NT 10.0; Win64; x64) AppleWebKit/537.36 (KHTML, like Gecko) Chrome/92.0.4515.131 Safari/537.36"
::1 - - [10/Aug/2021:11:52:39 +0000] "POST /user/verify HTTP/1.1" 200 129 "-" "Mozilla/5.0 (Windows NT 10.0; Win64; x64) AppleWebKit/537.36 (KHTML, like Gecko) Chrome/92.0.4515.131 Safari/537.36"
::1 - - [10/Aug/2021:11:52:39 +0000] "GET /favicon.ico HTTP/1.1" 404 150 "http://localhost:3000/user/verify" "Mozilla/5.0 (Windows NT 10.0; Win64; x64) AppleWebKit/537.36 (KHTML, like Gecko) Chrome/92.0.4515.131 Safari/537.36"
::1 - - [10/Aug/2021:12:08:21 +0000] "POST /user/verify HTTP/1.1" 400 25 "-" "Mozilla/5.0 (Windows NT 10.0; Win64; x64) AppleWebKit/537.36 (KHTML, like Gecko) Chrome/92.0.4515.131 Safari/537.36"
::1 - - [10/Aug/2021:12:09:05 +0000] "POST /user/verify HTTP/1.1" 400 25 "-" "Mozilla/5.0 (Windows NT 10.0; Win64; x64) AppleWebKit/537.36 (KHTML, like Gecko) Chrome/92.0.4515.131 Safari/537.36"
::1 - - [10/Aug/2021:12:10:29 +0000] "POST /user/verify HTTP/1.1" 400 25 "-" "Mozilla/5.0 (Windows NT 10.0; Win64; x64) AppleWebKit/537.36 (KHTML, like Gecko) Chrome/92.0.4515.131 Safari/537.36"
::1 - - [10/Aug/2021:12:10:43 +0000] "POST /user/verify HTTP/1.1" 400 25 "-" "Mozilla/5.0 (Windows NT 10.0; Win64; x64) AppleWebKit/537.36 (KHTML, like Gecko) Chrome/92.0.4515.131 Safari/537.36"
::1 - - [10/Aug/2021:12:11:50 +0000] "POST /user/register HTTP/1.1" 200 22 "-" "PostmanRuntime/7.28.2"
::1 - - [10/Aug/2021:12:12:07 +0000] "POST /user/verify HTTP/1.1" 200 341 "-" "Mozilla/5.0 (Windows NT 10.0; Win64; x64) AppleWebKit/537.36 (KHTML, like Gecko) Chrome/92.0.4515.131 Safari/537.36"
::1 - - [10/Aug/2021:12:13:30 +0000] "POST /user/verify HTTP/1.1" 400 24 "-" "Mozilla/5.0 (Windows NT 10.0; Win64; x64) AppleWebKit/537.36 (KHTML, like Gecko) Chrome/92.0.4515.131 Safari/537.36"
::1 - - [10/Aug/2021:12:17:09 +0000] "POST /user/register HTTP/1.1" 200 22 "-" "PostmanRuntime/7.28.2"
::1 - - [10/Aug/2021:12:17:26 +0000] "POST /user/verify HTTP/1.1" 200 377 "-" "Mozilla/5.0 (Windows NT 10.0; Win64; x64) AppleWebKit/537.36 (KHTML, like Gecko) Chrome/92.0.4515.131 Safari/537.36"
::1 - - [10/Aug/2021:12:17:32 +0000] "POST /user/verify HTTP/1.1" 200 28 "-" "Mozilla/5.0 (Windows NT 10.0; Win64; x64) AppleWebKit/537.36 (KHTML, like Gecko) Chrome/92.0.4515.131 Safari/537.36"
::1 - - [10/Aug/2021:12:19:14 +0000] "POST /user/register HTTP/1.1" 200 22 "-" "PostmanRuntime/7.28.2"
::1 - - [10/Aug/2021:12:23:04 +0000] "POST /user/verify HTTP/1.1" 200 377 "-" "Mozilla/5.0 (Windows NT 10.0; Win64; x64) AppleWebKit/537.36 (KHTML, like Gecko) Chrome/92.0.4515.131 Safari/537.36"
::1 - - [10/Aug/2021:12:24:20 +0000] "POST /user/register HTTP/1.1" 200 22 "-" "PostmanRuntime/7.28.2"
::1 - - [10/Aug/2021:12:26:10 +0000] "POST /user/verify HTTP/1.1" 200 377 "-" "Mozilla/5.0 (Windows NT 10.0; Win64; x64) AppleWebKit/537.36 (KHTML, like Gecko) Chrome/92.0.4515.131 Safari/537.36"
::1 - - [10/Aug/2021:12:43:27 +0000] "POST /user/register HTTP/1.1" 200 22 "-" "PostmanRuntime/7.28.2"
::1 - - [10/Aug/2021:12:44:59 +0000] "POST /user/register HTTP/1.1" 200 22 "-" "PostmanRuntime/7.28.2"
::1 - - [10/Aug/2021:12:46:36 +0000] "POST /user/register HTTP/1.1" 200 22 "-" "PostmanRuntime/7.28.2"
::1 - - [10/Aug/2021:12:48:36 +0000] "POST /user/register HTTP/1.1" 200 22 "-" "PostmanRuntime/7.28.2"
::1 - - [10/Aug/2021:12:51:23 +0000] "POST /user/verify HTTP/1.1" 200 377 "-" "Mozilla/5.0 (Windows NT 10.0; Win64; x64) AppleWebKit/537.36 (KHTML, like Gecko) Chrome/92.0.4515.131 Safari/537.36"
::1 - - [10/Aug/2021:12:52:09 +0000] "POST /user/register HTTP/1.1" 200 22 "-" "PostmanRuntime/7.28.2"
::1 - - [10/Aug/2021:12:55:13 +0000] "POST /user/verify HTTP/1.1" 200 29 "-" "Mozilla/5.0 (Windows NT 10.0; Win64; x64) AppleWebKit/537.36 (KHTML, like Gecko) Chrome/92.0.4515.131 Safari/537.36"
::1 - - [10/Aug/2021:13:02:44 +0000] "POST /user/login HTTP/1.1" 500 35 "-" "PostmanRuntime/7.28.2"
::1 - - [10/Aug/2021:13:03:48 +0000] "POST /user/login HTTP/1.1" 500 35 "-" "PostmanRuntime/7.28.2"
::1 - - [10/Aug/2021:13:04:45 +0000] "POST /user/login HTTP/1.1" 500 35 "-" "PostmanRuntime/7.28.2"
::1 - - [10/Aug/2021:13:05:18 +0000] "POST /user/login HTTP/1.1" 500 35 "-" "PostmanRuntime/7.28.2"
::1 - - [10/Aug/2021:13:06:05 +0000] "POST /user/login HTTP/1.1" 200 210 "-" "PostmanRuntime/7.28.2"
::1 - - [10/Aug/2021:13:06:10 +0000] "POST /user/login HTTP/1.1" 401 33 "-" "PostmanRuntime/7.28.2"
::1 - - [10/Aug/2021:13:08:07 +0000] "POST /user/login HTTP/1.1" - - "-" "PostmanRuntime/7.28.2"
::1 - - [10/Aug/2021:13:08:15 +0000] "POST /user/login HTTP/1.1" - - "-" "PostmanRuntime/7.28.2"
::1 - - [10/Aug/2021:13:10:04 +0000] "POST /user/login HTTP/1.1" 401 33 "-" "PostmanRuntime/7.28.2"
::1 - - [10/Aug/2021:13:10:10 +0000] "POST /user/login HTTP/1.1" 200 210 "-" "PostmanRuntime/7.28.2"
::1 - - [10/Aug/2021:13:10:13 +0000] "POST /user/login HTTP/1.1" 401 33 "-" "PostmanRuntime/7.28.2"
::1 - - [10/Aug/2021:13:10:59 +0000] "POST /user/login HTTP/1.1" 200 210 "-" "PostmanRuntime/7.28.2"
::1 - - [10/Aug/2021:13:30:56 +0000] "POST /user/login HTTP/1.1" 302 27 "-" "PostmanRuntime/7.28.2"
::1 - - [10/Aug/2021:13:30:56 +0000] "GET /plan HTTP/1.1" 401 2158 "http://localhost:3000/user/login" "PostmanRuntime/7.28.2"
::1 - - [10/Aug/2021:13:31:48 +0000] "POST /user/login HTTP/1.1" 302 27 "-" "PostmanRuntime/7.28.2"
::1 - - [10/Aug/2021:13:31:48 +0000] "GET /plan HTTP/1.1" 401 2158 "http://localhost:3000/user/login" "PostmanRuntime/7.28.2"
::1 - - [10/Aug/2021:13:33:14 +0000] "POST /user/login HTTP/1.1" 302 27 "-" "PostmanRuntime/7.28.2"
::1 - - [10/Aug/2021:13:33:14 +0000] "GET /plan HTTP/1.1" 401 2158 "http://localhost:3000/user/login" "PostmanRuntime/7.28.2"
::1 - - [10/Aug/2021:13:33:49 +0000] "POST /user/login HTTP/1.1" 302 27 "-" "PostmanRuntime/7.28.2"
::1 - - [10/Aug/2021:13:33:49 +0000] "GET /plan HTTP/1.1" 401 2158 "http://localhost:3000/user/login" "PostmanRuntime/7.28.2"
::ffff:127.0.0.1 - - [10/Aug/2021:13:38:12 +0000] "POST /user/login HTTP/1.1" - - "-" "PostmanRuntime/7.28.2"
::ffff:127.0.0.1 - - [10/Aug/2021:13:38:52 +0000] "GET /plan HTTP/1.1" 401 2158 "-" "-"
::ffff:127.0.0.1 - - [10/Aug/2021:13:38:52 +0000] "POST /user/login HTTP/1.1" 200 - "-" "PostmanRuntime/7.28.2"
::ffff:127.0.0.1 - - [10/Aug/2021:17:57:23 +0000] "POST /plan HTTP/1.1" 401 2158 "-" "-"
::ffff:127.0.0.1 - - [10/Aug/2021:17:58:03 +0000] "POST /plan HTTP/1.1" 401 2158 "-" "-"
::ffff:127.0.0.1 - - [10/Aug/2021:17:59:18 +0000] "POST /plan HTTP/1.1" 401 2158 "-" "-"
::ffff:127.0.0.1 - - [10/Aug/2021:18:00:49 +0000] "POST /plan HTTP/1.1" 401 2158 "-" "-"
::ffff:127.0.0.1 - - [10/Aug/2021:18:09:48 +0000] "POST /plan HTTP/1.1" 401 2158 "-" "-"
::1 - - [10/Aug/2021:18:10:23 +0000] "POST /user/login HTTP/1.1" 200 19 "-" "PostmanRuntime/7.28.2"
::ffff:127.0.0.1 - - [10/Aug/2021:18:10:23 +0000] "POST /plan HTTP/1.1" 401 2158 "-" "-"
::1 - - [10/Aug/2021:18:13:36 +0000] "POST /user/login HTTP/1.1" 200 19 "-" "PostmanRuntime/7.28.2"
::ffff:127.0.0.1 - - [10/Aug/2021:18:13:36 +0000] "POST /plan HTTP/1.1" 401 2158 "-" "-"
::1 - - [10/Aug/2021:18:15:29 +0000] "POST /user/login HTTP/1.1" 200 19 "-" "PostmanRuntime/7.28.2"
::ffff:127.0.0.1 - - [10/Aug/2021:18:15:29 +0000] "POST /plan HTTP/1.1" 401 2158 "-" "-"
::1 - - [10/Aug/2021:18:23:31 +0000] "POST /user/login HTTP/1.1" 200 19 "-" "PostmanRuntime/7.28.2"
::ffff:127.0.0.1 - - [10/Aug/2021:18:23:31 +0000] "POST /plan HTTP/1.1" 401 2158 "-" "-"
::ffff:127.0.0.1 - - [10/Aug/2021:18:35:19 +0000] "POST /user/login HTTP/1.1" 200 19 "-" "PostmanRuntime/7.28.2"
::ffff:127.0.0.1 - - [10/Aug/2021:18:35:19 +0000] "POST /plan HTTP/1.1" 401 2158 "-" "-"
::1 - - [10/Aug/2021:18:36:54 +0000] "POST /user/login HTTP/1.1" 200 19 "-" "PostmanRuntime/7.28.2"
::ffff:127.0.0.1 - - [10/Aug/2021:18:36:54 +0000] "POST /plan HTTP/1.1" 401 2158 "-" "-"
::ffff:127.0.0.1 - - [10/Aug/2021:18:39:00 +0000] "POST /user/login HTTP/1.1" 200 19 "-" "PostmanRuntime/7.28.2"
::ffff:127.0.0.1 - - [10/Aug/2021:18:39:00 +0000] "POST /plan HTTP/1.1" 401 2158 "-" "-"
::ffff:127.0.0.1 - - [10/Aug/2021:18:40:23 +0000] "POST /user/login HTTP/1.1" 200 19 "-" "PostmanRuntime/7.28.2"
::ffff:127.0.0.1 - - [10/Aug/2021:18:40:23 +0000] "POST /plan HTTP/1.1" 401 2158 "-" "-"
::1 - - [10/Aug/2021:20:12:16 +0000] "GET /user/ HTTP/1.1" 200 1327 "-" "PostmanRuntime/7.28.2"
::1 - - [10/Aug/2021:20:12:22 +0000] "POST /user/login HTTP/1.1" 200 19 "-" "PostmanRuntime/7.28.2"
::ffff:127.0.0.1 - - [10/Aug/2021:20:12:22 +0000] "POST /plan HTTP/1.1" 401 2158 "-" "-"
::1 - - [10/Aug/2021:20:14:06 +0000] "POST /user/login HTTP/1.1" 200 19 "-" "PostmanRuntime/7.28.2"
- - - [10/Aug/2021:20:14:06 +0000] "GET /plan HTTP/1.1" - - "-" "-"
::1 - - [10/Aug/2021:20:16:44 +0000] "POST /user/login HTTP/1.1" 200 19 "-" "PostmanRuntime/7.28.2"
- - - [10/Aug/2021:20:16:44 +0000] "GET /plan HTTP/1.1" - - "-" "-"
::ffff:127.0.0.1 - - [10/Aug/2021:20:17:28 +0000] "POST /user/login HTTP/1.1" 200 19 "-" "PostmanRuntime/7.28.2"
- - - [10/Aug/2021:20:17:28 +0000] "GET /plan HTTP/1.1" - - "-" "-"
::1 - - [10/Aug/2021:20:18:05 +0000] "POST /user/login HTTP/1.1" 200 19 "-" "PostmanRuntime/7.28.2"
- - - [10/Aug/2021:20:18:05 +0000] "GET /plan HTTP/1.1" - - "-" "-"
::1 - - [10/Aug/2021:20:20:09 +0000] "POST /user/login HTTP/1.1" 200 19 "-" "PostmanRuntime/7.28.2"
- - - [10/Aug/2021:20:20:09 +0000] "GET /plan HTTP/1.1" - - "-" "-"
::1 - - [10/Aug/2021:20:28:08 +0000] "POST /user/login HTTP/1.1" 200 19 "-" "PostmanRuntime/7.28.2"
::ffff:127.0.0.1 - - [10/Aug/2021:20:28:08 +0000] "GET /plan HTTP/1.1" 200 11368 "-" "-"
::ffff:127.0.0.1 - - [10/Aug/2021:20:33:48 +0000] "POST /user/login HTTP/1.1" 200 19 "-" "PostmanRuntime/7.28.2"
::ffff:127.0.0.1 - - [10/Aug/2021:20:34:15 +0000] "POST /user/login HTTP/1.1" 200 19 "-" "PostmanRuntime/7.28.2"
::1 - - [10/Aug/2021:20:34:43 +0000] "POST /user/login HTTP/1.1" 200 19 "-" "PostmanRuntime/7.28.2"
::ffff:127.0.0.1 - - [10/Aug/2021:20:34:43 +0000] "GET /plan HTTP/1.1" 500 942 "-" "-"
::1 - - [10/Aug/2021:20:37:13 +0000] "POST /user/login HTTP/1.1" 200 19 "-" "PostmanRuntime/7.28.2"
::ffff:127.0.0.1 - - [10/Aug/2021:20:37:14 +0000] "GET /plan HTTP/1.1" 200 11368 "-" "-"
::1 - - [10/Aug/2021:20:45:15 +0000] "POST /user/login HTTP/1.1" 200 19 "-" "PostmanRuntime/7.28.2"
::ffff:127.0.0.1 - - [10/Aug/2021:20:45:15 +0000] "GET /plan HTTP/1.1" 200 11368 "-" "-"
::ffff:127.0.0.1 - - [10/Aug/2021:20:46:28 +0000] "POST /user/login HTTP/1.1" 200 19 "-" "PostmanRuntime/7.28.2"
::ffff:127.0.0.1 - - [10/Aug/2021:20:46:29 +0000] "GET /plan HTTP/1.1" 200 11368 "-" "-"
::1 - - [10/Aug/2021:20:47:57 +0000] "POST /user/login HTTP/1.1" 200 19 "-" "PostmanRuntime/7.28.2"
::ffff:127.0.0.1 - - [10/Aug/2021:20:47:57 +0000] "GET /plan HTTP/1.1" 200 11368 "-" "-"
::1 - - [10/Aug/2021:20:51:10 +0000] "POST /user/login HTTP/1.1" 200 19 "-" "PostmanRuntime/7.28.2"
::ffff:127.0.0.1 - - [10/Aug/2021:20:51:10 +0000] "GET /plan HTTP/1.1" 200 11368 "-" "-"
::1 - - [10/Aug/2021:20:56:16 +0000] "POST /user/login HTTP/1.1" 200 19 "-" "PostmanRuntime/7.28.2"
::ffff:127.0.0.1 - - [10/Aug/2021:20:56:16 +0000] "GET /plan HTTP/1.1" 200 11368 "-" "-"
::ffff:127.0.0.1 - - [10/Aug/2021:22:13:42 +0000] "POST /user/login HTTP/1.1" 200 19 "-" "PostmanRuntime/7.28.2"
::ffff:127.0.0.1 - - [10/Aug/2021:22:13:42 +0000] "GET /plan HTTP/1.1" 200 11368 "-" "-"
::1 - - [10/Aug/2021:22:14:06 +0000] "POST /user/login HTTP/1.1" 401 33 "-" "PostmanRuntime/7.28.2"
::1 - - [10/Aug/2021:22:14:17 +0000] "POST /user/login HTTP/1.1" 401 33 "-" "PostmanRuntime/7.28.2"
::1 - - [10/Aug/2021:22:14:58 +0000] "POST /user/login HTTP/1.1" 200 19 "-" "PostmanRuntime/7.28.2"
::ffff:127.0.0.1 - - [10/Aug/2021:22:14:58 +0000] "GET /plan HTTP/1.1" 200 11368 "-" "-"
::1 - - [10/Aug/2021:22:15:07 +0000] "POST /user/login HTTP/1.1" 401 33 "-" "PostmanRuntime/7.28.2"
::1 - - [10/Aug/2021:22:15:13 +0000] "POST /user/login HTTP/1.1" 401 33 "-" "PostmanRuntime/7.28.2"
::1 - - [10/Aug/2021:22:15:16 +0000] "POST /user/login HTTP/1.1" 200 19 "-" "PostmanRuntime/7.28.2"
::ffff:127.0.0.1 - - [10/Aug/2021:22:15:16 +0000] "GET /plan HTTP/1.1" 200 11368 "-" "-"
::1 - - [10/Aug/2021:22:59:21 +0000] "POST /user/login HTTP/1.1" 200 19 "-" "PostmanRuntime/7.28.2"
::ffff:127.0.0.1 - - [10/Aug/2021:22:59:21 +0000] "GET /plan HTTP/1.1" 200 11368 "-" "-"
::1 - - [10/Aug/2021:22:59:39 +0000] "GET /plan/60904c59720b3a6b29c3d932/2021/08 HTTP/1.1" 401 2140 "http://localhost:4200/" "Mozilla/5.0 (Windows NT 10.0; Win64; x64) AppleWebKit/537.36 (KHTML, like Gecko) Chrome/92.0.4515.131 Safari/537.36"
::1 - - [10/Aug/2021:23:02:33 +0000] "GET /plan/60904c59720b3a6b29c3d932/2021/08 HTTP/1.1" 401 2140 "http://localhost:4200/" "Mozilla/5.0 (Windows NT 10.0; Win64; x64) AppleWebKit/537.36 (KHTML, like Gecko) Chrome/92.0.4515.131 Safari/537.36"
::1 - - [10/Aug/2021:23:15:23 +0000] "GET /plan/60904c59720b3a6b29c3d932/2021/08 HTTP/1.1" 401 2140 "http://localhost:4200/" "Mozilla/5.0 (Windows NT 10.0; Win64; x64) AppleWebKit/537.36 (KHTML, like Gecko) Chrome/92.0.4515.131 Safari/537.36"
::1 - - [10/Aug/2021:23:15:42 +0000] "GET /plan/60904c59720b3a6b29c3d932/2021/08 HTTP/1.1" 401 2140 "http://localhost:4200/" "Mozilla/5.0 (Windows NT 10.0; Win64; x64) AppleWebKit/537.36 (KHTML, like Gecko) Chrome/92.0.4515.131 Safari/537.36"
::1 - - [10/Aug/2021:23:15:47 +0000] "GET /plan/60904c59720b3a6b29c3d932/2021/08 HTTP/1.1" 401 2140 "http://localhost:4200/" "Mozilla/5.0 (Windows NT 10.0; Win64; x64) AppleWebKit/537.36 (KHTML, like Gecko) Chrome/92.0.4515.131 Safari/537.36"
::1 - - [10/Aug/2021:23:16:43 +0000] "GET /user HTTP/1.1" 200 1327 "http://localhost:4200/" "Mozilla/5.0 (Windows NT 10.0; Win64; x64) AppleWebKit/537.36 (KHTML, like Gecko) Chrome/92.0.4515.131 Safari/537.36"
::1 - - [10/Aug/2021:23:17:00 +0000] "GET /plan/60904c59720b3a6b29c3d932/2021/08 HTTP/1.1" 401 2140 "http://localhost:4200/" "Mozilla/5.0 (Windows NT 10.0; Win64; x64) AppleWebKit/537.36 (KHTML, like Gecko) Chrome/92.0.4515.131 Safari/537.36"
::1 - - [10/Aug/2021:23:18:26 +0000] "GET /plan/60904c59720b3a6b29c3d932/2021/08 HTTP/1.1" 401 2140 "http://localhost:4200/" "Mozilla/5.0 (Windows NT 10.0; Win64; x64) AppleWebKit/537.36 (KHTML, like Gecko) Chrome/92.0.4515.131 Safari/537.36"
::1 - - [10/Aug/2021:23:20:33 +0000] "GET /plan/60904c59720b3a6b29c3d932/2021/08 HTTP/1.1" 401 2140 "http://localhost:4200/" "Mozilla/5.0 (Windows NT 10.0; Win64; x64) AppleWebKit/537.36 (KHTML, like Gecko) Chrome/92.0.4515.131 Safari/537.36"
::1 - - [10/Aug/2021:23:20:54 +0000] "GET /plan/60904c59720b3a6b29c3d932/2021/08 HTTP/1.1" 401 2140 "http://localhost:4200/" "Mozilla/5.0 (Windows NT 10.0; Win64; x64) AppleWebKit/537.36 (KHTML, like Gecko) Chrome/92.0.4515.131 Safari/537.36"
::1 - - [10/Aug/2021:23:21:47 +0000] "GET /plan/60904c59720b3a6b29c3d932/2021/08 HTTP/1.1" 401 2140 "http://localhost:4200/" "Mozilla/5.0 (Windows NT 10.0; Win64; x64) AppleWebKit/537.36 (KHTML, like Gecko) Chrome/92.0.4515.131 Safari/537.36"
::1 - - [10/Aug/2021:23:22:02 +0000] "GET /plan/60904c59720b3a6b29c3d932/2021/08 HTTP/1.1" 401 2140 "http://localhost:4200/" "Mozilla/5.0 (Windows NT 10.0; Win64; x64) AppleWebKit/537.36 (KHTML, like Gecko) Chrome/92.0.4515.131 Safari/537.36"
::1 - - [10/Aug/2021:23:22:09 +0000] "GET /plan/60904c59720b3a6b29c3d932/2021/08 HTTP/1.1" 401 2140 "http://localhost:4200/" "Mozilla/5.0 (Windows NT 10.0; Win64; x64) AppleWebKit/537.36 (KHTML, like Gecko) Chrome/92.0.4515.131 Safari/537.36"
::1 - - [10/Aug/2021:23:36:28 +0000] "GET /plan/60904c59720b3a6b29c3d932/2021/08 HTTP/1.1" 401 2140 "http://localhost:4200/" "Mozilla/5.0 (Windows NT 10.0; Win64; x64) AppleWebKit/537.36 (KHTML, like Gecko) Chrome/92.0.4515.131 Safari/537.36"
::1 - - [10/Aug/2021:23:38:20 +0000] "GET /plan/60904c59720b3a6b29c3d932/2021/08 HTTP/1.1" 401 2140 "http://localhost:4200/" "Mozilla/5.0 (Windows NT 10.0; Win64; x64) AppleWebKit/537.36 (KHTML, like Gecko) Chrome/92.0.4515.131 Safari/537.36"
::1 - - [10/Aug/2021:23:38:56 +0000] "GET /plan/60904c59720b3a6b29c3d932/2021/08 HTTP/1.1" 401 2140 "http://localhost:4200/" "Mozilla/5.0 (Windows NT 10.0; Win64; x64) AppleWebKit/537.36 (KHTML, like Gecko) Chrome/92.0.4515.131 Safari/537.36"
::1 - - [10/Aug/2021:23:39:24 +0000] "GET /plan/60904c59720b3a6b29c3d932/2021/08 HTTP/1.1" 401 2140 "http://localhost:4200/" "Mozilla/5.0 (Windows NT 10.0; Win64; x64) AppleWebKit/537.36 (KHTML, like Gecko) Chrome/92.0.4515.131 Safari/537.36"
::1 - - [10/Aug/2021:23:41:01 +0000] "GET /plan/60904c59720b3a6b29c3d932/2021/08 HTTP/1.1" 401 2140 "http://localhost:4200/" "Mozilla/5.0 (Windows NT 10.0; Win64; x64) AppleWebKit/537.36 (KHTML, like Gecko) Chrome/92.0.4515.131 Safari/537.36"
::1 - - [10/Aug/2021:23:41:06 +0000] "GET /plan/60904c59720b3a6b29c3d932/2021/08 HTTP/1.1" 401 2140 "http://localhost:4200/" "Mozilla/5.0 (Windows NT 10.0; Win64; x64) AppleWebKit/537.36 (KHTML, like Gecko) Chrome/92.0.4515.131 Safari/537.36"
::1 - - [10/Aug/2021:23:41:57 +0000] "GET /plan/60904c59720b3a6b29c3d932/2021/08 HTTP/1.1" 401 2140 "http://localhost:4200/" "Mozilla/5.0 (Windows NT 10.0; Win64; x64) AppleWebKit/537.36 (KHTML, like Gecko) Chrome/92.0.4515.131 Safari/537.36"
::1 - - [10/Aug/2021:23:42:46 +0000] "GET /plan/60904c59720b3a6b29c3d932/2021/08 HTTP/1.1" 401 2140 "http://localhost:4200/" "Mozilla/5.0 (Windows NT 10.0; Win64; x64) AppleWebKit/537.36 (KHTML, like Gecko) Chrome/92.0.4515.131 Safari/537.36"
::1 - - [10/Aug/2021:23:49:25 +0000] "GET /plan/60904c59720b3a6b29c3d932/2021/08 HTTP/1.1" 401 2140 "http://localhost:4200/" "Mozilla/5.0 (Windows NT 10.0; Win64; x64) AppleWebKit/537.36 (KHTML, like Gecko) Chrome/92.0.4515.131 Safari/537.36"
::1 - - [10/Aug/2021:23:55:11 +0000] "GET /plan/60904c59720b3a6b29c3d932/2021/08 HTTP/1.1" 401 2140 "http://localhost:4200/" "Mozilla/5.0 (Windows NT 10.0; Win64; x64) AppleWebKit/537.36 (KHTML, like Gecko) Chrome/92.0.4515.131 Safari/537.36"
::1 - - [10/Aug/2021:23:55:22 +0000] "GET /plan/60904c59720b3a6b29c3d932/2021/08 HTTP/1.1" 401 2140 "http://localhost:4200/" "Mozilla/5.0 (Windows NT 10.0; Win64; x64) AppleWebKit/537.36 (KHTML, like Gecko) Chrome/92.0.4515.131 Safari/537.36"
::1 - - [10/Aug/2021:23:55:54 +0000] "GET /plan/60904c59720b3a6b29c3d932/2021/08 HTTP/1.1" 401 2140 "-" "Mozilla/5.0 (Windows NT 10.0; Win64; x64) AppleWebKit/537.36 (KHTML, like Gecko) Chrome/92.0.4515.131 Safari/537.36"
::1 - - [11/Aug/2021:11:17:06 +0000] "GET /plan/60904c59720b3a6b29c3d932/2021/08 HTTP/1.1" 401 2140 "http://localhost:4200/" "Mozilla/5.0 (Windows NT 10.0; Win64; x64) AppleWebKit/537.36 (KHTML, like Gecko) Chrome/92.0.4515.131 Safari/537.36"
::1 - - [11/Aug/2021:11:18:01 +0000] "GET /plan/60904c59720b3a6b29c3d932/2021/08 HTTP/1.1" 401 2140 "http://localhost:4200/" "Mozilla/5.0 (Windows NT 10.0; Win64; x64) AppleWebKit/537.36 (KHTML, like Gecko) Chrome/92.0.4515.131 Safari/537.36"
::1 - - [11/Aug/2021:11:20:47 +0000] "GET /plan/60904c59720b3a6b29c3d932/2021/08 HTTP/1.1" 401 2140 "http://localhost:4200/" "Mozilla/5.0 (Windows NT 10.0; Win64; x64) AppleWebKit/537.36 (KHTML, like Gecko) Chrome/92.0.4515.131 Safari/537.36"
::1 - - [11/Aug/2021:11:21:02 +0000] "GET /plan/60904c59720b3a6b29c3d932/2021/08 HTTP/1.1" 401 2140 "http://localhost:4200/" "Mozilla/5.0 (Windows NT 10.0; Win64; x64) AppleWebKit/537.36 (KHTML, like Gecko) Chrome/92.0.4515.131 Safari/537.36"
::1 - - [11/Aug/2021:11:46:44 +0000] "GET /plan/60904c59720b3a6b29c3d932/2021/08 HTTP/1.1" 401 2140 "http://localhost:4200/" "Mozilla/5.0 (Windows NT 10.0; Win64; x64) AppleWebKit/537.36 (KHTML, like Gecko) Chrome/92.0.4515.131 Safari/537.36"
::1 - - [11/Aug/2021:11:48:37 +0000] "GET /plan/60904c59720b3a6b29c3d932/2021/08 HTTP/1.1" 401 2140 "http://localhost:4200/" "Mozilla/5.0 (Windows NT 10.0; Win64; x64) AppleWebKit/537.36 (KHTML, like Gecko) Chrome/92.0.4515.131 Safari/537.36"
::1 - - [11/Aug/2021:11:49:32 +0000] "GET /plan/60904c59720b3a6b29c3d932/2021/08 HTTP/1.1" 401 2140 "http://localhost:4200/" "Mozilla/5.0 (Windows NT 10.0; Win64; x64) AppleWebKit/537.36 (KHTML, like Gecko) Chrome/92.0.4515.131 Safari/537.36"
::1 - - [11/Aug/2021:11:52:23 +0000] "GET /plan/60904c59720b3a6b29c3d932/2021/08 HTTP/1.1" 401 2140 "http://localhost:4200/" "Mozilla/5.0 (Windows NT 10.0; Win64; x64) AppleWebKit/537.36 (KHTML, like Gecko) Chrome/92.0.4515.131 Safari/537.36"
::1 - - [13/Aug/2021:11:39:35 +0000] "GET /plan/60904c59720b3a6b29c3d932/2021/08 HTTP/1.1" 401 2140 "http://localhost:4200/" "Mozilla/5.0 (Windows NT 10.0; Win64; x64) AppleWebKit/537.36 (KHTML, like Gecko) Chrome/92.0.4515.131 Safari/537.36"
::1 - - [13/Aug/2021:11:48:33 +0000] "GET /plan/60904c59720b3a6b29c3d932/2021/08 HTTP/1.1" 401 2140 "http://localhost:4200/" "Mozilla/5.0 (Windows NT 10.0; Win64; x64) AppleWebKit/537.36 (KHTML, like Gecko) Chrome/92.0.4515.131 Safari/537.36"
::1 - - [13/Aug/2021:11:53:27 +0000] "GET /plan/60904c59720b3a6b29c3d932/2021/08 HTTP/1.1" 401 2140 "http://localhost:4200/" "Mozilla/5.0 (Windows NT 10.0; Win64; x64) AppleWebKit/537.36 (KHTML, like Gecko) Chrome/92.0.4515.131 Safari/537.36"
::1 - - [13/Aug/2021:11:53:43 +0000] "GET /plan/60904c59720b3a6b29c3d932/2021/08 HTTP/1.1" 401 2140 "http://localhost:4200/" "Mozilla/5.0 (Windows NT 10.0; Win64; x64) AppleWebKit/537.36 (KHTML, like Gecko) Chrome/92.0.4515.131 Safari/537.36"
::1 - - [13/Aug/2021:11:54:09 +0000] "GET /plan/60904c59720b3a6b29c3d932/2021/08 HTTP/1.1" 401 2140 "http://localhost:4200/" "Mozilla/5.0 (Windows NT 10.0; Win64; x64) AppleWebKit/537.36 (KHTML, like Gecko) Chrome/92.0.4515.131 Safari/537.36"
::1 - - [13/Aug/2021:11:54:50 +0000] "GET /plan/60904c59720b3a6b29c3d932/2021/08 HTTP/1.1" 401 2140 "http://localhost:4200/" "Mozilla/5.0 (Windows NT 10.0; Win64; x64) AppleWebKit/537.36 (KHTML, like Gecko) Chrome/92.0.4515.131 Safari/537.36"
::1 - - [13/Aug/2021:11:55:59 +0000] "GET /plan/60904c59720b3a6b29c3d932/2021/08 HTTP/1.1" 401 2140 "http://localhost:4200/" "Mozilla/5.0 (Windows NT 10.0; Win64; x64) AppleWebKit/537.36 (KHTML, like Gecko) Chrome/92.0.4515.131 Safari/537.36"
::1 - - [13/Aug/2021:11:56:57 +0000] "GET /plan/60904c59720b3a6b29c3d932/2021/08 HTTP/1.1" 401 2140 "http://localhost:4200/" "Mozilla/5.0 (Windows NT 10.0; Win64; x64) AppleWebKit/537.36 (KHTML, like Gecko) Chrome/92.0.4515.131 Safari/537.36"
::1 - - [13/Aug/2021:11:57:14 +0000] "GET /plan/60904c59720b3a6b29c3d932/2021/08 HTTP/1.1" 401 2140 "http://localhost:4200/" "Mozilla/5.0 (Windows NT 10.0; Win64; x64) AppleWebKit/537.36 (KHTML, like Gecko) Chrome/92.0.4515.131 Safari/537.36"
::1 - - [13/Aug/2021:11:58:28 +0000] "GET /user HTTP/1.1" 200 1327 "http://localhost:4200/" "Mozilla/5.0 (Windows NT 10.0; Win64; x64) AppleWebKit/537.36 (KHTML, like Gecko) Chrome/92.0.4515.131 Safari/537.36"
::1 - - [13/Aug/2021:23:08:27 +0000] "GET /plan/60904c59720b3a6b29c3d932/2021/08 HTTP/1.1" 401 2140 "http://localhost:4200/" "Mozilla/5.0 (Windows NT 10.0; Win64; x64) AppleWebKit/537.36 (KHTML, like Gecko) Chrome/92.0.4515.131 Safari/537.36"
::1 - - [13/Aug/2021:23:10:36 +0000] "GET /plan/60904c59720b3a6b29c3d932/2021/08 HTTP/1.1" 401 2140 "http://localhost:4200/" "Mozilla/5.0 (Windows NT 10.0; Win64; x64) AppleWebKit/537.36 (KHTML, like Gecko) Chrome/92.0.4515.131 Safari/537.36"
::1 - - [13/Aug/2021:23:10:40 +0000] "GET /plan/60904c59720b3a6b29c3d932/2021/08 HTTP/1.1" 401 2140 "http://localhost:4200/" "Mozilla/5.0 (Windows NT 10.0; Win64; x64) AppleWebKit/537.36 (KHTML, like Gecko) Chrome/92.0.4515.131 Safari/537.36"
::1 - - [13/Aug/2021:23:10:43 +0000] "GET /plan/60904c59720b3a6b29c3d932/2021/08 HTTP/1.1" 401 2140 "http://localhost:4200/" "Mozilla/5.0 (Windows NT 10.0; Win64; x64) AppleWebKit/537.36 (KHTML, like Gecko) Chrome/92.0.4515.131 Safari/537.36"
::1 - - [13/Aug/2021:23:10:46 +0000] "GET /user HTTP/1.1" 200 1327 "http://localhost:4200/" "Mozilla/5.0 (Windows NT 10.0; Win64; x64) AppleWebKit/537.36 (KHTML, like Gecko) Chrome/92.0.4515.131 Safari/537.36"
::1 - - [13/Aug/2021:23:10:49 +0000] "GET /plan/60904c59720b3a6b29c3d932/2021/08 HTTP/1.1" 401 2140 "http://localhost:4200/" "Mozilla/5.0 (Windows NT 10.0; Win64; x64) AppleWebKit/537.36 (KHTML, like Gecko) Chrome/92.0.4515.131 Safari/537.36"
::1 - - [13/Aug/2021:23:16:09 +0000] "POST /register HTTP/1.1" 404 148 "http://localhost:4200/" "Mozilla/5.0 (Windows NT 10.0; Win64; x64) AppleWebKit/537.36 (KHTML, like Gecko) Chrome/92.0.4515.131 Safari/537.36"
::1 - - [13/Aug/2021:23:17:53 +0000] "POST /register HTTP/1.1" 404 148 "http://localhost:4200/" "Mozilla/5.0 (Windows NT 10.0; Win64; x64) AppleWebKit/537.36 (KHTML, like Gecko) Chrome/92.0.4515.131 Safari/537.36"
::1 - - [13/Aug/2021:23:26:04 +0000] "POST /user/register HTTP/1.1" 400 26 "http://localhost:4200/" "Mozilla/5.0 (Windows NT 10.0; Win64; x64) AppleWebKit/537.36 (KHTML, like Gecko) Chrome/92.0.4515.131 Safari/537.36"
::1 - - [13/Aug/2021:23:27:21 +0000] "POST /user/register HTTP/1.1" 400 26 "http://localhost:4200/" "Mozilla/5.0 (Windows NT 10.0; Win64; x64) AppleWebKit/537.36 (KHTML, like Gecko) Chrome/92.0.4515.131 Safari/537.36"
::ffff:127.0.0.1 - - [13/Aug/2021:23:29:11 +0000] "POST /user/register HTTP/1.1" 200 22 "http://localhost:4200/" "Mozilla/5.0 (Windows NT 10.0; Win64; x64) AppleWebKit/537.36 (KHTML, like Gecko) Chrome/92.0.4515.131 Safari/537.36"
::1 - - [13/Aug/2021:23:39:19 +0000] "POST /user/register HTTP/1.1" 200 22 "http://localhost:4200/" "Mozilla/5.0 (Windows NT 10.0; Win64; x64) AppleWebKit/537.36 (KHTML, like Gecko) Chrome/92.0.4515.131 Safari/537.36"
::1 - - [13/Aug/2021:23:39:57 +0000] "GET /user/verify HTTP/1.1" 404 150 "-" "Mozilla/5.0 (Windows NT 10.0; Win64; x64) AppleWebKit/537.36 (KHTML, like Gecko) Chrome/92.0.4515.131 Safari/537.36"
::1 - - [14/Aug/2021:12:41:40 +0000] "POST /user/register HTTP/1.1" 200 22 "http://localhost:4200/" "Mozilla/5.0 (Windows NT 10.0; Win64; x64) AppleWebKit/537.36 (KHTML, like Gecko) Chrome/92.0.4515.131 Safari/537.36"
::1 - - [14/Aug/2021:12:41:56 +0000] "POST /user/verify HTTP/1.1" 200 368 "-" "Mozilla/5.0 (Windows NT 10.0; Win64; x64) AppleWebKit/537.36 (KHTML, like Gecko) Chrome/92.0.4515.131 Safari/537.36"
::1 - - [14/Aug/2021:12:41:56 +0000] "GET /favicon.ico HTTP/1.1" 404 150 "http://localhost:3000/user/verify" "Mozilla/5.0 (Windows NT 10.0; Win64; x64) AppleWebKit/537.36 (KHTML, like Gecko) Chrome/92.0.4515.131 Safari/537.36"
::1 - - [14/Aug/2021:12:44:04 +0000] "POST /user/register HTTP/1.1" 200 22 "http://localhost:4200/" "Mozilla/5.0 (Windows NT 10.0; Win64; x64) AppleWebKit/537.36 (KHTML, like Gecko) Chrome/92.0.4515.131 Safari/537.36"
::1 - - [14/Aug/2021:12:44:10 +0000] "POST /user/verify HTTP/1.1" 302 98 "-" "Mozilla/5.0 (Windows NT 10.0; Win64; x64) AppleWebKit/537.36 (KHTML, like Gecko) Chrome/92.0.4515.131 Safari/537.36"
::1 - - [14/Aug/2021:12:44:48 +0000] "POST /user/register HTTP/1.1" 200 22 "http://localhost:4200/" "Mozilla/5.0 (Windows NT 10.0; Win64; x64) AppleWebKit/537.36 (KHTML, like Gecko) Chrome/92.0.4515.131 Safari/537.36"
::1 - - [14/Aug/2021:12:53:31 +0000] "POST /user/register HTTP/1.1" 403 37 "http://localhost:4200/" "Mozilla/5.0 (Windows NT 10.0; Win64; x64) AppleWebKit/537.36 (KHTML, like Gecko) Chrome/92.0.4515.131 Safari/537.36"
::1 - - [14/Aug/2021:12:54:12 +0000] "POST /user/register HTTP/1.1" 200 22 "http://localhost:4200/" "Mozilla/5.0 (Windows NT 10.0; Win64; x64) AppleWebKit/537.36 (KHTML, like Gecko) Chrome/92.0.4515.131 Safari/537.36"
::1 - - [14/Aug/2021:12:54:22 +0000] "GET /user/verify/hlim29@my.centennialcollege.ca/a2b11540-3b48-492b-998d-ed13bf76ea0e HTTP/1.1" 302 98 "-" "Mozilla/5.0 (Windows NT 10.0; Win64; x64) AppleWebKit/537.36 (KHTML, like Gecko) Chrome/92.0.4515.131 Safari/537.36"
::1 - - [14/Aug/2021:12:55:12 +0000] "GET /user/verify/hlim29@my.centennialcollege.ca/a2b11540-3b48-492b-998d-ed13bf76ea0e HTTP/1.1" 200 30 "-" "Mozilla/5.0 (Windows NT 10.0; Win64; x64) AppleWebKit/537.36 (KHTML, like Gecko) Chrome/92.0.4515.131 Safari/537.36"
::1 - - [14/Aug/2021:13:31:48 +0000] "GET /user/sdfs HTTP/1.1" 404 148 "http://localhost:4200/" "Mozilla/5.0 (Windows NT 10.0; Win64; x64) AppleWebKit/537.36 (KHTML, like Gecko) Chrome/92.0.4515.131 Safari/537.36"
::1 - - [14/Aug/2021:13:31:55 +0000] "GET /user/sdfs HTTP/1.1" 404 148 "http://localhost:4200/" "Mozilla/5.0 (Windows NT 10.0; Win64; x64) AppleWebKit/537.36 (KHTML, like Gecko) Chrome/92.0.4515.131 Safari/537.36"
::1 - - [14/Aug/2021:13:33:26 +0000] "GET /user/hlim29@my.centennialcollege.ca HTTP/1.1" 404 174 "http://localhost:4200/" "Mozilla/5.0 (Windows NT 10.0; Win64; x64) AppleWebKit/537.36 (KHTML, like Gecko) Chrome/92.0.4515.131 Safari/537.36"
::1 - - [14/Aug/2021:13:34:29 +0000] "GET /user/hlim29@my.centennialcollege.ca HTTP/1.1" 404 174 "http://localhost:4200/" "Mozilla/5.0 (Windows NT 10.0; Win64; x64) AppleWebKit/537.36 (KHTML, like Gecko) Chrome/92.0.4515.131 Safari/537.36"
::1 - - [14/Aug/2021:13:38:18 +0000] "GET /user/hlim29@my.centennialcollege.ca HTTP/1.1" 200 379 "http://localhost:4200/" "Mozilla/5.0 (Windows NT 10.0; Win64; x64) AppleWebKit/537.36 (KHTML, like Gecko) Chrome/92.0.4515.131 Safari/537.36"
::1 - - [14/Aug/2021:13:38:39 +0000] "GET /user/sdfs HTTP/1.1" 200 0 "http://localhost:4200/" "Mozilla/5.0 (Windows NT 10.0; Win64; x64) AppleWebKit/537.36 (KHTML, like Gecko) Chrome/92.0.4515.131 Safari/537.36"
::1 - - [14/Aug/2021:13:41:43 +0000] "GET /user/sdfs HTTP/1.1" 404 34 "http://localhost:4200/" "Mozilla/5.0 (Windows NT 10.0; Win64; x64) AppleWebKit/537.36 (KHTML, like Gecko) Chrome/92.0.4515.131 Safari/537.36"
::1 - - [14/Aug/2021:13:42:07 +0000] "GET /user/hlim29@my.centennialcollege.ca HTTP/1.1" - - "http://localhost:4200/" "Mozilla/5.0 (Windows NT 10.0; Win64; x64) AppleWebKit/537.36 (KHTML, like Gecko) Chrome/92.0.4515.131 Safari/537.36"
::1 - - [14/Aug/2021:13:42:08 +0000] "GET /user/hlim29@my.centennialcollege.ca HTTP/1.1" - - "http://localhost:4200/" "Mozilla/5.0 (Windows NT 10.0; Win64; x64) AppleWebKit/537.36 (KHTML, like Gecko) Chrome/92.0.4515.131 Safari/537.36"
::1 - - [14/Aug/2021:13:42:36 +0000] "GET /user/hlim29@my.centennialcollege.ca HTTP/1.1" 200 379 "http://localhost:4200/" "Mozilla/5.0 (Windows NT 10.0; Win64; x64) AppleWebKit/537.36 (KHTML, like Gecko) Chrome/92.0.4515.131 Safari/537.36"
::1 - - [14/Aug/2021:13:42:38 +0000] "GET /user/hlim29@my.centennialcollege.ca HTTP/1.1" 200 379 "http://localhost:4200/" "Mozilla/5.0 (Windows NT 10.0; Win64; x64) AppleWebKit/537.36 (KHTML, like Gecko) Chrome/92.0.4515.131 Safari/537.36"
::1 - - [14/Aug/2021:13:42:41 +0000] "GET /user/sd.ca HTTP/1.1" 404 34 "http://localhost:4200/" "Mozilla/5.0 (Windows NT 10.0; Win64; x64) AppleWebKit/537.36 (KHTML, like Gecko) Chrome/92.0.4515.131 Safari/537.36"
::1 - - [14/Aug/2021:13:44:23 +0000] "GET /user/hlim29@my.centennialcollege.ca HTTP/1.1" 200 379 "http://localhost:4200/" "Mozilla/5.0 (Windows NT 10.0; Win64; x64) AppleWebKit/537.36 (KHTML, like Gecko) Chrome/92.0.4515.131 Safari/537.36"
::1 - - [14/Aug/2021:13:47:48 +0000] "GET /user/hlim29@my.centennialcollege.ca HTTP/1.1" 200 379 "http://localhost:4200/" "Mozilla/5.0 (Windows NT 10.0; Win64; x64) AppleWebKit/537.36 (KHTML, like Gecko) Chrome/92.0.4515.131 Safari/537.36"
::1 - - [14/Aug/2021:13:47:54 +0000] "GET /user/hlim29@my.centennialcollege.ca HTTP/1.1" 200 379 "http://localhost:4200/" "Mozilla/5.0 (Windows NT 10.0; Win64; x64) AppleWebKit/537.36 (KHTML, like Gecko) Chrome/92.0.4515.131 Safari/537.36"
::1 - - [14/Aug/2021:13:48:31 +0000] "GET /user/hlim29@my.centennialcollege.ca HTTP/1.1" 200 379 "http://localhost:4200/" "Mozilla/5.0 (Windows NT 10.0; Win64; x64) AppleWebKit/537.36 (KHTML, like Gecko) Chrome/92.0.4515.131 Safari/537.36"
::1 - - [14/Aug/2021:13:49:20 +0000] "GET /user/hlim29@my.centennialcollege.ca HTTP/1.1" 200 379 "http://localhost:4200/" "Mozilla/5.0 (Windows NT 10.0; Win64; x64) AppleWebKit/537.36 (KHTML, like Gecko) Chrome/92.0.4515.131 Safari/537.36"
::1 - - [14/Aug/2021:13:49:33 +0000] "GET /plan/60904c59720b3a6b29c3d932/2021/08 HTTP/1.1" 401 2140 "http://localhost:4200/" "Mozilla/5.0 (Windows NT 10.0; Win64; x64) AppleWebKit/537.36 (KHTML, like Gecko) Chrome/92.0.4515.131 Safari/537.36"
::1 - - [14/Aug/2021:13:49:35 +0000] "GET /plan/60904c59720b3a6b29c3d932/2021/08 HTTP/1.1" 401 2140 "http://localhost:4200/" "Mozilla/5.0 (Windows NT 10.0; Win64; x64) AppleWebKit/537.36 (KHTML, like Gecko) Chrome/92.0.4515.131 Safari/537.36"
