::1 - - [14/May/2021:10:03:52 +0000] "GET /plan/60904c59720b3a6b29c3d932/2021/05 HTTP/1.1" 200 1940 "http://localhost:4200/" "Mozilla/5.0 (Windows NT 10.0; Win64; x64) AppleWebKit/537.36 (KHTML, like Gecko) Chrome/90.0.4430.212 Safari/537.36"
::1 - - [14/May/2021:13:25:49 +0000] "GET /plan/60904c59720b3a6b29c3d932/2021/05/21 HTTP/1.1" 200 647 "-" "Mozilla/5.0 (Windows NT 10.0; Win64; x64) AppleWebKit/537.36 (KHTML, like Gecko) Chrome/90.0.4430.212 Safari/537.36"
::1 - - [14/May/2021:13:25:49 +0000] "GET /plan/60904c59720b3a6b29c3d932/2021/05 HTTP/1.1" 200 1940 "http://localhost:4200/" "Mozilla/5.0 (Windows NT 10.0; Win64; x64) AppleWebKit/537.36 (KHTML, like Gecko) Chrome/90.0.4430.212 Safari/537.36"
::1 - - [14/May/2021:13:25:55 +0000] "GET /plan HTTP/1.1" 200 1940 "-" "Mozilla/5.0 (Windows NT 10.0; Win64; x64) AppleWebKit/537.36 (KHTML, like Gecko) Chrome/90.0.4430.212 Safari/537.36"
::1 - - [14/May/2021:13:26:17 +0000] "GET /plan/60904c59720b3a6b29c3d932/2021/04 HTTP/1.1" 200 2 "http://localhost:4200/" "Mozilla/5.0 (Windows NT 10.0; Win64; x64) AppleWebKit/537.36 (KHTML, like Gecko) Chrome/90.0.4430.212 Safari/537.36"
::1 - - [14/May/2021:13:26:19 +0000] "GET /plan/60904c59720b3a6b29c3d932/2021/05 HTTP/1.1" 200 1940 "http://localhost:4200/" "Mozilla/5.0 (Windows NT 10.0; Win64; x64) AppleWebKit/537.36 (KHTML, like Gecko) Chrome/90.0.4430.212 Safari/537.36"
::1 - - [14/May/2021:13:26:21 +0000] "GET /plan/60904c59720b3a6b29c3d932/2021/04 HTTP/1.1" 200 2 "http://localhost:4200/" "Mozilla/5.0 (Windows NT 10.0; Win64; x64) AppleWebKit/537.36 (KHTML, like Gecko) Chrome/90.0.4430.212 Safari/537.36"
::1 - - [14/May/2021:13:26:23 +0000] "GET /plan/60904c59720b3a6b29c3d932/2021/05 HTTP/1.1" 200 1940 "http://localhost:4200/" "Mozilla/5.0 (Windows NT 10.0; Win64; x64) AppleWebKit/537.36 (KHTML, like Gecko) Chrome/90.0.4430.212 Safari/537.36"
::1 - - [14/May/2021:13:29:18 +0000] "GET /plan/60904c59720b3a6b29c3d932/2021/05 HTTP/1.1" 200 1940 "http://localhost:4200/" "Mozilla/5.0 (Windows NT 10.0; Win64; x64) AppleWebKit/537.36 (KHTML, like Gecko) Chrome/90.0.4430.212 Safari/537.36"
::1 - - [14/May/2021:13:29:42 +0000] "GET /plan/60904c59720b3a6b29c3d932/2021/05 HTTP/1.1" 200 1940 "http://localhost:4200/" "Mozilla/5.0 (Windows NT 10.0; Win64; x64) AppleWebKit/537.36 (KHTML, like Gecko) Chrome/90.0.4430.212 Safari/537.36"
::1 - - [14/May/2021:13:30:39 +0000] "GET /plan/60904c59720b3a6b29c3d932/2021/05 HTTP/1.1" 200 1940 "http://localhost:4200/" "Mozilla/5.0 (Windows NT 10.0; Win64; x64) AppleWebKit/537.36 (KHTML, like Gecko) Chrome/90.0.4430.212 Safari/537.36"
::1 - - [14/May/2021:13:31:55 +0000] "GET /plan/60904c59720b3a6b29c3d932/2021/05 HTTP/1.1" 200 1940 "http://localhost:4200/" "Mozilla/5.0 (Windows NT 10.0; Win64; x64) AppleWebKit/537.36 (KHTML, like Gecko) Chrome/90.0.4430.212 Safari/537.36"
::1 - - [14/May/2021:13:32:13 +0000] "GET /plan/60904c59720b3a6b29c3d932/2021/05 HTTP/1.1" 200 1940 "http://localhost:4200/" "Mozilla/5.0 (Windows NT 10.0; Win64; x64) AppleWebKit/537.36 (KHTML, like Gecko) Chrome/90.0.4430.212 Safari/537.36"
::1 - - [14/May/2021:13:33:35 +0000] "GET /plan/60904c59720b3a6b29c3d932/2021/05 HTTP/1.1" 200 1940 "http://localhost:4200/" "Mozilla/5.0 (Windows NT 10.0; Win64; x64) AppleWebKit/537.36 (KHTML, like Gecko) Chrome/90.0.4430.212 Safari/537.36"
::1 - - [14/May/2021:13:34:13 +0000] "GET /plan/60904c59720b3a6b29c3d932/2021/05 HTTP/1.1" 200 1940 "http://localhost:4200/" "Mozilla/5.0 (Windows NT 10.0; Win64; x64) AppleWebKit/537.36 (KHTML, like Gecko) Chrome/90.0.4430.212 Safari/537.36"
::1 - - [14/May/2021:13:35:06 +0000] "GET /plan/60904c59720b3a6b29c3d932/2021/05 HTTP/1.1" 200 1940 "http://localhost:4200/" "Mozilla/5.0 (Windows NT 10.0; Win64; x64) AppleWebKit/537.36 (KHTML, like Gecko) Chrome/90.0.4430.212 Safari/537.36"
::1 - - [14/May/2021:13:35:22 +0000] "GET /plan/60904c59720b3a6b29c3d932/2021/05 HTTP/1.1" 200 1940 "http://localhost:4200/" "Mozilla/5.0 (Windows NT 10.0; Win64; x64) AppleWebKit/537.36 (KHTML, like Gecko) Chrome/90.0.4430.212 Safari/537.36"
::1 - - [14/May/2021:13:35:37 +0000] "GET /plan/60904c59720b3a6b29c3d932/2021/05 HTTP/1.1" 200 1940 "http://localhost:4200/" "Mozilla/5.0 (Windows NT 10.0; Win64; x64) AppleWebKit/537.36 (KHTML, like Gecko) Chrome/90.0.4430.212 Safari/537.36"
::1 - - [14/May/2021:13:35:50 +0000] "PUT /plan/609ae351dab8be364d014c53 HTTP/1.1" 200 645 "http://localhost:4200/" "Mozilla/5.0 (Windows NT 10.0; Win64; x64) AppleWebKit/537.36 (KHTML, like Gecko) Chrome/90.0.4430.212 Safari/537.36"
::1 - - [14/May/2021:13:35:50 +0000] "PUT /plan/609ae351dab8be364d014c53 HTTP/1.1" 200 645 "http://localhost:4200/" "Mozilla/5.0 (Windows NT 10.0; Win64; x64) AppleWebKit/537.36 (KHTML, like Gecko) Chrome/90.0.4430.212 Safari/537.36"
::1 - - [14/May/2021:13:35:51 +0000] "PUT /plan/609ae351dab8be364d014c53 HTTP/1.1" 200 644 "http://localhost:4200/" "Mozilla/5.0 (Windows NT 10.0; Win64; x64) AppleWebKit/537.36 (KHTML, like Gecko) Chrome/90.0.4430.212 Safari/537.36"
::1 - - [14/May/2021:13:35:52 +0000] "PUT /plan/609ae351dab8be364d014c53 HTTP/1.1" 200 643 "http://localhost:4200/" "Mozilla/5.0 (Windows NT 10.0; Win64; x64) AppleWebKit/537.36 (KHTML, like Gecko) Chrome/90.0.4430.212 Safari/537.36"
::1 - - [14/May/2021:13:35:52 +0000] "PUT /plan/609ae351dab8be364d014c53 HTTP/1.1" 200 644 "http://localhost:4200/" "Mozilla/5.0 (Windows NT 10.0; Win64; x64) AppleWebKit/537.36 (KHTML, like Gecko) Chrome/90.0.4430.212 Safari/537.36"
::1 - - [14/May/2021:13:35:53 +0000] "PUT /plan/609ae351dab8be364d014c53 HTTP/1.1" 200 645 "http://localhost:4200/" "Mozilla/5.0 (Windows NT 10.0; Win64; x64) AppleWebKit/537.36 (KHTML, like Gecko) Chrome/90.0.4430.212 Safari/537.36"
::1 - - [14/May/2021:13:36:22 +0000] "PUT /plan/undefined HTTP/1.1" - - "http://localhost:4200/" "Mozilla/5.0 (Windows NT 10.0; Win64; x64) AppleWebKit/537.36 (KHTML, like Gecko) Chrome/90.0.4430.212 Safari/537.36"
::1 - - [14/May/2021:13:36:22 +0000] "PUT /plan/undefined HTTP/1.1" - - "http://localhost:4200/" "Mozilla/5.0 (Windows NT 10.0; Win64; x64) AppleWebKit/537.36 (KHTML, like Gecko) Chrome/90.0.4430.212 Safari/537.36"
::1 - - [14/May/2021:13:36:22 +0000] "PUT /plan/undefined HTTP/1.1" - - "http://localhost:4200/" "Mozilla/5.0 (Windows NT 10.0; Win64; x64) AppleWebKit/537.36 (KHTML, like Gecko) Chrome/90.0.4430.212 Safari/537.36"
::1 - - [14/May/2021:13:36:22 +0000] "PUT /plan/609ae351dab8be364d014c53 HTTP/1.1" 200 645 "http://localhost:4200/" "Mozilla/5.0 (Windows NT 10.0; Win64; x64) AppleWebKit/537.36 (KHTML, like Gecko) Chrome/90.0.4430.212 Safari/537.36"
::1 - - [14/May/2021:13:36:22 +0000] "PUT /plan/undefined HTTP/1.1" - - "http://localhost:4200/" "Mozilla/5.0 (Windows NT 10.0; Win64; x64) AppleWebKit/537.36 (KHTML, like Gecko) Chrome/90.0.4430.212 Safari/537.36"
::1 - - [14/May/2021:13:36:22 +0000] "PUT /plan/undefined HTTP/1.1" - - "http://localhost:4200/" "Mozilla/5.0 (Windows NT 10.0; Win64; x64) AppleWebKit/537.36 (KHTML, like Gecko) Chrome/90.0.4430.212 Safari/537.36"
::1 - - [14/May/2021:13:36:22 +0000] "PUT /plan/undefined HTTP/1.1" - - "http://localhost:4200/" "Mozilla/5.0 (Windows NT 10.0; Win64; x64) AppleWebKit/537.36 (KHTML, like Gecko) Chrome/90.0.4430.212 Safari/537.36"
::1 - - [14/May/2021:13:36:22 +0000] "PUT /plan/609ae351dab8be364d014c53 HTTP/1.1" - - "http://localhost:4200/" "Mozilla/5.0 (Windows NT 10.0; Win64; x64) AppleWebKit/537.36 (KHTML, like Gecko) Chrome/90.0.4430.212 Safari/537.36"
::1 - - [14/May/2021:13:36:22 +0000] "PUT /plan/undefined HTTP/1.1" - - "http://localhost:4200/" "Mozilla/5.0 (Windows NT 10.0; Win64; x64) AppleWebKit/537.36 (KHTML, like Gecko) Chrome/90.0.4430.212 Safari/537.36"
::1 - - [14/May/2021:13:36:23 +0000] "GET /plan/60904c59720b3a6b29c3d932/2021/05 HTTP/1.1" 200 1938 "http://localhost:4200/" "Mozilla/5.0 (Windows NT 10.0; Win64; x64) AppleWebKit/537.36 (KHTML, like Gecko) Chrome/90.0.4430.212 Safari/537.36"
::1 - - [14/May/2021:13:36:42 +0000] "GET /plan/60904c59720b3a6b29c3d932/2021/05 HTTP/1.1" 200 1938 "http://localhost:4200/" "Mozilla/5.0 (Windows NT 10.0; Win64; x64) AppleWebKit/537.36 (KHTML, like Gecko) Chrome/90.0.4430.212 Safari/537.36"
::1 - - [14/May/2021:13:36:56 +0000] "GET /plan/60904c59720b3a6b29c3d932/2021/05 HTTP/1.1" 200 1938 "http://localhost:4200/" "Mozilla/5.0 (Windows NT 10.0; Win64; x64) AppleWebKit/537.36 (KHTML, like Gecko) Chrome/90.0.4430.212 Safari/537.36"
::1 - - [14/May/2021:13:37:02 +0000] "PUT /plan/609ae351dab8be364d014c53 HTTP/1.1" 200 645 "http://localhost:4200/" "Mozilla/5.0 (Windows NT 10.0; Win64; x64) AppleWebKit/537.36 (KHTML, like Gecko) Chrome/90.0.4430.212 Safari/537.36"
::1 - - [14/May/2021:13:37:02 +0000] "PUT /plan/609ae351dab8be364d014c53 HTTP/1.1" 200 645 "http://localhost:4200/" "Mozilla/5.0 (Windows NT 10.0; Win64; x64) AppleWebKit/537.36 (KHTML, like Gecko) Chrome/90.0.4430.212 Safari/537.36"
::1 - - [14/May/2021:13:37:02 +0000] "PUT /plan/609ae351dab8be364d014c53 HTTP/1.1" 200 645 "http://localhost:4200/" "Mozilla/5.0 (Windows NT 10.0; Win64; x64) AppleWebKit/537.36 (KHTML, like Gecko) Chrome/90.0.4430.212 Safari/537.36"
::1 - - [14/May/2021:13:37:03 +0000] "PUT /plan/609ae351dab8be364d014c53 HTTP/1.1" 200 643 "http://localhost:4200/" "Mozilla/5.0 (Windows NT 10.0; Win64; x64) AppleWebKit/537.36 (KHTML, like Gecko) Chrome/90.0.4430.212 Safari/537.36"
::1 - - [14/May/2021:13:37:03 +0000] "PUT /plan/609ae351dab8be364d014c53 HTTP/1.1" 200 643 "http://localhost:4200/" "Mozilla/5.0 (Windows NT 10.0; Win64; x64) AppleWebKit/537.36 (KHTML, like Gecko) Chrome/90.0.4430.212 Safari/537.36"
::1 - - [14/May/2021:13:37:03 +0000] "PUT /plan/609ae351dab8be364d014c53 HTTP/1.1" 200 643 "http://localhost:4200/" "Mozilla/5.0 (Windows NT 10.0; Win64; x64) AppleWebKit/537.36 (KHTML, like Gecko) Chrome/90.0.4430.212 Safari/537.36"
::1 - - [14/May/2021:13:37:05 +0000] "PUT /plan/609ae351dab8be364d014c53 HTTP/1.1" 200 645 "http://localhost:4200/" "Mozilla/5.0 (Windows NT 10.0; Win64; x64) AppleWebKit/537.36 (KHTML, like Gecko) Chrome/90.0.4430.212 Safari/537.36"
::1 - - [14/May/2021:13:37:05 +0000] "PUT /plan/609ae351dab8be364d014c53 HTTP/1.1" 200 645 "http://localhost:4200/" "Mozilla/5.0 (Windows NT 10.0; Win64; x64) AppleWebKit/537.36 (KHTML, like Gecko) Chrome/90.0.4430.212 Safari/537.36"
::1 - - [14/May/2021:13:37:56 +0000] "PUT /plan/undefined HTTP/1.1" - - "http://localhost:4200/" "Mozilla/5.0 (Windows NT 10.0; Win64; x64) AppleWebKit/537.36 (KHTML, like Gecko) Chrome/90.0.4430.212 Safari/537.36"
::1 - - [14/May/2021:13:37:56 +0000] "PUT /plan/undefined HTTP/1.1" - - "http://localhost:4200/" "Mozilla/5.0 (Windows NT 10.0; Win64; x64) AppleWebKit/537.36 (KHTML, like Gecko) Chrome/90.0.4430.212 Safari/537.36"
::1 - - [14/May/2021:13:37:56 +0000] "PUT /plan/undefined HTTP/1.1" - - "http://localhost:4200/" "Mozilla/5.0 (Windows NT 10.0; Win64; x64) AppleWebKit/537.36 (KHTML, like Gecko) Chrome/90.0.4430.212 Safari/537.36"
::1 - - [14/May/2021:13:37:56 +0000] "PUT /plan/undefined HTTP/1.1" - - "http://localhost:4200/" "Mozilla/5.0 (Windows NT 10.0; Win64; x64) AppleWebKit/537.36 (KHTML, like Gecko) Chrome/90.0.4430.212 Safari/537.36"
::1 - - [14/May/2021:13:37:56 +0000] "PUT /plan/undefined HTTP/1.1" - - "http://localhost:4200/" "Mozilla/5.0 (Windows NT 10.0; Win64; x64) AppleWebKit/537.36 (KHTML, like Gecko) Chrome/90.0.4430.212 Safari/537.36"
::1 - - [14/May/2021:13:37:56 +0000] "PUT /plan/undefined HTTP/1.1" - - "http://localhost:4200/" "Mozilla/5.0 (Windows NT 10.0; Win64; x64) AppleWebKit/537.36 (KHTML, like Gecko) Chrome/90.0.4430.212 Safari/537.36"
::1 - - [14/May/2021:13:37:57 +0000] "GET /plan/60904c59720b3a6b29c3d932/2021/05/19 HTTP/1.1" 200 2 "http://localhost:4200/" "Mozilla/5.0 (Windows NT 10.0; Win64; x64) AppleWebKit/537.36 (KHTML, like Gecko) Chrome/90.0.4430.212 Safari/537.36"
::1 - - [14/May/2021:13:37:59 +0000] "GET /plan/60904c59720b3a6b29c3d932/2021/05/20 HTTP/1.1" 200 1294 "http://localhost:4200/" "Mozilla/5.0 (Windows NT 10.0; Win64; x64) AppleWebKit/537.36 (KHTML, like Gecko) Chrome/90.0.4430.212 Safari/537.36"
::1 - - [14/May/2021:13:38:03 +0000] "GET /plan/60904c59720b3a6b29c3d932/2021/05/21 HTTP/1.1" 200 647 "http://localhost:4200/" "Mozilla/5.0 (Windows NT 10.0; Win64; x64) AppleWebKit/537.36 (KHTML, like Gecko) Chrome/90.0.4430.212 Safari/537.36"
::1 - - [14/May/2021:13:38:05 +0000] "GET /plan/60904c59720b3a6b29c3d932/2021/05/22 HTTP/1.1" 200 2 "http://localhost:4200/" "Mozilla/5.0 (Windows NT 10.0; Win64; x64) AppleWebKit/537.36 (KHTML, like Gecko) Chrome/90.0.4430.212 Safari/537.36"
::1 - - [14/May/2021:13:38:07 +0000] "GET /plan/60904c59720b3a6b29c3d932/2021/05/21 HTTP/1.1" 200 647 "http://localhost:4200/" "Mozilla/5.0 (Windows NT 10.0; Win64; x64) AppleWebKit/537.36 (KHTML, like Gecko) Chrome/90.0.4430.212 Safari/537.36"
::1 - - [14/May/2021:13:38:08 +0000] "GET /plan/60904c59720b3a6b29c3d932/2021/05/20 HTTP/1.1" 200 1294 "http://localhost:4200/" "Mozilla/5.0 (Windows NT 10.0; Win64; x64) AppleWebKit/537.36 (KHTML, like Gecko) Chrome/90.0.4430.212 Safari/537.36"
::1 - - [14/May/2021:13:38:11 +0000] "GET /plan/60904c59720b3a6b29c3d932/2021/05/20 HTTP/1.1" 200 1294 "http://localhost:4200/" "Mozilla/5.0 (Windows NT 10.0; Win64; x64) AppleWebKit/537.36 (KHTML, like Gecko) Chrome/90.0.4430.212 Safari/537.36"
::1 - - [14/May/2021:13:38:40 +0000] "GET /plan/60904c59720b3a6b29c3d932/2021/05/20 HTTP/1.1" 200 1294 "http://localhost:4200/" "Mozilla/5.0 (Windows NT 10.0; Win64; x64) AppleWebKit/537.36 (KHTML, like Gecko) Chrome/90.0.4430.212 Safari/537.36"
::1 - - [14/May/2021:13:41:06 +0000] "POST /plan HTTP/1.1" - - "http://localhost:4200/" "Mozilla/5.0 (Windows NT 10.0; Win64; x64) AppleWebKit/537.36 (KHTML, like Gecko) Chrome/90.0.4430.212 Safari/537.36"
::1 - - [14/May/2021:13:41:06 +0000] "POST /plan HTTP/1.1" - - "http://localhost:4200/" "Mozilla/5.0 (Windows NT 10.0; Win64; x64) AppleWebKit/537.36 (KHTML, like Gecko) Chrome/90.0.4430.212 Safari/537.36"
::1 - - [14/May/2021:13:41:07 +0000] "GET /plan/60904c59720b3a6b29c3d932/2021/05/19 HTTP/1.1" 200 2 "http://localhost:4200/" "Mozilla/5.0 (Windows NT 10.0; Win64; x64) AppleWebKit/537.36 (KHTML, like Gecko) Chrome/90.0.4430.212 Safari/537.36"
::1 - - [14/May/2021:13:41:13 +0000] "GET /plan/60904c59720b3a6b29c3d932/2021/05/19 HTTP/1.1" 200 2 "http://localhost:4200/" "Mozilla/5.0 (Windows NT 10.0; Win64; x64) AppleWebKit/537.36 (KHTML, like Gecko) Chrome/90.0.4430.212 Safari/537.36"
::1 - - [14/May/2021:13:41:24 +0000] "GET /plan/60904c59720b3a6b29c3d932/2021/05/19 HTTP/1.1" 200 2 "http://localhost:4200/" "Mozilla/5.0 (Windows NT 10.0; Win64; x64) AppleWebKit/537.36 (KHTML, like Gecko) Chrome/90.0.4430.212 Safari/537.36"
::1 - - [14/May/2021:13:43:34 +0000] "POST /plan HTTP/1.1" - - "http://localhost:4200/" "Mozilla/5.0 (Windows NT 10.0; Win64; x64) AppleWebKit/537.36 (KHTML, like Gecko) Chrome/90.0.4430.212 Safari/537.36"
::1 - - [14/May/2021:13:43:34 +0000] "POST /plan HTTP/1.1" - - "http://localhost:4200/" "Mozilla/5.0 (Windows NT 10.0; Win64; x64) AppleWebKit/537.36 (KHTML, like Gecko) Chrome/90.0.4430.212 Safari/537.36"
::1 - - [14/May/2021:13:43:35 +0000] "GET /plan/60904c59720b3a6b29c3d932/2021/05/19 HTTP/1.1" 200 2 "http://localhost:4200/" "Mozilla/5.0 (Windows NT 10.0; Win64; x64) AppleWebKit/537.36 (KHTML, like Gecko) Chrome/90.0.4430.212 Safari/537.36"
::1 - - [14/May/2021:13:43:46 +0000] "GET /plan/60904c59720b3a6b29c3d932/2021/05/19 HTTP/1.1" 200 2 "http://localhost:4200/" "Mozilla/5.0 (Windows NT 10.0; Win64; x64) AppleWebKit/537.36 (KHTML, like Gecko) Chrome/90.0.4430.212 Safari/537.36"
::1 - - [14/May/2021:13:43:47 +0000] "GET /plan/60904c59720b3a6b29c3d932/2021/05/19 HTTP/1.1" 200 2 "http://localhost:4200/" "Mozilla/5.0 (Windows NT 10.0; Win64; x64) AppleWebKit/537.36 (KHTML, like Gecko) Chrome/90.0.4430.212 Safari/537.36"
::1 - - [14/May/2021:13:44:08 +0000] "GET /plan/60904c59720b3a6b29c3d932/2021/05/19 HTTP/1.1" 200 2 "http://localhost:4200/" "Mozilla/5.0 (Windows NT 10.0; Win64; x64) AppleWebKit/537.36 (KHTML, like Gecko) Chrome/90.0.4430.212 Safari/537.36"
::1 - - [14/May/2021:13:44:52 +0000] "POST /plan HTTP/1.1" - - "http://localhost:4200/" "Mozilla/5.0 (Windows NT 10.0; Win64; x64) AppleWebKit/537.36 (KHTML, like Gecko) Chrome/90.0.4430.212 Safari/537.36"
::1 - - [14/May/2021:13:44:52 +0000] "POST /plan HTTP/1.1" - - "http://localhost:4200/" "Mozilla/5.0 (Windows NT 10.0; Win64; x64) AppleWebKit/537.36 (KHTML, like Gecko) Chrome/90.0.4430.212 Safari/537.36"
::1 - - [14/May/2021:13:44:53 +0000] "GET /plan/60904c59720b3a6b29c3d932/2021/05/19 HTTP/1.1" 200 2 "http://localhost:4200/" "Mozilla/5.0 (Windows NT 10.0; Win64; x64) AppleWebKit/537.36 (KHTML, like Gecko) Chrome/90.0.4430.212 Safari/537.36"
::1 - - [14/May/2021:13:44:55 +0000] "GET /plan/60904c59720b3a6b29c3d932/2021/05/19 HTTP/1.1" 200 2 "http://localhost:4200/" "Mozilla/5.0 (Windows NT 10.0; Win64; x64) AppleWebKit/537.36 (KHTML, like Gecko) Chrome/90.0.4430.212 Safari/537.36"
::1 - - [14/May/2021:13:45:23 +0000] "POST /plan HTTP/1.1" - - "http://localhost:4200/" "Mozilla/5.0 (Windows NT 10.0; Win64; x64) AppleWebKit/537.36 (KHTML, like Gecko) Chrome/90.0.4430.212 Safari/537.36"
::1 - - [14/May/2021:13:45:24 +0000] "GET /plan/60904c59720b3a6b29c3d932/2021/05/19 HTTP/1.1" 200 2 "http://localhost:4200/" "Mozilla/5.0 (Windows NT 10.0; Win64; x64) AppleWebKit/537.36 (KHTML, like Gecko) Chrome/90.0.4430.212 Safari/537.36"
::1 - - [14/May/2021:13:45:25 +0000] "GET /plan/60904c59720b3a6b29c3d932/2021/05/19 HTTP/1.1" 200 2 "http://localhost:4200/" "Mozilla/5.0 (Windows NT 10.0; Win64; x64) AppleWebKit/537.36 (KHTML, like Gecko) Chrome/90.0.4430.212 Safari/537.36"
::1 - - [14/May/2021:13:45:49 +0000] "GET /plan/60904c59720b3a6b29c3d932/2021/05/19 HTTP/1.1" 200 2 "http://localhost:4200/" "Mozilla/5.0 (Windows NT 10.0; Win64; x64) AppleWebKit/537.36 (KHTML, like Gecko) Chrome/90.0.4430.212 Safari/537.36"
::1 - - [14/May/2021:21:16:40 +0000] "POST /plan HTTP/1.1" - - "http://localhost:4200/" "Mozilla/5.0 (Windows NT 10.0; Win64; x64) AppleWebKit/537.36 (KHTML, like Gecko) Chrome/90.0.4430.212 Safari/537.36"
::1 - - [14/May/2021:21:16:40 +0000] "POST /plan HTTP/1.1" - - "http://localhost:4200/" "Mozilla/5.0 (Windows NT 10.0; Win64; x64) AppleWebKit/537.36 (KHTML, like Gecko) Chrome/90.0.4430.212 Safari/537.36"
::1 - - [14/May/2021:21:29:50 +0000] "GET /plan/60904c59720b3a6b29c3d932/2021/05/19 HTTP/1.1" 200 2 "http://localhost:4200/" "Mozilla/5.0 (Windows NT 10.0; Win64; x64) AppleWebKit/537.36 (KHTML, like Gecko) Chrome/90.0.4430.212 Safari/537.36"
::1 - - [14/May/2021:23:26:41 +0000] "GET /plan/60904c59720b3a6b29c3d932/2021/05/19 HTTP/1.1" 200 2 "http://localhost:4200/" "Mozilla/5.0 (Windows NT 10.0; Win64; x64) AppleWebKit/537.36 (KHTML, like Gecko) Chrome/90.0.4430.212 Safari/537.36"
::1 - - [16/May/2021:10:55:43 +0000] "GET /plan/60904c59720b3a6b29c3d932/2021/05 HTTP/1.1" 200 1940 "http://localhost:4200/" "Mozilla/5.0 (Windows NT 10.0; Win64; x64) AppleWebKit/537.36 (KHTML, like Gecko) Chrome/90.0.4430.212 Safari/537.36"
::1 - - [16/May/2021:10:55:53 +0000] "GET /plan/60904c59720b3a6b29c3d932/2021/05/20 HTTP/1.1" 200 1294 "http://localhost:4200/" "Mozilla/5.0 (Windows NT 10.0; Win64; x64) AppleWebKit/537.36 (KHTML, like Gecko) Chrome/90.0.4430.212 Safari/537.36"
::1 - - [16/May/2021:10:56:02 +0000] "GET /plan/60904c59720b3a6b29c3d932/2021/05/20 HTTP/1.1" 200 1294 "http://localhost:4200/" "Mozilla/5.0 (Windows NT 10.0; Win64; x64) AppleWebKit/537.36 (KHTML, like Gecko) Chrome/90.0.4430.212 Safari/537.36"
::1 - - [16/May/2021:10:57:12 +0000] "POST /plan HTTP/1.1" - - "http://localhost:4200/" "Mozilla/5.0 (Windows NT 10.0; Win64; x64) AppleWebKit/537.36 (KHTML, like Gecko) Chrome/90.0.4430.212 Safari/537.36"
::1 - - [16/May/2021:10:57:13 +0000] "GET /plan/60904c59720b3a6b29c3d932/2021/05/20 HTTP/1.1" 200 1294 "http://localhost:4200/" "Mozilla/5.0 (Windows NT 10.0; Win64; x64) AppleWebKit/537.36 (KHTML, like Gecko) Chrome/90.0.4430.212 Safari/537.36"
::1 - - [16/May/2021:10:57:16 +0000] "GET /plan/60904c59720b3a6b29c3d932/2021/05/20 HTTP/1.1" 200 1294 "http://localhost:4200/" "Mozilla/5.0 (Windows NT 10.0; Win64; x64) AppleWebKit/537.36 (KHTML, like Gecko) Chrome/90.0.4430.212 Safari/537.36"
::1 - - [16/May/2021:10:58:09 +0000] "POST /plan HTTP/1.1" - - "http://localhost:4200/" "Mozilla/5.0 (Windows NT 10.0; Win64; x64) AppleWebKit/537.36 (KHTML, like Gecko) Chrome/90.0.4430.212 Safari/537.36"
::1 - - [16/May/2021:10:58:10 +0000] "GET /plan/60904c59720b3a6b29c3d932/2021/05/20 HTTP/1.1" 200 1294 "http://localhost:4200/" "Mozilla/5.0 (Windows NT 10.0; Win64; x64) AppleWebKit/537.36 (KHTML, like Gecko) Chrome/90.0.4430.212 Safari/537.36"
::1 - - [16/May/2021:10:58:39 +0000] "GET /plan/60904c59720b3a6b29c3d932/2021/05/20 HTTP/1.1" 200 1294 "http://localhost:4200/" "Mozilla/5.0 (Windows NT 10.0; Win64; x64) AppleWebKit/537.36 (KHTML, like Gecko) Chrome/90.0.4430.212 Safari/537.36"
::1 - - [16/May/2021:10:58:49 +0000] "GET /plan/60904c59720b3a6b29c3d932/2021/05/20 HTTP/1.1" 200 1294 "http://localhost:4200/" "Mozilla/5.0 (Windows NT 10.0; Win64; x64) AppleWebKit/537.36 (KHTML, like Gecko) Chrome/90.0.4430.212 Safari/537.36"
::1 - - [16/May/2021:10:59:47 +0000] "POST /plan HTTP/1.1" - - "http://localhost:4200/" "Mozilla/5.0 (Windows NT 10.0; Win64; x64) AppleWebKit/537.36 (KHTML, like Gecko) Chrome/90.0.4430.212 Safari/537.36"
::1 - - [16/May/2021:10:59:48 +0000] "GET /plan/60904c59720b3a6b29c3d932/2021/05/20 HTTP/1.1" 200 1294 "http://localhost:4200/" "Mozilla/5.0 (Windows NT 10.0; Win64; x64) AppleWebKit/537.36 (KHTML, like Gecko) Chrome/90.0.4430.212 Safari/537.36"
::1 - - [16/May/2021:10:59:50 +0000] "GET /plan/60904c59720b3a6b29c3d932/2021/05/20 HTTP/1.1" 200 1294 "http://localhost:4200/" "Mozilla/5.0 (Windows NT 10.0; Win64; x64) AppleWebKit/537.36 (KHTML, like Gecko) Chrome/90.0.4430.212 Safari/537.36"
::1 - - [16/May/2021:11:00:00 +0000] "POST /plan HTTP/1.1" - - "http://localhost:4200/" "Mozilla/5.0 (Windows NT 10.0; Win64; x64) AppleWebKit/537.36 (KHTML, like Gecko) Chrome/90.0.4430.212 Safari/537.36"
::1 - - [16/May/2021:11:00:01 +0000] "GET /plan/60904c59720b3a6b29c3d932/2021/05/20 HTTP/1.1" 200 1294 "http://localhost:4200/" "Mozilla/5.0 (Windows NT 10.0; Win64; x64) AppleWebKit/537.36 (KHTML, like Gecko) Chrome/90.0.4430.212 Safari/537.36"
::1 - - [16/May/2021:11:00:25 +0000] "GET /plan/60904c59720b3a6b29c3d932/2021/05/20 HTTP/1.1" 200 1294 "http://localhost:4200/" "Mozilla/5.0 (Windows NT 10.0; Win64; x64) AppleWebKit/537.36 (KHTML, like Gecko) Chrome/90.0.4430.212 Safari/537.36"
::1 - - [16/May/2021:11:00:27 +0000] "GET /plan/60904c59720b3a6b29c3d932/2021/05/20 HTTP/1.1" 200 1294 "http://localhost:4200/" "Mozilla/5.0 (Windows NT 10.0; Win64; x64) AppleWebKit/537.36 (KHTML, like Gecko) Chrome/90.0.4430.212 Safari/537.36"
::1 - - [16/May/2021:11:00:32 +0000] "GET /plan/60904c59720b3a6b29c3d932/2021/05/20 HTTP/1.1" 200 1294 "http://localhost:4200/" "Mozilla/5.0 (Windows NT 10.0; Win64; x64) AppleWebKit/537.36 (KHTML, like Gecko) Chrome/90.0.4430.212 Safari/537.36"
::1 - - [16/May/2021:11:01:38 +0000] "POST /plan HTTP/1.1" - - "http://localhost:4200/" "Mozilla/5.0 (Windows NT 10.0; Win64; x64) AppleWebKit/537.36 (KHTML, like Gecko) Chrome/90.0.4430.212 Safari/537.36"
::1 - - [16/May/2021:11:01:38 +0000] "POST /plan HTTP/1.1" - - "http://localhost:4200/" "Mozilla/5.0 (Windows NT 10.0; Win64; x64) AppleWebKit/537.36 (KHTML, like Gecko) Chrome/90.0.4430.212 Safari/537.36"
::1 - - [16/May/2021:11:01:39 +0000] "GET /plan/60904c59720b3a6b29c3d932/2021/05/20 HTTP/1.1" 200 1294 "http://localhost:4200/" "Mozilla/5.0 (Windows NT 10.0; Win64; x64) AppleWebKit/537.36 (KHTML, like Gecko) Chrome/90.0.4430.212 Safari/537.36"
::1 - - [16/May/2021:11:01:41 +0000] "GET /plan/60904c59720b3a6b29c3d932/2021/05/20 HTTP/1.1" 200 1294 "http://localhost:4200/" "Mozilla/5.0 (Windows NT 10.0; Win64; x64) AppleWebKit/537.36 (KHTML, like Gecko) Chrome/90.0.4430.212 Safari/537.36"
::1 - - [16/May/2021:11:02:33 +0000] "POST /plan HTTP/1.1" - - "http://localhost:4200/" "Mozilla/5.0 (Windows NT 10.0; Win64; x64) AppleWebKit/537.36 (KHTML, like Gecko) Chrome/90.0.4430.212 Safari/537.36"
::1 - - [16/May/2021:11:02:34 +0000] "GET /plan/60904c59720b3a6b29c3d932/2021/05/20 HTTP/1.1" 200 1294 "http://localhost:4200/" "Mozilla/5.0 (Windows NT 10.0; Win64; x64) AppleWebKit/537.36 (KHTML, like Gecko) Chrome/90.0.4430.212 Safari/537.36"
::1 - - [16/May/2021:11:02:35 +0000] "GET /plan/60904c59720b3a6b29c3d932/2021/05/20 HTTP/1.1" 200 1294 "http://localhost:4200/" "Mozilla/5.0 (Windows NT 10.0; Win64; x64) AppleWebKit/537.36 (KHTML, like Gecko) Chrome/90.0.4430.212 Safari/537.36"
::1 - - [16/May/2021:11:03:10 +0000] "POST /plan HTTP/1.1" - - "http://localhost:4200/" "Mozilla/5.0 (Windows NT 10.0; Win64; x64) AppleWebKit/537.36 (KHTML, like Gecko) Chrome/90.0.4430.212 Safari/537.36"
::1 - - [16/May/2021:11:03:10 +0000] "GET /plan/60904c59720b3a6b29c3d932/2021/05/20 HTTP/1.1" 200 1294 "http://localhost:4200/" "Mozilla/5.0 (Windows NT 10.0; Win64; x64) AppleWebKit/537.36 (KHTML, like Gecko) Chrome/90.0.4430.212 Safari/537.36"
::1 - - [16/May/2021:11:03:13 +0000] "GET /plan/60904c59720b3a6b29c3d932/2021/05/20 HTTP/1.1" 200 1294 "http://localhost:4200/" "Mozilla/5.0 (Windows NT 10.0; Win64; x64) AppleWebKit/537.36 (KHTML, like Gecko) Chrome/90.0.4430.212 Safari/537.36"
::1 - - [16/May/2021:11:04:08 +0000] "POST /plan HTTP/1.1" - - "http://localhost:4200/" "Mozilla/5.0 (Windows NT 10.0; Win64; x64) AppleWebKit/537.36 (KHTML, like Gecko) Chrome/90.0.4430.212 Safari/537.36"
::1 - - [16/May/2021:11:04:12 +0000] "GET /plan/60904c59720b3a6b29c3d932/2021/05/20 HTTP/1.1" 200 1294 "http://localhost:4200/" "Mozilla/5.0 (Windows NT 10.0; Win64; x64) AppleWebKit/537.36 (KHTML, like Gecko) Chrome/90.0.4430.212 Safari/537.36"
::1 - - [16/May/2021:11:04:14 +0000] "GET /plan/60904c59720b3a6b29c3d932/2021/05/20 HTTP/1.1" 200 1294 "http://localhost:4200/" "Mozilla/5.0 (Windows NT 10.0; Win64; x64) AppleWebKit/537.36 (KHTML, like Gecko) Chrome/90.0.4430.212 Safari/537.36"
::1 - - [16/May/2021:11:04:31 +0000] "POST /plan HTTP/1.1" - - "http://localhost:4200/" "Mozilla/5.0 (Windows NT 10.0; Win64; x64) AppleWebKit/537.36 (KHTML, like Gecko) Chrome/90.0.4430.212 Safari/537.36"
::1 - - [16/May/2021:11:04:32 +0000] "GET /plan/60904c59720b3a6b29c3d932/2021/05/20 HTTP/1.1" 200 1294 "http://localhost:4200/" "Mozilla/5.0 (Windows NT 10.0; Win64; x64) AppleWebKit/537.36 (KHTML, like Gecko) Chrome/90.0.4430.212 Safari/537.36"
::1 - - [16/May/2021:11:04:33 +0000] "GET /plan/60904c59720b3a6b29c3d932/2021/05/20 HTTP/1.1" 200 1294 "http://localhost:4200/" "Mozilla/5.0 (Windows NT 10.0; Win64; x64) AppleWebKit/537.36 (KHTML, like Gecko) Chrome/90.0.4430.212 Safari/537.36"
::1 - - [16/May/2021:11:06:12 +0000] "GET /plan/60904c59720b3a6b29c3d932/2021/05/20 HTTP/1.1" 200 1294 "http://localhost:4200/" "Mozilla/5.0 (Windows NT 10.0; Win64; x64) AppleWebKit/537.36 (KHTML, like Gecko) Chrome/90.0.4430.212 Safari/537.36"
::1 - - [16/May/2021:11:06:19 +0000] "GET /plan/60904c59720b3a6b29c3d932/2021/05/20 HTTP/1.1" 200 1294 "http://localhost:4200/" "Mozilla/5.0 (Windows NT 10.0; Win64; x64) AppleWebKit/537.36 (KHTML, like Gecko) Chrome/90.0.4430.212 Safari/537.36"
::1 - - [16/May/2021:11:06:25 +0000] "GET /plan/60904c59720b3a6b29c3d932/2021/05/20 HTTP/1.1" 200 1294 "http://localhost:4200/" "Mozilla/5.0 (Windows NT 10.0; Win64; x64) AppleWebKit/537.36 (KHTML, like Gecko) Chrome/90.0.4430.212 Safari/537.36"
::1 - - [16/May/2021:11:06:56 +0000] "POST /plan HTTP/1.1" - - "http://localhost:4200/" "Mozilla/5.0 (Windows NT 10.0; Win64; x64) AppleWebKit/537.36 (KHTML, like Gecko) Chrome/90.0.4430.212 Safari/537.36"
::1 - - [16/May/2021:11:06:56 +0000] "POST /plan HTTP/1.1" - - "http://localhost:4200/" "Mozilla/5.0 (Windows NT 10.0; Win64; x64) AppleWebKit/537.36 (KHTML, like Gecko) Chrome/90.0.4430.212 Safari/537.36"
::1 - - [16/May/2021:11:06:56 +0000] "POST /plan HTTP/1.1" - - "http://localhost:4200/" "Mozilla/5.0 (Windows NT 10.0; Win64; x64) AppleWebKit/537.36 (KHTML, like Gecko) Chrome/90.0.4430.212 Safari/537.36"
::1 - - [16/May/2021:11:06:56 +0000] "POST /plan HTTP/1.1" - - "http://localhost:4200/" "Mozilla/5.0 (Windows NT 10.0; Win64; x64) AppleWebKit/537.36 (KHTML, like Gecko) Chrome/90.0.4430.212 Safari/537.36"
::1 - - [16/May/2021:11:06:57 +0000] "GET /plan/60904c59720b3a6b29c3d932/2021/05/20 HTTP/1.1" 200 1294 "http://localhost:4200/" "Mozilla/5.0 (Windows NT 10.0; Win64; x64) AppleWebKit/537.36 (KHTML, like Gecko) Chrome/90.0.4430.212 Safari/537.36"
::1 - - [16/May/2021:11:06:58 +0000] "GET /plan/60904c59720b3a6b29c3d932/2021/05/20 HTTP/1.1" 200 1294 "http://localhost:4200/" "Mozilla/5.0 (Windows NT 10.0; Win64; x64) AppleWebKit/537.36 (KHTML, like Gecko) Chrome/90.0.4430.212 Safari/537.36"
::1 - - [16/May/2021:11:07:01 +0000] "GET /plan/60904c59720b3a6b29c3d932/2021/05/20 HTTP/1.1" 200 1294 "http://localhost:4200/" "Mozilla/5.0 (Windows NT 10.0; Win64; x64) AppleWebKit/537.36 (KHTML, like Gecko) Chrome/90.0.4430.212 Safari/537.36"
::1 - - [16/May/2021:11:07:04 +0000] "GET /plan/60904c59720b3a6b29c3d932/2021/05/20 HTTP/1.1" 200 1294 "http://localhost:4200/" "Mozilla/5.0 (Windows NT 10.0; Win64; x64) AppleWebKit/537.36 (KHTML, like Gecko) Chrome/90.0.4430.212 Safari/537.36"
::1 - - [16/May/2021:11:07:10 +0000] "GET /plan/60904c59720b3a6b29c3d932/2021/05/20 HTTP/1.1" 200 1294 "http://localhost:4200/" "Mozilla/5.0 (Windows NT 10.0; Win64; x64) AppleWebKit/537.36 (KHTML, like Gecko) Chrome/90.0.4430.212 Safari/537.36"
::1 - - [16/May/2021:11:10:51 +0000] "POST /plan HTTP/1.1" - - "http://localhost:4200/" "Mozilla/5.0 (Windows NT 10.0; Win64; x64) AppleWebKit/537.36 (KHTML, like Gecko) Chrome/90.0.4430.212 Safari/537.36"
::1 - - [16/May/2021:11:10:51 +0000] "POST /plan HTTP/1.1" - - "http://localhost:4200/" "Mozilla/5.0 (Windows NT 10.0; Win64; x64) AppleWebKit/537.36 (KHTML, like Gecko) Chrome/90.0.4430.212 Safari/537.36"
::1 - - [16/May/2021:11:10:51 +0000] "POST /plan HTTP/1.1" - - "http://localhost:4200/" "Mozilla/5.0 (Windows NT 10.0; Win64; x64) AppleWebKit/537.36 (KHTML, like Gecko) Chrome/90.0.4430.212 Safari/537.36"
::1 - - [16/May/2021:11:10:51 +0000] "POST /plan HTTP/1.1" - - "http://localhost:4200/" "Mozilla/5.0 (Windows NT 10.0; Win64; x64) AppleWebKit/537.36 (KHTML, like Gecko) Chrome/90.0.4430.212 Safari/537.36"
::1 - - [16/May/2021:11:10:51 +0000] "GET /plan/60904c59720b3a6b29c3d932/2021/05/20 HTTP/1.1" 200 1294 "http://localhost:4200/" "Mozilla/5.0 (Windows NT 10.0; Win64; x64) AppleWebKit/537.36 (KHTML, like Gecko) Chrome/90.0.4430.212 Safari/537.36"
::1 - - [16/May/2021:11:10:53 +0000] "GET /plan/60904c59720b3a6b29c3d932/2021/05/20 HTTP/1.1" 200 1294 "http://localhost:4200/" "Mozilla/5.0 (Windows NT 10.0; Win64; x64) AppleWebKit/537.36 (KHTML, like Gecko) Chrome/90.0.4430.212 Safari/537.36"
::1 - - [16/May/2021:11:11:18 +0000] "POST /plan HTTP/1.1" - - "http://localhost:4200/" "Mozilla/5.0 (Windows NT 10.0; Win64; x64) AppleWebKit/537.36 (KHTML, like Gecko) Chrome/90.0.4430.212 Safari/537.36"
::1 - - [16/May/2021:11:11:19 +0000] "GET /plan/60904c59720b3a6b29c3d932/2021/05/20 HTTP/1.1" 200 1294 "http://localhost:4200/" "Mozilla/5.0 (Windows NT 10.0; Win64; x64) AppleWebKit/537.36 (KHTML, like Gecko) Chrome/90.0.4430.212 Safari/537.36"
::1 - - [16/May/2021:11:11:19 +0000] "GET /plan/60904c59720b3a6b29c3d932/2021/05/20 HTTP/1.1" 200 1294 "http://localhost:4200/" "Mozilla/5.0 (Windows NT 10.0; Win64; x64) AppleWebKit/537.36 (KHTML, like Gecko) Chrome/90.0.4430.212 Safari/537.36"
::1 - - [16/May/2021:11:11:38 +0000] "POST /plan HTTP/1.1" - - "http://localhost:4200/" "Mozilla/5.0 (Windows NT 10.0; Win64; x64) AppleWebKit/537.36 (KHTML, like Gecko) Chrome/90.0.4430.212 Safari/537.36"
::1 - - [16/May/2021:11:11:39 +0000] "GET /plan/60904c59720b3a6b29c3d932/2021/05/20 HTTP/1.1" 200 1294 "http://localhost:4200/" "Mozilla/5.0 (Windows NT 10.0; Win64; x64) AppleWebKit/537.36 (KHTML, like Gecko) Chrome/90.0.4430.212 Safari/537.36"
::1 - - [16/May/2021:11:11:40 +0000] "GET /plan/60904c59720b3a6b29c3d932/2021/05/20 HTTP/1.1" 200 1294 "http://localhost:4200/" "Mozilla/5.0 (Windows NT 10.0; Win64; x64) AppleWebKit/537.36 (KHTML, like Gecko) Chrome/90.0.4430.212 Safari/537.36"
::1 - - [16/May/2021:11:11:46 +0000] "POST /plan HTTP/1.1" - - "http://localhost:4200/" "Mozilla/5.0 (Windows NT 10.0; Win64; x64) AppleWebKit/537.36 (KHTML, like Gecko) Chrome/90.0.4430.212 Safari/537.36"
::1 - - [16/May/2021:11:11:47 +0000] "GET /plan/60904c59720b3a6b29c3d932/2021/05/20 HTTP/1.1" 200 1294 "http://localhost:4200/" "Mozilla/5.0 (Windows NT 10.0; Win64; x64) AppleWebKit/537.36 (KHTML, like Gecko) Chrome/90.0.4430.212 Safari/537.36"
::1 - - [16/May/2021:11:11:48 +0000] "GET /plan/60904c59720b3a6b29c3d932/2021/05/20 HTTP/1.1" 200 1294 "http://localhost:4200/" "Mozilla/5.0 (Windows NT 10.0; Win64; x64) AppleWebKit/537.36 (KHTML, like Gecko) Chrome/90.0.4430.212 Safari/537.36"
::1 - - [16/May/2021:11:12:54 +0000] "POST /plan HTTP/1.1" - - "http://localhost:4200/" "Mozilla/5.0 (Windows NT 10.0; Win64; x64) AppleWebKit/537.36 (KHTML, like Gecko) Chrome/90.0.4430.212 Safari/537.36"
::1 - - [16/May/2021:11:12:55 +0000] "GET /plan/60904c59720b3a6b29c3d932/2021/05/20 HTTP/1.1" 200 1294 "http://localhost:4200/" "Mozilla/5.0 (Windows NT 10.0; Win64; x64) AppleWebKit/537.36 (KHTML, like Gecko) Chrome/90.0.4430.212 Safari/537.36"
::1 - - [16/May/2021:11:13:24 +0000] "GET /plan/60904c59720b3a6b29c3d932/2021/05/20 HTTP/1.1" - - "http://localhost:4200/" "Mozilla/5.0 (Windows NT 10.0; Win64; x64) AppleWebKit/537.36 (KHTML, like Gecko) Chrome/90.0.4430.212 Safari/537.36"
::1 - - [16/May/2021:11:13:24 +0000] "POST /plan HTTP/1.1" - - "http://localhost:4200/" "Mozilla/5.0 (Windows NT 10.0; Win64; x64) AppleWebKit/537.36 (KHTML, like Gecko) Chrome/90.0.4430.212 Safari/537.36"
::1 - - [16/May/2021:11:13:24 +0000] "GET /plan/60904c59720b3a6b29c3d932/2021/05/20 HTTP/1.1" - - "http://localhost:4200/" "Mozilla/5.0 (Windows NT 10.0; Win64; x64) AppleWebKit/537.36 (KHTML, like Gecko) Chrome/90.0.4430.212 Safari/537.36"
::1 - - [16/May/2021:11:14:37 +0000] "GET /plan/60904c59720b3a6b29c3d932/2021/05/20 HTTP/1.1" - - "http://localhost:4200/" "Mozilla/5.0 (Windows NT 10.0; Win64; x64) AppleWebKit/537.36 (KHTML, like Gecko) Chrome/90.0.4430.212 Safari/537.36"
::1 - - [16/May/2021:11:14:37 +0000] "GET /plan/60904c59720b3a6b29c3d932/2021/05/20 HTTP/1.1" - - "http://localhost:4200/" "Mozilla/5.0 (Windows NT 10.0; Win64; x64) AppleWebKit/537.36 (KHTML, like Gecko) Chrome/90.0.4430.212 Safari/537.36"
::1 - - [16/May/2021:11:14:37 +0000] "POST /plan HTTP/1.1" - - "http://localhost:4200/" "Mozilla/5.0 (Windows NT 10.0; Win64; x64) AppleWebKit/537.36 (KHTML, like Gecko) Chrome/90.0.4430.212 Safari/537.36"
::1 - - [16/May/2021:11:14:37 +0000] "POST /plan HTTP/1.1" - - "http://localhost:4200/" "Mozilla/5.0 (Windows NT 10.0; Win64; x64) AppleWebKit/537.36 (KHTML, like Gecko) Chrome/90.0.4430.212 Safari/537.36"
::1 - - [16/May/2021:11:14:37 +0000] "GET /plan/60904c59720b3a6b29c3d932/2021/05/20 HTTP/1.1" - - "http://localhost:4200/" "Mozilla/5.0 (Windows NT 10.0; Win64; x64) AppleWebKit/537.36 (KHTML, like Gecko) Chrome/90.0.4430.212 Safari/537.36"
::1 - - [16/May/2021:11:14:37 +0000] "POST /plan HTTP/1.1" - - "http://localhost:4200/" "Mozilla/5.0 (Windows NT 10.0; Win64; x64) AppleWebKit/537.36 (KHTML, like Gecko) Chrome/90.0.4430.212 Safari/537.36"
::1 - - [16/May/2021:11:21:51 +0000] "GET /plan/60904c59720b3a6b29c3d932/2021/05/20 HTTP/1.1" - - "http://localhost:4200/" "Mozilla/5.0 (Windows NT 10.0; Win64; x64) AppleWebKit/537.36 (KHTML, like Gecko) Chrome/90.0.4430.212 Safari/537.36"
::1 - - [16/May/2021:11:21:52 +0000] "GET /plan/60904c59720b3a6b29c3d932/2021/05/20 HTTP/1.1" 200 1294 "http://localhost:4200/" "Mozilla/5.0 (Windows NT 10.0; Win64; x64) AppleWebKit/537.36 (KHTML, like Gecko) Chrome/90.0.4430.212 Safari/537.36"
::1 - - [16/May/2021:11:21:57 +0000] "GET /plan/60904c59720b3a6b29c3d932/2021/05/19 HTTP/1.1" 200 2 "http://localhost:4200/" "Mozilla/5.0 (Windows NT 10.0; Win64; x64) AppleWebKit/537.36 (KHTML, like Gecko) Chrome/90.0.4430.212 Safari/537.36"
::1 - - [16/May/2021:11:21:59 +0000] "GET /plan/60904c59720b3a6b29c3d932/2021/05/20 HTTP/1.1" 200 1294 "http://localhost:4200/" "Mozilla/5.0 (Windows NT 10.0; Win64; x64) AppleWebKit/537.36 (KHTML, like Gecko) Chrome/90.0.4430.212 Safari/537.36"
::1 - - [16/May/2021:11:22:21 +0000] "GET /plan/60904c59720b3a6b29c3d932/2021/05/20 HTTP/1.1" 200 1294 "http://localhost:4200/" "Mozilla/5.0 (Windows NT 10.0; Win64; x64) AppleWebKit/537.36 (KHTML, like Gecko) Chrome/90.0.4430.212 Safari/537.36"
::1 - - [16/May/2021:11:23:55 +0000] "POST /plan HTTP/1.1" - - "http://localhost:4200/" "Mozilla/5.0 (Windows NT 10.0; Win64; x64) AppleWebKit/537.36 (KHTML, like Gecko) Chrome/90.0.4430.212 Safari/537.36"
::1 - - [16/May/2021:11:23:56 +0000] "GET /plan/60904c59720b3a6b29c3d932/2021/05/20 HTTP/1.1" 200 1294 "http://localhost:4200/" "Mozilla/5.0 (Windows NT 10.0; Win64; x64) AppleWebKit/537.36 (KHTML, like Gecko) Chrome/90.0.4430.212 Safari/537.36"
::1 - - [16/May/2021:11:24:01 +0000] "GET /plan/60904c59720b3a6b29c3d932/2021/05/20 HTTP/1.1" 200 1294 "http://localhost:4200/" "Mozilla/5.0 (Windows NT 10.0; Win64; x64) AppleWebKit/537.36 (KHTML, like Gecko) Chrome/90.0.4430.212 Safari/537.36"
::1 - - [16/May/2021:11:24:09 +0000] "GET /plan/60904c59720b3a6b29c3d932/2021/05/20 HTTP/1.1" 200 1294 "http://localhost:4200/" "Mozilla/5.0 (Windows NT 10.0; Win64; x64) AppleWebKit/537.36 (KHTML, like Gecko) Chrome/90.0.4430.212 Safari/537.36"
::1 - - [16/May/2021:11:24:19 +0000] "GET /plan/60904c59720b3a6b29c3d932/2021/05/20 HTTP/1.1" 200 1294 "http://localhost:4200/" "Mozilla/5.0 (Windows NT 10.0; Win64; x64) AppleWebKit/537.36 (KHTML, like Gecko) Chrome/90.0.4430.212 Safari/537.36"
::1 - - [16/May/2021:11:24:54 +0000] "POST /plan HTTP/1.1" - - "http://localhost:4200/" "Mozilla/5.0 (Windows NT 10.0; Win64; x64) AppleWebKit/537.36 (KHTML, like Gecko) Chrome/90.0.4430.212 Safari/537.36"
::1 - - [16/May/2021:11:24:54 +0000] "POST /plan HTTP/1.1" - - "http://localhost:4200/" "Mozilla/5.0 (Windows NT 10.0; Win64; x64) AppleWebKit/537.36 (KHTML, like Gecko) Chrome/90.0.4430.212 Safari/537.36"
::1 - - [16/May/2021:11:24:54 +0000] "POST /plan HTTP/1.1" - - "http://localhost:4200/" "Mozilla/5.0 (Windows NT 10.0; Win64; x64) AppleWebKit/537.36 (KHTML, like Gecko) Chrome/90.0.4430.212 Safari/537.36"
::1 - - [16/May/2021:11:24:55 +0000] "GET /plan/60904c59720b3a6b29c3d932/2021/05/20 HTTP/1.1" 200 1294 "http://localhost:4200/" "Mozilla/5.0 (Windows NT 10.0; Win64; x64) AppleWebKit/537.36 (KHTML, like Gecko) Chrome/90.0.4430.212 Safari/537.36"
::1 - - [16/May/2021:11:24:56 +0000] "GET /plan/60904c59720b3a6b29c3d932/2021/05/20 HTTP/1.1" 200 1294 "http://localhost:4200/" "Mozilla/5.0 (Windows NT 10.0; Win64; x64) AppleWebKit/537.36 (KHTML, like Gecko) Chrome/90.0.4430.212 Safari/537.36"
::1 - - [16/May/2021:11:25:01 +0000] "GET /plan/60904c59720b3a6b29c3d932/2021/05/20 HTTP/1.1" 200 1294 "http://localhost:4200/" "Mozilla/5.0 (Windows NT 10.0; Win64; x64) AppleWebKit/537.36 (KHTML, like Gecko) Chrome/90.0.4430.212 Safari/537.36"
::1 - - [16/May/2021:11:26:03 +0000] "POST /plan HTTP/1.1" - - "http://localhost:4200/" "Mozilla/5.0 (Windows NT 10.0; Win64; x64) AppleWebKit/537.36 (KHTML, like Gecko) Chrome/90.0.4430.212 Safari/537.36"
::1 - - [16/May/2021:11:26:03 +0000] "POST /plan HTTP/1.1" - - "http://localhost:4200/" "Mozilla/5.0 (Windows NT 10.0; Win64; x64) AppleWebKit/537.36 (KHTML, like Gecko) Chrome/90.0.4430.212 Safari/537.36"
::1 - - [16/May/2021:11:26:04 +0000] "GET /plan/60904c59720b3a6b29c3d932/2021/05/20 HTTP/1.1" 200 1294 "http://localhost:4200/" "Mozilla/5.0 (Windows NT 10.0; Win64; x64) AppleWebKit/537.36 (KHTML, like Gecko) Chrome/90.0.4430.212 Safari/537.36"
::1 - - [16/May/2021:11:26:08 +0000] "GET /plan/60904c59720b3a6b29c3d932/2021/05/20 HTTP/1.1" 200 1294 "http://localhost:4200/" "Mozilla/5.0 (Windows NT 10.0; Win64; x64) AppleWebKit/537.36 (KHTML, like Gecko) Chrome/90.0.4430.212 Safari/537.36"
::1 - - [16/May/2021:11:26:13 +0000] "GET /plan/60904c59720b3a6b29c3d932/2021/05/20 HTTP/1.1" 200 1294 "http://localhost:4200/" "Mozilla/5.0 (Windows NT 10.0; Win64; x64) AppleWebKit/537.36 (KHTML, like Gecko) Chrome/90.0.4430.212 Safari/537.36"
::1 - - [16/May/2021:11:26:17 +0000] "GET /plan/60904c59720b3a6b29c3d932/2021/05/20 HTTP/1.1" 200 1294 "http://localhost:4200/" "Mozilla/5.0 (Windows NT 10.0; Win64; x64) AppleWebKit/537.36 (KHTML, like Gecko) Chrome/90.0.4430.212 Safari/537.36"
::1 - - [16/May/2021:11:27:24 +0000] "POST /plan HTTP/1.1" - - "http://localhost:4200/" "Mozilla/5.0 (Windows NT 10.0; Win64; x64) AppleWebKit/537.36 (KHTML, like Gecko) Chrome/90.0.4430.212 Safari/537.36"
::1 - - [16/May/2021:11:27:24 +0000] "POST /plan HTTP/1.1" - - "http://localhost:4200/" "Mozilla/5.0 (Windows NT 10.0; Win64; x64) AppleWebKit/537.36 (KHTML, like Gecko) Chrome/90.0.4430.212 Safari/537.36"
::1 - - [16/May/2021:11:27:24 +0000] "POST /plan HTTP/1.1" - - "http://localhost:4200/" "Mozilla/5.0 (Windows NT 10.0; Win64; x64) AppleWebKit/537.36 (KHTML, like Gecko) Chrome/90.0.4430.212 Safari/537.36"
::1 - - [16/May/2021:11:27:25 +0000] "GET /plan/60904c59720b3a6b29c3d932/2021/05/20 HTTP/1.1" 200 1294 "http://localhost:4200/" "Mozilla/5.0 (Windows NT 10.0; Win64; x64) AppleWebKit/537.36 (KHTML, like Gecko) Chrome/90.0.4430.212 Safari/537.36"
::1 - - [16/May/2021:11:27:27 +0000] "GET /plan/60904c59720b3a6b29c3d932/2021/05/20 HTTP/1.1" 200 1294 "http://localhost:4200/" "Mozilla/5.0 (Windows NT 10.0; Win64; x64) AppleWebKit/537.36 (KHTML, like Gecko) Chrome/90.0.4430.212 Safari/537.36"
::1 - - [16/May/2021:11:27:29 +0000] "GET /plan/60904c59720b3a6b29c3d932/2021/05/20 HTTP/1.1" 200 1294 "http://localhost:4200/" "Mozilla/5.0 (Windows NT 10.0; Win64; x64) AppleWebKit/537.36 (KHTML, like Gecko) Chrome/90.0.4430.212 Safari/537.36"
::1 - - [16/May/2021:11:27:35 +0000] "GET /plan/60904c59720b3a6b29c3d932/2021/05/20 HTTP/1.1" 200 1294 "http://localhost:4200/" "Mozilla/5.0 (Windows NT 10.0; Win64; x64) AppleWebKit/537.36 (KHTML, like Gecko) Chrome/90.0.4430.212 Safari/537.36"
::1 - - [16/May/2021:11:32:10 +0000] "POST /plan HTTP/1.1" - - "http://localhost:4200/" "Mozilla/5.0 (Windows NT 10.0; Win64; x64) AppleWebKit/537.36 (KHTML, like Gecko) Chrome/90.0.4430.212 Safari/537.36"
::1 - - [16/May/2021:11:32:10 +0000] "POST /plan HTTP/1.1" - - "http://localhost:4200/" "Mozilla/5.0 (Windows NT 10.0; Win64; x64) AppleWebKit/537.36 (KHTML, like Gecko) Chrome/90.0.4430.212 Safari/537.36"
::1 - - [16/May/2021:11:32:11 +0000] "GET /plan/60904c59720b3a6b29c3d932/2021/05/20 HTTP/1.1" 200 1294 "http://localhost:4200/" "Mozilla/5.0 (Windows NT 10.0; Win64; x64) AppleWebKit/537.36 (KHTML, like Gecko) Chrome/90.0.4430.212 Safari/537.36"
::1 - - [16/May/2021:11:32:23 +0000] "GET /plan/60904c59720b3a6b29c3d932/2021/05/20 HTTP/1.1" 200 1294 "http://localhost:4200/" "Mozilla/5.0 (Windows NT 10.0; Win64; x64) AppleWebKit/537.36 (KHTML, like Gecko) Chrome/90.0.4430.212 Safari/537.36"
::1 - - [16/May/2021:11:35:51 +0000] "POST /plan HTTP/1.1" - - "http://localhost:4200/" "Mozilla/5.0 (Windows NT 10.0; Win64; x64) AppleWebKit/537.36 (KHTML, like Gecko) Chrome/90.0.4430.212 Safari/537.36"
::1 - - [16/May/2021:11:35:52 +0000] "GET /plan/60904c59720b3a6b29c3d932/2021/05/20 HTTP/1.1" 200 1294 "http://localhost:4200/" "Mozilla/5.0 (Windows NT 10.0; Win64; x64) AppleWebKit/537.36 (KHTML, like Gecko) Chrome/90.0.4430.212 Safari/537.36"
::1 - - [16/May/2021:11:35:54 +0000] "GET /plan/60904c59720b3a6b29c3d932/2021/05/20 HTTP/1.1" 200 1294 "http://localhost:4200/" "Mozilla/5.0 (Windows NT 10.0; Win64; x64) AppleWebKit/537.36 (KHTML, like Gecko) Chrome/90.0.4430.212 Safari/537.36"
::1 - - [16/May/2021:11:42:11 +0000] "POST /plan HTTP/1.1" - - "http://localhost:4200/" "Mozilla/5.0 (Windows NT 10.0; Win64; x64) AppleWebKit/537.36 (KHTML, like Gecko) Chrome/90.0.4430.212 Safari/537.36"
::1 - - [16/May/2021:11:42:12 +0000] "GET /plan/60904c59720b3a6b29c3d932/2021/05/20 HTTP/1.1" 200 1294 "http://localhost:4200/" "Mozilla/5.0 (Windows NT 10.0; Win64; x64) AppleWebKit/537.36 (KHTML, like Gecko) Chrome/90.0.4430.212 Safari/537.36"
::1 - - [16/May/2021:11:42:14 +0000] "GET /plan/60904c59720b3a6b29c3d932/2021/05/20 HTTP/1.1" 200 1294 "http://localhost:4200/" "Mozilla/5.0 (Windows NT 10.0; Win64; x64) AppleWebKit/537.36 (KHTML, like Gecko) Chrome/90.0.4430.212 Safari/537.36"
::1 - - [16/May/2021:11:42:35 +0000] "GET /plan/60904c59720b3a6b29c3d932/2021/05/20 HTTP/1.1" 200 1294 "http://localhost:4200/" "Mozilla/5.0 (Windows NT 10.0; Win64; x64) AppleWebKit/537.36 (KHTML, like Gecko) Chrome/90.0.4430.212 Safari/537.36"
::1 - - [16/May/2021:11:43:40 +0000] "POST /plan HTTP/1.1" - - "http://localhost:4200/" "Mozilla/5.0 (Windows NT 10.0; Win64; x64) AppleWebKit/537.36 (KHTML, like Gecko) Chrome/90.0.4430.212 Safari/537.36"
::1 - - [16/May/2021:11:43:40 +0000] "POST /plan HTTP/1.1" - - "http://localhost:4200/" "Mozilla/5.0 (Windows NT 10.0; Win64; x64) AppleWebKit/537.36 (KHTML, like Gecko) Chrome/90.0.4430.212 Safari/537.36"
::1 - - [16/May/2021:11:43:41 +0000] "GET /plan/60904c59720b3a6b29c3d932/2021/05/20 HTTP/1.1" 200 1294 "http://localhost:4200/" "Mozilla/5.0 (Windows NT 10.0; Win64; x64) AppleWebKit/537.36 (KHTML, like Gecko) Chrome/90.0.4430.212 Safari/537.36"
::1 - - [16/May/2021:11:43:42 +0000] "GET /plan/60904c59720b3a6b29c3d932/2021/05/20 HTTP/1.1" 200 1294 "http://localhost:4200/" "Mozilla/5.0 (Windows NT 10.0; Win64; x64) AppleWebKit/537.36 (KHTML, like Gecko) Chrome/90.0.4430.212 Safari/537.36"
::1 - - [16/May/2021:11:43:46 +0000] "GET /plan/60904c59720b3a6b29c3d932/2021/05/20 HTTP/1.1" 200 1294 "http://localhost:4200/" "Mozilla/5.0 (Windows NT 10.0; Win64; x64) AppleWebKit/537.36 (KHTML, like Gecko) Chrome/90.0.4430.212 Safari/537.36"
::1 - - [16/May/2021:11:43:58 +0000] "GET /plan/60904c59720b3a6b29c3d932/2021/05/20 HTTP/1.1" 200 1294 "http://localhost:4200/" "Mozilla/5.0 (Windows NT 10.0; Win64; x64) AppleWebKit/537.36 (KHTML, like Gecko) Chrome/90.0.4430.212 Safari/537.36"
::1 - - [16/May/2021:11:44:09 +0000] "GET /plan/60904c59720b3a6b29c3d932/2021/05/20 HTTP/1.1" 200 1294 "http://localhost:4200/" "Mozilla/5.0 (Windows NT 10.0; Win64; x64) AppleWebKit/537.36 (KHTML, like Gecko) Chrome/90.0.4430.212 Safari/537.36"
::1 - - [16/May/2021:11:44:36 +0000] "POST /plan HTTP/1.1" - - "http://localhost:4200/" "Mozilla/5.0 (Windows NT 10.0; Win64; x64) AppleWebKit/537.36 (KHTML, like Gecko) Chrome/90.0.4430.212 Safari/537.36"
::1 - - [16/May/2021:11:44:36 +0000] "POST /plan HTTP/1.1" - - "http://localhost:4200/" "Mozilla/5.0 (Windows NT 10.0; Win64; x64) AppleWebKit/537.36 (KHTML, like Gecko) Chrome/90.0.4430.212 Safari/537.36"
::1 - - [16/May/2021:11:44:36 +0000] "POST /plan HTTP/1.1" - - "http://localhost:4200/" "Mozilla/5.0 (Windows NT 10.0; Win64; x64) AppleWebKit/537.36 (KHTML, like Gecko) Chrome/90.0.4430.212 Safari/537.36"
::1 - - [16/May/2021:11:44:36 +0000] "POST /plan HTTP/1.1" - - "http://localhost:4200/" "Mozilla/5.0 (Windows NT 10.0; Win64; x64) AppleWebKit/537.36 (KHTML, like Gecko) Chrome/90.0.4430.212 Safari/537.36"
::1 - - [16/May/2021:11:44:37 +0000] "GET /plan/60904c59720b3a6b29c3d932/2021/05/20 HTTP/1.1" 200 1294 "http://localhost:4200/" "Mozilla/5.0 (Windows NT 10.0; Win64; x64) AppleWebKit/537.36 (KHTML, like Gecko) Chrome/90.0.4430.212 Safari/537.36"
::1 - - [16/May/2021:11:44:46 +0000] "GET /plan/60904c59720b3a6b29c3d932/2021/05/20 HTTP/1.1" 200 1294 "http://localhost:4200/" "Mozilla/5.0 (Windows NT 10.0; Win64; x64) AppleWebKit/537.36 (KHTML, like Gecko) Chrome/90.0.4430.212 Safari/537.36"
::1 - - [16/May/2021:11:45:13 +0000] "POST /plan HTTP/1.1" - - "http://localhost:4200/" "Mozilla/5.0 (Windows NT 10.0; Win64; x64) AppleWebKit/537.36 (KHTML, like Gecko) Chrome/90.0.4430.212 Safari/537.36"
::1 - - [16/May/2021:11:45:14 +0000] "GET /plan/60904c59720b3a6b29c3d932/2021/05/20 HTTP/1.1" 200 1294 "http://localhost:4200/" "Mozilla/5.0 (Windows NT 10.0; Win64; x64) AppleWebKit/537.36 (KHTML, like Gecko) Chrome/90.0.4430.212 Safari/537.36"
::1 - - [16/May/2021:11:45:17 +0000] "GET /plan/60904c59720b3a6b29c3d932/2021/05/20 HTTP/1.1" 200 1294 "http://localhost:4200/" "Mozilla/5.0 (Windows NT 10.0; Win64; x64) AppleWebKit/537.36 (KHTML, like Gecko) Chrome/90.0.4430.212 Safari/537.36"
::1 - - [16/May/2021:11:45:42 +0000] "POST /plan HTTP/1.1" - - "http://localhost:4200/" "Mozilla/5.0 (Windows NT 10.0; Win64; x64) AppleWebKit/537.36 (KHTML, like Gecko) Chrome/90.0.4430.212 Safari/537.36"
::1 - - [16/May/2021:11:45:43 +0000] "GET /plan/60904c59720b3a6b29c3d932/2021/05/20 HTTP/1.1" 200 1294 "http://localhost:4200/" "Mozilla/5.0 (Windows NT 10.0; Win64; x64) AppleWebKit/537.36 (KHTML, like Gecko) Chrome/90.0.4430.212 Safari/537.36"
::1 - - [16/May/2021:11:45:55 +0000] "GET /plan/60904c59720b3a6b29c3d932/2021/05/20 HTTP/1.1" 200 1294 "http://localhost:4200/" "Mozilla/5.0 (Windows NT 10.0; Win64; x64) AppleWebKit/537.36 (KHTML, like Gecko) Chrome/90.0.4430.212 Safari/537.36"
::1 - - [16/May/2021:11:46:00 +0000] "GET /plan/60904c59720b3a6b29c3d932/2021/05/20 HTTP/1.1" 200 1294 "http://localhost:4200/" "Mozilla/5.0 (Windows NT 10.0; Win64; x64) AppleWebKit/537.36 (KHTML, like Gecko) Chrome/90.0.4430.212 Safari/537.36"
::1 - - [16/May/2021:11:46:03 +0000] "GET /plan/60904c59720b3a6b29c3d932/2021/05/20 HTTP/1.1" 200 1294 "http://localhost:4200/" "Mozilla/5.0 (Windows NT 10.0; Win64; x64) AppleWebKit/537.36 (KHTML, like Gecko) Chrome/90.0.4430.212 Safari/537.36"
::1 - - [16/May/2021:11:47:13 +0000] "POST /plan HTTP/1.1" - - "http://localhost:4200/" "Mozilla/5.0 (Windows NT 10.0; Win64; x64) AppleWebKit/537.36 (KHTML, like Gecko) Chrome/90.0.4430.212 Safari/537.36"
::1 - - [16/May/2021:11:47:14 +0000] "GET /plan/60904c59720b3a6b29c3d932/2021/05/20 HTTP/1.1" 200 1294 "http://localhost:4200/" "Mozilla/5.0 (Windows NT 10.0; Win64; x64) AppleWebKit/537.36 (KHTML, like Gecko) Chrome/90.0.4430.212 Safari/537.36"
::1 - - [16/May/2021:11:47:16 +0000] "GET /plan/60904c59720b3a6b29c3d932/2021/05/20 HTTP/1.1" 200 1294 "http://localhost:4200/" "Mozilla/5.0 (Windows NT 10.0; Win64; x64) AppleWebKit/537.36 (KHTML, like Gecko) Chrome/90.0.4430.212 Safari/537.36"
::1 - - [16/May/2021:11:47:23 +0000] "GET /plan/60904c59720b3a6b29c3d932/2021/05/20 HTTP/1.1" 200 1294 "http://localhost:4200/" "Mozilla/5.0 (Windows NT 10.0; Win64; x64) AppleWebKit/537.36 (KHTML, like Gecko) Chrome/90.0.4430.212 Safari/537.36"
::1 - - [16/May/2021:11:47:43 +0000] "GET /plan/60904c59720b3a6b29c3d932/2021/05/20 HTTP/1.1" 200 1294 "http://localhost:4200/" "Mozilla/5.0 (Windows NT 10.0; Win64; x64) AppleWebKit/537.36 (KHTML, like Gecko) Chrome/90.0.4430.212 Safari/537.36"
::1 - - [16/May/2021:11:48:15 +0000] "POST /plan HTTP/1.1" - - "http://localhost:4200/" "Mozilla/5.0 (Windows NT 10.0; Win64; x64) AppleWebKit/537.36 (KHTML, like Gecko) Chrome/90.0.4430.212 Safari/537.36"
::1 - - [16/May/2021:11:48:15 +0000] "POST /plan HTTP/1.1" - - "http://localhost:4200/" "Mozilla/5.0 (Windows NT 10.0; Win64; x64) AppleWebKit/537.36 (KHTML, like Gecko) Chrome/90.0.4430.212 Safari/537.36"
::1 - - [16/May/2021:11:48:15 +0000] "POST /plan HTTP/1.1" - - "http://localhost:4200/" "Mozilla/5.0 (Windows NT 10.0; Win64; x64) AppleWebKit/537.36 (KHTML, like Gecko) Chrome/90.0.4430.212 Safari/537.36"
::1 - - [16/May/2021:11:48:16 +0000] "GET /plan/60904c59720b3a6b29c3d932/2021/05/20 HTTP/1.1" 200 1294 "http://localhost:4200/" "Mozilla/5.0 (Windows NT 10.0; Win64; x64) AppleWebKit/537.36 (KHTML, like Gecko) Chrome/90.0.4430.212 Safari/537.36"
::1 - - [16/May/2021:11:48:17 +0000] "GET /plan/60904c59720b3a6b29c3d932/2021/05/20 HTTP/1.1" 200 1294 "http://localhost:4200/" "Mozilla/5.0 (Windows NT 10.0; Win64; x64) AppleWebKit/537.36 (KHTML, like Gecko) Chrome/90.0.4430.212 Safari/537.36"
::1 - - [16/May/2021:11:48:27 +0000] "GET /plan/60904c59720b3a6b29c3d932/2021/05/20 HTTP/1.1" 200 1294 "http://localhost:4200/" "Mozilla/5.0 (Windows NT 10.0; Win64; x64) AppleWebKit/537.36 (KHTML, like Gecko) Chrome/90.0.4430.212 Safari/537.36"
::1 - - [16/May/2021:11:51:46 +0000] "POST /plan HTTP/1.1" - - "http://localhost:4200/" "Mozilla/5.0 (Windows NT 10.0; Win64; x64) AppleWebKit/537.36 (KHTML, like Gecko) Chrome/90.0.4430.212 Safari/537.36"
::1 - - [16/May/2021:11:51:46 +0000] "POST /plan HTTP/1.1" - - "http://localhost:4200/" "Mozilla/5.0 (Windows NT 10.0; Win64; x64) AppleWebKit/537.36 (KHTML, like Gecko) Chrome/90.0.4430.212 Safari/537.36"
::1 - - [16/May/2021:11:51:47 +0000] "GET /plan/60904c59720b3a6b29c3d932/2021/05/20 HTTP/1.1" 200 1294 "http://localhost:4200/" "Mozilla/5.0 (Windows NT 10.0; Win64; x64) AppleWebKit/537.36 (KHTML, like Gecko) Chrome/90.0.4430.212 Safari/537.36"
::1 - - [16/May/2021:11:53:25 +0000] "GET /plan/60904c59720b3a6b29c3d932/2021/05/20 HTTP/1.1" 200 1294 "http://localhost:4200/" "Mozilla/5.0 (Windows NT 10.0; Win64; x64) AppleWebKit/537.36 (KHTML, like Gecko) Chrome/90.0.4430.212 Safari/537.36"
::1 - - [16/May/2021:11:54:01 +0000] "GET /plan/60904c59720b3a6b29c3d932/2021/05/21 HTTP/1.1" 200 647 "http://localhost:4200/" "Mozilla/5.0 (Windows NT 10.0; Win64; x64) AppleWebKit/537.36 (KHTML, like Gecko) Chrome/90.0.4430.212 Safari/537.36"
::1 - - [16/May/2021:11:54:04 +0000] "GET /plan/60904c59720b3a6b29c3d932/2021/05/20 HTTP/1.1" 200 1294 "http://localhost:4200/" "Mozilla/5.0 (Windows NT 10.0; Win64; x64) AppleWebKit/537.36 (KHTML, like Gecko) Chrome/90.0.4430.212 Safari/537.36"
::1 - - [16/May/2021:11:54:09 +0000] "GET /plan/60904c59720b3a6b29c3d932/2021/05/20 HTTP/1.1" 200 1294 "http://localhost:4200/" "Mozilla/5.0 (Windows NT 10.0; Win64; x64) AppleWebKit/537.36 (KHTML, like Gecko) Chrome/90.0.4430.212 Safari/537.36"
::1 - - [16/May/2021:11:55:24 +0000] "POST /plan HTTP/1.1" - - "http://localhost:4200/" "Mozilla/5.0 (Windows NT 10.0; Win64; x64) AppleWebKit/537.36 (KHTML, like Gecko) Chrome/90.0.4430.212 Safari/537.36"
::1 - - [16/May/2021:11:55:25 +0000] "GET /plan/60904c59720b3a6b29c3d932/2021/05/20 HTTP/1.1" 200 1294 "http://localhost:4200/" "Mozilla/5.0 (Windows NT 10.0; Win64; x64) AppleWebKit/537.36 (KHTML, like Gecko) Chrome/90.0.4430.212 Safari/537.36"
::1 - - [16/May/2021:11:55:27 +0000] "GET /plan/60904c59720b3a6b29c3d932/2021/05/20 HTTP/1.1" 200 1294 "http://localhost:4200/" "Mozilla/5.0 (Windows NT 10.0; Win64; x64) AppleWebKit/537.36 (KHTML, like Gecko) Chrome/90.0.4430.212 Safari/537.36"
::1 - - [16/May/2021:11:55:35 +0000] "GET /plan/60904c59720b3a6b29c3d932/2021/05/20 HTTP/1.1" 200 1294 "http://localhost:4200/" "Mozilla/5.0 (Windows NT 10.0; Win64; x64) AppleWebKit/537.36 (KHTML, like Gecko) Chrome/90.0.4430.212 Safari/537.36"
::1 - - [16/May/2021:12:52:26 +0000] "POST /plan HTTP/1.1" - - "http://localhost:4200/" "Mozilla/5.0 (Windows NT 10.0; Win64; x64) AppleWebKit/537.36 (KHTML, like Gecko) Chrome/90.0.4430.212 Safari/537.36"
::1 - - [16/May/2021:12:52:26 +0000] "POST /plan HTTP/1.1" - - "http://localhost:4200/" "Mozilla/5.0 (Windows NT 10.0; Win64; x64) AppleWebKit/537.36 (KHTML, like Gecko) Chrome/90.0.4430.212 Safari/537.36"
::1 - - [16/May/2021:16:12:17 +0000] "GET /plan/60904c59720b3a6b29c3d932/2021/05/20 HTTP/1.1" 200 1294 "http://localhost:4200/" "Mozilla/5.0 (Windows NT 10.0; Win64; x64) AppleWebKit/537.36 (KHTML, like Gecko) Chrome/90.0.4430.212 Safari/537.36"
::1 - - [16/May/2021:16:13:08 +0000] "GET /plan/60904c59720b3a6b29c3d932/2021/05/20 HTTP/1.1" 200 1294 "http://localhost:4200/" "Mozilla/5.0 (Windows NT 10.0; Win64; x64) AppleWebKit/537.36 (KHTML, like Gecko) Chrome/90.0.4430.212 Safari/537.36"
::1 - - [16/May/2021:16:13:38 +0000] "GET /plan/60904c59720b3a6b29c3d932/2021/05/20 HTTP/1.1" 200 1294 "http://localhost:4200/" "Mozilla/5.0 (Windows NT 10.0; Win64; x64) AppleWebKit/537.36 (KHTML, like Gecko) Chrome/90.0.4430.212 Safari/537.36"
::1 - - [16/May/2021:16:13:42 +0000] "GET /plan/60904c59720b3a6b29c3d932/2021/05/20 HTTP/1.1" 200 1294 "http://localhost:4200/" "Mozilla/5.0 (Windows NT 10.0; Win64; x64) AppleWebKit/537.36 (KHTML, like Gecko) Chrome/90.0.4430.212 Safari/537.36"
::1 - - [16/May/2021:16:13:49 +0000] "GET /plan/60904c59720b3a6b29c3d932/2021/05/20 HTTP/1.1" 200 1294 "http://localhost:4200/" "Mozilla/5.0 (Windows NT 10.0; Win64; x64) AppleWebKit/537.36 (KHTML, like Gecko) Chrome/90.0.4430.212 Safari/537.36"
::1 - - [16/May/2021:16:14:07 +0000] "GET /plan/60904c59720b3a6b29c3d932/2021/05/19 HTTP/1.1" 200 2 "http://localhost:4200/" "Mozilla/5.0 (Windows NT 10.0; Win64; x64) AppleWebKit/537.36 (KHTML, like Gecko) Chrome/90.0.4430.212 Safari/537.36"
::1 - - [16/May/2021:16:14:08 +0000] "GET /plan/60904c59720b3a6b29c3d932/2021/05/18 HTTP/1.1" 200 2 "http://localhost:4200/" "Mozilla/5.0 (Windows NT 10.0; Win64; x64) AppleWebKit/537.36 (KHTML, like Gecko) Chrome/90.0.4430.212 Safari/537.36"
::1 - - [16/May/2021:16:14:08 +0000] "GET /plan/60904c59720b3a6b29c3d932/2021/05/19 HTTP/1.1" 200 2 "http://localhost:4200/" "Mozilla/5.0 (Windows NT 10.0; Win64; x64) AppleWebKit/537.36 (KHTML, like Gecko) Chrome/90.0.4430.212 Safari/537.36"
::1 - - [16/May/2021:16:14:09 +0000] "GET /plan/60904c59720b3a6b29c3d932/2021/05/20 HTTP/1.1" 200 1294 "http://localhost:4200/" "Mozilla/5.0 (Windows NT 10.0; Win64; x64) AppleWebKit/537.36 (KHTML, like Gecko) Chrome/90.0.4430.212 Safari/537.36"
::1 - - [16/May/2021:16:14:11 +0000] "GET /plan/60904c59720b3a6b29c3d932/2021/05/20 HTTP/1.1" 200 1294 "http://localhost:4200/" "Mozilla/5.0 (Windows NT 10.0; Win64; x64) AppleWebKit/537.36 (KHTML, like Gecko) Chrome/90.0.4430.212 Safari/537.36"
::1 - - [16/May/2021:16:14:34 +0000] "GET /plan/60904c59720b3a6b29c3d932/2021/05/20 HTTP/1.1" 200 1294 "http://localhost:4200/" "Mozilla/5.0 (Windows NT 10.0; Win64; x64) AppleWebKit/537.36 (KHTML, like Gecko) Chrome/90.0.4430.212 Safari/537.36"
::1 - - [16/May/2021:16:15:27 +0000] "POST /plan HTTP/1.1" - - "http://localhost:4200/" "Mozilla/5.0 (Windows NT 10.0; Win64; x64) AppleWebKit/537.36 (KHTML, like Gecko) Chrome/90.0.4430.212 Safari/537.36"
::1 - - [16/May/2021:16:15:27 +0000] "POST /plan HTTP/1.1" - - "http://localhost:4200/" "Mozilla/5.0 (Windows NT 10.0; Win64; x64) AppleWebKit/537.36 (KHTML, like Gecko) Chrome/90.0.4430.212 Safari/537.36"
::1 - - [16/May/2021:16:15:27 +0000] "POST /plan HTTP/1.1" - - "http://localhost:4200/" "Mozilla/5.0 (Windows NT 10.0; Win64; x64) AppleWebKit/537.36 (KHTML, like Gecko) Chrome/90.0.4430.212 Safari/537.36"
::1 - - [16/May/2021:16:15:27 +0000] "POST /plan HTTP/1.1" - - "http://localhost:4200/" "Mozilla/5.0 (Windows NT 10.0; Win64; x64) AppleWebKit/537.36 (KHTML, like Gecko) Chrome/90.0.4430.212 Safari/537.36"
::1 - - [16/May/2021:16:15:28 +0000] "GET /plan/60904c59720b3a6b29c3d932/2021/05/20 HTTP/1.1" 200 1294 "http://localhost:4200/" "Mozilla/5.0 (Windows NT 10.0; Win64; x64) AppleWebKit/537.36 (KHTML, like Gecko) Chrome/90.0.4430.212 Safari/537.36"
::1 - - [16/May/2021:16:15:38 +0000] "GET /plan/60904c59720b3a6b29c3d932/2021/05/20 HTTP/1.1" 200 1294 "http://localhost:4200/" "Mozilla/5.0 (Windows NT 10.0; Win64; x64) AppleWebKit/537.36 (KHTML, like Gecko) Chrome/90.0.4430.212 Safari/537.36"
::1 - - [16/May/2021:16:15:42 +0000] "GET /plan/60904c59720b3a6b29c3d932/2021/05/20 HTTP/1.1" 200 1294 "http://localhost:4200/" "Mozilla/5.0 (Windows NT 10.0; Win64; x64) AppleWebKit/537.36 (KHTML, like Gecko) Chrome/90.0.4430.212 Safari/537.36"
::1 - - [16/May/2021:16:15:48 +0000] "GET /plan/60904c59720b3a6b29c3d932/2021/05/20 HTTP/1.1" 200 1294 "http://localhost:4200/" "Mozilla/5.0 (Windows NT 10.0; Win64; x64) AppleWebKit/537.36 (KHTML, like Gecko) Chrome/90.0.4430.212 Safari/537.36"
::1 - - [16/May/2021:16:15:55 +0000] "GET /plan/60904c59720b3a6b29c3d932/2021/05/20 HTTP/1.1" 200 1294 "http://localhost:4200/" "Mozilla/5.0 (Windows NT 10.0; Win64; x64) AppleWebKit/537.36 (KHTML, like Gecko) Chrome/90.0.4430.212 Safari/537.36"
::1 - - [16/May/2021:16:16:53 +0000] "POST /plan HTTP/1.1" - - "http://localhost:4200/" "Mozilla/5.0 (Windows NT 10.0; Win64; x64) AppleWebKit/537.36 (KHTML, like Gecko) Chrome/90.0.4430.212 Safari/537.36"
::1 - - [16/May/2021:16:16:53 +0000] "POST /plan HTTP/1.1" - - "http://localhost:4200/" "Mozilla/5.0 (Windows NT 10.0; Win64; x64) AppleWebKit/537.36 (KHTML, like Gecko) Chrome/90.0.4430.212 Safari/537.36"
::1 - - [16/May/2021:16:16:53 +0000] "POST /plan HTTP/1.1" - - "http://localhost:4200/" "Mozilla/5.0 (Windows NT 10.0; Win64; x64) AppleWebKit/537.36 (KHTML, like Gecko) Chrome/90.0.4430.212 Safari/537.36"
::1 - - [16/May/2021:16:16:53 +0000] "POST /plan HTTP/1.1" - - "http://localhost:4200/" "Mozilla/5.0 (Windows NT 10.0; Win64; x64) AppleWebKit/537.36 (KHTML, like Gecko) Chrome/90.0.4430.212 Safari/537.36"
::1 - - [16/May/2021:16:16:54 +0000] "GET /plan/60904c59720b3a6b29c3d932/2021/05/20 HTTP/1.1" 200 1294 "http://localhost:4200/" "Mozilla/5.0 (Windows NT 10.0; Win64; x64) AppleWebKit/537.36 (KHTML, like Gecko) Chrome/90.0.4430.212 Safari/537.36"
::1 - - [16/May/2021:16:16:58 +0000] "GET /plan/60904c59720b3a6b29c3d932/2021/05/20 HTTP/1.1" 200 1294 "http://localhost:4200/" "Mozilla/5.0 (Windows NT 10.0; Win64; x64) AppleWebKit/537.36 (KHTML, like Gecko) Chrome/90.0.4430.212 Safari/537.36"
::1 - - [16/May/2021:16:17:11 +0000] "GET /plan/60904c59720b3a6b29c3d932/2021/05/20 HTTP/1.1" 200 1294 "http://localhost:4200/" "Mozilla/5.0 (Windows NT 10.0; Win64; x64) AppleWebKit/537.36 (KHTML, like Gecko) Chrome/90.0.4430.212 Safari/537.36"
::1 - - [16/May/2021:16:17:23 +0000] "GET /plan/60904c59720b3a6b29c3d932/2021/05/20 HTTP/1.1" 200 1294 "http://localhost:4200/" "Mozilla/5.0 (Windows NT 10.0; Win64; x64) AppleWebKit/537.36 (KHTML, like Gecko) Chrome/90.0.4430.212 Safari/537.36"
::1 - - [16/May/2021:16:17:42 +0000] "POST /plan HTTP/1.1" - - "http://localhost:4200/" "Mozilla/5.0 (Windows NT 10.0; Win64; x64) AppleWebKit/537.36 (KHTML, like Gecko) Chrome/90.0.4430.212 Safari/537.36"
::1 - - [16/May/2021:16:17:42 +0000] "POST /plan HTTP/1.1" - - "http://localhost:4200/" "Mozilla/5.0 (Windows NT 10.0; Win64; x64) AppleWebKit/537.36 (KHTML, like Gecko) Chrome/90.0.4430.212 Safari/537.36"
::1 - - [16/May/2021:16:17:44 +0000] "GET /plan/60904c59720b3a6b29c3d932/2021/05/20 HTTP/1.1" 200 1294 "http://localhost:4200/" "Mozilla/5.0 (Windows NT 10.0; Win64; x64) AppleWebKit/537.36 (KHTML, like Gecko) Chrome/90.0.4430.212 Safari/537.36"
::1 - - [16/May/2021:16:18:12 +0000] "GET /plan/60904c59720b3a6b29c3d932/2021/05/20 HTTP/1.1" 200 1294 "http://localhost:4200/" "Mozilla/5.0 (Windows NT 10.0; Win64; x64) AppleWebKit/537.36 (KHTML, like Gecko) Chrome/90.0.4430.212 Safari/537.36"
::1 - - [16/May/2021:16:18:33 +0000] "POST /plan HTTP/1.1" - - "http://localhost:4200/" "Mozilla/5.0 (Windows NT 10.0; Win64; x64) AppleWebKit/537.36 (KHTML, like Gecko) Chrome/90.0.4430.212 Safari/537.36"
::1 - - [16/May/2021:16:18:34 +0000] "GET /plan/60904c59720b3a6b29c3d932/2021/05/20 HTTP/1.1" 200 1294 "http://localhost:4200/" "Mozilla/5.0 (Windows NT 10.0; Win64; x64) AppleWebKit/537.36 (KHTML, like Gecko) Chrome/90.0.4430.212 Safari/537.36"
::1 - - [16/May/2021:16:18:36 +0000] "GET /plan/60904c59720b3a6b29c3d932/2021/05/20 HTTP/1.1" 200 1294 "http://localhost:4200/" "Mozilla/5.0 (Windows NT 10.0; Win64; x64) AppleWebKit/537.36 (KHTML, like Gecko) Chrome/90.0.4430.212 Safari/537.36"
::1 - - [16/May/2021:16:19:35 +0000] "POST /plan HTTP/1.1" - - "http://localhost:4200/" "Mozilla/5.0 (Windows NT 10.0; Win64; x64) AppleWebKit/537.36 (KHTML, like Gecko) Chrome/90.0.4430.212 Safari/537.36"
::1 - - [16/May/2021:16:19:36 +0000] "GET /plan/60904c59720b3a6b29c3d932/2021/05/20 HTTP/1.1" 200 1294 "http://localhost:4200/" "Mozilla/5.0 (Windows NT 10.0; Win64; x64) AppleWebKit/537.36 (KHTML, like Gecko) Chrome/90.0.4430.212 Safari/537.36"
::1 - - [16/May/2021:16:19:59 +0000] "GET /plan/60904c59720b3a6b29c3d932/2021/05/20 HTTP/1.1" 200 1294 "http://localhost:4200/" "Mozilla/5.0 (Windows NT 10.0; Win64; x64) AppleWebKit/537.36 (KHTML, like Gecko) Chrome/90.0.4430.212 Safari/537.36"
::1 - - [16/May/2021:16:20:02 +0000] "GET /plan/60904c59720b3a6b29c3d932/2021/05/20 HTTP/1.1" 200 1294 "http://localhost:4200/" "Mozilla/5.0 (Windows NT 10.0; Win64; x64) AppleWebKit/537.36 (KHTML, like Gecko) Chrome/90.0.4430.212 Safari/537.36"
::1 - - [16/May/2021:16:21:21 +0000] "POST /plan HTTP/1.1" - - "http://localhost:4200/" "Mozilla/5.0 (Windows NT 10.0; Win64; x64) AppleWebKit/537.36 (KHTML, like Gecko) Chrome/90.0.4430.212 Safari/537.36"
::1 - - [16/May/2021:16:21:22 +0000] "GET /plan/60904c59720b3a6b29c3d932/2021/05/20 HTTP/1.1" 200 1294 "http://localhost:4200/" "Mozilla/5.0 (Windows NT 10.0; Win64; x64) AppleWebKit/537.36 (KHTML, like Gecko) Chrome/90.0.4430.212 Safari/537.36"
::1 - - [16/May/2021:16:22:26 +0000] "POST /plan HTTP/1.1" - - "http://localhost:4200/" "Mozilla/5.0 (Windows NT 10.0; Win64; x64) AppleWebKit/537.36 (KHTML, like Gecko) Chrome/90.0.4430.212 Safari/537.36"
::1 - - [16/May/2021:16:22:26 +0000] "GET /plan/60904c59720b3a6b29c3d932/2021/05/20 HTTP/1.1" 200 1294 "http://localhost:4200/" "Mozilla/5.0 (Windows NT 10.0; Win64; x64) AppleWebKit/537.36 (KHTML, like Gecko) Chrome/90.0.4430.212 Safari/537.36"
::1 - - [16/May/2021:16:23:38 +0000] "POST /plan HTTP/1.1" - - "http://localhost:4200/" "Mozilla/5.0 (Windows NT 10.0; Win64; x64) AppleWebKit/537.36 (KHTML, like Gecko) Chrome/90.0.4430.212 Safari/537.36"
::1 - - [16/May/2021:16:23:38 +0000] "POST /plan HTTP/1.1" - - "http://localhost:4200/" "Mozilla/5.0 (Windows NT 10.0; Win64; x64) AppleWebKit/537.36 (KHTML, like Gecko) Chrome/90.0.4430.212 Safari/537.36"
::1 - - [16/May/2021:16:23:38 +0000] "POST /plan HTTP/1.1" - - "http://localhost:4200/" "Mozilla/5.0 (Windows NT 10.0; Win64; x64) AppleWebKit/537.36 (KHTML, like Gecko) Chrome/90.0.4430.212 Safari/537.36"
::1 - - [16/May/2021:16:23:38 +0000] "POST /plan HTTP/1.1" - - "http://localhost:4200/" "Mozilla/5.0 (Windows NT 10.0; Win64; x64) AppleWebKit/537.36 (KHTML, like Gecko) Chrome/90.0.4430.212 Safari/537.36"
::1 - - [16/May/2021:16:23:39 +0000] "GET /plan/60904c59720b3a6b29c3d932/2021/05/20 HTTP/1.1" 200 1294 "http://localhost:4200/" "Mozilla/5.0 (Windows NT 10.0; Win64; x64) AppleWebKit/537.36 (KHTML, like Gecko) Chrome/90.0.4430.212 Safari/537.36"
::1 - - [16/May/2021:16:31:56 +0000] "POST /plan HTTP/1.1" - - "http://localhost:4200/" "Mozilla/5.0 (Windows NT 10.0; Win64; x64) AppleWebKit/537.36 (KHTML, like Gecko) Chrome/90.0.4430.212 Safari/537.36"
::1 - - [16/May/2021:16:31:56 +0000] "POST /plan HTTP/1.1" - - "http://localhost:4200/" "Mozilla/5.0 (Windows NT 10.0; Win64; x64) AppleWebKit/537.36 (KHTML, like Gecko) Chrome/90.0.4430.212 Safari/537.36"
::1 - - [16/May/2021:16:31:56 +0000] "POST /plan HTTP/1.1" - - "http://localhost:4200/" "Mozilla/5.0 (Windows NT 10.0; Win64; x64) AppleWebKit/537.36 (KHTML, like Gecko) Chrome/90.0.4430.212 Safari/537.36"
::1 - - [16/May/2021:16:31:57 +0000] "GET /plan/60904c59720b3a6b29c3d932/2021/05/20 HTTP/1.1" 200 1294 "http://localhost:4200/" "Mozilla/5.0 (Windows NT 10.0; Win64; x64) AppleWebKit/537.36 (KHTML, like Gecko) Chrome/90.0.4430.212 Safari/537.36"
::1 - - [16/May/2021:16:34:12 +0000] "POST /plan HTTP/1.1" - - "http://localhost:4200/" "Mozilla/5.0 (Windows NT 10.0; Win64; x64) AppleWebKit/537.36 (KHTML, like Gecko) Chrome/90.0.4430.212 Safari/537.36"
::1 - - [16/May/2021:16:34:12 +0000] "POST /plan HTTP/1.1" - - "http://localhost:4200/" "Mozilla/5.0 (Windows NT 10.0; Win64; x64) AppleWebKit/537.36 (KHTML, like Gecko) Chrome/90.0.4430.212 Safari/537.36"
::1 - - [16/May/2021:16:34:12 +0000] "POST /plan HTTP/1.1" - - "http://localhost:4200/" "Mozilla/5.0 (Windows NT 10.0; Win64; x64) AppleWebKit/537.36 (KHTML, like Gecko) Chrome/90.0.4430.212 Safari/537.36"
::1 - - [16/May/2021:16:34:12 +0000] "POST /plan HTTP/1.1" - - "http://localhost:4200/" "Mozilla/5.0 (Windows NT 10.0; Win64; x64) AppleWebKit/537.36 (KHTML, like Gecko) Chrome/90.0.4430.212 Safari/537.36"
::1 - - [16/May/2021:16:34:13 +0000] "GET /plan/60904c59720b3a6b29c3d932/2021/05/20 HTTP/1.1" 200 1294 "http://localhost:4200/" "Mozilla/5.0 (Windows NT 10.0; Win64; x64) AppleWebKit/537.36 (KHTML, like Gecko) Chrome/90.0.4430.212 Safari/537.36"
::1 - - [16/May/2021:16:35:21 +0000] "POST /plan HTTP/1.1" - - "http://localhost:4200/" "Mozilla/5.0 (Windows NT 10.0; Win64; x64) AppleWebKit/537.36 (KHTML, like Gecko) Chrome/90.0.4430.212 Safari/537.36"
::1 - - [16/May/2021:16:35:22 +0000] "GET /plan/60904c59720b3a6b29c3d932/2021/05/20 HTTP/1.1" 200 1294 "http://localhost:4200/" "Mozilla/5.0 (Windows NT 10.0; Win64; x64) AppleWebKit/537.36 (KHTML, like Gecko) Chrome/90.0.4430.212 Safari/537.36"
::1 - - [16/May/2021:16:38:12 +0000] "POST /plan HTTP/1.1" - - "http://localhost:4200/" "Mozilla/5.0 (Windows NT 10.0; Win64; x64) AppleWebKit/537.36 (KHTML, like Gecko) Chrome/90.0.4430.212 Safari/537.36"
::1 - - [16/May/2021:16:38:12 +0000] "POST /plan HTTP/1.1" - - "http://localhost:4200/" "Mozilla/5.0 (Windows NT 10.0; Win64; x64) AppleWebKit/537.36 (KHTML, like Gecko) Chrome/90.0.4430.212 Safari/537.36"
::1 - - [16/May/2021:16:38:13 +0000] "GET /plan/60904c59720b3a6b29c3d932/2021/05/20 HTTP/1.1" 200 1294 "http://localhost:4200/" "Mozilla/5.0 (Windows NT 10.0; Win64; x64) AppleWebKit/537.36 (KHTML, like Gecko) Chrome/90.0.4430.212 Safari/537.36"
::1 - - [16/May/2021:16:40:11 +0000] "POST /plan HTTP/1.1" - - "http://localhost:4200/" "Mozilla/5.0 (Windows NT 10.0; Win64; x64) AppleWebKit/537.36 (KHTML, like Gecko) Chrome/90.0.4430.212 Safari/537.36"
::1 - - [16/May/2021:16:40:11 +0000] "POST /plan HTTP/1.1" - - "http://localhost:4200/" "Mozilla/5.0 (Windows NT 10.0; Win64; x64) AppleWebKit/537.36 (KHTML, like Gecko) Chrome/90.0.4430.212 Safari/537.36"
::1 - - [16/May/2021:16:40:11 +0000] "POST /plan HTTP/1.1" - - "http://localhost:4200/" "Mozilla/5.0 (Windows NT 10.0; Win64; x64) AppleWebKit/537.36 (KHTML, like Gecko) Chrome/90.0.4430.212 Safari/537.36"
::1 - - [16/May/2021:16:40:12 +0000] "GET /plan/60904c59720b3a6b29c3d932/2021/05/20 HTTP/1.1" 200 1294 "http://localhost:4200/" "Mozilla/5.0 (Windows NT 10.0; Win64; x64) AppleWebKit/537.36 (KHTML, like Gecko) Chrome/90.0.4430.212 Safari/537.36"
::1 - - [16/May/2021:16:41:16 +0000] "POST /plan HTTP/1.1" - - "http://localhost:4200/" "Mozilla/5.0 (Windows NT 10.0; Win64; x64) AppleWebKit/537.36 (KHTML, like Gecko) Chrome/90.0.4430.212 Safari/537.36"
::1 - - [16/May/2021:16:41:16 +0000] "POST /plan HTTP/1.1" - - "http://localhost:4200/" "Mozilla/5.0 (Windows NT 10.0; Win64; x64) AppleWebKit/537.36 (KHTML, like Gecko) Chrome/90.0.4430.212 Safari/537.36"
::1 - - [16/May/2021:16:41:16 +0000] "POST /plan HTTP/1.1" - - "http://localhost:4200/" "Mozilla/5.0 (Windows NT 10.0; Win64; x64) AppleWebKit/537.36 (KHTML, like Gecko) Chrome/90.0.4430.212 Safari/537.36"
::1 - - [16/May/2021:16:41:17 +0000] "GET /plan/60904c59720b3a6b29c3d932/2021/05/20 HTTP/1.1" 200 1294 "http://localhost:4200/" "Mozilla/5.0 (Windows NT 10.0; Win64; x64) AppleWebKit/537.36 (KHTML, like Gecko) Chrome/90.0.4430.212 Safari/537.36"
::1 - - [16/May/2021:16:41:20 +0000] "GET /plan/60904c59720b3a6b29c3d932/2021/05/20 HTTP/1.1" 200 1294 "http://localhost:4200/" "Mozilla/5.0 (Windows NT 10.0; Win64; x64) AppleWebKit/537.36 (KHTML, like Gecko) Chrome/90.0.4430.212 Safari/537.36"
::1 - - [16/May/2021:16:41:30 +0000] "GET /plan/60904c59720b3a6b29c3d932/2021/05/20 HTTP/1.1" 200 1294 "http://localhost:4200/" "Mozilla/5.0 (Windows NT 10.0; Win64; x64) AppleWebKit/537.36 (KHTML, like Gecko) Chrome/90.0.4430.212 Safari/537.36"
::1 - - [16/May/2021:16:43:17 +0000] "POST /plan HTTP/1.1" - - "http://localhost:4200/" "Mozilla/5.0 (Windows NT 10.0; Win64; x64) AppleWebKit/537.36 (KHTML, like Gecko) Chrome/90.0.4430.212 Safari/537.36"
::1 - - [16/May/2021:16:43:17 +0000] "POST /plan HTTP/1.1" - - "http://localhost:4200/" "Mozilla/5.0 (Windows NT 10.0; Win64; x64) AppleWebKit/537.36 (KHTML, like Gecko) Chrome/90.0.4430.212 Safari/537.36"
::1 - - [16/May/2021:16:43:17 +0000] "POST /plan HTTP/1.1" - - "http://localhost:4200/" "Mozilla/5.0 (Windows NT 10.0; Win64; x64) AppleWebKit/537.36 (KHTML, like Gecko) Chrome/90.0.4430.212 Safari/537.36"
::1 - - [16/May/2021:16:43:18 +0000] "GET /plan/60904c59720b3a6b29c3d932/2021/05/20 HTTP/1.1" 200 1294 "http://localhost:4200/" "Mozilla/5.0 (Windows NT 10.0; Win64; x64) AppleWebKit/537.36 (KHTML, like Gecko) Chrome/90.0.4430.212 Safari/537.36"
::1 - - [16/May/2021:16:44:02 +0000] "POST /plan HTTP/1.1" - - "http://localhost:4200/" "Mozilla/5.0 (Windows NT 10.0; Win64; x64) AppleWebKit/537.36 (KHTML, like Gecko) Chrome/90.0.4430.212 Safari/537.36"
::1 - - [16/May/2021:16:44:02 +0000] "GET /plan/60904c59720b3a6b29c3d932/2021/05/20 HTTP/1.1" 200 1294 "http://localhost:4200/" "Mozilla/5.0 (Windows NT 10.0; Win64; x64) AppleWebKit/537.36 (KHTML, like Gecko) Chrome/90.0.4430.212 Safari/537.36"
::1 - - [16/May/2021:16:46:19 +0000] "POST /plan HTTP/1.1" - - "http://localhost:4200/" "Mozilla/5.0 (Windows NT 10.0; Win64; x64) AppleWebKit/537.36 (KHTML, like Gecko) Chrome/90.0.4430.212 Safari/537.36"
::1 - - [16/May/2021:16:46:19 +0000] "POST /plan HTTP/1.1" - - "http://localhost:4200/" "Mozilla/5.0 (Windows NT 10.0; Win64; x64) AppleWebKit/537.36 (KHTML, like Gecko) Chrome/90.0.4430.212 Safari/537.36"
::1 - - [16/May/2021:16:46:19 +0000] "POST /plan HTTP/1.1" - - "http://localhost:4200/" "Mozilla/5.0 (Windows NT 10.0; Win64; x64) AppleWebKit/537.36 (KHTML, like Gecko) Chrome/90.0.4430.212 Safari/537.36"
::1 - - [16/May/2021:16:46:20 +0000] "GET /plan/60904c59720b3a6b29c3d932/2021/05/20 HTTP/1.1" 200 1294 "http://localhost:4200/" "Mozilla/5.0 (Windows NT 10.0; Win64; x64) AppleWebKit/537.36 (KHTML, like Gecko) Chrome/90.0.4430.212 Safari/537.36"
::1 - - [16/May/2021:16:46:38 +0000] "POST /plan HTTP/1.1" - - "http://localhost:4200/" "Mozilla/5.0 (Windows NT 10.0; Win64; x64) AppleWebKit/537.36 (KHTML, like Gecko) Chrome/90.0.4430.212 Safari/537.36"
::1 - - [16/May/2021:16:46:39 +0000] "GET /plan/60904c59720b3a6b29c3d932/2021/05/20 HTTP/1.1" 200 1294 "http://localhost:4200/" "Mozilla/5.0 (Windows NT 10.0; Win64; x64) AppleWebKit/537.36 (KHTML, like Gecko) Chrome/90.0.4430.212 Safari/537.36"
::1 - - [16/May/2021:16:46:56 +0000] "POST /plan HTTP/1.1" - - "http://localhost:4200/" "Mozilla/5.0 (Windows NT 10.0; Win64; x64) AppleWebKit/537.36 (KHTML, like Gecko) Chrome/90.0.4430.212 Safari/537.36"
::1 - - [16/May/2021:16:46:57 +0000] "GET /plan/60904c59720b3a6b29c3d932/2021/05/20 HTTP/1.1" 200 1294 "http://localhost:4200/" "Mozilla/5.0 (Windows NT 10.0; Win64; x64) AppleWebKit/537.36 (KHTML, like Gecko) Chrome/90.0.4430.212 Safari/537.36"
::1 - - [16/May/2021:16:57:39 +0000] "POST /plan HTTP/1.1" - - "http://localhost:4200/" "Mozilla/5.0 (Windows NT 10.0; Win64; x64) AppleWebKit/537.36 (KHTML, like Gecko) Chrome/90.0.4430.212 Safari/537.36"
::1 - - [16/May/2021:16:57:40 +0000] "GET /plan/60904c59720b3a6b29c3d932/2021/05/20 HTTP/1.1" 200 1294 "http://localhost:4200/" "Mozilla/5.0 (Windows NT 10.0; Win64; x64) AppleWebKit/537.36 (KHTML, like Gecko) Chrome/90.0.4430.212 Safari/537.36"
::1 - - [16/May/2021:16:59:39 +0000] "GET /plan/60904c59720b3a6b29c3d932/2021/05/20 HTTP/1.1" 200 1294 "http://localhost:4200/" "Mozilla/5.0 (Windows NT 10.0; Win64; x64) AppleWebKit/537.36 (KHTML, like Gecko) Chrome/90.0.4430.212 Safari/537.36"
::1 - - [16/May/2021:17:20:02 +0000] "POST /plan HTTP/1.1" 200 616 "http://localhost:4200/" "Mozilla/5.0 (Windows NT 10.0; Win64; x64) AppleWebKit/537.36 (KHTML, like Gecko) Chrome/90.0.4430.212 Safari/537.36"
::1 - - [16/May/2021:17:24:21 +0000] "GET /plan/60904c59720b3a6b29c3d932/2021/05/20 HTTP/1.1" 200 1294 "http://localhost:4200/" "Mozilla/5.0 (Windows NT 10.0; Win64; x64) AppleWebKit/537.36 (KHTML, like Gecko) Chrome/90.0.4430.212 Safari/537.36"
::1 - - [16/May/2021:17:25:16 +0000] "GET /plan/60904c59720b3a6b29c3d932/2021/05/20 HTTP/1.1" 200 1294 "http://localhost:4200/" "Mozilla/5.0 (Windows NT 10.0; Win64; x64) AppleWebKit/537.36 (KHTML, like Gecko) Chrome/90.0.4430.212 Safari/537.36"
::1 - - [16/May/2021:17:26:07 +0000] "POST /plan HTTP/1.1" 200 350 "http://localhost:4200/" "Mozilla/5.0 (Windows NT 10.0; Win64; x64) AppleWebKit/537.36 (KHTML, like Gecko) Chrome/90.0.4430.212 Safari/537.36"
::1 - - [16/May/2021:17:26:31 +0000] "POST /plan HTTP/1.1" 200 340 "http://localhost:4200/" "Mozilla/5.0 (Windows NT 10.0; Win64; x64) AppleWebKit/537.36 (KHTML, like Gecko) Chrome/90.0.4430.212 Safari/537.36"
::1 - - [16/May/2021:17:26:37 +0000] "POST /plan HTTP/1.1" 200 340 "http://localhost:4200/" "Mozilla/5.0 (Windows NT 10.0; Win64; x64) AppleWebKit/537.36 (KHTML, like Gecko) Chrome/90.0.4430.212 Safari/537.36"
::1 - - [16/May/2021:17:26:52 +0000] "POST /plan HTTP/1.1" 200 487 "http://localhost:4200/" "Mozilla/5.0 (Windows NT 10.0; Win64; x64) AppleWebKit/537.36 (KHTML, like Gecko) Chrome/90.0.4430.212 Safari/537.36"
::1 - - [16/May/2021:17:27:16 +0000] "POST /plan HTTP/1.1" 200 637 "http://localhost:4200/" "Mozilla/5.0 (Windows NT 10.0; Win64; x64) AppleWebKit/537.36 (KHTML, like Gecko) Chrome/90.0.4430.212 Safari/537.36"
::1 - - [16/May/2021:18:18:33 +0000] "GET /plan/60904c59720b3a6b29c3d932/2021/05/20 HTTP/1.1" 200 1294 "http://localhost:4200/" "Mozilla/5.0 (Windows NT 10.0; Win64; x64) AppleWebKit/537.36 (KHTML, like Gecko) Chrome/90.0.4430.212 Safari/537.36"
::1 - - [16/May/2021:20:41:25 +0000] "GET /plan/60904c59720b3a6b29c3d932/2021/05/20 HTTP/1.1" 200 1294 "http://localhost:4200/" "Mozilla/5.0 (Windows NT 10.0; Win64; x64) AppleWebKit/537.36 (KHTML, like Gecko) Chrome/90.0.4430.212 Safari/537.36"
::1 - - [16/May/2021:22:53:24 +0000] "GET /plan/60904c59720b3a6b29c3d932/2021/05/20 HTTP/1.1" 200 1294 "http://localhost:4200/" "Mozilla/5.0 (Windows NT 10.0; Win64; x64) AppleWebKit/537.36 (KHTML, like Gecko) Chrome/90.0.4430.212 Safari/537.36"
