::1 - - [25/Aug/2021:11:23:40 +0000] "GET /user HTTP/1.1" 200 1337 "http://localhost:4200/" "Mozilla/5.0 (Linux; Android 6.0; Nexus 5 Build/MRA58N) AppleWebKit/537.36 (KHTML, like Gecko) Chrome/92.0.4515.159 Mobile Safari/537.36"
::1 - - [25/Aug/2021:14:28:38 +0000] "GET /user HTTP/1.1" 200 1337 "http://localhost:4200/" "Mozilla/5.0 (Linux; Android 6.0; Nexus 5 Build/MRA58N) AppleWebKit/537.36 (KHTML, like Gecko) Chrome/92.0.4515.159 Mobile Safari/537.36"
::1 - - [25/Aug/2021:14:29:47 +0000] "GET /user HTTP/1.1" 200 1337 "http://localhost:4200/" "Mozilla/5.0 (Linux; Android 6.0; Nexus 5 Build/MRA58N) AppleWebKit/537.36 (KHTML, like Gecko) Chrome/92.0.4515.159 Mobile Safari/537.36"
::1 - - [25/Aug/2021:14:33:50 +0000] "POST /user/login HTTP/1.1" 200 237 "http://localhost:4200/" "Mozilla/5.0 (Linux; Android 6.0; Nexus 5 Build/MRA58N) AppleWebKit/537.36 (KHTML, like Gecko) Chrome/92.0.4515.159 Mobile Safari/537.36"
::1 - - [25/Aug/2021:14:36:10 +0000] "GET /plan/2021/08 HTTP/1.1" 401 2131 "http://localhost:4200/" "Mozilla/5.0 (Linux; Android 6.0; Nexus 5 Build/MRA58N) AppleWebKit/537.36 (KHTML, like Gecko) Chrome/92.0.4515.159 Mobile Safari/537.36"
::1 - - [25/Aug/2021:14:39:08 +0000] "POST /user/login HTTP/1.1" 200 237 "http://localhost:4200/" "Mozilla/5.0 (Linux; Android 6.0; Nexus 5 Build/MRA58N) AppleWebKit/537.36 (KHTML, like Gecko) Chrome/92.0.4515.159 Mobile Safari/537.36"
::1 - - [25/Aug/2021:14:39:19 +0000] "GET /plan/2021/08 HTTP/1.1" 500 2337 "http://localhost:4200/" "Mozilla/5.0 (Linux; Android 6.0; Nexus 5 Build/MRA58N) AppleWebKit/537.36 (KHTML, like Gecko) Chrome/92.0.4515.159 Mobile Safari/537.36"
::1 - - [25/Aug/2021:14:40:03 +0000] "POST /user/login HTTP/1.1" 200 237 "http://localhost:4200/" "Mozilla/5.0 (Linux; Android 6.0; Nexus 5 Build/MRA58N) AppleWebKit/537.36 (KHTML, like Gecko) Chrome/92.0.4515.159 Mobile Safari/537.36"
::1 - - [25/Aug/2021:14:40:10 +0000] "GET /plan/2021/08 HTTP/1.1" 401 2131 "http://localhost:4200/" "Mozilla/5.0 (Linux; Android 6.0; Nexus 5 Build/MRA58N) AppleWebKit/537.36 (KHTML, like Gecko) Chrome/92.0.4515.159 Mobile Safari/537.36"
::1 - - [25/Aug/2021:14:41:14 +0000] "POST /user/login HTTP/1.1" 200 237 "http://localhost:4200/" "Mozilla/5.0 (Linux; Android 6.0; Nexus 5 Build/MRA58N) AppleWebKit/537.36 (KHTML, like Gecko) Chrome/92.0.4515.159 Mobile Safari/537.36"
::1 - - [25/Aug/2021:14:41:17 +0000] "GET /plan/2021/08 HTTP/1.1" 401 2131 "http://localhost:4200/" "Mozilla/5.0 (Linux; Android 6.0; Nexus 5 Build/MRA58N) AppleWebKit/537.36 (KHTML, like Gecko) Chrome/92.0.4515.159 Mobile Safari/537.36"
::1 - - [25/Aug/2021:14:42:08 +0000] "GET /user HTTP/1.1" 200 1337 "http://localhost:4200/" "Mozilla/5.0 (Linux; Android 6.0; Nexus 5 Build/MRA58N) AppleWebKit/537.36 (KHTML, like Gecko) Chrome/92.0.4515.159 Mobile Safari/537.36"
::1 - - [25/Aug/2021:14:42:14 +0000] "GET /plan/2021/08 HTTP/1.1" 401 2131 "http://localhost:4200/" "Mozilla/5.0 (Linux; Android 6.0; Nexus 5 Build/MRA58N) AppleWebKit/537.36 (KHTML, like Gecko) Chrome/92.0.4515.159 Mobile Safari/537.36"
::1 - - [25/Aug/2021:14:42:56 +0000] "POST /user/login HTTP/1.1" 200 237 "http://localhost:4200/" "Mozilla/5.0 (Linux; Android 6.0; Nexus 5 Build/MRA58N) AppleWebKit/537.36 (KHTML, like Gecko) Chrome/92.0.4515.159 Mobile Safari/537.36"
::1 - - [25/Aug/2021:14:43:00 +0000] "GET /plan/2021/08 HTTP/1.1" 200 2 "http://localhost:4200/" "Mozilla/5.0 (Linux; Android 6.0; Nexus 5 Build/MRA58N) AppleWebKit/537.36 (KHTML, like Gecko) Chrome/92.0.4515.159 Mobile Safari/537.36"
::1 - - [25/Aug/2021:14:43:03 +0000] "GET /plan/2021/07 HTTP/1.1" 200 2 "http://localhost:4200/" "Mozilla/5.0 (Linux; Android 6.0; Nexus 5 Build/MRA58N) AppleWebKit/537.36 (KHTML, like Gecko) Chrome/92.0.4515.159 Mobile Safari/537.36"
::1 - - [25/Aug/2021:14:43:04 +0000] "GET /plan/2021/06 HTTP/1.1" 200 2 "http://localhost:4200/" "Mozilla/5.0 (Linux; Android 6.0; Nexus 5 Build/MRA58N) AppleWebKit/537.36 (KHTML, like Gecko) Chrome/92.0.4515.159 Mobile Safari/537.36"
::1 - - [25/Aug/2021:14:43:05 +0000] "GET /plan/2021/05 HTTP/1.1" 200 292 "http://localhost:4200/" "Mozilla/5.0 (Linux; Android 6.0; Nexus 5 Build/MRA58N) AppleWebKit/537.36 (KHTML, like Gecko) Chrome/92.0.4515.159 Mobile Safari/537.36"
::1 - - [25/Aug/2021:14:43:05 +0000] "GET /plan/2021/04 HTTP/1.1" 200 2 "http://localhost:4200/" "Mozilla/5.0 (Linux; Android 6.0; Nexus 5 Build/MRA58N) AppleWebKit/537.36 (KHTML, like Gecko) Chrome/92.0.4515.159 Mobile Safari/537.36"
::1 - - [25/Aug/2021:14:43:06 +0000] "GET /plan/2021/03 HTTP/1.1" 200 2 "http://localhost:4200/" "Mozilla/5.0 (Linux; Android 6.0; Nexus 5 Build/MRA58N) AppleWebKit/537.36 (KHTML, like Gecko) Chrome/92.0.4515.159 Mobile Safari/537.36"
::1 - - [25/Aug/2021:14:43:06 +0000] "GET /plan/2021/02 HTTP/1.1" 200 2 "http://localhost:4200/" "Mozilla/5.0 (Linux; Android 6.0; Nexus 5 Build/MRA58N) AppleWebKit/537.36 (KHTML, like Gecko) Chrome/92.0.4515.159 Mobile Safari/537.36"
::1 - - [25/Aug/2021:14:43:07 +0000] "GET /plan/2021/03 HTTP/1.1" 200 2 "http://localhost:4200/" "Mozilla/5.0 (Linux; Android 6.0; Nexus 5 Build/MRA58N) AppleWebKit/537.36 (KHTML, like Gecko) Chrome/92.0.4515.159 Mobile Safari/537.36"
::1 - - [25/Aug/2021:14:43:08 +0000] "GET /plan/2021/04 HTTP/1.1" 200 2 "http://localhost:4200/" "Mozilla/5.0 (Linux; Android 6.0; Nexus 5 Build/MRA58N) AppleWebKit/537.36 (KHTML, like Gecko) Chrome/92.0.4515.159 Mobile Safari/537.36"
::1 - - [25/Aug/2021:14:43:08 +0000] "GET /plan/2021/05 HTTP/1.1" 200 292 "http://localhost:4200/" "Mozilla/5.0 (Linux; Android 6.0; Nexus 5 Build/MRA58N) AppleWebKit/537.36 (KHTML, like Gecko) Chrome/92.0.4515.159 Mobile Safari/537.36"
::1 - - [25/Aug/2021:14:43:09 +0000] "GET /plan/2021/06 HTTP/1.1" 200 2 "http://localhost:4200/" "Mozilla/5.0 (Linux; Android 6.0; Nexus 5 Build/MRA58N) AppleWebKit/537.36 (KHTML, like Gecko) Chrome/92.0.4515.159 Mobile Safari/537.36"
::1 - - [25/Aug/2021:14:43:11 +0000] "GET /plan/2021/05 HTTP/1.1" 200 292 "http://localhost:4200/" "Mozilla/5.0 (Linux; Android 6.0; Nexus 5 Build/MRA58N) AppleWebKit/537.36 (KHTML, like Gecko) Chrome/92.0.4515.159 Mobile Safari/537.36"
::1 - - [25/Aug/2021:14:43:16 +0000] "GET /plan/2021/08 HTTP/1.1" 200 2 "http://localhost:4200/" "Mozilla/5.0 (Linux; Android 6.0; Nexus 5 Build/MRA58N) AppleWebKit/537.36 (KHTML, like Gecko) Chrome/92.0.4515.159 Mobile Safari/537.36"
::1 - - [25/Aug/2021:14:44:41 +0000] "GET /user HTTP/1.1" 200 1337 "http://localhost:4200/" "Mozilla/5.0 (Linux; Android 6.0; Nexus 5 Build/MRA58N) AppleWebKit/537.36 (KHTML, like Gecko) Chrome/92.0.4515.159 Mobile Safari/537.36"
::1 - - [25/Aug/2021:14:44:44 +0000] "GET /plan/2021/08 HTTP/1.1" 200 2 "http://localhost:4200/" "Mozilla/5.0 (Linux; Android 6.0; Nexus 5 Build/MRA58N) AppleWebKit/537.36 (KHTML, like Gecko) Chrome/92.0.4515.159 Mobile Safari/537.36"
::1 - - [25/Aug/2021:14:46:44 +0000] "GET /plan/2021/08 HTTP/1.1" 200 2 "http://localhost:4200/" "Mozilla/5.0 (Linux; Android 6.0; Nexus 5 Build/MRA58N) AppleWebKit/537.36 (KHTML, like Gecko) Chrome/92.0.4515.159 Mobile Safari/537.36"
::1 - - [25/Aug/2021:14:46:50 +0000] "GET /plan/2021/08 HTTP/1.1" 401 2131 "http://localhost:4200/" "Mozilla/5.0 (Linux; Android 6.0; Nexus 5 Build/MRA58N) AppleWebKit/537.36 (KHTML, like Gecko) Chrome/92.0.4515.159 Mobile Safari/537.36"
::1 - - [25/Aug/2021:14:46:56 +0000] "POST /user/login HTTP/1.1" 200 237 "http://localhost:4200/" "Mozilla/5.0 (Linux; Android 6.0; Nexus 5 Build/MRA58N) AppleWebKit/537.36 (KHTML, like Gecko) Chrome/92.0.4515.159 Mobile Safari/537.36"
::1 - - [25/Aug/2021:14:47:05 +0000] "GET /plan/2021/08 HTTP/1.1" 200 2 "http://localhost:4200/" "Mozilla/5.0 (Linux; Android 6.0; Nexus 5 Build/MRA58N) AppleWebKit/537.36 (KHTML, like Gecko) Chrome/92.0.4515.159 Mobile Safari/537.36"
::1 - - [25/Aug/2021:14:49:22 +0000] "GET /user HTTP/1.1" 200 1337 "http://localhost:4200/" "Mozilla/5.0 (Linux; Android 6.0; Nexus 5 Build/MRA58N) AppleWebKit/537.36 (KHTML, like Gecko) Chrome/92.0.4515.159 Mobile Safari/537.36"
::1 - - [25/Aug/2021:14:49:33 +0000] "GET /plan/2021/08 HTTP/1.1" 401 2131 "http://localhost:4200/" "Mozilla/5.0 (Linux; Android 6.0; Nexus 5 Build/MRA58N) AppleWebKit/537.36 (KHTML, like Gecko) Chrome/92.0.4515.159 Mobile Safari/537.36"
::1 - - [25/Aug/2021:14:49:37 +0000] "GET /user HTTP/1.1" 200 1337 "http://localhost:4200/" "Mozilla/5.0 (Linux; Android 6.0; Nexus 5 Build/MRA58N) AppleWebKit/537.36 (KHTML, like Gecko) Chrome/92.0.4515.159 Mobile Safari/537.36"
::1 - - [25/Aug/2021:14:50:34 +0000] "GET /user HTTP/1.1" 200 1337 "http://localhost:4200/" "Mozilla/5.0 (Linux; Android 6.0; Nexus 5 Build/MRA58N) AppleWebKit/537.36 (KHTML, like Gecko) Chrome/92.0.4515.159 Mobile Safari/537.36"
::1 - - [25/Aug/2021:14:50:42 +0000] "POST /user/login HTTP/1.1" 200 237 "http://localhost:4200/" "Mozilla/5.0 (Linux; Android 6.0; Nexus 5 Build/MRA58N) AppleWebKit/537.36 (KHTML, like Gecko) Chrome/92.0.4515.159 Mobile Safari/537.36"
::1 - - [25/Aug/2021:14:50:42 +0000] "GET /user HTTP/1.1" 200 1337 "http://localhost:4200/" "Mozilla/5.0 (Linux; Android 6.0; Nexus 5 Build/MRA58N) AppleWebKit/537.36 (KHTML, like Gecko) Chrome/92.0.4515.159 Mobile Safari/537.36"
::1 - - [25/Aug/2021:14:50:50 +0000] "GET /plan/2021/08 HTTP/1.1" 200 2 "http://localhost:4200/" "Mozilla/5.0 (Linux; Android 6.0; Nexus 5 Build/MRA58N) AppleWebKit/537.36 (KHTML, like Gecko) Chrome/92.0.4515.159 Mobile Safari/537.36"
::1 - - [25/Aug/2021:14:50:53 +0000] "GET /user HTTP/1.1" 200 1337 "http://localhost:4200/" "Mozilla/5.0 (Linux; Android 6.0; Nexus 5 Build/MRA58N) AppleWebKit/537.36 (KHTML, like Gecko) Chrome/92.0.4515.159 Mobile Safari/537.36"
::1 - - [25/Aug/2021:14:51:01 +0000] "GET /plan/2021/08 HTTP/1.1" 200 2 "http://localhost:4200/" "Mozilla/5.0 (Linux; Android 6.0; Nexus 5 Build/MRA58N) AppleWebKit/537.36 (KHTML, like Gecko) Chrome/92.0.4515.159 Mobile Safari/537.36"
::1 - - [25/Aug/2021:14:51:03 +0000] "GET /plan/2021/09 HTTP/1.1" 200 2 "http://localhost:4200/" "Mozilla/5.0 (Linux; Android 6.0; Nexus 5 Build/MRA58N) AppleWebKit/537.36 (KHTML, like Gecko) Chrome/92.0.4515.159 Mobile Safari/537.36"
::1 - - [25/Aug/2021:14:51:04 +0000] "GET /plan/2021/08 HTTP/1.1" 200 2 "http://localhost:4200/" "Mozilla/5.0 (Linux; Android 6.0; Nexus 5 Build/MRA58N) AppleWebKit/537.36 (KHTML, like Gecko) Chrome/92.0.4515.159 Mobile Safari/537.36"
::1 - - [25/Aug/2021:14:51:04 +0000] "GET /plan/2021/07 HTTP/1.1" 200 2 "http://localhost:4200/" "Mozilla/5.0 (Linux; Android 6.0; Nexus 5 Build/MRA58N) AppleWebKit/537.36 (KHTML, like Gecko) Chrome/92.0.4515.159 Mobile Safari/537.36"
::1 - - [25/Aug/2021:14:51:10 +0000] "GET /plan/2021/06 HTTP/1.1" 200 2 "http://localhost:4200/" "Mozilla/5.0 (Linux; Android 6.0; Nexus 5 Build/MRA58N) AppleWebKit/537.36 (KHTML, like Gecko) Chrome/92.0.4515.159 Mobile Safari/537.36"
::1 - - [25/Aug/2021:14:51:12 +0000] "GET /plan/2021/05 HTTP/1.1" 200 292 "http://localhost:4200/" "Mozilla/5.0 (Linux; Android 6.0; Nexus 5 Build/MRA58N) AppleWebKit/537.36 (KHTML, like Gecko) Chrome/92.0.4515.159 Mobile Safari/537.36"
::1 - - [25/Aug/2021:14:51:22 +0000] "GET /plan/2021/06 HTTP/1.1" 200 2 "http://localhost:4200/" "Mozilla/5.0 (Linux; Android 6.0; Nexus 5 Build/MRA58N) AppleWebKit/537.36 (KHTML, like Gecko) Chrome/92.0.4515.159 Mobile Safari/537.36"
::1 - - [25/Aug/2021:14:51:23 +0000] "GET /plan/2021/05 HTTP/1.1" 200 292 "http://localhost:4200/" "Mozilla/5.0 (Linux; Android 6.0; Nexus 5 Build/MRA58N) AppleWebKit/537.36 (KHTML, like Gecko) Chrome/92.0.4515.159 Mobile Safari/537.36"
::1 - - [25/Aug/2021:14:54:28 +0000] "GET /plan/2021/08 HTTP/1.1" 200 2 "http://localhost:4200/" "Mozilla/5.0 (Linux; Android 6.0; Nexus 5 Build/MRA58N) AppleWebKit/537.36 (KHTML, like Gecko) Chrome/92.0.4515.159 Mobile Safari/537.36"
::1 - - [25/Aug/2021:14:58:19 +0000] "GET /plan/2021/08 HTTP/1.1" 200 2 "http://localhost:4200/" "Mozilla/5.0 (Linux; Android 6.0; Nexus 5 Build/MRA58N) AppleWebKit/537.36 (KHTML, like Gecko) Chrome/92.0.4515.159 Mobile Safari/537.36"
::1 - - [25/Aug/2021:14:58:25 +0000] "GET /plan/2021/08 HTTP/1.1" 401 2131 "http://localhost:4200/" "Mozilla/5.0 (Linux; Android 6.0; Nexus 5 Build/MRA58N) AppleWebKit/537.36 (KHTML, like Gecko) Chrome/92.0.4515.159 Mobile Safari/537.36"
::1 - - [25/Aug/2021:14:59:19 +0000] "POST /user/login HTTP/1.1" 200 237 "http://localhost:4200/" "Mozilla/5.0 (Linux; Android 6.0; Nexus 5 Build/MRA58N) AppleWebKit/537.36 (KHTML, like Gecko) Chrome/92.0.4515.159 Mobile Safari/537.36"
::1 - - [25/Aug/2021:14:59:19 +0000] "GET /user HTTP/1.1" 200 1337 "http://localhost:4200/" "Mozilla/5.0 (Linux; Android 6.0; Nexus 5 Build/MRA58N) AppleWebKit/537.36 (KHTML, like Gecko) Chrome/92.0.4515.159 Mobile Safari/537.36"
::1 - - [25/Aug/2021:14:59:46 +0000] "GET /user HTTP/1.1" 200 1337 "http://localhost:4200/" "Mozilla/5.0 (Linux; Android 6.0; Nexus 5 Build/MRA58N) AppleWebKit/537.36 (KHTML, like Gecko) Chrome/92.0.4515.159 Mobile Safari/537.36"
::1 - - [25/Aug/2021:15:56:30 +0000] "GET /user HTTP/1.1" 200 1337 "http://localhost:4200/" "Mozilla/5.0 (Linux; Android 6.0; Nexus 5 Build/MRA58N) AppleWebKit/537.36 (KHTML, like Gecko) Chrome/92.0.4515.159 Mobile Safari/537.36"
::1 - - [25/Aug/2021:18:14:11 +0000] "GET /user HTTP/1.1" 200 1337 "http://localhost:4200/" "Mozilla/5.0 (Linux; Android 6.0; Nexus 5 Build/MRA58N) AppleWebKit/537.36 (KHTML, like Gecko) Chrome/92.0.4515.159 Mobile Safari/537.36"
::1 - - [25/Aug/2021:18:19:29 +0000] "GET /plan/2021/08 HTTP/1.1" 401 2131 "http://localhost:4200/" "Mozilla/5.0 (Linux; Android 6.0; Nexus 5 Build/MRA58N) AppleWebKit/537.36 (KHTML, like Gecko) Chrome/92.0.4515.159 Mobile Safari/537.36"
::1 - - [25/Aug/2021:18:20:29 +0000] "POST /user/login HTTP/1.1" 200 237 "http://localhost:4200/" "Mozilla/5.0 (Linux; Android 6.0; Nexus 5 Build/MRA58N) AppleWebKit/537.36 (KHTML, like Gecko) Chrome/92.0.4515.159 Mobile Safari/537.36"
::1 - - [25/Aug/2021:18:20:29 +0000] "GET /user HTTP/1.1" 200 1337 "http://localhost:4200/" "Mozilla/5.0 (Linux; Android 6.0; Nexus 5 Build/MRA58N) AppleWebKit/537.36 (KHTML, like Gecko) Chrome/92.0.4515.159 Mobile Safari/537.36"
::1 - - [25/Aug/2021:18:20:42 +0000] "GET /plan/2021/08 HTTP/1.1" 200 2 "http://localhost:4200/" "Mozilla/5.0 (Linux; Android 6.0; Nexus 5 Build/MRA58N) AppleWebKit/537.36 (KHTML, like Gecko) Chrome/92.0.4515.159 Mobile Safari/537.36"
::1 - - [25/Aug/2021:18:20:56 +0000] "GET /plan/2021/08 HTTP/1.1" 200 2 "http://localhost:4200/" "Mozilla/5.0 (Linux; Android 6.0; Nexus 5 Build/MRA58N) AppleWebKit/537.36 (KHTML, like Gecko) Chrome/92.0.4515.159 Mobile Safari/537.36"
::1 - - [25/Aug/2021:18:21:02 +0000] "GET /plan/2021/08 HTTP/1.1" 200 2 "http://localhost:4200/" "Mozilla/5.0 (Linux; Android 6.0; Nexus 5 Build/MRA58N) AppleWebKit/537.36 (KHTML, like Gecko) Chrome/92.0.4515.159 Mobile Safari/537.36"
::1 - - [25/Aug/2021:18:21:06 +0000] "GET /plan/2021/08 HTTP/1.1" 200 2 "http://localhost:4200/" "Mozilla/5.0 (Linux; Android 6.0; Nexus 5 Build/MRA58N) AppleWebKit/537.36 (KHTML, like Gecko) Chrome/92.0.4515.159 Mobile Safari/537.36"
::1 - - [25/Aug/2021:18:21:10 +0000] "GET /plan/2021/08 HTTP/1.1" 200 2 "http://localhost:4200/" "Mozilla/5.0 (Linux; Android 6.0; Nexus 5 Build/MRA58N) AppleWebKit/537.36 (KHTML, like Gecko) Chrome/92.0.4515.159 Mobile Safari/537.36"
::1 - - [25/Aug/2021:18:21:14 +0000] "GET /plan/2021/08 HTTP/1.1" 200 2 "http://localhost:4200/" "Mozilla/5.0 (Linux; Android 6.0; Nexus 5 Build/MRA58N) AppleWebKit/537.36 (KHTML, like Gecko) Chrome/92.0.4515.159 Mobile Safari/537.36"
::1 - - [25/Aug/2021:18:21:18 +0000] "GET /plan/2021/08 HTTP/1.1" 200 2 "http://localhost:4200/" "Mozilla/5.0 (Linux; Android 6.0; Nexus 5 Build/MRA58N) AppleWebKit/537.36 (KHTML, like Gecko) Chrome/92.0.4515.159 Mobile Safari/537.36"
::1 - - [25/Aug/2021:18:21:23 +0000] "GET /plan/2021/08 HTTP/1.1" 200 2 "http://localhost:4200/" "Mozilla/5.0 (Linux; Android 6.0; Nexus 5 Build/MRA58N) AppleWebKit/537.36 (KHTML, like Gecko) Chrome/92.0.4515.159 Mobile Safari/537.36"
::1 - - [25/Aug/2021:18:21:31 +0000] "GET /plan/2021/08 HTTP/1.1" 401 2131 "http://localhost:4200/" "Mozilla/5.0 (Linux; Android 6.0; Nexus 5 Build/MRA58N) AppleWebKit/537.36 (KHTML, like Gecko) Chrome/92.0.4515.159 Mobile Safari/537.36"
::1 - - [25/Aug/2021:18:22:51 +0000] "POST /user/login HTTP/1.1" 200 - "http://localhost:4200/" "Mozilla/5.0 (Linux; Android 6.0; Nexus 5 Build/MRA58N) AppleWebKit/537.36 (KHTML, like Gecko) Chrome/92.0.4515.159 Mobile Safari/537.36"
::1 - - [25/Aug/2021:18:22:51 +0000] "GET /user HTTP/1.1" 200 1337 "http://localhost:4200/" "Mozilla/5.0 (Linux; Android 6.0; Nexus 5 Build/MRA58N) AppleWebKit/537.36 (KHTML, like Gecko) Chrome/92.0.4515.159 Mobile Safari/537.36"
::1 - - [25/Aug/2021:18:23:55 +0000] "GET /plan/2021/08 HTTP/1.1" 200 2 "http://localhost:4200/" "Mozilla/5.0 (Linux; Android 6.0; Nexus 5 Build/MRA58N) AppleWebKit/537.36 (KHTML, like Gecko) Chrome/92.0.4515.159 Mobile Safari/537.36"
::1 - - [25/Aug/2021:18:50:36 +0000] "POST /user/login HTTP/1.1" 200 - "http://localhost:4200/" "Mozilla/5.0 (Linux; Android 6.0; Nexus 5 Build/MRA58N) AppleWebKit/537.36 (KHTML, like Gecko) Chrome/92.0.4515.159 Mobile Safari/537.36"
::1 - - [25/Aug/2021:18:50:36 +0000] "GET /user HTTP/1.1" 200 1337 "http://localhost:4200/" "Mozilla/5.0 (Linux; Android 6.0; Nexus 5 Build/MRA58N) AppleWebKit/537.36 (KHTML, like Gecko) Chrome/92.0.4515.159 Mobile Safari/537.36"
::1 - - [25/Aug/2021:18:50:43 +0000] "GET /plan/2021/08 HTTP/1.1" 200 2 "http://localhost:4200/" "Mozilla/5.0 (Linux; Android 6.0; Nexus 5 Build/MRA58N) AppleWebKit/537.36 (KHTML, like Gecko) Chrome/92.0.4515.159 Mobile Safari/537.36"
::1 - - [25/Aug/2021:18:55:14 +0000] "GET /plan/2021/08 HTTP/1.1" 200 2 "http://localhost:4200/" "Mozilla/5.0 (Linux; Android 6.0; Nexus 5 Build/MRA58N) AppleWebKit/537.36 (KHTML, like Gecko) Chrome/92.0.4515.159 Mobile Safari/537.36"
::1 - - [25/Aug/2021:18:55:31 +0000] "GET /plan/2021/08 HTTP/1.1" 401 2131 "http://localhost:4200/" "Mozilla/5.0 (Linux; Android 6.0; Nexus 5 Build/MRA58N) AppleWebKit/537.36 (KHTML, like Gecko) Chrome/92.0.4515.159 Mobile Safari/537.36"
::1 - - [25/Aug/2021:18:55:38 +0000] "POST /user/login HTTP/1.1" 200 - "http://localhost:4200/" "Mozilla/5.0 (Linux; Android 6.0; Nexus 5 Build/MRA58N) AppleWebKit/537.36 (KHTML, like Gecko) Chrome/92.0.4515.159 Mobile Safari/537.36"
::1 - - [25/Aug/2021:18:55:38 +0000] "GET /user HTTP/1.1" 200 1337 "http://localhost:4200/" "Mozilla/5.0 (Linux; Android 6.0; Nexus 5 Build/MRA58N) AppleWebKit/537.36 (KHTML, like Gecko) Chrome/92.0.4515.159 Mobile Safari/537.36"
::1 - - [25/Aug/2021:18:56:09 +0000] "GET /plan/2021/08 HTTP/1.1" 200 2 "http://localhost:4200/" "Mozilla/5.0 (Linux; Android 6.0; Nexus 5 Build/MRA58N) AppleWebKit/537.36 (KHTML, like Gecko) Chrome/92.0.4515.159 Mobile Safari/537.36"
::1 - - [25/Aug/2021:18:58:09 +0000] "GET /plan/2021/08 HTTP/1.1" 401 2131 "http://localhost:4200/" "Mozilla/5.0 (Linux; Android 6.0; Nexus 5 Build/MRA58N) AppleWebKit/537.36 (KHTML, like Gecko) Chrome/92.0.4515.159 Mobile Safari/537.36"
::1 - - [25/Aug/2021:18:58:14 +0000] "POST /user/login HTTP/1.1" 200 - "http://localhost:4200/" "Mozilla/5.0 (Linux; Android 6.0; Nexus 5 Build/MRA58N) AppleWebKit/537.36 (KHTML, like Gecko) Chrome/92.0.4515.159 Mobile Safari/537.36"
::1 - - [25/Aug/2021:18:58:15 +0000] "GET /user HTTP/1.1" 200 1337 "http://localhost:4200/" "Mozilla/5.0 (Linux; Android 6.0; Nexus 5 Build/MRA58N) AppleWebKit/537.36 (KHTML, like Gecko) Chrome/92.0.4515.159 Mobile Safari/537.36"
::1 - - [25/Aug/2021:18:59:01 +0000] "GET /plan/2021/08 HTTP/1.1" - - "http://localhost:4200/" "Mozilla/5.0 (Linux; Android 6.0; Nexus 5 Build/MRA58N) AppleWebKit/537.36 (KHTML, like Gecko) Chrome/92.0.4515.159 Mobile Safari/537.36"
::1 - - [25/Aug/2021:19:03:05 +0000] "GET /plan/2021/08 HTTP/1.1" 500 362 "http://localhost:4200/" "Mozilla/5.0 (Linux; Android 6.0; Nexus 5 Build/MRA58N) AppleWebKit/537.36 (KHTML, like Gecko) Chrome/92.0.4515.159 Mobile Safari/537.36"
::1 - - [25/Aug/2021:19:03:07 +0000] "GET /plan/2021/08 HTTP/1.1" 500 362 "http://localhost:4200/" "Mozilla/5.0 (Linux; Android 6.0; Nexus 5 Build/MRA58N) AppleWebKit/537.36 (KHTML, like Gecko) Chrome/92.0.4515.159 Mobile Safari/537.36"
::1 - - [25/Aug/2021:19:03:07 +0000] "GET /plan/2021/08 HTTP/1.1" 500 362 "http://localhost:4200/" "Mozilla/5.0 (Linux; Android 6.0; Nexus 5 Build/MRA58N) AppleWebKit/537.36 (KHTML, like Gecko) Chrome/92.0.4515.159 Mobile Safari/537.36"
::1 - - [25/Aug/2021:19:03:07 +0000] "GET /plan/2021/08 HTTP/1.1" 500 362 "http://localhost:4200/" "Mozilla/5.0 (Linux; Android 6.0; Nexus 5 Build/MRA58N) AppleWebKit/537.36 (KHTML, like Gecko) Chrome/92.0.4515.159 Mobile Safari/537.36"
::1 - - [25/Aug/2021:19:03:08 +0000] "GET /plan/2021/08 HTTP/1.1" 500 362 "http://localhost:4200/" "Mozilla/5.0 (Linux; Android 6.0; Nexus 5 Build/MRA58N) AppleWebKit/537.36 (KHTML, like Gecko) Chrome/92.0.4515.159 Mobile Safari/537.36"
::1 - - [25/Aug/2021:19:03:08 +0000] "GET /plan/2021/08 HTTP/1.1" 500 362 "http://localhost:4200/" "Mozilla/5.0 (Linux; Android 6.0; Nexus 5 Build/MRA58N) AppleWebKit/537.36 (KHTML, like Gecko) Chrome/92.0.4515.159 Mobile Safari/537.36"
::1 - - [25/Aug/2021:19:03:10 +0000] "GET /user HTTP/1.1" 200 1337 "http://localhost:4200/" "Mozilla/5.0 (Linux; Android 6.0; Nexus 5 Build/MRA58N) AppleWebKit/537.36 (KHTML, like Gecko) Chrome/92.0.4515.159 Mobile Safari/537.36"
::1 - - [25/Aug/2021:19:03:23 +0000] "POST /user/login HTTP/1.1" 200 - "http://localhost:4200/" "Mozilla/5.0 (Linux; Android 6.0; Nexus 5 Build/MRA58N) AppleWebKit/537.36 (KHTML, like Gecko) Chrome/92.0.4515.159 Mobile Safari/537.36"
::1 - - [25/Aug/2021:19:03:23 +0000] "GET /user HTTP/1.1" 200 1337 "http://localhost:4200/" "Mozilla/5.0 (Linux; Android 6.0; Nexus 5 Build/MRA58N) AppleWebKit/537.36 (KHTML, like Gecko) Chrome/92.0.4515.159 Mobile Safari/537.36"
::1 - - [25/Aug/2021:19:03:27 +0000] "GET /plan/2021/08 HTTP/1.1" 500 362 "http://localhost:4200/" "Mozilla/5.0 (Linux; Android 6.0; Nexus 5 Build/MRA58N) AppleWebKit/537.36 (KHTML, like Gecko) Chrome/92.0.4515.159 Mobile Safari/537.36"
::1 - - [25/Aug/2021:19:04:17 +0000] "GET /plan/2021/08 HTTP/1.1" 401 - "http://localhost:4200/" "Mozilla/5.0 (Linux; Android 6.0; Nexus 5 Build/MRA58N) AppleWebKit/537.36 (KHTML, like Gecko) Chrome/92.0.4515.159 Mobile Safari/537.36"
::1 - - [25/Aug/2021:19:04:18 +0000] "GET /plan/2021/08 HTTP/1.1" 401 - "http://localhost:4200/" "Mozilla/5.0 (Linux; Android 6.0; Nexus 5 Build/MRA58N) AppleWebKit/537.36 (KHTML, like Gecko) Chrome/92.0.4515.159 Mobile Safari/537.36"
::1 - - [25/Aug/2021:19:04:25 +0000] "POST /user/login HTTP/1.1" 200 - "http://localhost:4200/" "Mozilla/5.0 (Linux; Android 6.0; Nexus 5 Build/MRA58N) AppleWebKit/537.36 (KHTML, like Gecko) Chrome/92.0.4515.159 Mobile Safari/537.36"
::1 - - [25/Aug/2021:19:04:25 +0000] "GET /user HTTP/1.1" 200 1337 "http://localhost:4200/" "Mozilla/5.0 (Linux; Android 6.0; Nexus 5 Build/MRA58N) AppleWebKit/537.36 (KHTML, like Gecko) Chrome/92.0.4515.159 Mobile Safari/537.36"
::1 - - [25/Aug/2021:19:05:28 +0000] "GET /plan/2021/08 HTTP/1.1" 401 - "http://localhost:4200/" "Mozilla/5.0 (Linux; Android 6.0; Nexus 5 Build/MRA58N) AppleWebKit/537.36 (KHTML, like Gecko) Chrome/92.0.4515.159 Mobile Safari/537.36"
::1 - - [25/Aug/2021:19:06:04 +0000] "POST /user/login HTTP/1.1" 200 - "http://localhost:4200/" "Mozilla/5.0 (Linux; Android 6.0; Nexus 5 Build/MRA58N) AppleWebKit/537.36 (KHTML, like Gecko) Chrome/92.0.4515.159 Mobile Safari/537.36"
::1 - - [25/Aug/2021:19:06:04 +0000] "GET /user HTTP/1.1" 200 1337 "http://localhost:4200/" "Mozilla/5.0 (Linux; Android 6.0; Nexus 5 Build/MRA58N) AppleWebKit/537.36 (KHTML, like Gecko) Chrome/92.0.4515.159 Mobile Safari/537.36"
::1 - - [25/Aug/2021:19:06:08 +0000] "GET /plan/2021/08 HTTP/1.1" 401 - "http://localhost:4200/" "Mozilla/5.0 (Linux; Android 6.0; Nexus 5 Build/MRA58N) AppleWebKit/537.36 (KHTML, like Gecko) Chrome/92.0.4515.159 Mobile Safari/537.36"
::1 - - [25/Aug/2021:19:06:37 +0000] "POST /user/login HTTP/1.1" 200 - "http://localhost:4200/" "Mozilla/5.0 (Linux; Android 6.0; Nexus 5 Build/MRA58N) AppleWebKit/537.36 (KHTML, like Gecko) Chrome/92.0.4515.159 Mobile Safari/537.36"
::1 - - [25/Aug/2021:19:06:37 +0000] "GET /user HTTP/1.1" 200 1337 "http://localhost:4200/" "Mozilla/5.0 (Linux; Android 6.0; Nexus 5 Build/MRA58N) AppleWebKit/537.36 (KHTML, like Gecko) Chrome/92.0.4515.159 Mobile Safari/537.36"
::1 - - [25/Aug/2021:19:06:41 +0000] "GET /plan/2021/08 HTTP/1.1" 401 - "http://localhost:4200/" "Mozilla/5.0 (Linux; Android 6.0; Nexus 5 Build/MRA58N) AppleWebKit/537.36 (KHTML, like Gecko) Chrome/92.0.4515.159 Mobile Safari/537.36"
::1 - - [25/Aug/2021:19:12:46 +0000] "POST /user/login HTTP/1.1" 200 - "http://localhost:4200/" "Mozilla/5.0 (Linux; Android 6.0; Nexus 5 Build/MRA58N) AppleWebKit/537.36 (KHTML, like Gecko) Chrome/92.0.4515.159 Mobile Safari/537.36"
::1 - - [25/Aug/2021:19:12:46 +0000] "GET /user HTTP/1.1" 200 1337 "http://localhost:4200/" "Mozilla/5.0 (Linux; Android 6.0; Nexus 5 Build/MRA58N) AppleWebKit/537.36 (KHTML, like Gecko) Chrome/92.0.4515.159 Mobile Safari/537.36"
::1 - - [25/Aug/2021:19:13:02 +0000] "GET /plan/2021/08 HTTP/1.1" 404 151 "http://localhost:4200/" "Mozilla/5.0 (Linux; Android 6.0; Nexus 5 Build/MRA58N) AppleWebKit/537.36 (KHTML, like Gecko) Chrome/92.0.4515.159 Mobile Safari/537.36"
::1 - - [25/Aug/2021:19:13:40 +0000] "POST /user/login HTTP/1.1" 200 - "http://localhost:4200/" "Mozilla/5.0 (Linux; Android 6.0; Nexus 5 Build/MRA58N) AppleWebKit/537.36 (KHTML, like Gecko) Chrome/92.0.4515.159 Mobile Safari/537.36"
::1 - - [25/Aug/2021:19:13:40 +0000] "GET /user HTTP/1.1" 200 1337 "http://localhost:4200/" "Mozilla/5.0 (Linux; Android 6.0; Nexus 5 Build/MRA58N) AppleWebKit/537.36 (KHTML, like Gecko) Chrome/92.0.4515.159 Mobile Safari/537.36"
::1 - - [25/Aug/2021:19:13:43 +0000] "GET /plan/2021/08 HTTP/1.1" 404 151 "http://localhost:4200/" "Mozilla/5.0 (Linux; Android 6.0; Nexus 5 Build/MRA58N) AppleWebKit/537.36 (KHTML, like Gecko) Chrome/92.0.4515.159 Mobile Safari/537.36"
::ffff:127.0.0.1 - - [25/Aug/2021:19:15:25 +0000] "GET /user HTTP/1.1" 200 1337 "http://localhost:4200/" "Mozilla/5.0 (Linux; Android 6.0; Nexus 5 Build/MRA58N) AppleWebKit/537.36 (KHTML, like Gecko) Chrome/92.0.4515.159 Mobile Safari/537.36"
::1 - - [25/Aug/2021:19:15:28 +0000] "POST /user/login HTTP/1.1" 200 - "http://localhost:4200/" "Mozilla/5.0 (Linux; Android 6.0; Nexus 5 Build/MRA58N) AppleWebKit/537.36 (KHTML, like Gecko) Chrome/92.0.4515.159 Mobile Safari/537.36"
::1 - - [25/Aug/2021:19:15:28 +0000] "GET /user HTTP/1.1" 200 1337 "http://localhost:4200/" "Mozilla/5.0 (Linux; Android 6.0; Nexus 5 Build/MRA58N) AppleWebKit/537.36 (KHTML, like Gecko) Chrome/92.0.4515.159 Mobile Safari/537.36"
::1 - - [25/Aug/2021:19:15:33 +0000] "GET /plan/2021/08 HTTP/1.1" 404 151 "http://localhost:4200/" "Mozilla/5.0 (Linux; Android 6.0; Nexus 5 Build/MRA58N) AppleWebKit/537.36 (KHTML, like Gecko) Chrome/92.0.4515.159 Mobile Safari/537.36"
::1 - - [25/Aug/2021:19:17:12 +0000] "POST /user/login HTTP/1.1" 200 - "http://localhost:4200/" "Mozilla/5.0 (Linux; Android 6.0; Nexus 5 Build/MRA58N) AppleWebKit/537.36 (KHTML, like Gecko) Chrome/92.0.4515.159 Mobile Safari/537.36"
::1 - - [25/Aug/2021:19:17:12 +0000] "GET /user HTTP/1.1" 200 1337 "http://localhost:4200/" "Mozilla/5.0 (Linux; Android 6.0; Nexus 5 Build/MRA58N) AppleWebKit/537.36 (KHTML, like Gecko) Chrome/92.0.4515.159 Mobile Safari/537.36"
::1 - - [25/Aug/2021:19:17:16 +0000] "GET /plan/2021/08 HTTP/1.1" 404 151 "http://localhost:4200/" "Mozilla/5.0 (Linux; Android 6.0; Nexus 5 Build/MRA58N) AppleWebKit/537.36 (KHTML, like Gecko) Chrome/92.0.4515.159 Mobile Safari/537.36"
::1 - - [25/Aug/2021:19:21:06 +0000] "GET /plan/2021/08 HTTP/1.1" 401 2131 "http://localhost:4200/" "Mozilla/5.0 (Linux; Android 6.0; Nexus 5 Build/MRA58N) AppleWebKit/537.36 (KHTML, like Gecko) Chrome/92.0.4515.159 Mobile Safari/537.36"
::1 - - [25/Aug/2021:19:21:06 +0000] "GET /plan/2021/08 HTTP/1.1" 401 2131 "http://localhost:4200/" "Mozilla/5.0 (Linux; Android 6.0; Nexus 5 Build/MRA58N) AppleWebKit/537.36 (KHTML, like Gecko) Chrome/92.0.4515.159 Mobile Safari/537.36"
::1 - - [25/Aug/2021:19:21:11 +0000] "POST /user/login HTTP/1.1" 200 - "http://localhost:4200/" "Mozilla/5.0 (Linux; Android 6.0; Nexus 5 Build/MRA58N) AppleWebKit/537.36 (KHTML, like Gecko) Chrome/92.0.4515.159 Mobile Safari/537.36"
::1 - - [25/Aug/2021:19:21:11 +0000] "GET /user HTTP/1.1" 200 1337 "http://localhost:4200/" "Mozilla/5.0 (Linux; Android 6.0; Nexus 5 Build/MRA58N) AppleWebKit/537.36 (KHTML, like Gecko) Chrome/92.0.4515.159 Mobile Safari/537.36"
::1 - - [25/Aug/2021:19:21:15 +0000] "GET /plan/2021/08 HTTP/1.1" 404 151 "http://localhost:4200/" "Mozilla/5.0 (Linux; Android 6.0; Nexus 5 Build/MRA58N) AppleWebKit/537.36 (KHTML, like Gecko) Chrome/92.0.4515.159 Mobile Safari/537.36"
::1 - - [25/Aug/2021:19:31:43 +0000] "POST /user/login HTTP/1.1" 200 - "http://localhost:4200/" "Mozilla/5.0 (Linux; Android 6.0; Nexus 5 Build/MRA58N) AppleWebKit/537.36 (KHTML, like Gecko) Chrome/92.0.4515.159 Mobile Safari/537.36"
::1 - - [25/Aug/2021:19:31:43 +0000] "GET /user HTTP/1.1" 200 1337 "http://localhost:4200/" "Mozilla/5.0 (Linux; Android 6.0; Nexus 5 Build/MRA58N) AppleWebKit/537.36 (KHTML, like Gecko) Chrome/92.0.4515.159 Mobile Safari/537.36"
::1 - - [25/Aug/2021:19:31:48 +0000] "GET /plan/2021/08 HTTP/1.1" 200 2 "http://localhost:4200/" "Mozilla/5.0 (Linux; Android 6.0; Nexus 5 Build/MRA58N) AppleWebKit/537.36 (KHTML, like Gecko) Chrome/92.0.4515.159 Mobile Safari/537.36"
::1 - - [25/Aug/2021:19:33:07 +0000] "GET /plan/2021/08 HTTP/1.1" 401 - "http://localhost:4200/" "Mozilla/5.0 (Linux; Android 6.0; Nexus 5 Build/MRA58N) AppleWebKit/537.36 (KHTML, like Gecko) Chrome/92.0.4515.159 Mobile Safari/537.36"
::1 - - [25/Aug/2021:19:33:11 +0000] "POST /user/login HTTP/1.1" 200 - "http://localhost:4200/" "Mozilla/5.0 (Linux; Android 6.0; Nexus 5 Build/MRA58N) AppleWebKit/537.36 (KHTML, like Gecko) Chrome/92.0.4515.159 Mobile Safari/537.36"
::1 - - [25/Aug/2021:19:33:11 +0000] "GET /user HTTP/1.1" 200 1337 "http://localhost:4200/" "Mozilla/5.0 (Linux; Android 6.0; Nexus 5 Build/MRA58N) AppleWebKit/537.36 (KHTML, like Gecko) Chrome/92.0.4515.159 Mobile Safari/537.36"
::1 - - [25/Aug/2021:19:33:15 +0000] "GET /plan/2021/08 HTTP/1.1" 200 2 "http://localhost:4200/" "Mozilla/5.0 (Linux; Android 6.0; Nexus 5 Build/MRA58N) AppleWebKit/537.36 (KHTML, like Gecko) Chrome/92.0.4515.159 Mobile Safari/537.36"
::1 - - [25/Aug/2021:19:38:07 +0000] "GET /plan/2021/07 HTTP/1.1" 200 2 "http://localhost:4200/" "Mozilla/5.0 (Linux; Android 6.0; Nexus 5 Build/MRA58N) AppleWebKit/537.36 (KHTML, like Gecko) Chrome/92.0.4515.159 Mobile Safari/537.36"
::1 - - [25/Aug/2021:19:38:08 +0000] "GET /plan/2021/06 HTTP/1.1" 200 2 "http://localhost:4200/" "Mozilla/5.0 (Linux; Android 6.0; Nexus 5 Build/MRA58N) AppleWebKit/537.36 (KHTML, like Gecko) Chrome/92.0.4515.159 Mobile Safari/537.36"
::1 - - [25/Aug/2021:19:38:08 +0000] "GET /plan/2021/05 HTTP/1.1" 200 292 "http://localhost:4200/" "Mozilla/5.0 (Linux; Android 6.0; Nexus 5 Build/MRA58N) AppleWebKit/537.36 (KHTML, like Gecko) Chrome/92.0.4515.159 Mobile Safari/537.36"
::1 - - [25/Aug/2021:19:38:09 +0000] "GET /plan/2021/04 HTTP/1.1" 200 2 "http://localhost:4200/" "Mozilla/5.0 (Linux; Android 6.0; Nexus 5 Build/MRA58N) AppleWebKit/537.36 (KHTML, like Gecko) Chrome/92.0.4515.159 Mobile Safari/537.36"
::1 - - [25/Aug/2021:19:38:25 +0000] "GET /plan/2021/08 HTTP/1.1" 401 - "http://localhost:4200/" "Mozilla/5.0 (Linux; Android 6.0; Nexus 5 Build/MRA58N) AppleWebKit/537.36 (KHTML, like Gecko) Chrome/92.0.4515.159 Mobile Safari/537.36"
::1 - - [25/Aug/2021:19:38:30 +0000] "POST /user/login HTTP/1.1" 200 - "http://localhost:4200/" "Mozilla/5.0 (Linux; Android 6.0; Nexus 5 Build/MRA58N) AppleWebKit/537.36 (KHTML, like Gecko) Chrome/92.0.4515.159 Mobile Safari/537.36"
::1 - - [25/Aug/2021:19:38:30 +0000] "GET /user HTTP/1.1" 200 1337 "http://localhost:4200/" "Mozilla/5.0 (Linux; Android 6.0; Nexus 5 Build/MRA58N) AppleWebKit/537.36 (KHTML, like Gecko) Chrome/92.0.4515.159 Mobile Safari/537.36"
::1 - - [25/Aug/2021:19:38:34 +0000] "GET /plan/2021/08 HTTP/1.1" 200 2 "http://localhost:4200/" "Mozilla/5.0 (Linux; Android 6.0; Nexus 5 Build/MRA58N) AppleWebKit/537.36 (KHTML, like Gecko) Chrome/92.0.4515.159 Mobile Safari/537.36"
::1 - - [25/Aug/2021:19:38:39 +0000] "GET /plan/2021/08 HTTP/1.1" 200 2 "http://localhost:4200/" "Mozilla/5.0 (Linux; Android 6.0; Nexus 5 Build/MRA58N) AppleWebKit/537.36 (KHTML, like Gecko) Chrome/92.0.4515.159 Mobile Safari/537.36"
::1 - - [25/Aug/2021:19:42:37 +0000] "GET /plan/2021/08 HTTP/1.1" 200 2 "http://localhost:4200/" "Mozilla/5.0 (Linux; Android 6.0; Nexus 5 Build/MRA58N) AppleWebKit/537.36 (KHTML, like Gecko) Chrome/92.0.4515.159 Mobile Safari/537.36"
::1 - - [25/Aug/2021:19:42:55 +0000] "GET /plan/2021/08 HTTP/1.1" 200 2 "http://localhost:4200/" "Mozilla/5.0 (Linux; Android 6.0; Nexus 5 Build/MRA58N) AppleWebKit/537.36 (KHTML, like Gecko) Chrome/92.0.4515.159 Mobile Safari/537.36"
::1 - - [25/Aug/2021:19:48:09 +0000] "GET /plan/2021/08 HTTP/1.1" 200 2 "http://localhost:4200/" "Mozilla/5.0 (Linux; Android 6.0; Nexus 5 Build/MRA58N) AppleWebKit/537.36 (KHTML, like Gecko) Chrome/92.0.4515.159 Mobile Safari/537.36"
::1 - - [25/Aug/2021:19:49:17 +0000] "GET /plan/2021/08 HTTP/1.1" 200 2 "http://localhost:4200/" "Mozilla/5.0 (Windows NT 10.0; Win64; x64) AppleWebKit/537.36 (KHTML, like Gecko) Chrome/92.0.4515.159 Safari/537.36"
::1 - - [25/Aug/2021:19:49:55 +0000] "GET /plan/2021/08 HTTP/1.1" 200 2 "http://localhost:4200/" "Mozilla/5.0 (Windows NT 10.0; Win64; x64) AppleWebKit/537.36 (KHTML, like Gecko) Chrome/92.0.4515.159 Safari/537.36"
::1 - - [25/Aug/2021:19:51:44 +0000] "GET /plan/2021/08 HTTP/1.1" 401 - "http://localhost:4200/" "Mozilla/5.0 (Linux; Android 6.0; Nexus 5 Build/MRA58N) AppleWebKit/537.36 (KHTML, like Gecko) Chrome/92.0.4515.159 Mobile Safari/537.36"
::1 - - [25/Aug/2021:19:51:49 +0000] "POST /user/login HTTP/1.1" 200 - "http://localhost:4200/" "Mozilla/5.0 (Linux; Android 6.0; Nexus 5 Build/MRA58N) AppleWebKit/537.36 (KHTML, like Gecko) Chrome/92.0.4515.159 Mobile Safari/537.36"
::1 - - [25/Aug/2021:19:51:49 +0000] "GET /user HTTP/1.1" 200 1337 "http://localhost:4200/" "Mozilla/5.0 (Linux; Android 6.0; Nexus 5 Build/MRA58N) AppleWebKit/537.36 (KHTML, like Gecko) Chrome/92.0.4515.159 Mobile Safari/537.36"
::1 - - [25/Aug/2021:19:51:53 +0000] "GET /plan/2021/08 HTTP/1.1" 200 2 "http://localhost:4200/" "Mozilla/5.0 (Linux; Android 6.0; Nexus 5 Build/MRA58N) AppleWebKit/537.36 (KHTML, like Gecko) Chrome/92.0.4515.159 Mobile Safari/537.36"
::1 - - [25/Aug/2021:19:52:13 +0000] "GET /plan/2021/08 HTTP/1.1" 200 2 "http://localhost:4200/" "Mozilla/5.0 (Linux; Android 6.0; Nexus 5 Build/MRA58N) AppleWebKit/537.36 (KHTML, like Gecko) Chrome/92.0.4515.159 Mobile Safari/537.36"
::1 - - [25/Aug/2021:19:52:22 +0000] "GET /plan/2021/08 HTTP/1.1" 200 2 "http://localhost:4200/" "Mozilla/5.0 (Linux; Android 6.0; Nexus 5 Build/MRA58N) AppleWebKit/537.36 (KHTML, like Gecko) Chrome/92.0.4515.159 Mobile Safari/537.36"
::1 - - [25/Aug/2021:19:52:26 +0000] "GET /plan/2021/08 HTTP/1.1" 200 2 "http://localhost:4200/" "Mozilla/5.0 (Linux; Android 6.0; Nexus 5 Build/MRA58N) AppleWebKit/537.36 (KHTML, like Gecko) Chrome/92.0.4515.159 Mobile Safari/537.36"
::1 - - [25/Aug/2021:19:53:53 +0000] "GET /plan/2021/08 HTTP/1.1" 200 2 "http://localhost:4200/" "Mozilla/5.0 (Linux; Android 6.0; Nexus 5 Build/MRA58N) AppleWebKit/537.36 (KHTML, like Gecko) Chrome/92.0.4515.159 Mobile Safari/537.36"
::1 - - [25/Aug/2021:19:56:03 +0000] "GET /plan/2021/08 HTTP/1.1" 200 2 "http://localhost:4200/" "Mozilla/5.0 (Linux; Android 6.0; Nexus 5 Build/MRA58N) AppleWebKit/537.36 (KHTML, like Gecko) Chrome/92.0.4515.159 Mobile Safari/537.36"
::1 - - [25/Aug/2021:19:56:07 +0000] "GET /plan/2021/08 HTTP/1.1" 401 - "http://localhost:4200/" "Mozilla/5.0 (Linux; Android 6.0; Nexus 5 Build/MRA58N) AppleWebKit/537.36 (KHTML, like Gecko) Chrome/92.0.4515.159 Mobile Safari/537.36"
::1 - - [25/Aug/2021:19:56:10 +0000] "POST /user/login HTTP/1.1" 200 - "http://localhost:4200/" "Mozilla/5.0 (Linux; Android 6.0; Nexus 5 Build/MRA58N) AppleWebKit/537.36 (KHTML, like Gecko) Chrome/92.0.4515.159 Mobile Safari/537.36"
::1 - - [25/Aug/2021:19:56:10 +0000] "GET /user HTTP/1.1" 200 1337 "http://localhost:4200/" "Mozilla/5.0 (Linux; Android 6.0; Nexus 5 Build/MRA58N) AppleWebKit/537.36 (KHTML, like Gecko) Chrome/92.0.4515.159 Mobile Safari/537.36"
::1 - - [25/Aug/2021:19:56:14 +0000] "GET /plan/2021/08 HTTP/1.1" 200 2 "http://localhost:4200/" "Mozilla/5.0 (Linux; Android 6.0; Nexus 5 Build/MRA58N) AppleWebKit/537.36 (KHTML, like Gecko) Chrome/92.0.4515.159 Mobile Safari/537.36"
::1 - - [25/Aug/2021:19:56:32 +0000] "GET /plan/2021/08 HTTP/1.1" 200 2 "http://localhost:4200/" "Mozilla/5.0 (Linux; Android 6.0; Nexus 5 Build/MRA58N) AppleWebKit/537.36 (KHTML, like Gecko) Chrome/92.0.4515.159 Mobile Safari/537.36"
::1 - - [25/Aug/2021:19:57:08 +0000] "GET /plan/2021/08 HTTP/1.1" 200 2 "http://localhost:4200/" "Mozilla/5.0 (Linux; Android 6.0; Nexus 5 Build/MRA58N) AppleWebKit/537.36 (KHTML, like Gecko) Chrome/92.0.4515.159 Mobile Safari/537.36"
::1 - - [25/Aug/2021:19:57:13 +0000] "GET /plan/2021/08 HTTP/1.1" 401 - "http://localhost:4200/" "Mozilla/5.0 (Linux; Android 6.0; Nexus 5 Build/MRA58N) AppleWebKit/537.36 (KHTML, like Gecko) Chrome/92.0.4515.159 Mobile Safari/537.36"
::1 - - [25/Aug/2021:19:59:30 +0000] "POST /user/login HTTP/1.1" 200 - "http://localhost:4200/" "Mozilla/5.0 (Linux; Android 6.0; Nexus 5 Build/MRA58N) AppleWebKit/537.36 (KHTML, like Gecko) Chrome/92.0.4515.159 Mobile Safari/537.36"
::1 - - [25/Aug/2021:19:59:30 +0000] "GET /user HTTP/1.1" 200 1337 "http://localhost:4200/" "Mozilla/5.0 (Linux; Android 6.0; Nexus 5 Build/MRA58N) AppleWebKit/537.36 (KHTML, like Gecko) Chrome/92.0.4515.159 Mobile Safari/537.36"
::1 - - [25/Aug/2021:19:59:37 +0000] "GET /plan/2021/08 HTTP/1.1" 200 2 "http://localhost:4200/" "Mozilla/5.0 (Linux; Android 6.0; Nexus 5 Build/MRA58N) AppleWebKit/537.36 (KHTML, like Gecko) Chrome/92.0.4515.159 Mobile Safari/537.36"
::1 - - [25/Aug/2021:19:59:56 +0000] "GET /plan/2021/08 HTTP/1.1" 200 2 "http://localhost:4200/" "Mozilla/5.0 (Linux; Android 6.0; Nexus 5 Build/MRA58N) AppleWebKit/537.36 (KHTML, like Gecko) Chrome/92.0.4515.159 Mobile Safari/537.36"
::1 - - [25/Aug/2021:20:00:21 +0000] "GET /plan/2021/08 HTTP/1.1" 200 2 "http://localhost:4200/" "Mozilla/5.0 (Linux; Android 6.0; Nexus 5 Build/MRA58N) AppleWebKit/537.36 (KHTML, like Gecko) Chrome/92.0.4515.159 Mobile Safari/537.36"
::1 - - [25/Aug/2021:20:00:38 +0000] "GET /plan/2021/08 HTTP/1.1" 401 - "http://localhost:4200/" "Mozilla/5.0 (Linux; Android 6.0; Nexus 5 Build/MRA58N) AppleWebKit/537.36 (KHTML, like Gecko) Chrome/92.0.4515.159 Mobile Safari/537.36"
::1 - - [25/Aug/2021:20:12:07 +0000] "POST /user/login HTTP/1.1" 200 - "http://localhost:4200/" "Mozilla/5.0 (Linux; Android 6.0; Nexus 5 Build/MRA58N) AppleWebKit/537.36 (KHTML, like Gecko) Chrome/92.0.4515.159 Mobile Safari/537.36"
::1 - - [25/Aug/2021:20:12:07 +0000] "GET /user HTTP/1.1" 200 1337 "http://localhost:4200/" "Mozilla/5.0 (Linux; Android 6.0; Nexus 5 Build/MRA58N) AppleWebKit/537.36 (KHTML, like Gecko) Chrome/92.0.4515.159 Mobile Safari/537.36"
::1 - - [25/Aug/2021:20:12:10 +0000] "GET /plan/2021/08 HTTP/1.1" 200 2 "http://localhost:4200/" "Mozilla/5.0 (Linux; Android 6.0; Nexus 5 Build/MRA58N) AppleWebKit/537.36 (KHTML, like Gecko) Chrome/92.0.4515.159 Mobile Safari/537.36"
::1 - - [25/Aug/2021:20:13:19 +0000] "GET /plan/2021/08 HTTP/1.1" 401 - "http://localhost:4200/" "Mozilla/5.0 (Linux; Android 6.0; Nexus 5 Build/MRA58N) AppleWebKit/537.36 (KHTML, like Gecko) Chrome/92.0.4515.159 Mobile Safari/537.36"
::1 - - [25/Aug/2021:20:14:02 +0000] "POST /user/login HTTP/1.1" 200 - "http://localhost:4200/" "Mozilla/5.0 (Linux; Android 6.0; Nexus 5 Build/MRA58N) AppleWebKit/537.36 (KHTML, like Gecko) Chrome/92.0.4515.159 Mobile Safari/537.36"
::1 - - [25/Aug/2021:20:14:02 +0000] "GET /user HTTP/1.1" 200 1337 "http://localhost:4200/" "Mozilla/5.0 (Linux; Android 6.0; Nexus 5 Build/MRA58N) AppleWebKit/537.36 (KHTML, like Gecko) Chrome/92.0.4515.159 Mobile Safari/537.36"
::1 - - [25/Aug/2021:20:14:05 +0000] "GET /plan/2021/08 HTTP/1.1" 200 2 "http://localhost:4200/" "Mozilla/5.0 (Linux; Android 6.0; Nexus 5 Build/MRA58N) AppleWebKit/537.36 (KHTML, like Gecko) Chrome/92.0.4515.159 Mobile Safari/537.36"
::1 - - [25/Aug/2021:20:20:09 +0000] "GET /plan/2021/08 HTTP/1.1" 401 - "http://localhost:4200/" "Mozilla/5.0 (Linux; Android 6.0; Nexus 5 Build/MRA58N) AppleWebKit/537.36 (KHTML, like Gecko) Chrome/92.0.4515.159 Mobile Safari/537.36"
::1 - - [25/Aug/2021:20:20:14 +0000] "POST /user/login HTTP/1.1" 200 - "http://localhost:4200/" "Mozilla/5.0 (Linux; Android 6.0; Nexus 5 Build/MRA58N) AppleWebKit/537.36 (KHTML, like Gecko) Chrome/92.0.4515.159 Mobile Safari/537.36"
::1 - - [25/Aug/2021:20:20:14 +0000] "GET /user HTTP/1.1" 200 1337 "http://localhost:4200/" "Mozilla/5.0 (Linux; Android 6.0; Nexus 5 Build/MRA58N) AppleWebKit/537.36 (KHTML, like Gecko) Chrome/92.0.4515.159 Mobile Safari/537.36"
::1 - - [25/Aug/2021:20:20:20 +0000] "GET /plan/2021/08 HTTP/1.1" 200 2 "http://localhost:4200/" "Mozilla/5.0 (Linux; Android 6.0; Nexus 5 Build/MRA58N) AppleWebKit/537.36 (KHTML, like Gecko) Chrome/92.0.4515.159 Mobile Safari/537.36"
::1 - - [25/Aug/2021:20:21:00 +0000] "GET /plan/2021/08 HTTP/1.1" 200 2 "http://localhost:4200/" "Mozilla/5.0 (Linux; Android 6.0; Nexus 5 Build/MRA58N) AppleWebKit/537.36 (KHTML, like Gecko) Chrome/92.0.4515.159 Mobile Safari/537.36"
::1 - - [25/Aug/2021:20:21:16 +0000] "GET /plan/2021/08 HTTP/1.1" 401 - "http://localhost:4200/" "Mozilla/5.0 (Linux; Android 6.0; Nexus 5 Build/MRA58N) AppleWebKit/537.36 (KHTML, like Gecko) Chrome/92.0.4515.159 Mobile Safari/537.36"
