::1 - - [23/Aug/2021:20:18:36 +0000] "GET /plan/2021/08 HTTP/1.1" 401 2131 "http://localhost:4200/" "Mozilla/5.0 (Windows NT 10.0; Win64; x64) AppleWebKit/537.36 (KHTML, like Gecko) Chrome/92.0.4515.159 Safari/537.36"
::1 - - [23/Aug/2021:20:26:14 +0000] "POST /user/login HTTP/1.1" 200 0 "http://localhost:4200/" "Mozilla/5.0 (Windows NT 10.0; Win64; x64) AppleWebKit/537.36 (KHTML, like Gecko) Chrome/92.0.4515.159 Safari/537.36"
::1 - - [23/Aug/2021:20:26:14 +0000] "GET /plan/2021/08 HTTP/1.1" 401 2131 "http://localhost:4200/" "Mozilla/5.0 (Windows NT 10.0; Win64; x64) AppleWebKit/537.36 (KHTML, like Gecko) Chrome/92.0.4515.159 Safari/537.36"
::1 - - [23/Aug/2021:20:27:15 +0000] "POST /user/login HTTP/1.1" 200 0 "http://localhost:4200/" "Mozilla/5.0 (Windows NT 10.0; Win64; x64) AppleWebKit/537.36 (KHTML, like Gecko) Chrome/92.0.4515.159 Safari/537.36"
::1 - - [23/Aug/2021:20:27:41 +0000] "POST /user/login HTTP/1.1" 200 0 "http://localhost:4200/" "Mozilla/5.0 (Windows NT 10.0; Win64; x64) AppleWebKit/537.36 (KHTML, like Gecko) Chrome/92.0.4515.159 Safari/537.36"
::1 - - [23/Aug/2021:20:28:34 +0000] "POST /user/login HTTP/1.1" 200 0 "http://localhost:4200/" "Mozilla/5.0 (Windows NT 10.0; Win64; x64) AppleWebKit/537.36 (KHTML, like Gecko) Chrome/92.0.4515.159 Safari/537.36"
::1 - - [23/Aug/2021:20:28:53 +0000] "POST /user/login HTTP/1.1" 200 0 "http://localhost:4200/" "Mozilla/5.0 (Windows NT 10.0; Win64; x64) AppleWebKit/537.36 (KHTML, like Gecko) Chrome/92.0.4515.159 Safari/537.36"
::1 - - [23/Aug/2021:20:28:55 +0000] "POST /user/login HTTP/1.1" 200 0 "http://localhost:4200/" "Mozilla/5.0 (Windows NT 10.0; Win64; x64) AppleWebKit/537.36 (KHTML, like Gecko) Chrome/92.0.4515.159 Safari/537.36"
::1 - - [23/Aug/2021:20:29:11 +0000] "POST /user/login HTTP/1.1" 200 0 "http://localhost:4200/" "Mozilla/5.0 (Windows NT 10.0; Win64; x64) AppleWebKit/537.36 (KHTML, like Gecko) Chrome/92.0.4515.159 Safari/537.36"
::1 - - [23/Aug/2021:20:30:03 +0000] "POST /user/login HTTP/1.1" 200 0 "http://localhost:4200/" "Mozilla/5.0 (Windows NT 10.0; Win64; x64) AppleWebKit/537.36 (KHTML, like Gecko) Chrome/92.0.4515.159 Safari/537.36"
::1 - - [23/Aug/2021:20:30:05 +0000] "POST /user/login HTTP/1.1" 200 0 "http://localhost:4200/" "Mozilla/5.0 (Windows NT 10.0; Win64; x64) AppleWebKit/537.36 (KHTML, like Gecko) Chrome/92.0.4515.159 Safari/537.36"
::1 - - [23/Aug/2021:20:32:24 +0000] "POST /user/login HTTP/1.1" 404 150 "http://localhost:4200/" "Mozilla/5.0 (Windows NT 10.0; Win64; x64) AppleWebKit/537.36 (KHTML, like Gecko) Chrome/92.0.4515.159 Safari/537.36"
::1 - - [23/Aug/2021:20:32:48 +0000] "POST /user/login HTTP/1.1" 404 150 "http://localhost:4200/" "Mozilla/5.0 (Windows NT 10.0; Win64; x64) AppleWebKit/537.36 (KHTML, like Gecko) Chrome/92.0.4515.159 Safari/537.36"
::1 - - [23/Aug/2021:20:33:19 +0000] "POST /user/login HTTP/1.1" 404 150 "http://localhost:4200/" "Mozilla/5.0 (Windows NT 10.0; Win64; x64) AppleWebKit/537.36 (KHTML, like Gecko) Chrome/92.0.4515.159 Safari/537.36"
::1 - - [23/Aug/2021:20:34:21 +0000] "POST /user/login HTTP/1.1" 404 150 "http://localhost:4200/" "Mozilla/5.0 (Windows NT 10.0; Win64; x64) AppleWebKit/537.36 (KHTML, like Gecko) Chrome/92.0.4515.159 Safari/537.36"
::1 - - [23/Aug/2021:20:36:37 +0000] "POST /user/login HTTP/1.1" 404 150 "http://localhost:4200/" "Mozilla/5.0 (Windows NT 10.0; Win64; x64) AppleWebKit/537.36 (KHTML, like Gecko) Chrome/92.0.4515.159 Safari/537.36"
::1 - - [23/Aug/2021:20:47:47 +0000] "POST /user/login HTTP/1.1" 200 0 "http://localhost:4200/" "Mozilla/5.0 (Windows NT 10.0; Win64; x64) AppleWebKit/537.36 (KHTML, like Gecko) Chrome/92.0.4515.159 Safari/537.36"
::1 - - [23/Aug/2021:20:50:58 +0000] "POST /user/login HTTP/1.1" 200 0 "http://localhost:4200/" "Mozilla/5.0 (Windows NT 10.0; Win64; x64) AppleWebKit/537.36 (KHTML, like Gecko) Chrome/92.0.4515.159 Safari/537.36"
::1 - - [23/Aug/2021:20:52:40 +0000] "POST /user/login HTTP/1.1" 200 0 "http://localhost:4200/" "Mozilla/5.0 (Windows NT 10.0; Win64; x64) AppleWebKit/537.36 (KHTML, like Gecko) Chrome/92.0.4515.159 Safari/537.36"
::1 - - [23/Aug/2021:20:59:22 +0000] "POST /user/login HTTP/1.1" 200 0 "http://localhost:4200/" "Mozilla/5.0 (Windows NT 10.0; Win64; x64) AppleWebKit/537.36 (KHTML, like Gecko) Chrome/92.0.4515.159 Safari/537.36"
::1 - - [23/Aug/2021:20:59:57 +0000] "POST /user/login HTTP/1.1" 200 0 "http://localhost:4200/" "Mozilla/5.0 (Windows NT 10.0; Win64; x64) AppleWebKit/537.36 (KHTML, like Gecko) Chrome/92.0.4515.159 Safari/537.36"
::1 - - [23/Aug/2021:21:00:41 +0000] "POST /user/login HTTP/1.1" 200 0 "http://localhost:4200/" "Mozilla/5.0 (Windows NT 10.0; Win64; x64) AppleWebKit/537.36 (KHTML, like Gecko) Chrome/92.0.4515.159 Safari/537.36"
::1 - - [23/Aug/2021:21:01:38 +0000] "POST /user/login HTTP/1.1" 200 0 "http://localhost:4200/" "Mozilla/5.0 (Windows NT 10.0; Win64; x64) AppleWebKit/537.36 (KHTML, like Gecko) Chrome/92.0.4515.159 Safari/537.36"
::1 - - [23/Aug/2021:21:21:14 +0000] "GET /user/login HTTP/1.1" 200 0 "-" "Mozilla/5.0 (Windows NT 10.0; Win64; x64) AppleWebKit/537.36 (KHTML, like Gecko) Chrome/92.0.4515.159 Safari/537.36"
::1 - - [23/Aug/2021:21:21:15 +0000] "GET /favicon.ico HTTP/1.1" 404 150 "http://localhost:3000/user/login" "Mozilla/5.0 (Windows NT 10.0; Win64; x64) AppleWebKit/537.36 (KHTML, like Gecko) Chrome/92.0.4515.159 Safari/537.36"
::1 - - [23/Aug/2021:21:21:24 +0000] "POST /user/login HTTP/1.1" 200 7 "http://localhost:4200/" "Mozilla/5.0 (Windows NT 10.0; Win64; x64) AppleWebKit/537.36 (KHTML, like Gecko) Chrome/92.0.4515.159 Safari/537.36"
::1 - - [23/Aug/2021:21:21:53 +0000] "GET /user/login HTTP/1.1" 200 0 "-" "Mozilla/5.0 (Windows NT 10.0; Win64; x64) AppleWebKit/537.36 (KHTML, like Gecko) Chrome/92.0.4515.159 Safari/537.36"
::1 - - [23/Aug/2021:21:22:56 +0000] "GET /user/login HTTP/1.1" 200 0 "-" "Mozilla/5.0 (Linux; Android 6.0; Nexus 5 Build/MRA58N) AppleWebKit/537.36 (KHTML, like Gecko) Chrome/92.0.4515.159 Mobile Safari/537.36"
::1 - - [23/Aug/2021:21:22:58 +0000] "GET /user/login HTTP/1.1" 200 0 "-" "Mozilla/5.0 (Linux; Android 6.0; Nexus 5 Build/MRA58N) AppleWebKit/537.36 (KHTML, like Gecko) Chrome/92.0.4515.159 Mobile Safari/537.36"
::1 - - [23/Aug/2021:21:23:30 +0000] "GET /user/login HTTP/1.1" 200 0 "-" "Mozilla/5.0 (Linux; Android 6.0; Nexus 5 Build/MRA58N) AppleWebKit/537.36 (KHTML, like Gecko) Chrome/92.0.4515.159 Mobile Safari/537.36"
::1 - - [23/Aug/2021:21:24:08 +0000] "GET /user/login HTTP/1.1" 200 0 "-" "Mozilla/5.0 (Linux; Android 6.0; Nexus 5 Build/MRA58N) AppleWebKit/537.36 (KHTML, like Gecko) Chrome/92.0.4515.159 Mobile Safari/537.36"
::1 - - [23/Aug/2021:21:24:35 +0000] "GET /user/login HTTP/1.1" 200 0 "-" "Mozilla/5.0 (Linux; Android 6.0; Nexus 5 Build/MRA58N) AppleWebKit/537.36 (KHTML, like Gecko) Chrome/92.0.4515.159 Mobile Safari/537.36"
::1 - - [23/Aug/2021:21:24:36 +0000] "GET /user/login HTTP/1.1" 200 0 "-" "Mozilla/5.0 (Linux; Android 6.0; Nexus 5 Build/MRA58N) AppleWebKit/537.36 (KHTML, like Gecko) Chrome/92.0.4515.159 Mobile Safari/537.36"
::1 - - [23/Aug/2021:21:24:38 +0000] "GET /user/login HTTP/1.1" 200 0 "-" "Mozilla/5.0 (Linux; Android 6.0; Nexus 5 Build/MRA58N) AppleWebKit/537.36 (KHTML, like Gecko) Chrome/92.0.4515.159 Mobile Safari/537.36"
::1 - - [23/Aug/2021:21:24:38 +0000] "GET /user/login HTTP/1.1" 200 0 "-" "Mozilla/5.0 (Linux; Android 6.0; Nexus 5 Build/MRA58N) AppleWebKit/537.36 (KHTML, like Gecko) Chrome/92.0.4515.159 Mobile Safari/537.36"
::1 - - [23/Aug/2021:21:24:39 +0000] "GET /user/login HTTP/1.1" 200 0 "-" "Mozilla/5.0 (Linux; Android 6.0; Nexus 5 Build/MRA58N) AppleWebKit/537.36 (KHTML, like Gecko) Chrome/92.0.4515.159 Mobile Safari/537.36"
::1 - - [23/Aug/2021:21:24:39 +0000] "GET /user/login HTTP/1.1" 200 0 "-" "Mozilla/5.0 (Linux; Android 6.0; Nexus 5 Build/MRA58N) AppleWebKit/537.36 (KHTML, like Gecko) Chrome/92.0.4515.159 Mobile Safari/537.36"
::1 - - [23/Aug/2021:21:25:31 +0000] "GET /user/login HTTP/1.1" 200 0 "-" "Mozilla/5.0 (Linux; Android 6.0; Nexus 5 Build/MRA58N) AppleWebKit/537.36 (KHTML, like Gecko) Chrome/92.0.4515.159 Mobile Safari/537.36"
::1 - - [23/Aug/2021:21:25:59 +0000] "GET /user/login HTTP/1.1" - - "-" "Mozilla/5.0 (Linux; Android 6.0; Nexus 5 Build/MRA58N) AppleWebKit/537.36 (KHTML, like Gecko) Chrome/92.0.4515.159 Mobile Safari/537.36"
::1 - - [23/Aug/2021:21:26:05 +0000] "GET /user/login HTTP/1.1" 200 0 "-" "Mozilla/5.0 (Linux; Android 6.0; Nexus 5 Build/MRA58N) AppleWebKit/537.36 (KHTML, like Gecko) Chrome/92.0.4515.159 Mobile Safari/537.36"
::1 - - [23/Aug/2021:21:26:46 +0000] "GET /user/login HTTP/1.1" 200 0 "-" "Mozilla/5.0 (Linux; Android 6.0; Nexus 5 Build/MRA58N) AppleWebKit/537.36 (KHTML, like Gecko) Chrome/92.0.4515.159 Mobile Safari/537.36"
::1 - - [23/Aug/2021:21:27:01 +0000] "GET /user/login HTTP/1.1" 200 0 "-" "Mozilla/5.0 (Linux; Android 6.0; Nexus 5 Build/MRA58N) AppleWebKit/537.36 (KHTML, like Gecko) Chrome/92.0.4515.159 Mobile Safari/537.36"
::1 - - [23/Aug/2021:21:27:19 +0000] "GET /users/login HTTP/1.1" 404 150 "-" "Mozilla/5.0 (Linux; Android 6.0; Nexus 5 Build/MRA58N) AppleWebKit/537.36 (KHTML, like Gecko) Chrome/92.0.4515.159 Mobile Safari/537.36"
::1 - - [23/Aug/2021:21:27:22 +0000] "GET /user/login HTTP/1.1" 200 0 "-" "Mozilla/5.0 (Linux; Android 6.0; Nexus 5 Build/MRA58N) AppleWebKit/537.36 (KHTML, like Gecko) Chrome/92.0.4515.159 Mobile Safari/537.36"
::1 - - [23/Aug/2021:21:27:55 +0000] "GET /user/login HTTP/1.1" 200 0 "-" "Mozilla/5.0 (Linux; Android 6.0; Nexus 5 Build/MRA58N) AppleWebKit/537.36 (KHTML, like Gecko) Chrome/92.0.4515.159 Mobile Safari/537.36"
::1 - - [23/Aug/2021:21:30:00 +0000] "GET /user/login HTTP/1.1" 200 0 "-" "Mozilla/5.0 (Linux; Android 6.0; Nexus 5 Build/MRA58N) AppleWebKit/537.36 (KHTML, like Gecko) Chrome/92.0.4515.159 Mobile Safari/537.36"
::1 - - [23/Aug/2021:21:31:47 +0000] "GET /user/login HTTP/1.1" 200 0 "-" "Mozilla/5.0 (Linux; Android 6.0; Nexus 5 Build/MRA58N) AppleWebKit/537.36 (KHTML, like Gecko) Chrome/92.0.4515.159 Mobile Safari/537.36"
::1 - - [23/Aug/2021:23:27:02 +0000] "GET /user/login HTTP/1.1" 200 0 "-" "Mozilla/5.0 (Linux; Android 6.0; Nexus 5 Build/MRA58N) AppleWebKit/537.36 (KHTML, like Gecko) Chrome/92.0.4515.159 Mobile Safari/537.36"
::1 - - [23/Aug/2021:23:27:22 +0000] "GET /user/login HTTP/1.1" 200 0 "-" "PostmanRuntime/7.28.3"
::1 - - [23/Aug/2021:23:29:06 +0000] "GET /user HTTP/1.1" 200 1337 "-" "PostmanRuntime/7.28.3"
::1 - - [23/Aug/2021:23:29:53 +0000] "GET /user/login HTTP/1.1" 200 0 "-" "PostmanRuntime/7.28.3"
::1 - - [23/Aug/2021:23:31:46 +0000] "GET /user/login HTTP/1.1" 200 0 "-" "PostmanRuntime/7.28.3"
::1 - - [23/Aug/2021:23:34:05 +0000] "GET /user/login/a HTTP/1.1" 500 35 "-" "PostmanRuntime/7.28.3"
::ffff:127.0.0.1 - - [23/Aug/2021:23:34:44 +0000] "GET /user/login/a HTTP/1.1" 200 3 "-" "PostmanRuntime/7.28.3"
::1 - - [23/Aug/2021:23:40:15 +0000] "GET /user/login/a HTTP/1.1" 200 3 "-" "PostmanRuntime/7.28.3"
::1 - - [23/Aug/2021:23:40:31 +0000] "GET /user/login HTTP/1.1" 200 0 "-" "Mozilla/5.0 (Linux; Android 6.0; Nexus 5 Build/MRA58N) AppleWebKit/537.36 (KHTML, like Gecko) Chrome/92.0.4515.159 Mobile Safari/537.36"
::1 - - [23/Aug/2021:23:44:15 +0000] "POST /user/login HTTP/1.1" 200 7 "-" "PostmanRuntime/7.28.3"
::1 - - [23/Aug/2021:23:47:19 +0000] "POST /user/login HTTP/1.1" 200 7 "-" "PostmanRuntime/7.28.3"
::1 - - [23/Aug/2021:23:48:57 +0000] "GET /plan/2021/08 HTTP/1.1" 401 2131 "-" "PostmanRuntime/7.28.3"
::1 - - [23/Aug/2021:23:50:02 +0000] "POST /user/login HTTP/1.1" 200 7 "-" "PostmanRuntime/7.28.3"
::1 - - [23/Aug/2021:23:50:05 +0000] "GET /plan/2021/08 HTTP/1.1" 401 2131 "-" "PostmanRuntime/7.28.3"
::1 - - [23/Aug/2021:23:53:09 +0000] "POST /user/login HTTP/1.1" 200 7 "-" "PostmanRuntime/7.28.3"
::1 - - [23/Aug/2021:23:53:17 +0000] "GET /plan/2021/08 HTTP/1.1" 200 2 "-" "PostmanRuntime/7.28.3"
::1 - - [23/Aug/2021:23:53:29 +0000] "GET /plan/2021/07 HTTP/1.1" 200 2 "-" "PostmanRuntime/7.28.3"
::1 - - [23/Aug/2021:23:53:37 +0000] "GET /plan/2021/06 HTTP/1.1" 200 2 "-" "PostmanRuntime/7.28.3"
::1 - - [23/Aug/2021:23:56:46 +0000] "POST /user/login HTTP/1.1" 200 7 "-" "PostmanRuntime/7.28.3"
::1 - - [23/Aug/2021:23:56:48 +0000] "GET /plan/2021/06 HTTP/1.1" 200 2 "-" "PostmanRuntime/7.28.3"
::1 - - [23/Aug/2021:23:56:56 +0000] "GET /plan/2021/07 HTTP/1.1" 200 2 "-" "PostmanRuntime/7.28.3"
::1 - - [24/Aug/2021:00:00:15 +0000] "GET /plan/2021/07 HTTP/1.1" 401 2131 "-" "PostmanRuntime/7.28.3"
::1 - - [24/Aug/2021:00:00:21 +0000] "POST /user/login HTTP/1.1" 200 7 "-" "PostmanRuntime/7.28.3"
::1 - - [24/Aug/2021:00:00:24 +0000] "GET /plan/2021/07 HTTP/1.1" 200 2 "-" "PostmanRuntime/7.28.3"
::1 - - [24/Aug/2021:00:00:27 +0000] "GET /plan/2021/06 HTTP/1.1" 200 2 "-" "PostmanRuntime/7.28.3"
::1 - - [24/Aug/2021:00:00:28 +0000] "GET /plan/2021/05 HTTP/1.1" 200 2 "-" "PostmanRuntime/7.28.3"
::1 - - [24/Aug/2021:00:00:29 +0000] "GET /plan/2021/06 HTTP/1.1" 200 2 "-" "PostmanRuntime/7.28.3"
::1 - - [24/Aug/2021:00:00:30 +0000] "GET /plan/2021/07 HTTP/1.1" 200 2 "-" "PostmanRuntime/7.28.3"
::1 - - [24/Aug/2021:00:00:30 +0000] "GET /plan/2021/08 HTTP/1.1" 200 2 "-" "PostmanRuntime/7.28.3"
::1 - - [24/Aug/2021:00:00:32 +0000] "GET /plan/2021/09 HTTP/1.1" 200 2 "-" "PostmanRuntime/7.28.3"
::1 - - [24/Aug/2021:00:00:35 +0000] "GET /plan/2021/05 HTTP/1.1" 200 2 "-" "PostmanRuntime/7.28.3"
::1 - - [24/Aug/2021:00:00:37 +0000] "GET /plan/2021/04 HTTP/1.1" 200 2 "-" "PostmanRuntime/7.28.3"
::1 - - [24/Aug/2021:00:00:55 +0000] "GET /plan/2021/04 HTTP/1.1" 200 2 "-" "PostmanRuntime/7.28.3"
::1 - - [24/Aug/2021:00:00:57 +0000] "GET /plan/2021/05 HTTP/1.1" 200 2 "-" "PostmanRuntime/7.28.3"
::1 - - [24/Aug/2021:00:00:58 +0000] "GET /plan/2021/06 HTTP/1.1" 200 2 "-" "PostmanRuntime/7.28.3"
::1 - - [24/Aug/2021:00:00:59 +0000] "GET /plan/2021/07 HTTP/1.1" 200 2 "-" "PostmanRuntime/7.28.3"
::1 - - [24/Aug/2021:00:01:00 +0000] "GET /plan/2021/08 HTTP/1.1" 200 2 "-" "PostmanRuntime/7.28.3"
::1 - - [24/Aug/2021:00:01:40 +0000] "POST /user/login HTTP/1.1" 200 7 "-" "PostmanRuntime/7.28.3"
::1 - - [24/Aug/2021:00:01:42 +0000] "GET /plan/2021/08 HTTP/1.1" 200 2 "-" "PostmanRuntime/7.28.3"
::1 - - [24/Aug/2021:00:07:59 +0000] "POST /user/login HTTP/1.1" 200 7 "-" "PostmanRuntime/7.28.3"
::1 - - [24/Aug/2021:00:08:00 +0000] "GET /plan/2021/08 HTTP/1.1" 500 950 "-" "PostmanRuntime/7.28.3"
::1 - - [24/Aug/2021:00:08:27 +0000] "POST /user/login HTTP/1.1" 200 7 "-" "PostmanRuntime/7.28.3"
::1 - - [24/Aug/2021:00:08:28 +0000] "GET /plan/2021/08 HTTP/1.1" 500 953 "-" "PostmanRuntime/7.28.3"
::1 - - [24/Aug/2021:00:10:17 +0000] "POST /user/login HTTP/1.1" 200 7 "-" "PostmanRuntime/7.28.3"
::1 - - [24/Aug/2021:00:10:18 +0000] "GET /plan/2021/08 HTTP/1.1" 500 948 "-" "PostmanRuntime/7.28.3"
::1 - - [24/Aug/2021:00:14:30 +0000] "POST /user/login HTTP/1.1" 200 7 "-" "PostmanRuntime/7.28.3"
::1 - - [24/Aug/2021:00:14:32 +0000] "GET /plan/2021/08 HTTP/1.1" 200 2 "-" "PostmanRuntime/7.28.3"
::1 - - [24/Aug/2021:00:15:49 +0000] "POST /user/login HTTP/1.1" 200 7 "-" "PostmanRuntime/7.28.3"
::1 - - [24/Aug/2021:00:15:50 +0000] "GET /plan/2021/08 HTTP/1.1" 200 2 "-" "PostmanRuntime/7.28.3"
::1 - - [24/Aug/2021:00:21:16 +0000] "POST /user/login HTTP/1.1" 200 7 "-" "PostmanRuntime/7.28.3"
::1 - - [24/Aug/2021:00:21:17 +0000] "GET /plan/2021/08 HTTP/1.1" 200 2 "-" "PostmanRuntime/7.28.3"
::1 - - [24/Aug/2021:00:24:53 +0000] "POST /user/login HTTP/1.1" 200 7 "-" "PostmanRuntime/7.28.3"
::1 - - [24/Aug/2021:00:24:54 +0000] "GET /plan/2021/08 HTTP/1.1" 500 34 "-" "PostmanRuntime/7.28.3"
::1 - - [24/Aug/2021:00:26:54 +0000] "POST /user/login HTTP/1.1" 200 7 "-" "PostmanRuntime/7.28.3"
::1 - - [24/Aug/2021:00:26:55 +0000] "GET /plan/2021/08 HTTP/1.1" 200 2 "-" "PostmanRuntime/7.28.3"
::1 - - [24/Aug/2021:00:27:39 +0000] "POST /user/login HTTP/1.1" 200 7 "-" "PostmanRuntime/7.28.3"
::1 - - [24/Aug/2021:00:27:40 +0000] "GET /plan/2021/08 HTTP/1.1" 200 2 "-" "PostmanRuntime/7.28.3"
::1 - - [24/Aug/2021:00:28:16 +0000] "POST /user/login HTTP/1.1" 200 7 "-" "PostmanRuntime/7.28.3"
::1 - - [24/Aug/2021:00:28:17 +0000] "GET /plan/2021/08 HTTP/1.1" 200 2 "-" "PostmanRuntime/7.28.3"
::1 - - [24/Aug/2021:00:29:39 +0000] "POST /user/login HTTP/1.1" 200 7 "-" "PostmanRuntime/7.28.3"
::1 - - [24/Aug/2021:00:29:40 +0000] "GET /plan/2021/08 HTTP/1.1" 500 34 "-" "PostmanRuntime/7.28.3"
::1 - - [24/Aug/2021:00:30:50 +0000] "POST /user/login HTTP/1.1" 200 7 "-" "PostmanRuntime/7.28.3"
::1 - - [24/Aug/2021:00:30:52 +0000] "GET /plan/2021/08 HTTP/1.1" 500 34 "-" "PostmanRuntime/7.28.3"
::1 - - [24/Aug/2021:00:31:03 +0000] "POST /user/login HTTP/1.1" 200 7 "-" "PostmanRuntime/7.28.3"
::1 - - [24/Aug/2021:00:31:04 +0000] "GET /plan/2021/08 HTTP/1.1" 500 34 "-" "PostmanRuntime/7.28.3"
