::1 - - [08/May/2021:15:44:33 +0000] "GET /plan/60904c59720b3a6b29c3d932/2021/05 HTTP/1.1" 200 2320 "http://localhost:4200/" "Mozilla/5.0 (Windows NT 10.0; Win64; x64) AppleWebKit/537.36 (KHTML, like Gecko) Chrome/90.0.4430.93 Safari/537.36"
::1 - - [08/May/2021:16:19:45 +0000] "GET /plan/60904c59720b3a6b29c3d932/2021/05 HTTP/1.1" 200 2320 "http://localhost:4200/" "Mozilla/5.0 (Windows NT 10.0; Win64; x64) AppleWebKit/537.36 (KHTML, like Gecko) Chrome/90.0.4430.93 Safari/537.36"
::1 - - [08/May/2021:16:38:13 +0000] "GET /plan/60904c59720b3a6b29c3d932/2021/05 HTTP/1.1" 200 2320 "http://localhost:4200/" "Mozilla/5.0 (Windows NT 10.0; Win64; x64) AppleWebKit/537.36 (KHTML, like Gecko) Chrome/90.0.4430.93 Safari/537.36"
::1 - - [08/May/2021:20:50:18 +0000] "GET /plan/60904c59720b3a6b29c3d932/2021/05 HTTP/1.1" 200 2320 "http://localhost:4200/" "Mozilla/5.0 (Windows NT 10.0; Win64; x64) AppleWebKit/537.36 (KHTML, like Gecko) Chrome/90.0.4430.93 Safari/537.36"
::1 - - [08/May/2021:20:52:23 +0000] "GET /plan/60904c59720b3a6b29c3d932/2021/05 HTTP/1.1" 200 2320 "http://localhost:4200/" "Mozilla/5.0 (Windows NT 10.0; Win64; x64) AppleWebKit/537.36 (KHTML, like Gecko) Chrome/90.0.4430.93 Safari/537.36"
::1 - - [08/May/2021:20:52:26 +0000] "GET /plan/60904c59720b3a6b29c3d932/2021/05 HTTP/1.1" 200 2320 "http://localhost:4200/" "Mozilla/5.0 (Windows NT 10.0; Win64; x64) AppleWebKit/537.36 (KHTML, like Gecko) Chrome/90.0.4430.93 Safari/537.36"
::1 - - [08/May/2021:20:52:55 +0000] "GET /plan/60904c59720b3a6b29c3d932/2021/05 HTTP/1.1" 200 2320 "http://localhost:4200/" "Mozilla/5.0 (Windows NT 10.0; Win64; x64) AppleWebKit/537.36 (KHTML, like Gecko) Chrome/90.0.4430.93 Safari/537.36"
::1 - - [08/May/2021:20:54:10 +0000] "GET /plan/60904c59720b3a6b29c3d932/2021/05 HTTP/1.1" 200 2320 "http://localhost:4200/" "Mozilla/5.0 (Windows NT 10.0; Win64; x64) AppleWebKit/537.36 (KHTML, like Gecko) Chrome/90.0.4430.93 Safari/537.36"
::1 - - [08/May/2021:20:56:13 +0000] "GET /plan/60904c59720b3a6b29c3d932/2021/05 HTTP/1.1" 200 2320 "http://localhost:4200/" "Mozilla/5.0 (Windows NT 10.0; Win64; x64) AppleWebKit/537.36 (KHTML, like Gecko) Chrome/90.0.4430.93 Safari/537.36"
::1 - - [08/May/2021:20:56:17 +0000] "GET /plan/60904c59720b3a6b29c3d932/2021/05 HTTP/1.1" 200 2320 "http://localhost:4200/" "Mozilla/5.0 (Windows NT 10.0; Win64; x64) AppleWebKit/537.36 (KHTML, like Gecko) Chrome/90.0.4430.93 Safari/537.36"
::1 - - [08/May/2021:20:56:23 +0000] "GET /user HTTP/1.1" 200 312 "http://localhost:4200/" "Mozilla/5.0 (Windows NT 10.0; Win64; x64) AppleWebKit/537.36 (KHTML, like Gecko) Chrome/90.0.4430.93 Safari/537.36"
::1 - - [08/May/2021:20:56:25 +0000] "GET /plan/60904c59720b3a6b29c3d932/2021/05 HTTP/1.1" 200 2320 "http://localhost:4200/" "Mozilla/5.0 (Windows NT 10.0; Win64; x64) AppleWebKit/537.36 (KHTML, like Gecko) Chrome/90.0.4430.93 Safari/537.36"
::1 - - [08/May/2021:20:57:01 +0000] "GET /plan/60904c59720b3a6b29c3d932/2021/05 HTTP/1.1" 200 2320 "http://localhost:4200/" "Mozilla/5.0 (Windows NT 10.0; Win64; x64) AppleWebKit/537.36 (KHTML, like Gecko) Chrome/90.0.4430.93 Safari/537.36"
::1 - - [08/May/2021:20:57:11 +0000] "GET /user HTTP/1.1" 200 312 "http://localhost:4200/" "Mozilla/5.0 (Windows NT 10.0; Win64; x64) AppleWebKit/537.36 (KHTML, like Gecko) Chrome/90.0.4430.93 Safari/537.36"
::1 - - [08/May/2021:20:57:13 +0000] "GET /plan/60904c59720b3a6b29c3d932/2021/05 HTTP/1.1" 200 2320 "http://localhost:4200/" "Mozilla/5.0 (Windows NT 10.0; Win64; x64) AppleWebKit/537.36 (KHTML, like Gecko) Chrome/90.0.4430.93 Safari/537.36"
::1 - - [08/May/2021:20:57:19 +0000] "GET /plan/60904c59720b3a6b29c3d932/2021/05 HTTP/1.1" 200 2320 "http://localhost:4200/" "Mozilla/5.0 (Windows NT 10.0; Win64; x64) AppleWebKit/537.36 (KHTML, like Gecko) Chrome/90.0.4430.93 Safari/537.36"
::1 - - [08/May/2021:20:57:39 +0000] "GET /plan/60904c59720b3a6b29c3d932/2021/05 HTTP/1.1" 200 2320 "http://localhost:4200/" "Mozilla/5.0 (Windows NT 10.0; Win64; x64) AppleWebKit/537.36 (KHTML, like Gecko) Chrome/90.0.4430.93 Safari/537.36"
::1 - - [08/May/2021:21:00:03 +0000] "GET /plan/60904c59720b3a6b29c3d932/2021/05 HTTP/1.1" 200 2320 "http://localhost:4200/" "Mozilla/5.0 (Windows NT 10.0; Win64; x64) AppleWebKit/537.36 (KHTML, like Gecko) Chrome/90.0.4430.93 Safari/537.36"
::1 - - [08/May/2021:21:03:04 +0000] "GET /plan/60904c59720b3a6b29c3d932/2021/05 HTTP/1.1" 200 2320 "http://localhost:4200/" "Mozilla/5.0 (Windows NT 10.0; Win64; x64) AppleWebKit/537.36 (KHTML, like Gecko) Chrome/90.0.4430.93 Safari/537.36"
::1 - - [08/May/2021:21:03:33 +0000] "GET /plan/60904c59720b3a6b29c3d932/2021/05 HTTP/1.1" 200 2320 "http://localhost:4200/" "Mozilla/5.0 (Windows NT 10.0; Win64; x64) AppleWebKit/537.36 (KHTML, like Gecko) Chrome/90.0.4430.93 Safari/537.36"
::1 - - [08/May/2021:21:04:14 +0000] "GET /plan/60904c59720b3a6b29c3d932/2021/05 HTTP/1.1" 200 2320 "http://localhost:4200/" "Mozilla/5.0 (Windows NT 10.0; Win64; x64) AppleWebKit/537.36 (KHTML, like Gecko) Chrome/90.0.4430.93 Safari/537.36"
::1 - - [08/May/2021:21:07:06 +0000] "GET /plan/60904c59720b3a6b29c3d932/2021/05 HTTP/1.1" 200 2320 "http://localhost:4200/" "Mozilla/5.0 (Windows NT 10.0; Win64; x64) AppleWebKit/537.36 (KHTML, like Gecko) Chrome/90.0.4430.93 Safari/537.36"
::1 - - [08/May/2021:21:09:52 +0000] "GET /plan/60904c59720b3a6b29c3d932/2021/05 HTTP/1.1" 200 2320 "http://localhost:4200/" "Mozilla/5.0 (Windows NT 10.0; Win64; x64) AppleWebKit/537.36 (KHTML, like Gecko) Chrome/90.0.4430.93 Safari/537.36"
::1 - - [08/May/2021:21:11:35 +0000] "GET /plan/60904c59720b3a6b29c3d932/2021/05 HTTP/1.1" 200 2320 "http://localhost:4200/" "Mozilla/5.0 (Windows NT 10.0; Win64; x64) AppleWebKit/537.36 (KHTML, like Gecko) Chrome/90.0.4430.93 Safari/537.36"
::1 - - [08/May/2021:21:13:54 +0000] "GET /plan/60904c59720b3a6b29c3d932/2021/05 HTTP/1.1" 200 2320 "http://localhost:4200/" "Mozilla/5.0 (Windows NT 10.0; Win64; x64) AppleWebKit/537.36 (KHTML, like Gecko) Chrome/90.0.4430.93 Safari/537.36"
::1 - - [08/May/2021:21:14:34 +0000] "GET /plan/60904c59720b3a6b29c3d932/2021/05 HTTP/1.1" 200 2320 "http://localhost:4200/" "Mozilla/5.0 (Windows NT 10.0; Win64; x64) AppleWebKit/537.36 (KHTML, like Gecko) Chrome/90.0.4430.93 Safari/537.36"
::1 - - [08/May/2021:21:29:08 +0000] "GET /plan/60904c59720b3a6b29c3d932/2021/05 HTTP/1.1" 200 2320 "http://localhost:4200/" "Mozilla/5.0 (Windows NT 10.0; Win64; x64) AppleWebKit/537.36 (KHTML, like Gecko) Chrome/90.0.4430.93 Safari/537.36"
::1 - - [08/May/2021:21:42:17 +0000] "GET /plan/60904c59720b3a6b29c3d932/2021/05 HTTP/1.1" 200 2320 "http://localhost:4200/" "Mozilla/5.0 (Windows NT 10.0; Win64; x64) AppleWebKit/537.36 (KHTML, like Gecko) Chrome/90.0.4430.93 Safari/537.36"
::1 - - [08/May/2021:21:54:07 +0000] "GET /plan/60904c81720b3a6b29c3d934 HTTP/1.1" 200 2 "-" "Mozilla/5.0 (Windows NT 10.0; Win64; x64) AppleWebKit/537.36 (KHTML, like Gecko) Chrome/90.0.4430.93 Safari/537.36"
::1 - - [08/May/2021:21:54:14 +0000] "GET /plan/ HTTP/1.1" 200 3355 "-" "Mozilla/5.0 (Windows NT 10.0; Win64; x64) AppleWebKit/537.36 (KHTML, like Gecko) Chrome/90.0.4430.93 Safari/537.36"
::1 - - [08/May/2021:21:57:47 +0000] "GET /plan/60904c59720b3a6b29c3d932/2021/05 HTTP/1.1" 200 2320 "http://localhost:4200/" "Mozilla/5.0 (Windows NT 10.0; Win64; x64) AppleWebKit/537.36 (KHTML, like Gecko) Chrome/90.0.4430.93 Safari/537.36"
::1 - - [08/May/2021:22:01:08 +0000] "GET /plan/60904c59720b3a6b29c3d932/2021/05 HTTP/1.1" 200 2320 "http://localhost:4200/" "Mozilla/5.0 (Windows NT 10.0; Win64; x64) AppleWebKit/537.36 (KHTML, like Gecko) Chrome/90.0.4430.93 Safari/537.36"
::1 - - [08/May/2021:22:01:38 +0000] "GET /plan/60904c59720b3a6b29c3d932/2021/05 HTTP/1.1" 200 2320 "http://localhost:4200/" "Mozilla/5.0 (Windows NT 10.0; Win64; x64) AppleWebKit/537.36 (KHTML, like Gecko) Chrome/90.0.4430.93 Safari/537.36"
::1 - - [08/May/2021:22:01:45 +0000] "GET /plan/60904c59720b3a6b29c3d932/2021/05 HTTP/1.1" 200 2320 "http://localhost:4200/" "Mozilla/5.0 (Windows NT 10.0; Win64; x64) AppleWebKit/537.36 (KHTML, like Gecko) Chrome/90.0.4430.93 Safari/537.36"
::1 - - [08/May/2021:22:04:01 +0000] "GET /plan/60904c59720b3a6b29c3d932/2021/05 HTTP/1.1" 200 2320 "http://localhost:4200/" "Mozilla/5.0 (Windows NT 10.0; Win64; x64) AppleWebKit/537.36 (KHTML, like Gecko) Chrome/90.0.4430.93 Safari/537.36"
::1 - - [09/May/2021:00:27:57 +0000] "GET /plan/60904c59720b3a6b29c3d932/2021/05 HTTP/1.1" 200 2320 "http://localhost:4200/" "Mozilla/5.0 (Windows NT 10.0; Win64; x64) AppleWebKit/537.36 (KHTML, like Gecko) Chrome/90.0.4430.93 Safari/537.36"
::1 - - [09/May/2021:00:28:27 +0000] "PUT /plan/6092dbb0588b9c44b3a331e1 HTTP/1.1" 200 371 "http://localhost:4200/" "Mozilla/5.0 (Windows NT 10.0; Win64; x64) AppleWebKit/537.36 (KHTML, like Gecko) Chrome/90.0.4430.93 Safari/537.36"
::1 - - [09/May/2021:00:28:35 +0000] "PUT /plan/6092dbb0588b9c44b3a331e1 HTTP/1.1" 200 373 "http://localhost:4200/" "Mozilla/5.0 (Windows NT 10.0; Win64; x64) AppleWebKit/537.36 (KHTML, like Gecko) Chrome/90.0.4430.93 Safari/537.36"
::1 - - [09/May/2021:00:31:07 +0000] "PUT /plan/6092db9b588b9c44b3a331e0 HTTP/1.1" 200 396 "http://localhost:4200/" "Mozilla/5.0 (Windows NT 10.0; Win64; x64) AppleWebKit/537.36 (KHTML, like Gecko) Chrome/90.0.4430.93 Safari/537.36"
