::1 - - [28/May/2021:11:23:05 +0000] "GET /plan/edit/60af86109d02eb37c4b0cc7a HTTP/1.1" 200 389 "http://localhost:4200/" "Mozilla/5.0 (Windows NT 10.0; Win64; x64) AppleWebKit/537.36 (KHTML, like Gecko) Chrome/90.0.4430.212 Safari/537.36"
::1 - - [28/May/2021:11:23:06 +0000] "GET /plan/60904c59720b3a6b29c3d932/2021/05/13 HTTP/1.1" 200 389 "http://localhost:4200/" "Mozilla/5.0 (Windows NT 10.0; Win64; x64) AppleWebKit/537.36 (KHTML, like Gecko) Chrome/90.0.4430.212 Safari/537.36"
::ffff:127.0.0.1 - - [28/May/2021:12:43:26 +0000] "GET /plan/edit/60af86109d02eb37c4b0cc7a HTTP/1.1" 200 389 "http://localhost:4200/" "Mozilla/5.0 (Windows NT 10.0; Win64; x64; rv:88.0) Gecko/20100101 Firefox/88.0"
::ffff:127.0.0.1 - - [28/May/2021:12:43:26 +0000] "GET /plan/60904c59720b3a6b29c3d932/2021/05/13 HTTP/1.1" 200 389 "http://localhost:4200/" "Mozilla/5.0 (Windows NT 10.0; Win64; x64; rv:88.0) Gecko/20100101 Firefox/88.0"
::ffff:127.0.0.1 - - [04/Jul/2021:13:52:45 +0000] "GET /user HTTP/1.1" 200 312 "http://localhost:4200/" "Mozilla/5.0 (Windows NT 10.0; Win64; x64; rv:89.0) Gecko/20100101 Firefox/89.0"
::ffff:127.0.0.1 - - [04/Jul/2021:13:52:51 +0000] "GET /plan/60904c59720b3a6b29c3d932/2021/07 HTTP/1.1" 200 2 "http://localhost:4200/" "Mozilla/5.0 (Windows NT 10.0; Win64; x64; rv:89.0) Gecko/20100101 Firefox/89.0"
::ffff:127.0.0.1 - - [04/Jul/2021:14:43:48 +0000] "GET /plan/60904c59720b3a6b29c3d932/2021/07/4 HTTP/1.1" 200 2 "http://localhost:4200/" "Mozilla/5.0 (Windows NT 10.0; Win64; x64; rv:89.0) Gecko/20100101 Firefox/89.0"
::ffff:127.0.0.1 - - [04/Jul/2021:14:43:58 +0000] "GET /plan/60904c59720b3a6b29c3d932/2021/07/5 HTTP/1.1" 200 2 "http://localhost:4200/" "Mozilla/5.0 (Windows NT 10.0; Win64; x64; rv:89.0) Gecko/20100101 Firefox/89.0"
::ffff:127.0.0.1 - - [04/Jul/2021:14:43:59 +0000] "GET /plan/60904c59720b3a6b29c3d932/2021/07/6 HTTP/1.1" 200 2 "http://localhost:4200/" "Mozilla/5.0 (Windows NT 10.0; Win64; x64; rv:89.0) Gecko/20100101 Firefox/89.0"
::ffff:127.0.0.1 - - [04/Jul/2021:14:44:00 +0000] "GET /plan/60904c59720b3a6b29c3d932/2021/07/5 HTTP/1.1" 200 2 "http://localhost:4200/" "Mozilla/5.0 (Windows NT 10.0; Win64; x64; rv:89.0) Gecko/20100101 Firefox/89.0"
::ffff:127.0.0.1 - - [04/Jul/2021:14:44:00 +0000] "GET /plan/60904c59720b3a6b29c3d932/2021/07/4 HTTP/1.1" 200 2 "http://localhost:4200/" "Mozilla/5.0 (Windows NT 10.0; Win64; x64; rv:89.0) Gecko/20100101 Firefox/89.0"
::1 - - [04/Jul/2021:14:46:45 +0000] "GET /plan/60904c59720b3a6b29c3d932/2021/07/4 HTTP/1.1" 200 2 "http://localhost:4200/" "Mozilla/5.0 (Windows NT 10.0; Win64; x64) AppleWebKit/537.36 (KHTML, like Gecko) Chrome/91.0.4472.124 Safari/537.36"
::ffff:127.0.0.1 - - [04/Jul/2021:14:47:43 +0000] "GET /plan/60904c59720b3a6b29c3d932/2021/07/4 HTTP/1.1" 200 2 "http://localhost:4200/" "Mozilla/5.0 (Windows NT 10.0; Win64; x64; rv:89.0) Gecko/20100101 Firefox/89.0"
::1 - - [04/Jul/2021:14:47:43 +0000] "GET /plan/60904c59720b3a6b29c3d932/2021/07/4 HTTP/1.1" 200 2 "http://localhost:4200/" "Mozilla/5.0 (Windows NT 10.0; Win64; x64) AppleWebKit/537.36 (KHTML, like Gecko) Chrome/91.0.4472.124 Safari/537.36"
::1 - - [04/Jul/2021:14:47:50 +0000] "GET /plan/60904c59720b3a6b29c3d932/2021/07/4 HTTP/1.1" 200 2 "http://localhost:4200/" "Mozilla/5.0 (Windows NT 10.0; Win64; x64) AppleWebKit/537.36 (KHTML, like Gecko) Chrome/91.0.4472.124 Safari/537.36"
::1 - - [04/Jul/2021:14:49:44 +0000] "GET /plan/60904c59720b3a6b29c3d932/2021/07/4 HTTP/1.1" 200 2 "http://localhost:4200/" "Mozilla/5.0 (Windows NT 10.0; Win64; x64) AppleWebKit/537.36 (KHTML, like Gecko) Chrome/91.0.4472.124 Safari/537.36"
::ffff:127.0.0.1 - - [04/Jul/2021:14:49:45 +0000] "GET /plan/60904c59720b3a6b29c3d932/2021/07/4 HTTP/1.1" 200 2 "http://localhost:4200/" "Mozilla/5.0 (Windows NT 10.0; Win64; x64; rv:89.0) Gecko/20100101 Firefox/89.0"
::1 - - [04/Jul/2021:14:50:41 +0000] "GET /plan/60904c59720b3a6b29c3d932/2021/07/4 HTTP/1.1" 200 2 "http://localhost:4200/" "Mozilla/5.0 (Windows NT 10.0; Win64; x64) AppleWebKit/537.36 (KHTML, like Gecko) Chrome/91.0.4472.124 Safari/537.36"
::ffff:127.0.0.1 - - [04/Jul/2021:14:50:42 +0000] "GET /plan/60904c59720b3a6b29c3d932/2021/07/4 HTTP/1.1" 200 2 "http://localhost:4200/" "Mozilla/5.0 (Windows NT 10.0; Win64; x64; rv:89.0) Gecko/20100101 Firefox/89.0"
::1 - - [04/Jul/2021:14:51:18 +0000] "GET /plan/60904c59720b3a6b29c3d932/2021/07/4 HTTP/1.1" 200 2 "http://localhost:4200/" "Mozilla/5.0 (Windows NT 10.0; Win64; x64) AppleWebKit/537.36 (KHTML, like Gecko) Chrome/91.0.4472.124 Safari/537.36"
::ffff:127.0.0.1 - - [04/Jul/2021:14:51:19 +0000] "GET /plan/60904c59720b3a6b29c3d932/2021/07/4 HTTP/1.1" 200 2 "http://localhost:4200/" "Mozilla/5.0 (Windows NT 10.0; Win64; x64; rv:89.0) Gecko/20100101 Firefox/89.0"
::ffff:127.0.0.1 - - [04/Jul/2021:14:51:33 +0000] "GET /plan/60904c59720b3a6b29c3d932/2021/07/4 HTTP/1.1" 200 2 "http://localhost:4200/" "Mozilla/5.0 (Windows NT 10.0; Win64; x64; rv:89.0) Gecko/20100101 Firefox/89.0"
::1 - - [04/Jul/2021:14:51:34 +0000] "GET /plan/60904c59720b3a6b29c3d932/2021/07/4 HTTP/1.1" 200 2 "http://localhost:4200/" "Mozilla/5.0 (Windows NT 10.0; Win64; x64) AppleWebKit/537.36 (KHTML, like Gecko) Chrome/91.0.4472.124 Safari/537.36"
::1 - - [04/Jul/2021:14:52:01 +0000] "GET /plan/60904c59720b3a6b29c3d932/2021/07/4 HTTP/1.1" 200 2 "http://localhost:4200/" "Mozilla/5.0 (Windows NT 10.0; Win64; x64) AppleWebKit/537.36 (KHTML, like Gecko) Chrome/91.0.4472.124 Safari/537.36"
::1 - - [04/Jul/2021:14:53:27 +0000] "GET /plan/60904c59720b3a6b29c3d932/2021/07/4 HTTP/1.1" 200 2 "http://localhost:4200/" "Mozilla/5.0 (Windows NT 10.0; Win64; x64) AppleWebKit/537.36 (KHTML, like Gecko) Chrome/91.0.4472.124 Safari/537.36"
::1 - - [04/Jul/2021:14:54:00 +0000] "GET /plan/60904c59720b3a6b29c3d932/2021/07/4 HTTP/1.1" 200 2 "http://localhost:4200/" "Mozilla/5.0 (Windows NT 10.0; Win64; x64) AppleWebKit/537.36 (KHTML, like Gecko) Chrome/91.0.4472.124 Safari/537.36"
::1 - - [04/Jul/2021:14:56:26 +0000] "GET /plan/60904c59720b3a6b29c3d932/2021/07/4 HTTP/1.1" 200 2 "http://localhost:4200/" "Mozilla/5.0 (Windows NT 10.0; Win64; x64) AppleWebKit/537.36 (KHTML, like Gecko) Chrome/91.0.4472.124 Safari/537.36"
::1 - - [04/Jul/2021:14:57:14 +0000] "GET /plan/60904c59720b3a6b29c3d932/2021/07/4 HTTP/1.1" 200 2 "http://localhost:4200/" "Mozilla/5.0 (Windows NT 10.0; Win64; x64) AppleWebKit/537.36 (KHTML, like Gecko) Chrome/91.0.4472.124 Safari/537.36"
::1 - - [04/Jul/2021:14:57:17 +0000] "GET /plan/60904c59720b3a6b29c3d932/2021/07/4 HTTP/1.1" 200 2 "http://localhost:4200/" "Mozilla/5.0 (Windows NT 10.0; Win64; x64) AppleWebKit/537.36 (KHTML, like Gecko) Chrome/91.0.4472.124 Safari/537.36"
::1 - - [04/Jul/2021:14:57:21 +0000] "GET /plan/60904c59720b3a6b29c3d932/2021/07/4 HTTP/1.1" 200 2 "http://localhost:4200/" "Mozilla/5.0 (Windows NT 10.0; Win64; x64) AppleWebKit/537.36 (KHTML, like Gecko) Chrome/91.0.4472.124 Safari/537.36"
::1 - - [04/Jul/2021:14:58:23 +0000] "GET /plan/60904c59720b3a6b29c3d932/2021/07/4 HTTP/1.1" 200 2 "http://localhost:4200/" "Mozilla/5.0 (Windows NT 10.0; Win64; x64) AppleWebKit/537.36 (KHTML, like Gecko) Chrome/91.0.4472.124 Safari/537.36"
::1 - - [04/Jul/2021:14:58:45 +0000] "GET /plan/60904c59720b3a6b29c3d932/2021/07/4 HTTP/1.1" 200 2 "http://localhost:4200/" "Mozilla/5.0 (Windows NT 10.0; Win64; x64) AppleWebKit/537.36 (KHTML, like Gecko) Chrome/91.0.4472.124 Safari/537.36"
::1 - - [04/Jul/2021:15:00:03 +0000] "GET /plan/60904c59720b3a6b29c3d932/2021/07/4 HTTP/1.1" 200 2 "http://localhost:4200/" "Mozilla/5.0 (Windows NT 10.0; Win64; x64) AppleWebKit/537.36 (KHTML, like Gecko) Chrome/91.0.4472.124 Safari/537.36"
::1 - - [04/Jul/2021:15:00:24 +0000] "GET /plan/60904c59720b3a6b29c3d932/2021/07/4 HTTP/1.1" 200 2 "http://localhost:4200/" "Mozilla/5.0 (Windows NT 10.0; Win64; x64) AppleWebKit/537.36 (KHTML, like Gecko) Chrome/91.0.4472.124 Safari/537.36"
::1 - - [04/Jul/2021:15:00:30 +0000] "GET /plan/60904c59720b3a6b29c3d932/2021/07/4 HTTP/1.1" 200 2 "http://localhost:4200/" "Mozilla/5.0 (Windows NT 10.0; Win64; x64) AppleWebKit/537.36 (KHTML, like Gecko) Chrome/91.0.4472.124 Safari/537.36"
::1 - - [04/Jul/2021:15:00:50 +0000] "GET /plan/60904c59720b3a6b29c3d932/2021/07/4 HTTP/1.1" 200 2 "http://localhost:4200/" "Mozilla/5.0 (Windows NT 10.0; Win64; x64) AppleWebKit/537.36 (KHTML, like Gecko) Chrome/91.0.4472.124 Safari/537.36"
::1 - - [04/Jul/2021:15:02:06 +0000] "GET /plan/60904c59720b3a6b29c3d932/2021/07 HTTP/1.1" 200 2 "http://localhost:4200/" "Mozilla/5.0 (Windows NT 10.0; Win64; x64) AppleWebKit/537.36 (KHTML, like Gecko) Chrome/91.0.4472.124 Safari/537.36"
::1 - - [04/Jul/2021:15:02:10 +0000] "GET /plan/60904c59720b3a6b29c3d932/2021/06 HTTP/1.1" 200 489 "http://localhost:4200/" "Mozilla/5.0 (Windows NT 10.0; Win64; x64) AppleWebKit/537.36 (KHTML, like Gecko) Chrome/91.0.4472.124 Safari/537.36"
::1 - - [04/Jul/2021:15:02:23 +0000] "GET /plan/edit/60a155dc93d937280c83bb66 HTTP/1.1" 200 489 "http://localhost:4200/" "Mozilla/5.0 (Windows NT 10.0; Win64; x64) AppleWebKit/537.36 (KHTML, like Gecko) Chrome/91.0.4472.124 Safari/537.36"
::1 - - [04/Jul/2021:15:02:23 +0000] "GET /plan/60904c59720b3a6b29c3d932/2021/06/16 HTTP/1.1" 200 489 "http://localhost:4200/" "Mozilla/5.0 (Windows NT 10.0; Win64; x64) AppleWebKit/537.36 (KHTML, like Gecko) Chrome/91.0.4472.124 Safari/537.36"
::1 - - [04/Jul/2021:15:02:46 +0000] "PUT /plan/60a155dc93d937280c83bb66 HTTP/1.1" 200 340 "http://localhost:4200/" "Mozilla/5.0 (Windows NT 10.0; Win64; x64) AppleWebKit/537.36 (KHTML, like Gecko) Chrome/91.0.4472.124 Safari/537.36"
::1 - - [04/Jul/2021:15:04:06 +0000] "GET /plan HTTP/1.1" 200 8003 "-" "Mozilla/5.0 (Windows NT 10.0; Win64; x64) AppleWebKit/537.36 (KHTML, like Gecko) Chrome/91.0.4472.124 Safari/537.36"
::1 - - [04/Jul/2021:15:04:07 +0000] "GET /favicon.ico HTTP/1.1" 404 150 "http://localhost:3000/plan" "Mozilla/5.0 (Windows NT 10.0; Win64; x64) AppleWebKit/537.36 (KHTML, like Gecko) Chrome/91.0.4472.124 Safari/537.36"
::1 - - [04/Jul/2021:15:04:56 +0000] "GET /plan/2021/06/16 HTTP/1.1" 200 2 "-" "Mozilla/5.0 (Windows NT 10.0; Win64; x64) AppleWebKit/537.36 (KHTML, like Gecko) Chrome/91.0.4472.124 Safari/537.36"
::1 - - [04/Jul/2021:15:05:03 +0000] "GET /plan/2021/06 HTTP/1.1" 404 151 "-" "Mozilla/5.0 (Windows NT 10.0; Win64; x64) AppleWebKit/537.36 (KHTML, like Gecko) Chrome/91.0.4472.124 Safari/537.36"
::1 - - [04/Jul/2021:15:05:06 +0000] "GET /plan/2021/6 HTTP/1.1" 404 150 "-" "Mozilla/5.0 (Windows NT 10.0; Win64; x64) AppleWebKit/537.36 (KHTML, like Gecko) Chrome/91.0.4472.124 Safari/537.36"
::1 - - [04/Jul/2021:15:05:11 +0000] "GET /plan/2021/6/16 HTTP/1.1" 200 2 "-" "Mozilla/5.0 (Windows NT 10.0; Win64; x64) AppleWebKit/537.36 (KHTML, like Gecko) Chrome/91.0.4472.124 Safari/537.36"
::1 - - [04/Jul/2021:15:05:39 +0000] "GET /plan/60904c59720b3a6b29c3d932 HTTP/1.1" 200 8003 "-" "Mozilla/5.0 (Windows NT 10.0; Win64; x64) AppleWebKit/537.36 (KHTML, like Gecko) Chrome/91.0.4472.124 Safari/537.36"
::1 - - [04/Jul/2021:15:05:43 +0000] "GET /plan/60904c59720b3a6b29c3d932//2021/06/16 HTTP/1.1" 404 180 "-" "Mozilla/5.0 (Windows NT 10.0; Win64; x64) AppleWebKit/537.36 (KHTML, like Gecko) Chrome/91.0.4472.124 Safari/537.36"
::1 - - [04/Jul/2021:15:05:45 +0000] "GET /plan/60904c59720b3a6b29c3d932/2021/06/16 HTTP/1.1" 200 342 "-" "Mozilla/5.0 (Windows NT 10.0; Win64; x64) AppleWebKit/537.36 (KHTML, like Gecko) Chrome/91.0.4472.124 Safari/537.36"
::1 - - [04/Jul/2021:15:06:12 +0000] "GET /plan/60904c59720b3a6b29c3d932/2021/06/16 HTTP/1.1" 200 342 "-" "Mozilla/5.0 (Windows NT 10.0; Win64; x64) AppleWebKit/537.36 (KHTML, like Gecko) Chrome/91.0.4472.124 Safari/537.36"
::1 - - [04/Jul/2021:15:06:13 +0000] "GET /plan/60904c59720b3a6b29c3d932/2021/06/16 HTTP/1.1" 200 342 "-" "Mozilla/5.0 (Windows NT 10.0; Win64; x64) AppleWebKit/537.36 (KHTML, like Gecko) Chrome/91.0.4472.124 Safari/537.36"
::1 - - [04/Jul/2021:15:09:36 +0000] "GET /plan/edit/60a155dc93d937280c83bb66 HTTP/1.1" 200 342 "http://localhost:4200/" "Mozilla/5.0 (Windows NT 10.0; Win64; x64) AppleWebKit/537.36 (KHTML, like Gecko) Chrome/91.0.4472.124 Safari/537.36"
::1 - - [04/Jul/2021:15:09:37 +0000] "GET /plan/60904c59720b3a6b29c3d932/2021/06/16 HTTP/1.1" 200 342 "http://localhost:4200/" "Mozilla/5.0 (Windows NT 10.0; Win64; x64) AppleWebKit/537.36 (KHTML, like Gecko) Chrome/91.0.4472.124 Safari/537.36"
::1 - - [04/Jul/2021:15:09:50 +0000] "GET /plan/edit/60a155dc93d937280c83bb66 HTTP/1.1" 200 342 "http://localhost:4200/" "Mozilla/5.0 (Windows NT 10.0; Win64; x64) AppleWebKit/537.36 (KHTML, like Gecko) Chrome/91.0.4472.124 Safari/537.36"
::1 - - [04/Jul/2021:15:09:50 +0000] "GET /plan/60904c59720b3a6b29c3d932/2021/06/16 HTTP/1.1" 200 342 "http://localhost:4200/" "Mozilla/5.0 (Windows NT 10.0; Win64; x64) AppleWebKit/537.36 (KHTML, like Gecko) Chrome/91.0.4472.124 Safari/537.36"
::1 - - [04/Jul/2021:15:12:31 +0000] "GET /plan/edit/60a155dc93d937280c83bb66 HTTP/1.1" 200 342 "http://localhost:4200/" "Mozilla/5.0 (Windows NT 10.0; Win64; x64) AppleWebKit/537.36 (KHTML, like Gecko) Chrome/91.0.4472.124 Safari/537.36"
::1 - - [04/Jul/2021:15:12:31 +0000] "GET /plan/60904c59720b3a6b29c3d932/2021/06/16 HTTP/1.1" 200 342 "http://localhost:4200/" "Mozilla/5.0 (Windows NT 10.0; Win64; x64) AppleWebKit/537.36 (KHTML, like Gecko) Chrome/91.0.4472.124 Safari/537.36"
::1 - - [04/Jul/2021:15:12:36 +0000] "GET /plan/edit/60a155dc93d937280c83bb66 HTTP/1.1" 200 342 "http://localhost:4200/" "Mozilla/5.0 (Windows NT 10.0; Win64; x64) AppleWebKit/537.36 (KHTML, like Gecko) Chrome/91.0.4472.124 Safari/537.36"
::1 - - [04/Jul/2021:15:12:37 +0000] "GET /plan/60904c59720b3a6b29c3d932/2021/06/16 HTTP/1.1" 200 342 "http://localhost:4200/" "Mozilla/5.0 (Windows NT 10.0; Win64; x64) AppleWebKit/537.36 (KHTML, like Gecko) Chrome/91.0.4472.124 Safari/537.36"
::1 - - [04/Jul/2021:15:13:19 +0000] "GET /plan/edit/60a155dc93d937280c83bb66 HTTP/1.1" 200 342 "http://localhost:4200/" "Mozilla/5.0 (Windows NT 10.0; Win64; x64) AppleWebKit/537.36 (KHTML, like Gecko) Chrome/91.0.4472.124 Safari/537.36"
::1 - - [04/Jul/2021:15:13:19 +0000] "GET /plan/60904c59720b3a6b29c3d932/2021/06/16 HTTP/1.1" 200 342 "http://localhost:4200/" "Mozilla/5.0 (Windows NT 10.0; Win64; x64) AppleWebKit/537.36 (KHTML, like Gecko) Chrome/91.0.4472.124 Safari/537.36"
::1 - - [04/Jul/2021:15:21:46 +0000] "GET /plan/60904c59720b3a6b29c3d932/2021/07 HTTP/1.1" 200 2 "http://localhost:4200/" "Mozilla/5.0 (Windows NT 10.0; Win64; x64) AppleWebKit/537.36 (KHTML, like Gecko) Chrome/91.0.4472.124 Safari/537.36"
::1 - - [04/Jul/2021:15:21:50 +0000] "GET /plan/60904c59720b3a6b29c3d932/2021/06 HTTP/1.1" 200 342 "http://localhost:4200/" "Mozilla/5.0 (Windows NT 10.0; Win64; x64) AppleWebKit/537.36 (KHTML, like Gecko) Chrome/91.0.4472.124 Safari/537.36"
::1 - - [04/Jul/2021:15:21:59 +0000] "GET /plan/edit/60a155dc93d937280c83bb66 HTTP/1.1" 200 342 "http://localhost:4200/" "Mozilla/5.0 (Windows NT 10.0; Win64; x64) AppleWebKit/537.36 (KHTML, like Gecko) Chrome/91.0.4472.124 Safari/537.36"
::1 - - [04/Jul/2021:15:21:59 +0000] "GET /plan/60904c59720b3a6b29c3d932/2021/06/16 HTTP/1.1" 200 342 "http://localhost:4200/" "Mozilla/5.0 (Windows NT 10.0; Win64; x64) AppleWebKit/537.36 (KHTML, like Gecko) Chrome/91.0.4472.124 Safari/537.36"
::1 - - [04/Jul/2021:15:23:22 +0000] "GET /plan/edit/60a155dc93d937280c83bb66 HTTP/1.1" 200 342 "http://localhost:4200/" "Mozilla/5.0 (Windows NT 10.0; Win64; x64) AppleWebKit/537.36 (KHTML, like Gecko) Chrome/91.0.4472.124 Safari/537.36"
::1 - - [04/Jul/2021:15:23:22 +0000] "GET /plan/60904c59720b3a6b29c3d932/2021/06/16 HTTP/1.1" 200 342 "http://localhost:4200/" "Mozilla/5.0 (Windows NT 10.0; Win64; x64) AppleWebKit/537.36 (KHTML, like Gecko) Chrome/91.0.4472.124 Safari/537.36"
::1 - - [04/Jul/2021:15:25:24 +0000] "GET /plan/edit/60a155dc93d937280c83bb66 HTTP/1.1" 200 342 "http://localhost:4200/" "Mozilla/5.0 (Windows NT 10.0; Win64; x64) AppleWebKit/537.36 (KHTML, like Gecko) Chrome/91.0.4472.124 Safari/537.36"
::1 - - [04/Jul/2021:15:25:24 +0000] "GET /plan/60904c59720b3a6b29c3d932/2021/06/16 HTTP/1.1" 200 342 "http://localhost:4200/" "Mozilla/5.0 (Windows NT 10.0; Win64; x64) AppleWebKit/537.36 (KHTML, like Gecko) Chrome/91.0.4472.124 Safari/537.36"
::1 - - [04/Jul/2021:15:26:54 +0000] "GET /plan/edit/60a155dc93d937280c83bb66 HTTP/1.1" 200 342 "http://localhost:4200/" "Mozilla/5.0 (Windows NT 10.0; Win64; x64) AppleWebKit/537.36 (KHTML, like Gecko) Chrome/91.0.4472.124 Safari/537.36"
::1 - - [04/Jul/2021:15:26:54 +0000] "GET /plan/60904c59720b3a6b29c3d932/2021/06/16 HTTP/1.1" 200 342 "http://localhost:4200/" "Mozilla/5.0 (Windows NT 10.0; Win64; x64) AppleWebKit/537.36 (KHTML, like Gecko) Chrome/91.0.4472.124 Safari/537.36"
::1 - - [04/Jul/2021:15:28:17 +0000] "GET /plan/edit/60a155dc93d937280c83bb66 HTTP/1.1" 200 342 "http://localhost:4200/" "Mozilla/5.0 (Windows NT 10.0; Win64; x64) AppleWebKit/537.36 (KHTML, like Gecko) Chrome/91.0.4472.124 Safari/537.36"
::1 - - [04/Jul/2021:15:28:18 +0000] "GET /plan/60904c59720b3a6b29c3d932/2021/06/16 HTTP/1.1" 200 342 "http://localhost:4200/" "Mozilla/5.0 (Windows NT 10.0; Win64; x64) AppleWebKit/537.36 (KHTML, like Gecko) Chrome/91.0.4472.124 Safari/537.36"
::1 - - [04/Jul/2021:15:40:57 +0000] "GET /plan/edit/60a155dc93d937280c83bb66 HTTP/1.1" 200 342 "http://localhost:4200/" "Mozilla/5.0 (Windows NT 10.0; Win64; x64) AppleWebKit/537.36 (KHTML, like Gecko) Chrome/91.0.4472.124 Safari/537.36"
::1 - - [04/Jul/2021:15:40:57 +0000] "GET /plan/60904c59720b3a6b29c3d932/2021/06/16 HTTP/1.1" 200 342 "http://localhost:4200/" "Mozilla/5.0 (Windows NT 10.0; Win64; x64) AppleWebKit/537.36 (KHTML, like Gecko) Chrome/91.0.4472.124 Safari/537.36"
::1 - - [04/Jul/2021:15:43:30 +0000] "GET /plan/edit/60a155dc93d937280c83bb66 HTTP/1.1" 200 342 "http://localhost:4200/" "Mozilla/5.0 (Windows NT 10.0; Win64; x64) AppleWebKit/537.36 (KHTML, like Gecko) Chrome/91.0.4472.124 Safari/537.36"
::1 - - [04/Jul/2021:15:43:31 +0000] "GET /plan/60904c59720b3a6b29c3d932/2021/06/16 HTTP/1.1" 200 342 "http://localhost:4200/" "Mozilla/5.0 (Windows NT 10.0; Win64; x64) AppleWebKit/537.36 (KHTML, like Gecko) Chrome/91.0.4472.124 Safari/537.36"
::1 - - [04/Jul/2021:15:48:42 +0000] "GET /plan/edit/60a155dc93d937280c83bb66 HTTP/1.1" 200 342 "http://localhost:4200/" "Mozilla/5.0 (Windows NT 10.0; Win64; x64) AppleWebKit/537.36 (KHTML, like Gecko) Chrome/91.0.4472.124 Safari/537.36"
::1 - - [04/Jul/2021:15:48:42 +0000] "GET /plan/60904c59720b3a6b29c3d932/2021/06/16 HTTP/1.1" 200 342 "http://localhost:4200/" "Mozilla/5.0 (Windows NT 10.0; Win64; x64) AppleWebKit/537.36 (KHTML, like Gecko) Chrome/91.0.4472.124 Safari/537.36"
::1 - - [04/Jul/2021:15:48:52 +0000] "GET /plan/edit/60a155dc93d937280c83bb66 HTTP/1.1" 200 342 "http://localhost:4200/" "Mozilla/5.0 (Windows NT 10.0; Win64; x64) AppleWebKit/537.36 (KHTML, like Gecko) Chrome/91.0.4472.124 Safari/537.36"
::1 - - [04/Jul/2021:15:48:52 +0000] "GET /plan/60904c59720b3a6b29c3d932/2021/06/16 HTTP/1.1" 200 342 "http://localhost:4200/" "Mozilla/5.0 (Windows NT 10.0; Win64; x64) AppleWebKit/537.36 (KHTML, like Gecko) Chrome/91.0.4472.124 Safari/537.36"
::1 - - [04/Jul/2021:15:50:55 +0000] "GET /plan/edit/60a155dc93d937280c83bb66 HTTP/1.1" 200 342 "http://localhost:4200/" "Mozilla/5.0 (Windows NT 10.0; Win64; x64) AppleWebKit/537.36 (KHTML, like Gecko) Chrome/91.0.4472.124 Safari/537.36"
::1 - - [04/Jul/2021:15:50:55 +0000] "GET /plan/60904c59720b3a6b29c3d932/2021/06/16 HTTP/1.1" 200 342 "http://localhost:4200/" "Mozilla/5.0 (Windows NT 10.0; Win64; x64) AppleWebKit/537.36 (KHTML, like Gecko) Chrome/91.0.4472.124 Safari/537.36"
::1 - - [04/Jul/2021:15:51:01 +0000] "GET /plan/edit/60a155dc93d937280c83bb66 HTTP/1.1" 200 342 "http://localhost:4200/" "Mozilla/5.0 (Windows NT 10.0; Win64; x64) AppleWebKit/537.36 (KHTML, like Gecko) Chrome/91.0.4472.124 Safari/537.36"
::1 - - [04/Jul/2021:15:51:01 +0000] "GET /plan/60904c59720b3a6b29c3d932/2021/06/16 HTTP/1.1" 200 342 "http://localhost:4200/" "Mozilla/5.0 (Windows NT 10.0; Win64; x64) AppleWebKit/537.36 (KHTML, like Gecko) Chrome/91.0.4472.124 Safari/537.36"
::1 - - [04/Jul/2021:15:51:18 +0000] "GET /plan/edit/60a155dc93d937280c83bb66 HTTP/1.1" 200 342 "http://localhost:4200/" "Mozilla/5.0 (Windows NT 10.0; Win64; x64) AppleWebKit/537.36 (KHTML, like Gecko) Chrome/91.0.4472.124 Safari/537.36"
::1 - - [04/Jul/2021:15:51:18 +0000] "GET /plan/60904c59720b3a6b29c3d932/2021/06/16 HTTP/1.1" 200 342 "http://localhost:4200/" "Mozilla/5.0 (Windows NT 10.0; Win64; x64) AppleWebKit/537.36 (KHTML, like Gecko) Chrome/91.0.4472.124 Safari/537.36"
::1 - - [04/Jul/2021:15:51:21 +0000] "GET /plan/edit/60a155dc93d937280c83bb66 HTTP/1.1" 200 342 "http://localhost:4200/" "Mozilla/5.0 (Windows NT 10.0; Win64; x64) AppleWebKit/537.36 (KHTML, like Gecko) Chrome/91.0.4472.124 Safari/537.36"
::1 - - [04/Jul/2021:15:51:21 +0000] "GET /plan/60904c59720b3a6b29c3d932/2021/06/16 HTTP/1.1" 200 342 "http://localhost:4200/" "Mozilla/5.0 (Windows NT 10.0; Win64; x64) AppleWebKit/537.36 (KHTML, like Gecko) Chrome/91.0.4472.124 Safari/537.36"
::1 - - [04/Jul/2021:15:51:40 +0000] "GET /plan/edit/60a155dc93d937280c83bb66 HTTP/1.1" 200 342 "http://localhost:4200/" "Mozilla/5.0 (Windows NT 10.0; Win64; x64) AppleWebKit/537.36 (KHTML, like Gecko) Chrome/91.0.4472.124 Safari/537.36"
::1 - - [04/Jul/2021:15:51:40 +0000] "GET /plan/60904c59720b3a6b29c3d932/2021/06/16 HTTP/1.1" 200 342 "http://localhost:4200/" "Mozilla/5.0 (Windows NT 10.0; Win64; x64) AppleWebKit/537.36 (KHTML, like Gecko) Chrome/91.0.4472.124 Safari/537.36"
::1 - - [04/Jul/2021:15:53:04 +0000] "GET /plan/edit/60a155dc93d937280c83bb66 HTTP/1.1" 200 342 "http://localhost:4200/" "Mozilla/5.0 (Windows NT 10.0; Win64; x64) AppleWebKit/537.36 (KHTML, like Gecko) Chrome/91.0.4472.124 Safari/537.36"
::1 - - [04/Jul/2021:15:53:04 +0000] "GET /plan/60904c59720b3a6b29c3d932/2021/06/16 HTTP/1.1" 200 342 "http://localhost:4200/" "Mozilla/5.0 (Windows NT 10.0; Win64; x64) AppleWebKit/537.36 (KHTML, like Gecko) Chrome/91.0.4472.124 Safari/537.36"
::1 - - [04/Jul/2021:15:53:10 +0000] "GET /plan/edit/60a155dc93d937280c83bb66 HTTP/1.1" 200 342 "http://localhost:4200/" "Mozilla/5.0 (Windows NT 10.0; Win64; x64) AppleWebKit/537.36 (KHTML, like Gecko) Chrome/91.0.4472.124 Safari/537.36"
::1 - - [04/Jul/2021:15:53:11 +0000] "GET /plan/60904c59720b3a6b29c3d932/2021/06/16 HTTP/1.1" 200 342 "http://localhost:4200/" "Mozilla/5.0 (Windows NT 10.0; Win64; x64) AppleWebKit/537.36 (KHTML, like Gecko) Chrome/91.0.4472.124 Safari/537.36"
::1 - - [04/Jul/2021:15:53:19 +0000] "GET /plan/edit/60a155dc93d937280c83bb66 HTTP/1.1" 200 342 "http://localhost:4200/" "Mozilla/5.0 (Windows NT 10.0; Win64; x64) AppleWebKit/537.36 (KHTML, like Gecko) Chrome/91.0.4472.124 Safari/537.36"
::1 - - [04/Jul/2021:15:53:19 +0000] "GET /plan/60904c59720b3a6b29c3d932/2021/06/16 HTTP/1.1" 200 342 "http://localhost:4200/" "Mozilla/5.0 (Windows NT 10.0; Win64; x64) AppleWebKit/537.36 (KHTML, like Gecko) Chrome/91.0.4472.124 Safari/537.36"
::1 - - [04/Jul/2021:15:53:27 +0000] "GET /plan/edit/60a155dc93d937280c83bb66 HTTP/1.1" 200 342 "http://localhost:4200/" "Mozilla/5.0 (Windows NT 10.0; Win64; x64) AppleWebKit/537.36 (KHTML, like Gecko) Chrome/91.0.4472.124 Safari/537.36"
::1 - - [04/Jul/2021:15:53:27 +0000] "GET /plan/60904c59720b3a6b29c3d932/2021/06/16 HTTP/1.1" 200 342 "http://localhost:4200/" "Mozilla/5.0 (Windows NT 10.0; Win64; x64) AppleWebKit/537.36 (KHTML, like Gecko) Chrome/91.0.4472.124 Safari/537.36"
::1 - - [04/Jul/2021:15:54:29 +0000] "GET /plan/edit/60a155dc93d937280c83bb66 HTTP/1.1" 200 342 "http://localhost:4200/" "Mozilla/5.0 (Windows NT 10.0; Win64; x64) AppleWebKit/537.36 (KHTML, like Gecko) Chrome/91.0.4472.124 Safari/537.36"
::1 - - [04/Jul/2021:15:54:29 +0000] "GET /plan/60904c59720b3a6b29c3d932/2021/06/16 HTTP/1.1" 200 342 "http://localhost:4200/" "Mozilla/5.0 (Windows NT 10.0; Win64; x64) AppleWebKit/537.36 (KHTML, like Gecko) Chrome/91.0.4472.124 Safari/537.36"
::1 - - [04/Jul/2021:19:25:26 +0000] "GET /plan/edit/60a155dc93d937280c83bb66 HTTP/1.1" 200 342 "http://localhost:4200/" "Mozilla/5.0 (Windows NT 10.0; Win64; x64) AppleWebKit/537.36 (KHTML, like Gecko) Chrome/91.0.4472.124 Safari/537.36"
::1 - - [04/Jul/2021:19:25:26 +0000] "GET /plan/60904c59720b3a6b29c3d932/2021/06/16 HTTP/1.1" 200 342 "http://localhost:4200/" "Mozilla/5.0 (Windows NT 10.0; Win64; x64) AppleWebKit/537.36 (KHTML, like Gecko) Chrome/91.0.4472.124 Safari/537.36"
