::1 - - [24/Aug/2021:17:01:30 +0000] "POST /user/login HTTP/1.1" 200 7 "-" "PostmanRuntime/7.28.3"
::1 - - [24/Aug/2021:17:01:33 +0000] "GET /plan/2021/08 HTTP/1.1" 500 34 "-" "PostmanRuntime/7.28.3"
::1 - - [24/Aug/2021:17:05:08 +0000] "POST /user/login HTTP/1.1" 200 7 "-" "PostmanRuntime/7.28.3"
::1 - - [24/Aug/2021:17:05:10 +0000] "GET /plan/2021/08 HTTP/1.1" 500 34 "-" "PostmanRuntime/7.28.3"
::1 - - [24/Aug/2021:17:06:20 +0000] "GET /plan/2021/08 HTTP/1.1" 500 34 "-" "PostmanRuntime/7.28.3"
::1 - - [24/Aug/2021:17:06:42 +0000] "GET /plan/2021/08 HTTP/1.1" 401 2131 "-" "PostmanRuntime/7.28.3"
::1 - - [24/Aug/2021:17:06:47 +0000] "POST /user/login HTTP/1.1" 200 7 "-" "PostmanRuntime/7.28.3"
::1 - - [24/Aug/2021:17:06:49 +0000] "GET /plan/2021/08 HTTP/1.1" 500 34 "-" "PostmanRuntime/7.28.3"
::1 - - [24/Aug/2021:17:07:37 +0000] "GET /plan/2021/08 HTTP/1.1" 500 34 "-" "PostmanRuntime/7.28.3"
::ffff:127.0.0.1 - - [24/Aug/2021:17:10:08 +0000] "GET /plan/2021/08 HTTP/1.1" 401 2131 "-" "PostmanRuntime/7.28.3"
::1 - - [24/Aug/2021:17:10:17 +0000] "GET /plan/2021/08 HTTP/1.1" 401 2131 "-" "PostmanRuntime/7.28.3"
::1 - - [24/Aug/2021:17:10:26 +0000] "POST /user/login HTTP/1.1" 200 7 "-" "PostmanRuntime/7.28.3"
::1 - - [24/Aug/2021:17:10:28 +0000] "GET /plan/2021/08 HTTP/1.1" 200 2 "-" "PostmanRuntime/7.28.3"
::1 - - [24/Aug/2021:17:11:22 +0000] "POST /user/login HTTP/1.1" 200 7 "-" "PostmanRuntime/7.28.3"
::1 - - [24/Aug/2021:17:11:23 +0000] "GET /plan/2021/08 HTTP/1.1" 500 946 "-" "PostmanRuntime/7.28.3"
::1 - - [24/Aug/2021:17:12:14 +0000] "GET /plan/2021/08 HTTP/1.1" 200 2 "-" "PostmanRuntime/7.28.3"
::1 - - [24/Aug/2021:17:13:31 +0000] "POST /user/login HTTP/1.1" 200 7 "-" "PostmanRuntime/7.28.3"
::1 - - [24/Aug/2021:17:13:32 +0000] "GET /plan/2021/08 HTTP/1.1" 200 2 "-" "PostmanRuntime/7.28.3"
::1 - - [24/Aug/2021:17:15:05 +0000] "POST /user/login HTTP/1.1" 200 7 "-" "PostmanRuntime/7.28.3"
::1 - - [24/Aug/2021:17:15:06 +0000] "GET /plan/2021/08 HTTP/1.1" 500 962 "-" "PostmanRuntime/7.28.3"
::1 - - [24/Aug/2021:17:16:21 +0000] "POST /user/login HTTP/1.1" 200 7 "-" "PostmanRuntime/7.28.3"
::1 - - [24/Aug/2021:17:16:22 +0000] "GET /plan/2021/08 HTTP/1.1" 500 962 "-" "PostmanRuntime/7.28.3"
::1 - - [24/Aug/2021:17:17:40 +0000] "GET /plan/2021/08 HTTP/1.1" 200 2 "-" "PostmanRuntime/7.28.3"
::ffff:127.0.0.1 - - [24/Aug/2021:17:17:40 +0000] "POST /user/login HTTP/1.1" 200 7 "-" "PostmanRuntime/7.28.3"
::1 - - [24/Aug/2021:17:18:47 +0000] "POST /user/login HTTP/1.1" 200 7 "-" "PostmanRuntime/7.28.3"
::1 - - [24/Aug/2021:17:18:54 +0000] "GET /plan/2021/08 HTTP/1.1" 200 2 "-" "PostmanRuntime/7.28.3"
::1 - - [24/Aug/2021:17:20:30 +0000] "POST /user/login HTTP/1.1" 200 7 "-" "PostmanRuntime/7.28.3"
::1 - - [24/Aug/2021:17:20:33 +0000] "GET /plan/2021/08 HTTP/1.1" 200 2 "-" "PostmanRuntime/7.28.3"
::1 - - [24/Aug/2021:17:21:05 +0000] "POST /user/login HTTP/1.1" 200 7 "-" "PostmanRuntime/7.28.3"
::1 - - [24/Aug/2021:17:21:08 +0000] "GET /plan/2021/08 HTTP/1.1" 200 2 "-" "PostmanRuntime/7.28.3"
::1 - - [24/Aug/2021:17:21:39 +0000] "POST /user/login HTTP/1.1" 200 7 "-" "PostmanRuntime/7.28.3"
::1 - - [24/Aug/2021:17:21:40 +0000] "GET /plan/2021/08 HTTP/1.1" 200 2 "-" "PostmanRuntime/7.28.3"
::1 - - [24/Aug/2021:17:23:06 +0000] "POST /user/login HTTP/1.1" 200 7 "-" "PostmanRuntime/7.28.3"
::1 - - [24/Aug/2021:17:23:06 +0000] "GET /plan/2021/08 HTTP/1.1" 200 2 "-" "PostmanRuntime/7.28.3"
::1 - - [24/Aug/2021:17:26:52 +0000] "POST /user/login HTTP/1.1" 200 7 "-" "PostmanRuntime/7.28.3"
::ffff:127.0.0.1 - - [24/Aug/2021:17:27:04 +0000] "POST /user/login HTTP/1.1" 200 7 "-" "PostmanRuntime/7.28.3"
::ffff:127.0.0.1 - - [24/Aug/2021:17:28:16 +0000] "POST /user/login HTTP/1.1" 200 7 "-" "PostmanRuntime/7.28.3"
::ffff:127.0.0.1 - - [24/Aug/2021:17:30:50 +0000] "POST /user/login HTTP/1.1" 200 7 "-" "PostmanRuntime/7.28.3"
::1 - - [24/Aug/2021:17:33:51 +0000] "POST /user/login HTTP/1.1" 200 7 "-" "PostmanRuntime/7.28.3"
::1 - - [24/Aug/2021:17:34:38 +0000] "POST /user/login HTTP/1.1" 200 7 "-" "PostmanRuntime/7.28.3"
::1 - - [24/Aug/2021:17:34:48 +0000] "GET /plan/2021/08 HTTP/1.1" 200 2 "-" "PostmanRuntime/7.28.3"
::1 - - [24/Aug/2021:17:36:15 +0000] "GET /plan/2021/07 HTTP/1.1" 200 2 "-" "PostmanRuntime/7.28.3"
::1 - - [24/Aug/2021:17:36:19 +0000] "GET /plan/2021/06 HTTP/1.1" 401 2131 "-" "PostmanRuntime/7.28.3"
::1 - - [24/Aug/2021:17:36:29 +0000] "POST /user/login HTTP/1.1" 200 7 "-" "PostmanRuntime/7.28.3"
::1 - - [24/Aug/2021:17:36:31 +0000] "GET /plan/2021/06 HTTP/1.1" 200 2 "-" "PostmanRuntime/7.28.3"
::1 - - [24/Aug/2021:17:36:35 +0000] "GET /plan/2021/05 HTTP/1.1" 200 2 "-" "PostmanRuntime/7.28.3"
::1 - - [24/Aug/2021:17:37:42 +0000] "GET /plan/2021/04 HTTP/1.1" 200 2 "-" "PostmanRuntime/7.28.3"
::1 - - [24/Aug/2021:17:38:40 +0000] "POST /user/login HTTP/1.1" 200 7 "-" "PostmanRuntime/7.28.3"
::1 - - [24/Aug/2021:17:38:42 +0000] "GET /plan/2021/04 HTTP/1.1" 200 2 "-" "PostmanRuntime/7.28.3"
::1 - - [24/Aug/2021:17:38:45 +0000] "GET /plan/2021/05 HTTP/1.1" 200 886 "-" "PostmanRuntime/7.28.3"
::1 - - [24/Aug/2021:17:40:30 +0000] "POST /user/login HTTP/1.1" 200 7 "-" "PostmanRuntime/7.28.3"
::1 - - [24/Aug/2021:17:40:32 +0000] "GET /plan/2021/05 HTTP/1.1" 200 886 "-" "PostmanRuntime/7.28.3"
::1 - - [24/Aug/2021:17:41:42 +0000] "POST /user/login HTTP/1.1" 200 7 "http://localhost:4200/" "Mozilla/5.0 (Windows NT 10.0; Win64; x64) AppleWebKit/537.36 (KHTML, like Gecko) Chrome/92.0.4515.159 Safari/537.36"
::1 - - [24/Aug/2021:17:41:53 +0000] "GET /plan/2021/08 HTTP/1.1" 401 2131 "http://localhost:4200/" "Mozilla/5.0 (Windows NT 10.0; Win64; x64) AppleWebKit/537.36 (KHTML, like Gecko) Chrome/92.0.4515.159 Safari/537.36"
::1 - - [24/Aug/2021:17:42:21 +0000] "POST /user/login HTTP/1.1" 200 7 "http://localhost:4200/" "Mozilla/5.0 (Windows NT 10.0; Win64; x64) AppleWebKit/537.36 (KHTML, like Gecko) Chrome/92.0.4515.159 Safari/537.36"
::1 - - [24/Aug/2021:17:44:35 +0000] "GET /plan/2021/08 HTTP/1.1" 401 2131 "http://localhost:4200/" "Mozilla/5.0 (Windows NT 10.0; Win64; x64) AppleWebKit/537.36 (KHTML, like Gecko) Chrome/92.0.4515.159 Safari/537.36"
::1 - - [24/Aug/2021:17:50:00 +0000] "POST /user/login HTTP/1.1" 200 7 "http://localhost:4200/" "Mozilla/5.0 (Windows NT 10.0; Win64; x64) AppleWebKit/537.36 (KHTML, like Gecko) Chrome/92.0.4515.159 Safari/537.36"
::1 - - [24/Aug/2021:17:50:12 +0000] "GET /plan/2021/08 HTTP/1.1" 401 2131 "http://localhost:4200/" "Mozilla/5.0 (Windows NT 10.0; Win64; x64) AppleWebKit/537.36 (KHTML, like Gecko) Chrome/92.0.4515.159 Safari/537.36"
::1 - - [24/Aug/2021:17:51:29 +0000] "POST /user/login HTTP/1.1" 200 7 "http://localhost:4200/" "Mozilla/5.0 (Windows NT 10.0; Win64; x64) AppleWebKit/537.36 (KHTML, like Gecko) Chrome/92.0.4515.159 Safari/537.36"
::1 - - [24/Aug/2021:17:51:37 +0000] "GET /plan/2021/08 HTTP/1.1" 401 2131 "http://localhost:4200/" "Mozilla/5.0 (Windows NT 10.0; Win64; x64) AppleWebKit/537.36 (KHTML, like Gecko) Chrome/92.0.4515.159 Safari/537.36"
::1 - - [24/Aug/2021:17:54:23 +0000] "POST /user/login HTTP/1.1" 200 7 "http://localhost:4200/" "Mozilla/5.0 (Windows NT 10.0; Win64; x64) AppleWebKit/537.36 (KHTML, like Gecko) Chrome/92.0.4515.159 Safari/537.36"
::1 - - [24/Aug/2021:17:54:31 +0000] "GET /plan/2021/08 HTTP/1.1" 401 2131 "http://localhost:4200/" "Mozilla/5.0 (Windows NT 10.0; Win64; x64) AppleWebKit/537.36 (KHTML, like Gecko) Chrome/92.0.4515.159 Safari/537.36"
::1 - - [24/Aug/2021:19:17:46 +0000] "POST /user/login HTTP/1.1" 200 208 "-" "PostmanRuntime/7.28.3"
::1 - - [24/Aug/2021:19:18:02 +0000] "GET /plan/2021/05 HTTP/1.1" 200 886 "-" "PostmanRuntime/7.28.3"
::1 - - [24/Aug/2021:19:18:08 +0000] "GET /plan/2021/05 HTTP/1.1" 401 1217 "-" "PostmanRuntime/7.28.3"
::1 - - [24/Aug/2021:19:18:17 +0000] "GET /plan/2021/05 HTTP/1.1" 200 886 "-" "PostmanRuntime/7.28.3"
::1 - - [24/Aug/2021:19:28:16 +0000] "GET /user HTTP/1.1" 200 1337 "http://localhost:4200/" "Mozilla/5.0 (Linux; Android 6.0; Nexus 5 Build/MRA58N) AppleWebKit/537.36 (KHTML, like Gecko) Chrome/92.0.4515.159 Mobile Safari/537.36"
::1 - - [24/Aug/2021:19:29:42 +0000] "GET /user HTTP/1.1" 200 1337 "http://localhost:4200/" "Mozilla/5.0 (Linux; Android 6.0; Nexus 5 Build/MRA58N) AppleWebKit/537.36 (KHTML, like Gecko) Chrome/92.0.4515.159 Mobile Safari/537.36"
::1 - - [24/Aug/2021:19:31:45 +0000] "GET /user HTTP/1.1" 200 1337 "http://localhost:4200/" "Mozilla/5.0 (Linux; Android 6.0; Nexus 5 Build/MRA58N) AppleWebKit/537.36 (KHTML, like Gecko) Chrome/92.0.4515.159 Mobile Safari/537.36"
::1 - - [24/Aug/2021:19:33:23 +0000] "GET /user HTTP/1.1" 200 1337 "http://localhost:4200/" "Mozilla/5.0 (Linux; Android 6.0; Nexus 5 Build/MRA58N) AppleWebKit/537.36 (KHTML, like Gecko) Chrome/92.0.4515.159 Mobile Safari/537.36"
::1 - - [24/Aug/2021:19:33:42 +0000] "POST /user/login HTTP/1.1" 401 1217 "http://localhost:4200/" "Mozilla/5.0 (Linux; Android 6.0; Nexus 5 Build/MRA58N) AppleWebKit/537.36 (KHTML, like Gecko) Chrome/92.0.4515.159 Mobile Safari/537.36"
::1 - - [24/Aug/2021:19:34:45 +0000] "POST /user/login HTTP/1.1" 401 1217 "http://localhost:4200/" "Mozilla/5.0 (Linux; Android 6.0; Nexus 5 Build/MRA58N) AppleWebKit/537.36 (KHTML, like Gecko) Chrome/92.0.4515.159 Mobile Safari/537.36"
::1 - - [24/Aug/2021:19:36:26 +0000] "POST /user/login HTTP/1.1" 401 1217 "http://localhost:4200/" "Mozilla/5.0 (Linux; Android 6.0; Nexus 5 Build/MRA58N) AppleWebKit/537.36 (KHTML, like Gecko) Chrome/92.0.4515.159 Mobile Safari/537.36"
::1 - - [24/Aug/2021:19:37:06 +0000] "POST /user/login HTTP/1.1" 200 225 "-" "PostmanRuntime/7.28.3"
::1 - - [24/Aug/2021:19:37:59 +0000] "POST /user/login HTTP/1.1" 401 1217 "http://localhost:4200/" "Mozilla/5.0 (Linux; Android 6.0; Nexus 5 Build/MRA58N) AppleWebKit/537.36 (KHTML, like Gecko) Chrome/92.0.4515.159 Mobile Safari/537.36"
::1 - - [24/Aug/2021:20:08:16 +0000] "POST /user/login HTTP/1.1" 200 225 "http://localhost:4200/" "Mozilla/5.0 (Linux; Android 6.0; Nexus 5 Build/MRA58N) AppleWebKit/537.36 (KHTML, like Gecko) Chrome/92.0.4515.159 Mobile Safari/537.36"
::1 - - [24/Aug/2021:20:11:45 +0000] "POST /user/login HTTP/1.1" 200 225 "http://localhost:4200/" "Mozilla/5.0 (Linux; Android 6.0; Nexus 5 Build/MRA58N) AppleWebKit/537.36 (KHTML, like Gecko) Chrome/92.0.4515.159 Mobile Safari/537.36"
::1 - - [24/Aug/2021:20:13:17 +0000] "POST /user/login HTTP/1.1" 200 225 "http://localhost:4200/" "Mozilla/5.0 (Linux; Android 6.0; Nexus 5 Build/MRA58N) AppleWebKit/537.36 (KHTML, like Gecko) Chrome/92.0.4515.159 Mobile Safari/537.36"
::1 - - [24/Aug/2021:20:14:53 +0000] "POST /user/login HTTP/1.1" 200 237 "http://localhost:4200/" "Mozilla/5.0 (Linux; Android 6.0; Nexus 5 Build/MRA58N) AppleWebKit/537.36 (KHTML, like Gecko) Chrome/92.0.4515.159 Mobile Safari/537.36"
::1 - - [24/Aug/2021:20:16:30 +0000] "POST /user/login HTTP/1.1" 200 237 "http://localhost:4200/" "Mozilla/5.0 (Linux; Android 6.0; Nexus 5 Build/MRA58N) AppleWebKit/537.36 (KHTML, like Gecko) Chrome/92.0.4515.159 Mobile Safari/537.36"
::1 - - [24/Aug/2021:20:16:52 +0000] "POST /user/login HTTP/1.1" 200 237 "http://localhost:4200/" "Mozilla/5.0 (Linux; Android 6.0; Nexus 5 Build/MRA58N) AppleWebKit/537.36 (KHTML, like Gecko) Chrome/92.0.4515.159 Mobile Safari/537.36"
::1 - - [24/Aug/2021:20:17:34 +0000] "POST /user/login HTTP/1.1" 200 237 "http://localhost:4200/" "Mozilla/5.0 (Linux; Android 6.0; Nexus 5 Build/MRA58N) AppleWebKit/537.36 (KHTML, like Gecko) Chrome/92.0.4515.159 Mobile Safari/537.36"
::1 - - [24/Aug/2021:20:17:41 +0000] "GET /plan/2021/08 HTTP/1.1" 401 2131 "http://localhost:4200/" "Mozilla/5.0 (Linux; Android 6.0; Nexus 5 Build/MRA58N) AppleWebKit/537.36 (KHTML, like Gecko) Chrome/92.0.4515.159 Mobile Safari/537.36"
::1 - - [24/Aug/2021:20:19:11 +0000] "POST /user/login HTTP/1.1" 200 237 "http://localhost:4200/" "Mozilla/5.0 (Linux; Android 6.0; Nexus 5 Build/MRA58N) AppleWebKit/537.36 (KHTML, like Gecko) Chrome/92.0.4515.159 Mobile Safari/537.36"
::1 - - [24/Aug/2021:20:19:19 +0000] "POST /user/login HTTP/1.1" 200 237 "http://localhost:4200/" "Mozilla/5.0 (Linux; Android 6.0; Nexus 5 Build/MRA58N) AppleWebKit/537.36 (KHTML, like Gecko) Chrome/92.0.4515.159 Mobile Safari/537.36"
::1 - - [24/Aug/2021:20:19:28 +0000] "GET /user HTTP/1.1" 200 1337 "http://localhost:4200/" "Mozilla/5.0 (Linux; Android 6.0; Nexus 5 Build/MRA58N) AppleWebKit/537.36 (KHTML, like Gecko) Chrome/92.0.4515.159 Mobile Safari/537.36"
::1 - - [24/Aug/2021:20:20:40 +0000] "POST /user/login HTTP/1.1" 200 237 "http://localhost:4200/" "Mozilla/5.0 (Linux; Android 6.0; Nexus 5 Build/MRA58N) AppleWebKit/537.36 (KHTML, like Gecko) Chrome/92.0.4515.159 Mobile Safari/537.36"
::1 - - [24/Aug/2021:20:20:43 +0000] "POST /user/login HTTP/1.1" 200 237 "http://localhost:4200/" "Mozilla/5.0 (Linux; Android 6.0; Nexus 5 Build/MRA58N) AppleWebKit/537.36 (KHTML, like Gecko) Chrome/92.0.4515.159 Mobile Safari/537.36"
::1 - - [24/Aug/2021:20:22:24 +0000] "POST /user/login HTTP/1.1" 200 237 "http://localhost:4200/" "Mozilla/5.0 (Linux; Android 6.0; Nexus 5 Build/MRA58N) AppleWebKit/537.36 (KHTML, like Gecko) Chrome/92.0.4515.159 Mobile Safari/537.36"
::1 - - [24/Aug/2021:20:22:28 +0000] "POST /user/login HTTP/1.1" 200 237 "http://localhost:4200/" "Mozilla/5.0 (Linux; Android 6.0; Nexus 5 Build/MRA58N) AppleWebKit/537.36 (KHTML, like Gecko) Chrome/92.0.4515.159 Mobile Safari/537.36"
::1 - - [24/Aug/2021:20:22:32 +0000] "GET /user HTTP/1.1" 200 1337 "http://localhost:4200/" "Mozilla/5.0 (Linux; Android 6.0; Nexus 5 Build/MRA58N) AppleWebKit/537.36 (KHTML, like Gecko) Chrome/92.0.4515.159 Mobile Safari/537.36"
::1 - - [24/Aug/2021:22:24:47 +0000] "GET /user HTTP/1.1" 200 1337 "http://localhost:4200/" "Mozilla/5.0 (Linux; Android 6.0; Nexus 5 Build/MRA58N) AppleWebKit/537.36 (KHTML, like Gecko) Chrome/92.0.4515.159 Mobile Safari/537.36"
::1 - - [24/Aug/2021:23:11:47 +0000] "GET /user HTTP/1.1" 200 1337 "http://localhost:4200/" "Mozilla/5.0 (Linux; Android 6.0; Nexus 5 Build/MRA58N) AppleWebKit/537.36 (KHTML, like Gecko) Chrome/92.0.4515.159 Mobile Safari/537.36"
::1 - - [24/Aug/2021:23:22:59 +0000] "POST /user/login HTTP/1.1" 200 237 "http://localhost:4200/" "Mozilla/5.0 (Linux; Android 6.0; Nexus 5 Build/MRA58N) AppleWebKit/537.36 (KHTML, like Gecko) Chrome/92.0.4515.159 Mobile Safari/537.36"
::1 - - [24/Aug/2021:23:23:09 +0000] "POST /user/login HTTP/1.1" 200 237 "http://localhost:4200/" "Mozilla/5.0 (Linux; Android 6.0; Nexus 5 Build/MRA58N) AppleWebKit/537.36 (KHTML, like Gecko) Chrome/92.0.4515.159 Mobile Safari/537.36"
::1 - - [24/Aug/2021:23:28:31 +0000] "POST /user/login HTTP/1.1" 200 237 "http://localhost:4200/" "Mozilla/5.0 (Linux; Android 6.0; Nexus 5 Build/MRA58N) AppleWebKit/537.36 (KHTML, like Gecko) Chrome/92.0.4515.159 Mobile Safari/537.36"
::1 - - [24/Aug/2021:23:28:50 +0000] "POST /user/login HTTP/1.1" 200 237 "-" "PostmanRuntime/7.28.3"
::1 - - [24/Aug/2021:23:37:39 +0000] "POST /user/login HTTP/1.1" 200 237 "http://localhost:4200/" "Mozilla/5.0 (Linux; Android 6.0; Nexus 5 Build/MRA58N) AppleWebKit/537.36 (KHTML, like Gecko) Chrome/92.0.4515.159 Mobile Safari/537.36"
::1 - - [24/Aug/2021:23:39:15 +0000] "POST /user/login HTTP/1.1" 200 237 "http://localhost:4200/" "Mozilla/5.0 (Linux; Android 6.0; Nexus 5 Build/MRA58N) AppleWebKit/537.36 (KHTML, like Gecko) Chrome/92.0.4515.159 Mobile Safari/537.36"
::1 - - [24/Aug/2021:23:42:21 +0000] "GET /user HTTP/1.1" 200 1337 "http://localhost:4200/" "Mozilla/5.0 (Linux; Android 6.0; Nexus 5 Build/MRA58N) AppleWebKit/537.36 (KHTML, like Gecko) Chrome/92.0.4515.159 Mobile Safari/537.36"
::1 - - [24/Aug/2021:23:48:33 +0000] "GET /user HTTP/1.1" 200 1337 "http://localhost:4200/" "Mozilla/5.0 (Linux; Android 6.0; Nexus 5 Build/MRA58N) AppleWebKit/537.36 (KHTML, like Gecko) Chrome/92.0.4515.159 Mobile Safari/537.36"
::1 - - [24/Aug/2021:23:52:20 +0000] "POST /user/login HTTP/1.1" 200 237 "http://localhost:4200/" "Mozilla/5.0 (Linux; Android 6.0; Nexus 5 Build/MRA58N) AppleWebKit/537.36 (KHTML, like Gecko) Chrome/92.0.4515.159 Mobile Safari/537.36"
::1 - - [24/Aug/2021:23:52:22 +0000] "POST /user/login HTTP/1.1" 200 237 "http://localhost:4200/" "Mozilla/5.0 (Linux; Android 6.0; Nexus 5 Build/MRA58N) AppleWebKit/537.36 (KHTML, like Gecko) Chrome/92.0.4515.159 Mobile Safari/537.36"
::1 - - [24/Aug/2021:23:52:27 +0000] "GET /plan/2021/08 HTTP/1.1" 401 1217 "http://localhost:4200/" "Mozilla/5.0 (Linux; Android 6.0; Nexus 5 Build/MRA58N) AppleWebKit/537.36 (KHTML, like Gecko) Chrome/92.0.4515.159 Mobile Safari/537.36"
::1 - - [24/Aug/2021:23:53:31 +0000] "POST /user/login HTTP/1.1" 200 237 "http://localhost:4200/" "Mozilla/5.0 (Linux; Android 6.0; Nexus 5 Build/MRA58N) AppleWebKit/537.36 (KHTML, like Gecko) Chrome/92.0.4515.159 Mobile Safari/537.36"
::1 - - [24/Aug/2021:23:53:38 +0000] "GET /plan/2021/08 HTTP/1.1" 401 1217 "http://localhost:4200/" "Mozilla/5.0 (Linux; Android 6.0; Nexus 5 Build/MRA58N) AppleWebKit/537.36 (KHTML, like Gecko) Chrome/92.0.4515.159 Mobile Safari/537.36"
::1 - - [24/Aug/2021:23:55:17 +0000] "POST /user/login HTTP/1.1" 200 237 "http://localhost:4200/" "Mozilla/5.0 (Linux; Android 6.0; Nexus 5 Build/MRA58N) AppleWebKit/537.36 (KHTML, like Gecko) Chrome/92.0.4515.159 Mobile Safari/537.36"
::1 - - [24/Aug/2021:23:55:22 +0000] "GET /plan/2021/08 HTTP/1.1" 401 2131 "http://localhost:4200/" "Mozilla/5.0 (Linux; Android 6.0; Nexus 5 Build/MRA58N) AppleWebKit/537.36 (KHTML, like Gecko) Chrome/92.0.4515.159 Mobile Safari/537.36"
::1 - - [24/Aug/2021:23:56:32 +0000] "POST /user/login HTTP/1.1" 200 237 "http://localhost:4200/" "Mozilla/5.0 (Linux; Android 6.0; Nexus 5 Build/MRA58N) AppleWebKit/537.36 (KHTML, like Gecko) Chrome/92.0.4515.159 Mobile Safari/537.36"
::1 - - [24/Aug/2021:23:56:37 +0000] "GET /plan/2021/08 HTTP/1.1" 401 2131 "http://localhost:4200/" "Mozilla/5.0 (Linux; Android 6.0; Nexus 5 Build/MRA58N) AppleWebKit/537.36 (KHTML, like Gecko) Chrome/92.0.4515.159 Mobile Safari/537.36"
::1 - - [25/Aug/2021:00:00:38 +0000] "POST /user/login HTTP/1.1" 200 237 "http://localhost:4200/" "Mozilla/5.0 (Linux; Android 6.0; Nexus 5 Build/MRA58N) AppleWebKit/537.36 (KHTML, like Gecko) Chrome/92.0.4515.159 Mobile Safari/537.36"
::1 - - [25/Aug/2021:00:00:44 +0000] "GET /plan/2021/08 HTTP/1.1" 401 2131 "http://localhost:4200/" "Mozilla/5.0 (Linux; Android 6.0; Nexus 5 Build/MRA58N) AppleWebKit/537.36 (KHTML, like Gecko) Chrome/92.0.4515.159 Mobile Safari/537.36"
::1 - - [25/Aug/2021:00:01:39 +0000] "GET /user HTTP/1.1" 200 1337 "http://localhost:4200/" "Mozilla/5.0 (Linux; Android 6.0; Nexus 5 Build/MRA58N) AppleWebKit/537.36 (KHTML, like Gecko) Chrome/92.0.4515.159 Mobile Safari/537.36"
::1 - - [25/Aug/2021:00:20:38 +0000] "GET /user HTTP/1.1" 200 1337 "http://localhost:4200/" "Mozilla/5.0 (Linux; Android 6.0; Nexus 5 Build/MRA58N) AppleWebKit/537.36 (KHTML, like Gecko) Chrome/92.0.4515.159 Mobile Safari/537.36"
