::1 - - [05/Jul/2021:22:40:06 +0000] "GET /plan/60904c59720b3a6b29c3d932/2021/06/16 HTTP/1.1" 200 342 "-" "Mozilla/5.0 (Windows NT 10.0; Win64; x64) AppleWebKit/537.36 (KHTML, like Gecko) Chrome/91.0.4472.124 Safari/537.36"
::1 - - [05/Jul/2021:22:40:08 +0000] "GET /plan/edit/60a155dc93d937280c83bb66 HTTP/1.1" 200 342 "http://localhost:4200/" "Mozilla/5.0 (Windows NT 10.0; Win64; x64) AppleWebKit/537.36 (KHTML, like Gecko) Chrome/91.0.4472.124 Safari/537.36"
::1 - - [05/Jul/2021:22:40:08 +0000] "GET /plan/60904c59720b3a6b29c3d932/2021/06/16 HTTP/1.1" 200 342 "http://localhost:4200/" "Mozilla/5.0 (Windows NT 10.0; Win64; x64) AppleWebKit/537.36 (KHTML, like Gecko) Chrome/91.0.4472.124 Safari/537.36"
::1 - - [05/Jul/2021:22:41:15 +0000] "GET /plan/edit/60a155dc93d937280c83bb66 HTTP/1.1" 200 342 "http://localhost:4200/" "Mozilla/5.0 (Windows NT 10.0; Win64; x64) AppleWebKit/537.36 (KHTML, like Gecko) Chrome/91.0.4472.124 Safari/537.36"
::1 - - [05/Jul/2021:22:41:16 +0000] "GET /plan/60904c59720b3a6b29c3d932/2021/06/16 HTTP/1.1" 200 342 "http://localhost:4200/" "Mozilla/5.0 (Windows NT 10.0; Win64; x64) AppleWebKit/537.36 (KHTML, like Gecko) Chrome/91.0.4472.124 Safari/537.36"
::1 - - [05/Jul/2021:22:41:29 +0000] "GET /plan/edit/60a155dc93d937280c83bb66 HTTP/1.1" 200 342 "http://localhost:4200/" "Mozilla/5.0 (Windows NT 10.0; Win64; x64) AppleWebKit/537.36 (KHTML, like Gecko) Chrome/91.0.4472.124 Safari/537.36"
::1 - - [05/Jul/2021:22:41:29 +0000] "GET /plan/60904c59720b3a6b29c3d932/2021/06/16 HTTP/1.1" 200 342 "http://localhost:4200/" "Mozilla/5.0 (Windows NT 10.0; Win64; x64) AppleWebKit/537.36 (KHTML, like Gecko) Chrome/91.0.4472.124 Safari/537.36"
::1 - - [05/Jul/2021:22:41:53 +0000] "GET /plan/edit/60a155dc93d937280c83bb66 HTTP/1.1" 200 342 "http://localhost:4200/" "Mozilla/5.0 (Windows NT 10.0; Win64; x64) AppleWebKit/537.36 (KHTML, like Gecko) Chrome/91.0.4472.124 Safari/537.36"
::1 - - [05/Jul/2021:22:41:53 +0000] "GET /plan/60904c59720b3a6b29c3d932/2021/06/16 HTTP/1.1" 200 342 "http://localhost:4200/" "Mozilla/5.0 (Windows NT 10.0; Win64; x64) AppleWebKit/537.36 (KHTML, like Gecko) Chrome/91.0.4472.124 Safari/537.36"
::1 - - [05/Jul/2021:22:50:18 +0000] "GET /plan/edit/60a155dc93d937280c83bb66 HTTP/1.1" 200 342 "http://localhost:4200/" "Mozilla/5.0 (Windows NT 10.0; Win64; x64) AppleWebKit/537.36 (KHTML, like Gecko) Chrome/91.0.4472.124 Safari/537.36"
::1 - - [05/Jul/2021:22:50:34 +0000] "GET /plan/edit/60a155dc93d937280c83bb66 HTTP/1.1" 200 342 "http://localhost:4200/" "Mozilla/5.0 (Windows NT 10.0; Win64; x64) AppleWebKit/537.36 (KHTML, like Gecko) Chrome/91.0.4472.124 Safari/537.36"
::1 - - [05/Jul/2021:22:50:34 +0000] "GET /plan/60904c59720b3a6b29c3d932/2021/06/16 HTTP/1.1" 200 342 "http://localhost:4200/" "Mozilla/5.0 (Windows NT 10.0; Win64; x64) AppleWebKit/537.36 (KHTML, like Gecko) Chrome/91.0.4472.124 Safari/537.36"
::1 - - [05/Jul/2021:22:51:59 +0000] "GET /plan/edit/60a155dc93d937280c83bb66 HTTP/1.1" 200 342 "http://localhost:4200/" "Mozilla/5.0 (Windows NT 10.0; Win64; x64) AppleWebKit/537.36 (KHTML, like Gecko) Chrome/91.0.4472.124 Safari/537.36"
::1 - - [05/Jul/2021:22:51:59 +0000] "GET /plan/60904c59720b3a6b29c3d932/2021/06/16 HTTP/1.1" 200 342 "http://localhost:4200/" "Mozilla/5.0 (Windows NT 10.0; Win64; x64) AppleWebKit/537.36 (KHTML, like Gecko) Chrome/91.0.4472.124 Safari/537.36"
::1 - - [05/Jul/2021:22:52:20 +0000] "GET /plan/edit/60a155dc93d937280c83bb66 HTTP/1.1" 200 342 "http://localhost:4200/" "Mozilla/5.0 (Windows NT 10.0; Win64; x64) AppleWebKit/537.36 (KHTML, like Gecko) Chrome/91.0.4472.124 Safari/537.36"
::1 - - [05/Jul/2021:22:52:20 +0000] "GET /plan/60904c59720b3a6b29c3d932/2021/06/16 HTTP/1.1" 200 342 "http://localhost:4200/" "Mozilla/5.0 (Windows NT 10.0; Win64; x64) AppleWebKit/537.36 (KHTML, like Gecko) Chrome/91.0.4472.124 Safari/537.36"
::1 - - [05/Jul/2021:22:53:07 +0000] "GET /plan/edit/60a155dc93d937280c83bb66 HTTP/1.1" 200 342 "http://localhost:4200/" "Mozilla/5.0 (Windows NT 10.0; Win64; x64) AppleWebKit/537.36 (KHTML, like Gecko) Chrome/91.0.4472.124 Safari/537.36"
::1 - - [05/Jul/2021:22:53:07 +0000] "GET /plan/60904c59720b3a6b29c3d932/2021/06/16 HTTP/1.1" 200 342 "http://localhost:4200/" "Mozilla/5.0 (Windows NT 10.0; Win64; x64) AppleWebKit/537.36 (KHTML, like Gecko) Chrome/91.0.4472.124 Safari/537.36"
::1 - - [05/Jul/2021:22:54:25 +0000] "GET /plan/edit/60a155dc93d937280c83bb66 HTTP/1.1" 200 342 "http://localhost:4200/" "Mozilla/5.0 (Windows NT 10.0; Win64; x64) AppleWebKit/537.36 (KHTML, like Gecko) Chrome/91.0.4472.124 Safari/537.36"
::1 - - [05/Jul/2021:22:54:25 +0000] "GET /plan/60904c59720b3a6b29c3d932/2021/06/16 HTTP/1.1" 200 342 "http://localhost:4200/" "Mozilla/5.0 (Windows NT 10.0; Win64; x64) AppleWebKit/537.36 (KHTML, like Gecko) Chrome/91.0.4472.124 Safari/537.36"
::1 - - [05/Jul/2021:22:56:16 +0000] "GET /plan/edit/60a155dc93d937280c83bb66 HTTP/1.1" 200 342 "http://localhost:4200/" "Mozilla/5.0 (Windows NT 10.0; Win64; x64) AppleWebKit/537.36 (KHTML, like Gecko) Chrome/91.0.4472.124 Safari/537.36"
::1 - - [05/Jul/2021:22:56:16 +0000] "GET /plan/60904c59720b3a6b29c3d932/2021/06/16 HTTP/1.1" 200 342 "http://localhost:4200/" "Mozilla/5.0 (Windows NT 10.0; Win64; x64) AppleWebKit/537.36 (KHTML, like Gecko) Chrome/91.0.4472.124 Safari/537.36"
::1 - - [05/Jul/2021:22:59:44 +0000] "GET /plan/edit/60a155dc93d937280c83bb66 HTTP/1.1" 200 342 "http://localhost:4200/" "Mozilla/5.0 (Windows NT 10.0; Win64; x64) AppleWebKit/537.36 (KHTML, like Gecko) Chrome/91.0.4472.124 Safari/537.36"
::1 - - [05/Jul/2021:22:59:44 +0000] "GET /plan/60904c59720b3a6b29c3d932/2021/06/16 HTTP/1.1" 200 342 "http://localhost:4200/" "Mozilla/5.0 (Windows NT 10.0; Win64; x64) AppleWebKit/537.36 (KHTML, like Gecko) Chrome/91.0.4472.124 Safari/537.36"
::1 - - [05/Jul/2021:23:00:23 +0000] "GET /plan/edit/60a155dc93d937280c83bb66 HTTP/1.1" 200 342 "http://localhost:4200/" "Mozilla/5.0 (Windows NT 10.0; Win64; x64) AppleWebKit/537.36 (KHTML, like Gecko) Chrome/91.0.4472.124 Safari/537.36"
::1 - - [05/Jul/2021:23:00:23 +0000] "GET /plan/60904c59720b3a6b29c3d932/2021/06/16 HTTP/1.1" 200 342 "http://localhost:4200/" "Mozilla/5.0 (Windows NT 10.0; Win64; x64) AppleWebKit/537.36 (KHTML, like Gecko) Chrome/91.0.4472.124 Safari/537.36"
::1 - - [05/Jul/2021:23:02:21 +0000] "GET /plan/edit/60a155dc93d937280c83bb66 HTTP/1.1" 200 342 "http://localhost:4200/" "Mozilla/5.0 (Windows NT 10.0; Win64; x64) AppleWebKit/537.36 (KHTML, like Gecko) Chrome/91.0.4472.124 Safari/537.36"
::1 - - [05/Jul/2021:23:02:21 +0000] "GET /plan/60904c59720b3a6b29c3d932/2021/06/16 HTTP/1.1" 200 342 "http://localhost:4200/" "Mozilla/5.0 (Windows NT 10.0; Win64; x64) AppleWebKit/537.36 (KHTML, like Gecko) Chrome/91.0.4472.124 Safari/537.36"
::1 - - [05/Jul/2021:23:02:46 +0000] "GET /plan/edit/60a155dc93d937280c83bb66 HTTP/1.1" 200 342 "http://localhost:4200/" "Mozilla/5.0 (Windows NT 10.0; Win64; x64) AppleWebKit/537.36 (KHTML, like Gecko) Chrome/91.0.4472.124 Safari/537.36"
::1 - - [05/Jul/2021:23:02:46 +0000] "GET /plan/60904c59720b3a6b29c3d932/2021/06/16 HTTP/1.1" 200 342 "http://localhost:4200/" "Mozilla/5.0 (Windows NT 10.0; Win64; x64) AppleWebKit/537.36 (KHTML, like Gecko) Chrome/91.0.4472.124 Safari/537.36"
::1 - - [05/Jul/2021:23:02:50 +0000] "GET /plan/edit/60a155dc93d937280c83bb66 HTTP/1.1" 200 342 "http://localhost:4200/" "Mozilla/5.0 (Windows NT 10.0; Win64; x64) AppleWebKit/537.36 (KHTML, like Gecko) Chrome/91.0.4472.124 Safari/537.36"
::1 - - [05/Jul/2021:23:02:51 +0000] "GET /plan/60904c59720b3a6b29c3d932/2021/06/16 HTTP/1.1" 200 342 "http://localhost:4200/" "Mozilla/5.0 (Windows NT 10.0; Win64; x64) AppleWebKit/537.36 (KHTML, like Gecko) Chrome/91.0.4472.124 Safari/537.36"
::1 - - [05/Jul/2021:23:03:06 +0000] "GET /plan/edit/60a155dc93d937280c83bb66 HTTP/1.1" 200 342 "http://localhost:4200/" "Mozilla/5.0 (Windows NT 10.0; Win64; x64) AppleWebKit/537.36 (KHTML, like Gecko) Chrome/91.0.4472.124 Safari/537.36"
::1 - - [05/Jul/2021:23:03:06 +0000] "GET /plan/60904c59720b3a6b29c3d932/2021/06/16 HTTP/1.1" 200 342 "http://localhost:4200/" "Mozilla/5.0 (Windows NT 10.0; Win64; x64) AppleWebKit/537.36 (KHTML, like Gecko) Chrome/91.0.4472.124 Safari/537.36"
::1 - - [05/Jul/2021:23:04:40 +0000] "GET /plan/edit/60a155dc93d937280c83bb66 HTTP/1.1" 200 342 "http://localhost:4200/" "Mozilla/5.0 (Windows NT 10.0; Win64; x64) AppleWebKit/537.36 (KHTML, like Gecko) Chrome/91.0.4472.124 Safari/537.36"
::1 - - [05/Jul/2021:23:04:41 +0000] "GET /plan/60904c59720b3a6b29c3d932/2021/06/16 HTTP/1.1" 200 342 "http://localhost:4200/" "Mozilla/5.0 (Windows NT 10.0; Win64; x64) AppleWebKit/537.36 (KHTML, like Gecko) Chrome/91.0.4472.124 Safari/537.36"
::1 - - [05/Jul/2021:23:06:27 +0000] "GET /plan/edit/60a155dc93d937280c83bb66 HTTP/1.1" 200 342 "http://localhost:4200/" "Mozilla/5.0 (Windows NT 10.0; Win64; x64) AppleWebKit/537.36 (KHTML, like Gecko) Chrome/91.0.4472.124 Safari/537.36"
::1 - - [05/Jul/2021:23:06:27 +0000] "GET /plan/60904c59720b3a6b29c3d932/2021/06/16 HTTP/1.1" 200 342 "http://localhost:4200/" "Mozilla/5.0 (Windows NT 10.0; Win64; x64) AppleWebKit/537.36 (KHTML, like Gecko) Chrome/91.0.4472.124 Safari/537.36"
::1 - - [05/Jul/2021:23:07:18 +0000] "GET /plan/edit/60a155dc93d937280c83bb66 HTTP/1.1" 200 342 "http://localhost:4200/" "Mozilla/5.0 (Windows NT 10.0; Win64; x64) AppleWebKit/537.36 (KHTML, like Gecko) Chrome/91.0.4472.124 Safari/537.36"
::1 - - [05/Jul/2021:23:07:18 +0000] "GET /plan/60904c59720b3a6b29c3d932/2021/06/16 HTTP/1.1" 200 342 "http://localhost:4200/" "Mozilla/5.0 (Windows NT 10.0; Win64; x64) AppleWebKit/537.36 (KHTML, like Gecko) Chrome/91.0.4472.124 Safari/537.36"
::1 - - [05/Jul/2021:23:09:21 +0000] "GET /plan/edit/60a155dc93d937280c83bb66 HTTP/1.1" 200 342 "http://localhost:4200/" "Mozilla/5.0 (Windows NT 10.0; Win64; x64) AppleWebKit/537.36 (KHTML, like Gecko) Chrome/91.0.4472.124 Safari/537.36"
::1 - - [05/Jul/2021:23:09:21 +0000] "GET /plan/60904c59720b3a6b29c3d932/2021/06/16 HTTP/1.1" 200 342 "http://localhost:4200/" "Mozilla/5.0 (Windows NT 10.0; Win64; x64) AppleWebKit/537.36 (KHTML, like Gecko) Chrome/91.0.4472.124 Safari/537.36"
::1 - - [05/Jul/2021:23:10:16 +0000] "GET /plan/edit/60a155dc93d937280c83bb66 HTTP/1.1" 200 342 "http://localhost:4200/" "Mozilla/5.0 (Windows NT 10.0; Win64; x64) AppleWebKit/537.36 (KHTML, like Gecko) Chrome/91.0.4472.124 Safari/537.36"
::1 - - [05/Jul/2021:23:10:16 +0000] "GET /plan/60904c59720b3a6b29c3d932/2021/06/16 HTTP/1.1" 200 342 "http://localhost:4200/" "Mozilla/5.0 (Windows NT 10.0; Win64; x64) AppleWebKit/537.36 (KHTML, like Gecko) Chrome/91.0.4472.124 Safari/537.36"
::1 - - [05/Jul/2021:23:10:41 +0000] "GET /plan/edit/60a155dc93d937280c83bb66 HTTP/1.1" 200 342 "http://localhost:4200/" "Mozilla/5.0 (Windows NT 10.0; Win64; x64) AppleWebKit/537.36 (KHTML, like Gecko) Chrome/91.0.4472.124 Safari/537.36"
::1 - - [05/Jul/2021:23:10:42 +0000] "GET /plan/60904c59720b3a6b29c3d932/2021/06/16 HTTP/1.1" 200 342 "http://localhost:4200/" "Mozilla/5.0 (Windows NT 10.0; Win64; x64) AppleWebKit/537.36 (KHTML, like Gecko) Chrome/91.0.4472.124 Safari/537.36"
::1 - - [05/Jul/2021:23:11:17 +0000] "GET /plan/edit/60a155dc93d937280c83bb66 HTTP/1.1" 200 342 "http://localhost:4200/" "Mozilla/5.0 (Windows NT 10.0; Win64; x64) AppleWebKit/537.36 (KHTML, like Gecko) Chrome/91.0.4472.124 Safari/537.36"
::1 - - [05/Jul/2021:23:11:17 +0000] "GET /plan/60904c59720b3a6b29c3d932/2021/06/16 HTTP/1.1" 200 342 "http://localhost:4200/" "Mozilla/5.0 (Windows NT 10.0; Win64; x64) AppleWebKit/537.36 (KHTML, like Gecko) Chrome/91.0.4472.124 Safari/537.36"
::1 - - [05/Jul/2021:23:11:36 +0000] "GET /plan/edit/60a155dc93d937280c83bb66 HTTP/1.1" 200 342 "http://localhost:4200/" "Mozilla/5.0 (Windows NT 10.0; Win64; x64) AppleWebKit/537.36 (KHTML, like Gecko) Chrome/91.0.4472.124 Safari/537.36"
::1 - - [05/Jul/2021:23:11:36 +0000] "GET /plan/60904c59720b3a6b29c3d932/2021/06/16 HTTP/1.1" 200 342 "http://localhost:4200/" "Mozilla/5.0 (Windows NT 10.0; Win64; x64) AppleWebKit/537.36 (KHTML, like Gecko) Chrome/91.0.4472.124 Safari/537.36"
::1 - - [05/Jul/2021:23:11:57 +0000] "GET /plan/edit/60a155dc93d937280c83bb66 HTTP/1.1" 200 342 "http://localhost:4200/" "Mozilla/5.0 (Windows NT 10.0; Win64; x64) AppleWebKit/537.36 (KHTML, like Gecko) Chrome/91.0.4472.124 Safari/537.36"
::1 - - [05/Jul/2021:23:11:57 +0000] "GET /plan/60904c59720b3a6b29c3d932/2021/06/16 HTTP/1.1" 200 342 "http://localhost:4200/" "Mozilla/5.0 (Windows NT 10.0; Win64; x64) AppleWebKit/537.36 (KHTML, like Gecko) Chrome/91.0.4472.124 Safari/537.36"
::1 - - [05/Jul/2021:23:12:21 +0000] "GET /plan/edit/60a155dc93d937280c83bb66 HTTP/1.1" 200 342 "http://localhost:4200/" "Mozilla/5.0 (Windows NT 10.0; Win64; x64) AppleWebKit/537.36 (KHTML, like Gecko) Chrome/91.0.4472.124 Safari/537.36"
::1 - - [05/Jul/2021:23:12:21 +0000] "GET /plan/60904c59720b3a6b29c3d932/2021/06/16 HTTP/1.1" 200 342 "http://localhost:4200/" "Mozilla/5.0 (Windows NT 10.0; Win64; x64) AppleWebKit/537.36 (KHTML, like Gecko) Chrome/91.0.4472.124 Safari/537.36"
::1 - - [05/Jul/2021:23:12:49 +0000] "GET /plan/edit/60a155dc93d937280c83bb66 HTTP/1.1" 200 342 "http://localhost:4200/" "Mozilla/5.0 (Windows NT 10.0; Win64; x64) AppleWebKit/537.36 (KHTML, like Gecko) Chrome/91.0.4472.124 Safari/537.36"
::1 - - [05/Jul/2021:23:12:49 +0000] "GET /plan/60904c59720b3a6b29c3d932/2021/06/16 HTTP/1.1" 200 342 "http://localhost:4200/" "Mozilla/5.0 (Windows NT 10.0; Win64; x64) AppleWebKit/537.36 (KHTML, like Gecko) Chrome/91.0.4472.124 Safari/537.36"
::1 - - [05/Jul/2021:23:13:02 +0000] "GET /plan/edit/60a155dc93d937280c83bb66 HTTP/1.1" 200 342 "http://localhost:4200/" "Mozilla/5.0 (Windows NT 10.0; Win64; x64) AppleWebKit/537.36 (KHTML, like Gecko) Chrome/91.0.4472.124 Safari/537.36"
::1 - - [05/Jul/2021:23:13:02 +0000] "GET /plan/60904c59720b3a6b29c3d932/2021/06/16 HTTP/1.1" 200 342 "http://localhost:4200/" "Mozilla/5.0 (Windows NT 10.0; Win64; x64) AppleWebKit/537.36 (KHTML, like Gecko) Chrome/91.0.4472.124 Safari/537.36"
::1 - - [05/Jul/2021:23:13:52 +0000] "GET /plan/edit/60a155dc93d937280c83bb66 HTTP/1.1" 200 342 "http://localhost:4200/" "Mozilla/5.0 (Windows NT 10.0; Win64; x64) AppleWebKit/537.36 (KHTML, like Gecko) Chrome/91.0.4472.124 Safari/537.36"
::1 - - [05/Jul/2021:23:13:52 +0000] "GET /plan/60904c59720b3a6b29c3d932/2021/06/16 HTTP/1.1" 200 342 "http://localhost:4200/" "Mozilla/5.0 (Windows NT 10.0; Win64; x64) AppleWebKit/537.36 (KHTML, like Gecko) Chrome/91.0.4472.124 Safari/537.36"
::1 - - [05/Jul/2021:23:14:25 +0000] "GET /plan/edit/60a155dc93d937280c83bb66 HTTP/1.1" 200 342 "http://localhost:4200/" "Mozilla/5.0 (Windows NT 10.0; Win64; x64) AppleWebKit/537.36 (KHTML, like Gecko) Chrome/91.0.4472.124 Safari/537.36"
::1 - - [05/Jul/2021:23:14:26 +0000] "GET /plan/60904c59720b3a6b29c3d932/2021/06/16 HTTP/1.1" 200 342 "http://localhost:4200/" "Mozilla/5.0 (Windows NT 10.0; Win64; x64) AppleWebKit/537.36 (KHTML, like Gecko) Chrome/91.0.4472.124 Safari/537.36"
::1 - - [05/Jul/2021:23:15:06 +0000] "PUT /plan/60a155dc93d937280c83bb66 HTTP/1.1" 200 574 "http://localhost:4200/" "Mozilla/5.0 (Windows NT 10.0; Win64; x64) AppleWebKit/537.36 (KHTML, like Gecko) Chrome/91.0.4472.124 Safari/537.36"
::1 - - [05/Jul/2021:23:15:06 +0000] "GET /plan/edit/60a155dc93d937280c83bb66 HTTP/1.1" - - "http://localhost:4200/" "Mozilla/5.0 (Windows NT 10.0; Win64; x64) AppleWebKit/537.36 (KHTML, like Gecko) Chrome/91.0.4472.124 Safari/537.36"
::1 - - [05/Jul/2021:23:15:06 +0000] "GET /plan/60904c59720b3a6b29c3d932/2021/07 HTTP/1.1" 200 2 "http://localhost:4200/" "Mozilla/5.0 (Windows NT 10.0; Win64; x64) AppleWebKit/537.36 (KHTML, like Gecko) Chrome/91.0.4472.124 Safari/537.36"
::1 - - [05/Jul/2021:23:15:15 +0000] "GET /plan/60904c59720b3a6b29c3d932/2021/06 HTTP/1.1" 200 576 "http://localhost:4200/" "Mozilla/5.0 (Windows NT 10.0; Win64; x64) AppleWebKit/537.36 (KHTML, like Gecko) Chrome/91.0.4472.124 Safari/537.36"
::1 - - [05/Jul/2021:23:15:19 +0000] "PUT /plan/60a155dc93d937280c83bb66 HTTP/1.1" 200 574 "http://localhost:4200/" "Mozilla/5.0 (Windows NT 10.0; Win64; x64) AppleWebKit/537.36 (KHTML, like Gecko) Chrome/91.0.4472.124 Safari/537.36"
::1 - - [05/Jul/2021:23:15:20 +0000] "PUT /plan/60a155dc93d937280c83bb66 HTTP/1.1" 200 574 "http://localhost:4200/" "Mozilla/5.0 (Windows NT 10.0; Win64; x64) AppleWebKit/537.36 (KHTML, like Gecko) Chrome/91.0.4472.124 Safari/537.36"
::1 - - [05/Jul/2021:23:15:21 +0000] "PUT /plan/60a155dc93d937280c83bb66 HTTP/1.1" 200 574 "http://localhost:4200/" "Mozilla/5.0 (Windows NT 10.0; Win64; x64) AppleWebKit/537.36 (KHTML, like Gecko) Chrome/91.0.4472.124 Safari/537.36"
::1 - - [05/Jul/2021:23:15:22 +0000] "PUT /plan/60a155dc93d937280c83bb66 HTTP/1.1" 200 574 "http://localhost:4200/" "Mozilla/5.0 (Windows NT 10.0; Win64; x64) AppleWebKit/537.36 (KHTML, like Gecko) Chrome/91.0.4472.124 Safari/537.36"
::1 - - [05/Jul/2021:23:15:23 +0000] "PUT /plan/60a155dc93d937280c83bb66 HTTP/1.1" 200 574 "http://localhost:4200/" "Mozilla/5.0 (Windows NT 10.0; Win64; x64) AppleWebKit/537.36 (KHTML, like Gecko) Chrome/91.0.4472.124 Safari/537.36"
::1 - - [05/Jul/2021:23:15:24 +0000] "PUT /plan/60a155dc93d937280c83bb66 HTTP/1.1" 200 574 "http://localhost:4200/" "Mozilla/5.0 (Windows NT 10.0; Win64; x64) AppleWebKit/537.36 (KHTML, like Gecko) Chrome/91.0.4472.124 Safari/537.36"
::1 - - [05/Jul/2021:23:15:25 +0000] "PUT /plan/60a155dc93d937280c83bb66 HTTP/1.1" 200 574 "http://localhost:4200/" "Mozilla/5.0 (Windows NT 10.0; Win64; x64) AppleWebKit/537.36 (KHTML, like Gecko) Chrome/91.0.4472.124 Safari/537.36"
::1 - - [05/Jul/2021:23:15:25 +0000] "PUT /plan/60a155dc93d937280c83bb66 HTTP/1.1" 200 574 "http://localhost:4200/" "Mozilla/5.0 (Windows NT 10.0; Win64; x64) AppleWebKit/537.36 (KHTML, like Gecko) Chrome/91.0.4472.124 Safari/537.36"
::1 - - [05/Jul/2021:23:15:26 +0000] "PUT /plan/60a155dc93d937280c83bb66 HTTP/1.1" 200 574 "http://localhost:4200/" "Mozilla/5.0 (Windows NT 10.0; Win64; x64) AppleWebKit/537.36 (KHTML, like Gecko) Chrome/91.0.4472.124 Safari/537.36"
::1 - - [05/Jul/2021:23:15:27 +0000] "PUT /plan/60a155dc93d937280c83bb66 HTTP/1.1" 200 574 "http://localhost:4200/" "Mozilla/5.0 (Windows NT 10.0; Win64; x64) AppleWebKit/537.36 (KHTML, like Gecko) Chrome/91.0.4472.124 Safari/537.36"
::1 - - [05/Jul/2021:23:16:06 +0000] "GET /plan/60904c59720b3a6b29c3d932/2021/07 HTTP/1.1" 200 2 "http://localhost:4200/" "Mozilla/5.0 (Windows NT 10.0; Win64; x64) AppleWebKit/537.36 (KHTML, like Gecko) Chrome/91.0.4472.124 Safari/537.36"
::1 - - [05/Jul/2021:23:16:09 +0000] "GET /plan/60904c59720b3a6b29c3d932/2021/06 HTTP/1.1" 200 576 "http://localhost:4200/" "Mozilla/5.0 (Windows NT 10.0; Win64; x64) AppleWebKit/537.36 (KHTML, like Gecko) Chrome/91.0.4472.124 Safari/537.36"
::1 - - [05/Jul/2021:23:16:15 +0000] "GET /plan/edit/60a155dc93d937280c83bb66 HTTP/1.1" 200 576 "http://localhost:4200/" "Mozilla/5.0 (Windows NT 10.0; Win64; x64) AppleWebKit/537.36 (KHTML, like Gecko) Chrome/91.0.4472.124 Safari/537.36"
::1 - - [05/Jul/2021:23:16:16 +0000] "GET /plan/60904c59720b3a6b29c3d932/2021/06/16 HTTP/1.1" 200 576 "http://localhost:4200/" "Mozilla/5.0 (Windows NT 10.0; Win64; x64) AppleWebKit/537.36 (KHTML, like Gecko) Chrome/91.0.4472.124 Safari/537.36"
::1 - - [05/Jul/2021:23:17:59 +0000] "GET /plan/edit/60a155dc93d937280c83bb66 HTTP/1.1" 200 576 "http://localhost:4200/" "Mozilla/5.0 (Windows NT 10.0; Win64; x64) AppleWebKit/537.36 (KHTML, like Gecko) Chrome/91.0.4472.124 Safari/537.36"
::1 - - [05/Jul/2021:23:18:00 +0000] "GET /plan/60904c59720b3a6b29c3d932/2021/06/16 HTTP/1.1" 200 576 "http://localhost:4200/" "Mozilla/5.0 (Windows NT 10.0; Win64; x64) AppleWebKit/537.36 (KHTML, like Gecko) Chrome/91.0.4472.124 Safari/537.36"
::1 - - [05/Jul/2021:23:20:05 +0000] "GET /plan/edit/60a155dc93d937280c83bb66 HTTP/1.1" 200 576 "http://localhost:4200/" "Mozilla/5.0 (Windows NT 10.0; Win64; x64) AppleWebKit/537.36 (KHTML, like Gecko) Chrome/91.0.4472.124 Safari/537.36"
::1 - - [05/Jul/2021:23:20:05 +0000] "GET /plan/60904c59720b3a6b29c3d932/2021/06/16 HTTP/1.1" 200 576 "http://localhost:4200/" "Mozilla/5.0 (Windows NT 10.0; Win64; x64) AppleWebKit/537.36 (KHTML, like Gecko) Chrome/91.0.4472.124 Safari/537.36"
::1 - - [05/Jul/2021:23:26:25 +0000] "GET /plan/60904c59720b3a6b29c3d932/2021/06/16 HTTP/1.1" 200 576 "-" "Mozilla/5.0 (Windows NT 10.0; Win64; x64) AppleWebKit/537.36 (KHTML, like Gecko) Chrome/91.0.4472.124 Safari/537.36"
::1 - - [05/Jul/2021:23:34:06 +0000] "GET /plan/edit/60a155dc93d937280c83bb66 HTTP/1.1" 200 576 "http://localhost:4200/" "Mozilla/5.0 (Windows NT 10.0; Win64; x64) AppleWebKit/537.36 (KHTML, like Gecko) Chrome/91.0.4472.124 Safari/537.36"
::1 - - [05/Jul/2021:23:34:06 +0000] "GET /plan/60904c59720b3a6b29c3d932/2021/06/16 HTTP/1.1" 200 576 "http://localhost:4200/" "Mozilla/5.0 (Windows NT 10.0; Win64; x64) AppleWebKit/537.36 (KHTML, like Gecko) Chrome/91.0.4472.124 Safari/537.36"
::1 - - [05/Jul/2021:23:35:02 +0000] "GET /plan/edit/60a155dc93d937280c83bb66 HTTP/1.1" 200 576 "http://localhost:4200/" "Mozilla/5.0 (Windows NT 10.0; Win64; x64) AppleWebKit/537.36 (KHTML, like Gecko) Chrome/91.0.4472.124 Safari/537.36"
::1 - - [05/Jul/2021:23:35:02 +0000] "GET /plan/60904c59720b3a6b29c3d932/2021/06/16 HTTP/1.1" 200 576 "http://localhost:4200/" "Mozilla/5.0 (Windows NT 10.0; Win64; x64) AppleWebKit/537.36 (KHTML, like Gecko) Chrome/91.0.4472.124 Safari/537.36"
::1 - - [05/Jul/2021:23:36:49 +0000] "GET /plan/edit/60a155dc93d937280c83bb66 HTTP/1.1" 200 576 "http://localhost:4200/" "Mozilla/5.0 (Windows NT 10.0; Win64; x64) AppleWebKit/537.36 (KHTML, like Gecko) Chrome/91.0.4472.124 Safari/537.36"
::1 - - [05/Jul/2021:23:36:49 +0000] "GET /plan/60904c59720b3a6b29c3d932/2021/06/16 HTTP/1.1" 200 576 "http://localhost:4200/" "Mozilla/5.0 (Windows NT 10.0; Win64; x64) AppleWebKit/537.36 (KHTML, like Gecko) Chrome/91.0.4472.124 Safari/537.36"
::1 - - [05/Jul/2021:23:37:19 +0000] "GET /plan/edit/60a155dc93d937280c83bb66 HTTP/1.1" 200 576 "http://localhost:4200/" "Mozilla/5.0 (Windows NT 10.0; Win64; x64) AppleWebKit/537.36 (KHTML, like Gecko) Chrome/91.0.4472.124 Safari/537.36"
::1 - - [05/Jul/2021:23:37:19 +0000] "GET /plan/60904c59720b3a6b29c3d932/2021/06/16 HTTP/1.1" 200 576 "http://localhost:4200/" "Mozilla/5.0 (Windows NT 10.0; Win64; x64) AppleWebKit/537.36 (KHTML, like Gecko) Chrome/91.0.4472.124 Safari/537.36"
::1 - - [05/Jul/2021:23:38:18 +0000] "GET /plan/edit/60a155dc93d937280c83bb66 HTTP/1.1" 200 576 "http://localhost:4200/" "Mozilla/5.0 (Windows NT 10.0; Win64; x64) AppleWebKit/537.36 (KHTML, like Gecko) Chrome/91.0.4472.124 Safari/537.36"
::1 - - [05/Jul/2021:23:38:18 +0000] "GET /plan/60904c59720b3a6b29c3d932/2021/06/16 HTTP/1.1" 200 576 "http://localhost:4200/" "Mozilla/5.0 (Windows NT 10.0; Win64; x64) AppleWebKit/537.36 (KHTML, like Gecko) Chrome/91.0.4472.124 Safari/537.36"
::1 - - [05/Jul/2021:23:43:14 +0000] "GET /plan/edit/60a155dc93d937280c83bb66 HTTP/1.1" 200 576 "http://localhost:4200/" "Mozilla/5.0 (Windows NT 10.0; Win64; x64) AppleWebKit/537.36 (KHTML, like Gecko) Chrome/91.0.4472.124 Safari/537.36"
::1 - - [05/Jul/2021:23:43:14 +0000] "GET /plan/60904c59720b3a6b29c3d932/2021/06/16 HTTP/1.1" 200 576 "http://localhost:4200/" "Mozilla/5.0 (Windows NT 10.0; Win64; x64) AppleWebKit/537.36 (KHTML, like Gecko) Chrome/91.0.4472.124 Safari/537.36"
::1 - - [05/Jul/2021:23:43:22 +0000] "GET /plan/edit/60a155dc93d937280c83bb66 HTTP/1.1" 200 576 "http://localhost:4200/" "Mozilla/5.0 (Windows NT 10.0; Win64; x64) AppleWebKit/537.36 (KHTML, like Gecko) Chrome/91.0.4472.124 Safari/537.36"
::1 - - [05/Jul/2021:23:43:22 +0000] "GET /plan/60904c59720b3a6b29c3d932/2021/06/16 HTTP/1.1" 200 576 "http://localhost:4200/" "Mozilla/5.0 (Windows NT 10.0; Win64; x64) AppleWebKit/537.36 (KHTML, like Gecko) Chrome/91.0.4472.124 Safari/537.36"
::1 - - [05/Jul/2021:23:43:26 +0000] "GET /plan/edit/60a155dc93d937280c83bb66 HTTP/1.1" 200 576 "http://localhost:4200/" "Mozilla/5.0 (Windows NT 10.0; Win64; x64) AppleWebKit/537.36 (KHTML, like Gecko) Chrome/91.0.4472.124 Safari/537.36"
::1 - - [05/Jul/2021:23:43:26 +0000] "GET /plan/60904c59720b3a6b29c3d932/2021/06/16 HTTP/1.1" 200 576 "http://localhost:4200/" "Mozilla/5.0 (Windows NT 10.0; Win64; x64) AppleWebKit/537.36 (KHTML, like Gecko) Chrome/91.0.4472.124 Safari/537.36"
::1 - - [05/Jul/2021:23:47:28 +0000] "GET /plan/edit/60a155dc93d937280c83bb66 HTTP/1.1" 200 576 "http://localhost:4200/" "Mozilla/5.0 (Windows NT 10.0; Win64; x64) AppleWebKit/537.36 (KHTML, like Gecko) Chrome/91.0.4472.124 Safari/537.36"
::1 - - [05/Jul/2021:23:47:29 +0000] "GET /plan/60904c59720b3a6b29c3d932/2021/06/16 HTTP/1.1" 200 576 "http://localhost:4200/" "Mozilla/5.0 (Windows NT 10.0; Win64; x64) AppleWebKit/537.36 (KHTML, like Gecko) Chrome/91.0.4472.124 Safari/537.36"
