::1 - - [09/Aug/2021:12:20:46 +0000] "POST /user/register HTTP/1.1" - - "-" "PostmanRuntime/7.28.2"
::1 - - [09/Aug/2021:12:22:53 +0000] "POST /user/register HTTP/1.1" 200 185 "-" "PostmanRuntime/7.28.2"
::1 - - [09/Aug/2021:12:23:38 +0000] "POST /user/register HTTP/1.1" 200 185 "-" "PostmanRuntime/7.28.2"
::1 - - [09/Aug/2021:12:25:21 +0000] "POST /user/register HTTP/1.1" 403 35 "-" "PostmanRuntime/7.28.2"
::1 - - [09/Aug/2021:12:27:54 +0000] "POST /user/register HTTP/1.1" 200 185 "-" "PostmanRuntime/7.28.2"
::1 - - [09/Aug/2021:12:31:17 +0000] "POST /user/register HTTP/1.1" 403 35 "-" "PostmanRuntime/7.28.2"
::1 - - [09/Aug/2021:12:31:42 +0000] "POST /user/register HTTP/1.1" 200 185 "-" "PostmanRuntime/7.28.2"
::1 - - [09/Aug/2021:12:32:08 +0000] "POST /user/register HTTP/1.1" 403 35 "-" "PostmanRuntime/7.28.2"
::1 - - [09/Aug/2021:12:32:23 +0000] "POST /user/register HTTP/1.1" 200 185 "-" "PostmanRuntime/7.28.2"
::1 - - [09/Aug/2021:12:32:47 +0000] "POST /user/register HTTP/1.1" 200 185 "-" "PostmanRuntime/7.28.2"
::1 - - [09/Aug/2021:12:33:37 +0000] "POST /user/register HTTP/1.1" 200 185 "-" "PostmanRuntime/7.28.2"
::1 - - [09/Aug/2021:12:34:43 +0000] "POST /user/register HTTP/1.1" 403 35 "-" "PostmanRuntime/7.28.2"
::1 - - [09/Aug/2021:12:35:55 +0000] "POST /user/register HTTP/1.1" 200 173 "-" "PostmanRuntime/7.28.2"
::1 - - [09/Aug/2021:12:38:51 +0000] "POST /user/login HTTP/1.1" 500 2156 "-" "PostmanRuntime/7.28.2"
::1 - - [09/Aug/2021:12:56:21 +0000] "POST /user/login HTTP/1.1" 302 23 "-" "PostmanRuntime/7.28.2"
::1 - - [09/Aug/2021:12:56:21 +0000] "GET / HTTP/1.1" 404 139 "http://localhost:3000/user/login" "PostmanRuntime/7.28.2"
::1 - - [09/Aug/2021:14:37:57 +0000] "POST /user/login HTTP/1.1" 302 23 "-" "PostmanRuntime/7.28.2"
::1 - - [09/Aug/2021:14:37:57 +0000] "GET / HTTP/1.1" 404 139 "http://localhost:3000/user/login" "PostmanRuntime/7.28.2"
::1 - - [09/Aug/2021:14:40:35 +0000] "POST /user/login HTTP/1.1" 401 - "-" "PostmanRuntime/7.28.2"
::1 - - [09/Aug/2021:14:45:58 +0000] "POST /user/login HTTP/1.1" 302 28 "-" "PostmanRuntime/7.28.2"
::1 - - [09/Aug/2021:14:45:58 +0000] "GET /login HTTP/1.1" 404 144 "http://localhost:3000/user/login" "PostmanRuntime/7.28.2"
::1 - - [09/Aug/2021:14:46:42 +0000] "POST /user/login HTTP/1.1" 302 23 "-" "PostmanRuntime/7.28.2"
::1 - - [09/Aug/2021:14:46:42 +0000] "GET / HTTP/1.1" 404 139 "http://localhost:3000/user/login" "PostmanRuntime/7.28.2"
::1 - - [09/Aug/2021:17:38:59 +0000] "POST /user/register HTTP/1.1" 403 35 "-" "PostmanRuntime/7.28.2"
::1 - - [09/Aug/2021:17:40:19 +0000] "POST /user/register HTTP/1.1" 200 128 "-" "PostmanRuntime/7.28.2"
::1 - - [09/Aug/2021:17:40:30 +0000] "POST /user/login HTTP/1.1" 500 2184 "-" "PostmanRuntime/7.28.2"
::1 - - [09/Aug/2021:17:41:34 +0000] "POST /user/login HTTP/1.1" 500 354 "-" "PostmanRuntime/7.28.2"
::1 - - [09/Aug/2021:17:42:09 +0000] "POST /user/login HTTP/1.1" 500 717 "-" "PostmanRuntime/7.28.2"
::1 - - [09/Aug/2021:17:42:39 +0000] "POST /user/login HTTP/1.1" 200 212 "-" "PostmanRuntime/7.28.2"
::1 - - [09/Aug/2021:17:43:11 +0000] "POST /user/login HTTP/1.1" 200 212 "-" "PostmanRuntime/7.28.2"
::1 - - [09/Aug/2021:17:43:18 +0000] "POST /user/login HTTP/1.1" 200 212 "-" "PostmanRuntime/7.28.2"
::1 - - [09/Aug/2021:17:43:52 +0000] "POST /user/login HTTP/1.1" 200 212 "-" "PostmanRuntime/7.28.2"
::1 - - [09/Aug/2021:17:43:58 +0000] "POST /user/login HTTP/1.1" 200 212 "-" "PostmanRuntime/7.28.2"
::1 - - [09/Aug/2021:17:45:43 +0000] "POST /user/login HTTP/1.1" 200 212 "-" "PostmanRuntime/7.28.2"
::ffff:127.0.0.1 - - [09/Aug/2021:17:50:34 +0000] "POST /user/login HTTP/1.1" 200 212 "-" "PostmanRuntime/7.28.2"
::ffff:127.0.0.1 - - [09/Aug/2021:17:50:38 +0000] "POST /user/login HTTP/1.1" 200 212 "-" "PostmanRuntime/7.28.2"
::1 - - [09/Aug/2021:17:53:27 +0000] "POST /user/login HTTP/1.1" 500 473 "-" "PostmanRuntime/7.28.2"
::1 - - [09/Aug/2021:17:54:00 +0000] "POST /user/login HTTP/1.1" 500 473 "-" "PostmanRuntime/7.28.2"
::1 - - [09/Aug/2021:17:54:21 +0000] "POST /user/login HTTP/1.1" 500 971 "-" "PostmanRuntime/7.28.2"
::1 - - [09/Aug/2021:17:55:02 +0000] "POST /user/login HTTP/1.1" 500 971 "-" "PostmanRuntime/7.28.2"
::1 - - [09/Aug/2021:17:56:45 +0000] "POST /user/login HTTP/1.1" - - "-" "PostmanRuntime/7.28.2"
::ffff:127.0.0.1 - - [09/Aug/2021:18:00:24 +0000] "POST /user/login HTTP/1.1" 200 212 "-" "PostmanRuntime/7.28.2"
::1 - - [09/Aug/2021:18:04:03 +0000] "POST /user/login HTTP/1.1" 422 38 "-" "PostmanRuntime/7.28.2"
::1 - - [09/Aug/2021:18:12:22 +0000] "GET /user/secret HTTP/1.1" 200 195 "-" "PostmanRuntime/7.28.2"
::1 - - [09/Aug/2021:18:13:21 +0000] "GET /user/secret HTTP/1.1" 200 195 "-" "PostmanRuntime/7.28.2"
::1 - - [09/Aug/2021:18:14:03 +0000] "GET /user/secret HTTP/1.1" 200 195 "-" "PostmanRuntime/7.28.2"
::1 - - [09/Aug/2021:18:14:36 +0000] "GET /user HTTP/1.1" 200 517 "-" "PostmanRuntime/7.28.2"
::1 - - [09/Aug/2021:18:15:05 +0000] "GET /user/secret HTTP/1.1" 200 319 "-" "PostmanRuntime/7.28.2"
::1 - - [09/Aug/2021:18:15:47 +0000] "GET /user/login HTTP/1.1" 200 319 "-" "PostmanRuntime/7.28.2"
::1 - - [09/Aug/2021:18:17:04 +0000] "GET /user/secret HTTP/1.1" 200 319 "-" "PostmanRuntime/7.28.2"
::1 - - [09/Aug/2021:18:17:09 +0000] "GET /user/secret HTTP/1.1" 200 319 "-" "PostmanRuntime/7.28.2"
::1 - - [09/Aug/2021:18:18:28 +0000] "GET /user/secret HTTP/1.1" 200 319 "-" "PostmanRuntime/7.28.2"
::1 - - [09/Aug/2021:18:18:30 +0000] "GET /user/secret HTTP/1.1" 200 319 "-" "PostmanRuntime/7.28.2"
::ffff:127.0.0.1 - - [09/Aug/2021:18:20:14 +0000] "GET /user/secret HTTP/1.1" 200 319 "-" "PostmanRuntime/7.28.2"
::1 - - [09/Aug/2021:18:20:43 +0000] "GET /user/secret HTTP/1.1" 500 2183 "-" "PostmanRuntime/7.28.2"
::1 - - [09/Aug/2021:18:22:46 +0000] "GET /user/secret HTTP/1.1" 401 - "-" "PostmanRuntime/7.28.2"
::1 - - [09/Aug/2021:18:24:34 +0000] "POST /user/register HTTP/1.1" - - "-" "PostmanRuntime/7.28.2"
::1 - - [09/Aug/2021:18:27:46 +0000] "POST /user/register HTTP/1.1" 200 128 "-" "PostmanRuntime/7.28.2"
::1 - - [09/Aug/2021:18:28:52 +0000] "GET /user/secret HTTP/1.1" 401 - "-" "PostmanRuntime/7.28.2"
::1 - - [09/Aug/2021:18:29:31 +0000] "GET /user/secret HTTP/1.1" 401 - "-" "PostmanRuntime/7.28.2"
::1 - - [09/Aug/2021:18:29:32 +0000] "GET /user/secret HTTP/1.1" 401 - "-" "PostmanRuntime/7.28.2"
::1 - - [09/Aug/2021:18:31:52 +0000] "GET /user/secret HTTP/1.1" 401 - "-" "PostmanRuntime/7.28.2"
::1 - - [09/Aug/2021:18:32:13 +0000] "GET /user/secret HTTP/1.1" 401 - "-" "PostmanRuntime/7.28.2"
::1 - - [09/Aug/2021:18:32:14 +0000] "GET /user/secret HTTP/1.1" 401 - "-" "PostmanRuntime/7.28.2"
::1 - - [09/Aug/2021:18:32:15 +0000] "GET /user/secret HTTP/1.1" 401 - "-" "PostmanRuntime/7.28.2"
::1 - - [09/Aug/2021:19:16:33 +0000] "GET /user/secret HTTP/1.1" 401 - "-" "PostmanRuntime/7.28.2"
::1 - - [09/Aug/2021:19:17:04 +0000] "POST /user/register HTTP/1.1" 200 128 "-" "PostmanRuntime/7.28.2"
::1 - - [09/Aug/2021:19:18:35 +0000] "POST /user/register HTTP/1.1" 200 140 "-" "PostmanRuntime/7.28.2"
::1 - - [09/Aug/2021:19:18:53 +0000] "GET /user/secret HTTP/1.1" 401 - "-" "PostmanRuntime/7.28.2"
::1 - - [09/Aug/2021:19:19:15 +0000] "GET /user/secret HTTP/1.1" 401 - "-" "PostmanRuntime/7.28.2"
::1 - - [09/Aug/2021:19:19:30 +0000] "POST /user/login HTTP/1.1" 422 38 "-" "PostmanRuntime/7.28.2"
::1 - - [09/Aug/2021:19:19:50 +0000] "POST /user/login HTTP/1.1" 422 38 "-" "PostmanRuntime/7.28.2"
::1 - - [09/Aug/2021:19:19:51 +0000] "POST /user/login HTTP/1.1" 422 38 "-" "PostmanRuntime/7.28.2"
::1 - - [09/Aug/2021:19:19:57 +0000] "POST /user/login HTTP/1.1" 422 38 "-" "PostmanRuntime/7.28.2"
::1 - - [09/Aug/2021:19:20:03 +0000] "POST /user/login HTTP/1.1" 422 38 "-" "PostmanRuntime/7.28.2"
::1 - - [09/Aug/2021:19:20:10 +0000] "POST /user/login HTTP/1.1" 422 38 "-" "PostmanRuntime/7.28.2"
::1 - - [09/Aug/2021:19:20:57 +0000] "POST /user/login HTTP/1.1" 422 38 "-" "PostmanRuntime/7.28.2"
::1 - - [09/Aug/2021:19:21:04 +0000] "POST /user/login HTTP/1.1" 422 38 "-" "PostmanRuntime/7.28.2"
::1 - - [09/Aug/2021:19:21:31 +0000] "POST /user/login HTTP/1.1" 422 38 "-" "PostmanRuntime/7.28.2"
::1 - - [09/Aug/2021:19:22:26 +0000] "POST /user/login HTTP/1.1" 200 210 "-" "PostmanRuntime/7.28.2"
::1 - - [09/Aug/2021:19:22:39 +0000] "GET /user/secret HTTP/1.1" 401 - "-" "PostmanRuntime/7.28.2"
::1 - - [09/Aug/2021:19:22:48 +0000] "POST /user/login HTTP/1.1" 200 210 "-" "PostmanRuntime/7.28.2"
::1 - - [09/Aug/2021:19:24:23 +0000] "POST /user/login HTTP/1.1" 200 210 "-" "PostmanRuntime/7.28.2"
::1 - - [09/Aug/2021:19:24:26 +0000] "POST /user/login HTTP/1.1" 200 210 "-" "PostmanRuntime/7.28.2"
::1 - - [09/Aug/2021:19:25:40 +0000] "POST /user/login HTTP/1.1" 200 210 "-" "PostmanRuntime/7.28.2"
::ffff:127.0.0.1 - - [09/Aug/2021:19:26:15 +0000] "POST /user/login HTTP/1.1" 200 210 "-" "PostmanRuntime/7.28.2"
::1 - - [09/Aug/2021:19:27:27 +0000] "POST /user/login HTTP/1.1" - - "-" "PostmanRuntime/7.28.2"
::1 - - [09/Aug/2021:19:38:47 +0000] "POST /user/login HTTP/1.1" 500 374 "-" "PostmanRuntime/7.28.2"
::1 - - [09/Aug/2021:19:55:03 +0000] "POST /user/login HTTP/1.1" 500 341 "-" "PostmanRuntime/7.28.2"
::ffff:127.0.0.1 - - [09/Aug/2021:20:08:14 +0000] "POST /user/login HTTP/1.1" 200 210 "-" "PostmanRuntime/7.28.2"
::1 - - [09/Aug/2021:20:12:33 +0000] "POST /user/login HTTP/1.1" 404 150 "-" "PostmanRuntime/7.28.2"
::1 - - [09/Aug/2021:20:12:46 +0000] "POST /user/login HTTP/1.1" 200 210 "-" "PostmanRuntime/7.28.2"
::1 - - [09/Aug/2021:20:13:54 +0000] "POST /user/login HTTP/1.1" 200 210 "-" "PostmanRuntime/7.28.2"
::1 - - [09/Aug/2021:20:13:58 +0000] "POST /user/login HTTP/1.1" 403 36 "-" "PostmanRuntime/7.28.2"
::1 - - [09/Aug/2021:20:14:03 +0000] "POST /user/login HTTP/1.1" 200 210 "-" "PostmanRuntime/7.28.2"
::1 - - [09/Aug/2021:20:45:11 +0000] "GET /user/ HTTP/1.1" 200 1277 "-" "PostmanRuntime/7.28.2"
::1 - - [09/Aug/2021:20:46:48 +0000] "POST /user/login HTTP/1.1" 422 32 "-" "PostmanRuntime/7.28.2"
::1 - - [09/Aug/2021:23:30:42 +0000] "GET /plan/60904c59720b3a6b29c3d932/2021/08 HTTP/1.1" 200 1407 "http://localhost:4200/" "Mozilla/5.0 (Windows NT 10.0; Win64; x64) AppleWebKit/537.36 (KHTML, like Gecko) Chrome/92.0.4515.131 Safari/537.36"
::1 - - [09/Aug/2021:23:33:29 +0000] "POST /user/login HTTP/1.1" 200 210 "-" "PostmanRuntime/7.28.2"
::1 - - [09/Aug/2021:23:36:02 +0000] "POST /user/register HTTP/1.1" 403 35 "-" "PostmanRuntime/7.28.2"
::1 - - [09/Aug/2021:23:36:24 +0000] "POST /user/register HTTP/1.1" 403 35 "-" "PostmanRuntime/7.28.2"
::1 - - [09/Aug/2021:23:37:21 +0000] "POST /user/register HTTP/1.1" 403 35 "-" "PostmanRuntime/7.28.2"
::1 - - [09/Aug/2021:23:38:17 +0000] "POST /user/register HTTP/1.1" 403 35 "-" "PostmanRuntime/7.28.2"
::1 - - [09/Aug/2021:23:40:36 +0000] "GET /user/ HTTP/1.1" 200 957 "-" "PostmanRuntime/7.28.2"
::1 - - [09/Aug/2021:23:42:36 +0000] "POST /user/register HTTP/1.1" 403 35 "-" "PostmanRuntime/7.28.2"
::1 - - [09/Aug/2021:23:42:51 +0000] "POST /user/register HTTP/1.1" 403 35 "-" "PostmanRuntime/7.28.2"
::1 - - [09/Aug/2021:23:44:12 +0000] "POST /user/register HTTP/1.1" 200 140 "-" "PostmanRuntime/7.28.2"
::1 - - [09/Aug/2021:23:44:52 +0000] "POST /user/verify HTTP/1.1" 401 2158 "-" "Mozilla/5.0 (Windows NT 10.0; Win64; x64) AppleWebKit/537.36 (KHTML, like Gecko) Chrome/92.0.4515.131 Safari/537.36"
::1 - - [10/Aug/2021:00:16:21 +0000] "POST /user/register HTTP/1.1" 200 140 "-" "PostmanRuntime/7.28.2"
::1 - - [10/Aug/2021:00:19:37 +0000] "POST /user/register HTTP/1.1" 200 140 "-" "PostmanRuntime/7.28.2"
::1 - - [10/Aug/2021:00:21:37 +0000] "POST /user/register HTTP/1.1" 200 140 "-" "PostmanRuntime/7.28.2"
::1 - - [10/Aug/2021:00:23:51 +0000] "POST /user/register HTTP/1.1" 200 140 "-" "PostmanRuntime/7.28.2"
::1 - - [10/Aug/2021:00:25:12 +0000] "POST /user/register HTTP/1.1" 200 140 "-" "PostmanRuntime/7.28.2"
