::1 - - [29/Aug/2021:09:39:45 +0000] "POST /user/authenticated HTTP/1.1" 200 35 "http://localhost:4200/" "Mozilla/5.0 (Windows NT 10.0; Win64; x64) AppleWebKit/537.36 (KHTML, like Gecko) Chrome/92.0.4515.159 Safari/537.36"
::1 - - [29/Aug/2021:09:39:45 +0000] "GET /plan/2021/09 HTTP/1.1" 401 - "http://localhost:4200/" "Mozilla/5.0 (Windows NT 10.0; Win64; x64) AppleWebKit/537.36 (KHTML, like Gecko) Chrome/92.0.4515.159 Safari/537.36"
::1 - - [29/Aug/2021:09:39:46 +0000] "POST /user/authenticated HTTP/1.1" 200 35 "http://localhost:4200/" "Mozilla/5.0 (Windows NT 10.0; Win64; x64) AppleWebKit/537.36 (KHTML, like Gecko) Chrome/92.0.4515.159 Safari/537.36"
::1 - - [29/Aug/2021:10:17:50 +0000] "POST /user/authenticated HTTP/1.1" 200 35 "http://localhost:4200/" "Mozilla/5.0 (Windows NT 10.0; Win64; x64) AppleWebKit/537.36 (KHTML, like Gecko) Chrome/92.0.4515.159 Safari/537.36"
::1 - - [29/Aug/2021:10:17:58 +0000] "POST /user/login HTTP/1.1" 200 379 "http://localhost:4200/" "Mozilla/5.0 (Windows NT 10.0; Win64; x64) AppleWebKit/537.36 (KHTML, like Gecko) Chrome/92.0.4515.159 Safari/537.36"
::1 - - [29/Aug/2021:10:17:58 +0000] "GET /user HTTP/1.1" 200 379 "http://localhost:4200/" "Mozilla/5.0 (Windows NT 10.0; Win64; x64) AppleWebKit/537.36 (KHTML, like Gecko) Chrome/92.0.4515.159 Safari/537.36"
::1 - - [29/Aug/2021:10:17:58 +0000] "POST /user/authenticated HTTP/1.1" 200 38 "http://localhost:4200/" "Mozilla/5.0 (Windows NT 10.0; Win64; x64) AppleWebKit/537.36 (KHTML, like Gecko) Chrome/92.0.4515.159 Safari/537.36"
::1 - - [29/Aug/2021:10:18:03 +0000] "POST /user/authenticated HTTP/1.1" 200 38 "http://localhost:4200/" "Mozilla/5.0 (Windows NT 10.0; Win64; x64) AppleWebKit/537.36 (KHTML, like Gecko) Chrome/92.0.4515.159 Safari/537.36"
::1 - - [29/Aug/2021:10:18:03 +0000] "GET /plan/2021/08 HTTP/1.1" 200 789 "http://localhost:4200/" "Mozilla/5.0 (Windows NT 10.0; Win64; x64) AppleWebKit/537.36 (KHTML, like Gecko) Chrome/92.0.4515.159 Safari/537.36"
::1 - - [29/Aug/2021:10:18:08 +0000] "POST /user/authenticated HTTP/1.1" 200 38 "http://localhost:4200/" "Mozilla/5.0 (Windows NT 10.0; Win64; x64) AppleWebKit/537.36 (KHTML, like Gecko) Chrome/92.0.4515.159 Safari/537.36"
::1 - - [29/Aug/2021:10:18:08 +0000] "GET /plan/2021/04 HTTP/1.1" 200 2 "http://localhost:4200/" "Mozilla/5.0 (Windows NT 10.0; Win64; x64) AppleWebKit/537.36 (KHTML, like Gecko) Chrome/92.0.4515.159 Safari/537.36"
::1 - - [29/Aug/2021:10:22:17 +0000] "POST /user/authenticated HTTP/1.1" 200 38 "http://localhost:4200/" "Mozilla/5.0 (Windows NT 10.0; Win64; x64) AppleWebKit/537.36 (KHTML, like Gecko) Chrome/92.0.4515.159 Safari/537.36"
::1 - - [29/Aug/2021:10:22:17 +0000] "GET /plan/2021/04/6 HTTP/1.1" 200 2 "http://localhost:4200/" "Mozilla/5.0 (Windows NT 10.0; Win64; x64) AppleWebKit/537.36 (KHTML, like Gecko) Chrome/92.0.4515.159 Safari/537.36"
::1 - - [29/Aug/2021:10:26:56 +0000] "POST /user/authenticated HTTP/1.1" 200 38 "http://localhost:4200/" "Mozilla/5.0 (Windows NT 10.0; Win64; x64) AppleWebKit/537.36 (KHTML, like Gecko) Chrome/92.0.4515.159 Safari/537.36"
::1 - - [29/Aug/2021:10:26:56 +0000] "GET /plan/2021/04/6 HTTP/1.1" 200 2 "http://localhost:4200/" "Mozilla/5.0 (Windows NT 10.0; Win64; x64) AppleWebKit/537.36 (KHTML, like Gecko) Chrome/92.0.4515.159 Safari/537.36"
::1 - - [29/Aug/2021:10:27:36 +0000] "POST /user/authenticated HTTP/1.1" 200 38 "http://localhost:4200/" "Mozilla/5.0 (Windows NT 10.0; Win64; x64) AppleWebKit/537.36 (KHTML, like Gecko) Chrome/92.0.4515.159 Safari/537.36"
::1 - - [29/Aug/2021:10:27:36 +0000] "GET /plan/2021/04/6 HTTP/1.1" 200 2 "http://localhost:4200/" "Mozilla/5.0 (Windows NT 10.0; Win64; x64) AppleWebKit/537.36 (KHTML, like Gecko) Chrome/92.0.4515.159 Safari/537.36"
::1 - - [29/Aug/2021:10:28:17 +0000] "POST /user/authenticated HTTP/1.1" 200 38 "http://localhost:4200/" "Mozilla/5.0 (Windows NT 10.0; Win64; x64) AppleWebKit/537.36 (KHTML, like Gecko) Chrome/92.0.4515.159 Safari/537.36"
::1 - - [29/Aug/2021:10:28:17 +0000] "GET /plan/2021/04/6 HTTP/1.1" 200 2 "http://localhost:4200/" "Mozilla/5.0 (Windows NT 10.0; Win64; x64) AppleWebKit/537.36 (KHTML, like Gecko) Chrome/92.0.4515.159 Safari/537.36"
::1 - - [29/Aug/2021:10:29:58 +0000] "POST /user/authenticated HTTP/1.1" 200 38 "http://localhost:4200/" "Mozilla/5.0 (Windows NT 10.0; Win64; x64) AppleWebKit/537.36 (KHTML, like Gecko) Chrome/92.0.4515.159 Safari/537.36"
::1 - - [29/Aug/2021:10:29:58 +0000] "GET /plan/2021/04/6 HTTP/1.1" 200 2 "http://localhost:4200/" "Mozilla/5.0 (Windows NT 10.0; Win64; x64) AppleWebKit/537.36 (KHTML, like Gecko) Chrome/92.0.4515.159 Safari/537.36"
::1 - - [29/Aug/2021:10:30:02 +0000] "POST /user/authenticated HTTP/1.1" 200 38 "http://localhost:4200/" "Mozilla/5.0 (Windows NT 10.0; Win64; x64) AppleWebKit/537.36 (KHTML, like Gecko) Chrome/92.0.4515.159 Safari/537.36"
::1 - - [29/Aug/2021:10:30:02 +0000] "GET /plan/2021/04/6 HTTP/1.1" 200 2 "http://localhost:4200/" "Mozilla/5.0 (Windows NT 10.0; Win64; x64) AppleWebKit/537.36 (KHTML, like Gecko) Chrome/92.0.4515.159 Safari/537.36"
::1 - - [29/Aug/2021:10:30:10 +0000] "POST /user/authenticated HTTP/1.1" 200 38 "http://localhost:4200/" "Mozilla/5.0 (Windows NT 10.0; Win64; x64) AppleWebKit/537.36 (KHTML, like Gecko) Chrome/92.0.4515.159 Safari/537.36"
::1 - - [29/Aug/2021:10:30:10 +0000] "GET /user HTTP/1.1" 200 379 "http://localhost:4200/" "Mozilla/5.0 (Windows NT 10.0; Win64; x64) AppleWebKit/537.36 (KHTML, like Gecko) Chrome/92.0.4515.159 Safari/537.36"
::1 - - [29/Aug/2021:10:32:24 +0000] "POST /user/authenticated HTTP/1.1" 200 38 "http://localhost:4200/" "Mozilla/5.0 (Windows NT 10.0; Win64; x64) AppleWebKit/537.36 (KHTML, like Gecko) Chrome/92.0.4515.159 Safari/537.36"
::1 - - [29/Aug/2021:10:32:24 +0000] "GET /plan/2021/08 HTTP/1.1" 200 789 "http://localhost:4200/" "Mozilla/5.0 (Windows NT 10.0; Win64; x64) AppleWebKit/537.36 (KHTML, like Gecko) Chrome/92.0.4515.159 Safari/537.36"
::1 - - [29/Aug/2021:10:32:27 +0000] "POST /user/authenticated HTTP/1.1" 200 38 "http://localhost:4200/" "Mozilla/5.0 (Windows NT 10.0; Win64; x64) AppleWebKit/537.36 (KHTML, like Gecko) Chrome/92.0.4515.159 Safari/537.36"
::1 - - [29/Aug/2021:10:32:27 +0000] "GET /plan/2021/08/11 HTTP/1.1" 200 2 "http://localhost:4200/" "Mozilla/5.0 (Windows NT 10.0; Win64; x64) AppleWebKit/537.36 (KHTML, like Gecko) Chrome/92.0.4515.159 Safari/537.36"
::1 - - [29/Aug/2021:10:56:25 +0000] "POST /user/authenticated HTTP/1.1" 200 35 "http://localhost:4200/" "Mozilla/5.0 (Windows NT 10.0; Win64; x64) AppleWebKit/537.36 (KHTML, like Gecko) Chrome/92.0.4515.159 Safari/537.36"
::1 - - [29/Aug/2021:10:56:25 +0000] "GET /plan/2021/08/11 HTTP/1.1" 401 - "http://localhost:4200/" "Mozilla/5.0 (Windows NT 10.0; Win64; x64) AppleWebKit/537.36 (KHTML, like Gecko) Chrome/92.0.4515.159 Safari/537.36"
::1 - - [29/Aug/2021:10:56:25 +0000] "POST /user/authenticated HTTP/1.1" 200 35 "http://localhost:4200/" "Mozilla/5.0 (Windows NT 10.0; Win64; x64) AppleWebKit/537.36 (KHTML, like Gecko) Chrome/92.0.4515.159 Safari/537.36"
::1 - - [29/Aug/2021:10:57:35 +0000] "POST /user/authenticated HTTP/1.1" 200 35 "http://localhost:4200/" "Mozilla/5.0 (Windows NT 10.0; Win64; x64) AppleWebKit/537.36 (KHTML, like Gecko) Chrome/92.0.4515.159 Safari/537.36"
::1 - - [29/Aug/2021:11:03:09 +0000] "POST /user/authenticated HTTP/1.1" 200 35 "http://localhost:4200/" "Mozilla/5.0 (Windows NT 10.0; Win64; x64) AppleWebKit/537.36 (KHTML, like Gecko) Chrome/92.0.4515.159 Safari/537.36"
::1 - - [29/Aug/2021:11:03:27 +0000] "POST /user/login HTTP/1.1" - - "http://localhost:4200/" "Mozilla/5.0 (Windows NT 10.0; Win64; x64) AppleWebKit/537.36 (KHTML, like Gecko) Chrome/92.0.4515.159 Safari/537.36"
::1 - - [29/Aug/2021:11:03:28 +0000] "POST /user/authenticated HTTP/1.1" 200 35 "http://localhost:4200/" "Mozilla/5.0 (Windows NT 10.0; Win64; x64) AppleWebKit/537.36 (KHTML, like Gecko) Chrome/92.0.4515.159 Safari/537.36"
::1 - - [29/Aug/2021:11:03:28 +0000] "GET /user HTTP/1.1" 200 111 "http://localhost:4200/" "Mozilla/5.0 (Windows NT 10.0; Win64; x64) AppleWebKit/537.36 (KHTML, like Gecko) Chrome/92.0.4515.159 Safari/537.36"
::1 - - [29/Aug/2021:11:03:31 +0000] "POST /user/authenticated HTTP/1.1" 200 35 "http://localhost:4200/" "Mozilla/5.0 (Windows NT 10.0; Win64; x64) AppleWebKit/537.36 (KHTML, like Gecko) Chrome/92.0.4515.159 Safari/537.36"
::1 - - [29/Aug/2021:11:03:31 +0000] "GET /plan/2021/08 HTTP/1.1" 401 - "http://localhost:4200/" "Mozilla/5.0 (Windows NT 10.0; Win64; x64) AppleWebKit/537.36 (KHTML, like Gecko) Chrome/92.0.4515.159 Safari/537.36"
::1 - - [29/Aug/2021:11:03:31 +0000] "POST /user/authenticated HTTP/1.1" 200 35 "http://localhost:4200/" "Mozilla/5.0 (Windows NT 10.0; Win64; x64) AppleWebKit/537.36 (KHTML, like Gecko) Chrome/92.0.4515.159 Safari/537.36"
::1 - - [29/Aug/2021:11:03:35 +0000] "POST /user/login HTTP/1.1" 200 379 "http://localhost:4200/" "Mozilla/5.0 (Windows NT 10.0; Win64; x64) AppleWebKit/537.36 (KHTML, like Gecko) Chrome/92.0.4515.159 Safari/537.36"
::1 - - [29/Aug/2021:11:03:35 +0000] "POST /user/authenticated HTTP/1.1" 200 38 "http://localhost:4200/" "Mozilla/5.0 (Windows NT 10.0; Win64; x64) AppleWebKit/537.36 (KHTML, like Gecko) Chrome/92.0.4515.159 Safari/537.36"
::1 - - [29/Aug/2021:11:03:35 +0000] "GET /user HTTP/1.1" 200 379 "http://localhost:4200/" "Mozilla/5.0 (Windows NT 10.0; Win64; x64) AppleWebKit/537.36 (KHTML, like Gecko) Chrome/92.0.4515.159 Safari/537.36"
::1 - - [29/Aug/2021:11:03:37 +0000] "POST /user/authenticated HTTP/1.1" 200 38 "http://localhost:4200/" "Mozilla/5.0 (Windows NT 10.0; Win64; x64) AppleWebKit/537.36 (KHTML, like Gecko) Chrome/92.0.4515.159 Safari/537.36"
::1 - - [29/Aug/2021:11:03:37 +0000] "GET /plan/2021/08 HTTP/1.1" 200 789 "http://localhost:4200/" "Mozilla/5.0 (Windows NT 10.0; Win64; x64) AppleWebKit/537.36 (KHTML, like Gecko) Chrome/92.0.4515.159 Safari/537.36"
::1 - - [29/Aug/2021:11:03:58 +0000] "POST /user/login HTTP/1.1" 200 379 "-" "PostmanRuntime/7.28.3"
::1 - - [29/Aug/2021:11:04:06 +0000] "GET /plan/2021/08/01/07 HTTP/1.1" 404 157 "-" "PostmanRuntime/7.28.3"
::1 - - [29/Aug/2021:11:04:20 +0000] "POST /user/login HTTP/1.1" 200 379 "-" "PostmanRuntime/7.28.3"
::1 - - [29/Aug/2021:11:04:22 +0000] "GET /plan/2021/08/01/07 HTTP/1.1" 200 789 "-" "PostmanRuntime/7.28.3"
::1 - - [29/Aug/2021:11:04:35 +0000] "GET /plan/2021/08/01/1 HTTP/1.1" 200 789 "-" "PostmanRuntime/7.28.3"
::1 - - [29/Aug/2021:11:04:38 +0000] "GET /plan/2021/08/01/0 HTTP/1.1" 200 789 "-" "PostmanRuntime/7.28.3"
::1 - - [29/Aug/2021:11:04:47 +0000] "GET /plan/2021/08/02/7 HTTP/1.1" 200 789 "-" "PostmanRuntime/7.28.3"
::1 - - [29/Aug/2021:11:05:14 +0000] "GET /plan/2021/08/05/7 HTTP/1.1" 200 789 "-" "PostmanRuntime/7.28.3"
::1 - - [29/Aug/2021:11:05:47 +0000] "GET /plan/2021/08/05/7 HTTP/1.1" 200 789 "-" "PostmanRuntime/7.28.3"
::ffff:127.0.0.1 - - [29/Aug/2021:11:06:20 +0000] "POST /user/login HTTP/1.1" 200 379 "-" "PostmanRuntime/7.28.3"
::ffff:127.0.0.1 - - [29/Aug/2021:11:06:22 +0000] "GET /plan/2021/08/05/7 HTTP/1.1" 200 789 "-" "PostmanRuntime/7.28.3"
::ffff:127.0.0.1 - - [29/Aug/2021:11:07:39 +0000] "POST /user/login HTTP/1.1" 200 379 "-" "PostmanRuntime/7.28.3"
::ffff:127.0.0.1 - - [29/Aug/2021:11:07:43 +0000] "GET /plan/2021/08/05/7 HTTP/1.1" 200 2 "-" "PostmanRuntime/7.28.3"
::1 - - [29/Aug/2021:11:08:52 +0000] "POST /user/login HTTP/1.1" 200 379 "-" "PostmanRuntime/7.28.3"
::1 - - [29/Aug/2021:11:08:54 +0000] "GET /plan/2021/08/05/7 HTTP/1.1" 200 2 "-" "PostmanRuntime/7.28.3"
::1 - - [29/Aug/2021:11:09:02 +0000] "GET /plan/2021/08/02/7 HTTP/1.1" 200 2 "-" "PostmanRuntime/7.28.3"
::1 - - [29/Aug/2021:11:09:06 +0000] "GET /plan/2021/08/01/7 HTTP/1.1" 200 789 "-" "PostmanRuntime/7.28.3"
::1 - - [29/Aug/2021:11:09:47 +0000] "GET /plan/2021/08/00/7 HTTP/1.1" 200 789 "-" "PostmanRuntime/7.28.3"
::1 - - [29/Aug/2021:11:10:06 +0000] "GET /plan/2021/8/1/7 HTTP/1.1" 200 789 "-" "PostmanRuntime/7.28.3"
::1 - - [29/Aug/2021:11:12:20 +0000] "POST /user/authenticated HTTP/1.1" 200 38 "http://localhost:4200/" "Mozilla/5.0 (Windows NT 10.0; Win64; x64) AppleWebKit/537.36 (KHTML, like Gecko) Chrome/92.0.4515.159 Safari/537.36"
::1 - - [29/Aug/2021:11:12:20 +0000] "GET /plan/2021/8 HTTP/1.1" 200 789 "http://localhost:4200/" "Mozilla/5.0 (Windows NT 10.0; Win64; x64) AppleWebKit/537.36 (KHTML, like Gecko) Chrome/92.0.4515.159 Safari/537.36"
::1 - - [29/Aug/2021:11:12:36 +0000] "POST /user/authenticated HTTP/1.1" 200 38 "http://localhost:4200/" "Mozilla/5.0 (Windows NT 10.0; Win64; x64) AppleWebKit/537.36 (KHTML, like Gecko) Chrome/92.0.4515.159 Safari/537.36"
::1 - - [29/Aug/2021:11:12:37 +0000] "GET /plan/2021/8 HTTP/1.1" 200 789 "http://localhost:4200/" "Mozilla/5.0 (Windows NT 10.0; Win64; x64) AppleWebKit/537.36 (KHTML, like Gecko) Chrome/92.0.4515.159 Safari/537.36"
::1 - - [29/Aug/2021:11:12:51 +0000] "POST /user/authenticated HTTP/1.1" 200 38 "http://localhost:4200/" "Mozilla/5.0 (Windows NT 10.0; Win64; x64) AppleWebKit/537.36 (KHTML, like Gecko) Chrome/92.0.4515.159 Safari/537.36"
::1 - - [29/Aug/2021:11:12:51 +0000] "GET /plan/edit/61282479682f748b98952fa1 HTTP/1.1" 200 287 "http://localhost:4200/" "Mozilla/5.0 (Windows NT 10.0; Win64; x64) AppleWebKit/537.36 (KHTML, like Gecko) Chrome/92.0.4515.159 Safari/537.36"
::1 - - [29/Aug/2021:11:12:51 +0000] "GET /plan/2021/8/1 HTTP/1.1" 200 2 "http://localhost:4200/" "Mozilla/5.0 (Windows NT 10.0; Win64; x64) AppleWebKit/537.36 (KHTML, like Gecko) Chrome/92.0.4515.159 Safari/537.36"
::1 - - [29/Aug/2021:11:13:08 +0000] "POST /user/authenticated HTTP/1.1" 200 38 "http://localhost:4200/" "Mozilla/5.0 (Windows NT 10.0; Win64; x64) AppleWebKit/537.36 (KHTML, like Gecko) Chrome/92.0.4515.159 Safari/537.36"
::1 - - [29/Aug/2021:11:13:08 +0000] "GET /plan/edit/61282479682f748b98952fa1 HTTP/1.1" 200 287 "http://localhost:4200/" "Mozilla/5.0 (Windows NT 10.0; Win64; x64) AppleWebKit/537.36 (KHTML, like Gecko) Chrome/92.0.4515.159 Safari/537.36"
::1 - - [29/Aug/2021:11:13:08 +0000] "GET /plan/2021/8/1 HTTP/1.1" 200 2 "http://localhost:4200/" "Mozilla/5.0 (Windows NT 10.0; Win64; x64) AppleWebKit/537.36 (KHTML, like Gecko) Chrome/92.0.4515.159 Safari/537.36"
::1 - - [29/Aug/2021:11:13:21 +0000] "POST /user/authenticated HTTP/1.1" 200 38 "http://localhost:4200/" "Mozilla/5.0 (Windows NT 10.0; Win64; x64) AppleWebKit/537.36 (KHTML, like Gecko) Chrome/92.0.4515.159 Safari/537.36"
::1 - - [29/Aug/2021:11:13:21 +0000] "GET /plan/2021/8 HTTP/1.1" 200 789 "http://localhost:4200/" "Mozilla/5.0 (Windows NT 10.0; Win64; x64) AppleWebKit/537.36 (KHTML, like Gecko) Chrome/92.0.4515.159 Safari/537.36"
::1 - - [29/Aug/2021:11:13:23 +0000] "POST /user/authenticated HTTP/1.1" 200 38 "http://localhost:4200/" "Mozilla/5.0 (Windows NT 10.0; Win64; x64) AppleWebKit/537.36 (KHTML, like Gecko) Chrome/92.0.4515.159 Safari/537.36"
::1 - - [29/Aug/2021:11:13:23 +0000] "GET /plan/2021/7 HTTP/1.1" 200 286 "http://localhost:4200/" "Mozilla/5.0 (Windows NT 10.0; Win64; x64) AppleWebKit/537.36 (KHTML, like Gecko) Chrome/92.0.4515.159 Safari/537.36"
::1 - - [29/Aug/2021:11:13:24 +0000] "POST /user/authenticated HTTP/1.1" 200 38 "http://localhost:4200/" "Mozilla/5.0 (Windows NT 10.0; Win64; x64) AppleWebKit/537.36 (KHTML, like Gecko) Chrome/92.0.4515.159 Safari/537.36"
::1 - - [29/Aug/2021:11:13:24 +0000] "GET /plan/2021/6 HTTP/1.1" 200 2 "http://localhost:4200/" "Mozilla/5.0 (Windows NT 10.0; Win64; x64) AppleWebKit/537.36 (KHTML, like Gecko) Chrome/92.0.4515.159 Safari/537.36"
::1 - - [29/Aug/2021:11:13:25 +0000] "POST /user/authenticated HTTP/1.1" 200 38 "http://localhost:4200/" "Mozilla/5.0 (Windows NT 10.0; Win64; x64) AppleWebKit/537.36 (KHTML, like Gecko) Chrome/92.0.4515.159 Safari/537.36"
::1 - - [29/Aug/2021:11:13:25 +0000] "GET /plan/2021/7 HTTP/1.1" 200 286 "http://localhost:4200/" "Mozilla/5.0 (Windows NT 10.0; Win64; x64) AppleWebKit/537.36 (KHTML, like Gecko) Chrome/92.0.4515.159 Safari/537.36"
::1 - - [29/Aug/2021:11:13:29 +0000] "PUT /plan/612947ee188ca58c441d9931 HTTP/1.1" 200 286 "http://localhost:4200/" "Mozilla/5.0 (Windows NT 10.0; Win64; x64) AppleWebKit/537.36 (KHTML, like Gecko) Chrome/92.0.4515.159 Safari/537.36"
::1 - - [29/Aug/2021:11:13:30 +0000] "PUT /plan/612947ee188ca58c441d9931 HTTP/1.1" 200 284 "http://localhost:4200/" "Mozilla/5.0 (Windows NT 10.0; Win64; x64) AppleWebKit/537.36 (KHTML, like Gecko) Chrome/92.0.4515.159 Safari/537.36"
::1 - - [29/Aug/2021:11:14:12 +0000] "POST /user/authenticated HTTP/1.1" 200 38 "http://localhost:4200/" "Mozilla/5.0 (Windows NT 10.0; Win64; x64) AppleWebKit/537.36 (KHTML, like Gecko) Chrome/92.0.4515.159 Safari/537.36"
::1 - - [29/Aug/2021:11:14:12 +0000] "GET /plan/2021/6 HTTP/1.1" 200 2 "http://localhost:4200/" "Mozilla/5.0 (Windows NT 10.0; Win64; x64) AppleWebKit/537.36 (KHTML, like Gecko) Chrome/92.0.4515.159 Safari/537.36"
::1 - - [29/Aug/2021:11:14:15 +0000] "POST /user/authenticated HTTP/1.1" 200 38 "http://localhost:4200/" "Mozilla/5.0 (Windows NT 10.0; Win64; x64) AppleWebKit/537.36 (KHTML, like Gecko) Chrome/92.0.4515.159 Safari/537.36"
::1 - - [29/Aug/2021:11:14:15 +0000] "GET /plan/2021/6 HTTP/1.1" 200 2 "http://localhost:4200/" "Mozilla/5.0 (Windows NT 10.0; Win64; x64) AppleWebKit/537.36 (KHTML, like Gecko) Chrome/92.0.4515.159 Safari/537.36"
::1 - - [29/Aug/2021:11:15:06 +0000] "POST /user/authenticated HTTP/1.1" 200 38 "http://localhost:4200/" "Mozilla/5.0 (Windows NT 10.0; Win64; x64) AppleWebKit/537.36 (KHTML, like Gecko) Chrome/92.0.4515.159 Safari/537.36"
::1 - - [29/Aug/2021:11:15:06 +0000] "GET /plan/2021/6 HTTP/1.1" 200 2 "http://localhost:4200/" "Mozilla/5.0 (Windows NT 10.0; Win64; x64) AppleWebKit/537.36 (KHTML, like Gecko) Chrome/92.0.4515.159 Safari/537.36"
::1 - - [29/Aug/2021:11:18:05 +0000] "POST /user/authenticated HTTP/1.1" 200 38 "http://localhost:4200/" "Mozilla/5.0 (Windows NT 10.0; Win64; x64) AppleWebKit/537.36 (KHTML, like Gecko) Chrome/92.0.4515.159 Safari/537.36"
::1 - - [29/Aug/2021:11:18:05 +0000] "GET /plan/2021/6 HTTP/1.1" 200 2 "http://localhost:4200/" "Mozilla/5.0 (Windows NT 10.0; Win64; x64) AppleWebKit/537.36 (KHTML, like Gecko) Chrome/92.0.4515.159 Safari/537.36"
::1 - - [29/Aug/2021:11:19:47 +0000] "POST /user/logout HTTP/1.1" 200 38 "http://localhost:4200/" "Mozilla/5.0 (Windows NT 10.0; Win64; x64) AppleWebKit/537.36 (KHTML, like Gecko) Chrome/92.0.4515.159 Safari/537.36"
::1 - - [29/Aug/2021:11:19:48 +0000] "POST /user/authenticated HTTP/1.1" 200 35 "http://localhost:4200/" "Mozilla/5.0 (Windows NT 10.0; Win64; x64) AppleWebKit/537.36 (KHTML, like Gecko) Chrome/92.0.4515.159 Safari/537.36"
::1 - - [29/Aug/2021:11:23:06 +0000] "POST /user/authenticated HTTP/1.1" 200 35 "http://localhost:4200/" "Mozilla/5.0 (Windows NT 10.0; Win64; x64) AppleWebKit/537.36 (KHTML, like Gecko) Chrome/92.0.4515.159 Safari/537.36"
::1 - - [29/Aug/2021:11:23:06 +0000] "GET /plan/NaN/NaN/NaN/7 HTTP/1.1" 401 - "http://localhost:4200/" "Mozilla/5.0 (Windows NT 10.0; Win64; x64) AppleWebKit/537.36 (KHTML, like Gecko) Chrome/92.0.4515.159 Safari/537.36"
::1 - - [29/Aug/2021:11:23:06 +0000] "POST /user/authenticated HTTP/1.1" 200 35 "http://localhost:4200/" "Mozilla/5.0 (Windows NT 10.0; Win64; x64) AppleWebKit/537.36 (KHTML, like Gecko) Chrome/92.0.4515.159 Safari/537.36"
::1 - - [29/Aug/2021:11:23:10 +0000] "POST /user/authenticated HTTP/1.1" 200 35 "http://localhost:4200/" "Mozilla/5.0 (Windows NT 10.0; Win64; x64) AppleWebKit/537.36 (KHTML, like Gecko) Chrome/92.0.4515.159 Safari/537.36"
::1 - - [29/Aug/2021:11:23:10 +0000] "GET /plan/NaN/NaN/NaN/7 HTTP/1.1" 401 - "http://localhost:4200/" "Mozilla/5.0 (Windows NT 10.0; Win64; x64) AppleWebKit/537.36 (KHTML, like Gecko) Chrome/92.0.4515.159 Safari/537.36"
::1 - - [29/Aug/2021:11:23:11 +0000] "POST /user/authenticated HTTP/1.1" 200 35 "http://localhost:4200/" "Mozilla/5.0 (Windows NT 10.0; Win64; x64) AppleWebKit/537.36 (KHTML, like Gecko) Chrome/92.0.4515.159 Safari/537.36"
::1 - - [29/Aug/2021:11:23:15 +0000] "POST /user/login HTTP/1.1" 200 379 "http://localhost:4200/" "Mozilla/5.0 (Windows NT 10.0; Win64; x64) AppleWebKit/537.36 (KHTML, like Gecko) Chrome/92.0.4515.159 Safari/537.36"
::1 - - [29/Aug/2021:11:23:15 +0000] "POST /user/authenticated HTTP/1.1" 200 38 "http://localhost:4200/" "Mozilla/5.0 (Windows NT 10.0; Win64; x64) AppleWebKit/537.36 (KHTML, like Gecko) Chrome/92.0.4515.159 Safari/537.36"
::1 - - [29/Aug/2021:11:23:15 +0000] "GET /user HTTP/1.1" 200 379 "http://localhost:4200/" "Mozilla/5.0 (Windows NT 10.0; Win64; x64) AppleWebKit/537.36 (KHTML, like Gecko) Chrome/92.0.4515.159 Safari/537.36"
::1 - - [29/Aug/2021:11:23:23 +0000] "POST /user/authenticated HTTP/1.1" 200 38 "http://localhost:4200/" "Mozilla/5.0 (Windows NT 10.0; Win64; x64) AppleWebKit/537.36 (KHTML, like Gecko) Chrome/92.0.4515.159 Safari/537.36"
::1 - - [29/Aug/2021:11:23:23 +0000] "GET /plan/NaN/NaN/NaN/7 HTTP/1.1" 500 35 "http://localhost:4200/" "Mozilla/5.0 (Windows NT 10.0; Win64; x64) AppleWebKit/537.36 (KHTML, like Gecko) Chrome/92.0.4515.159 Safari/537.36"
::1 - - [29/Aug/2021:11:24:45 +0000] "POST /user/authenticated HTTP/1.1" 200 38 "http://localhost:4200/" "Mozilla/5.0 (Windows NT 10.0; Win64; x64) AppleWebKit/537.36 (KHTML, like Gecko) Chrome/92.0.4515.159 Safari/537.36"
::1 - - [29/Aug/2021:11:24:46 +0000] "POST /user/authenticated HTTP/1.1" 200 38 "http://localhost:4200/" "Mozilla/5.0 (Windows NT 10.0; Win64; x64) AppleWebKit/537.36 (KHTML, like Gecko) Chrome/92.0.4515.159 Safari/537.36"
::1 - - [29/Aug/2021:11:24:46 +0000] "GET /user HTTP/1.1" 200 379 "http://localhost:4200/" "Mozilla/5.0 (Windows NT 10.0; Win64; x64) AppleWebKit/537.36 (KHTML, like Gecko) Chrome/92.0.4515.159 Safari/537.36"
::1 - - [29/Aug/2021:11:24:49 +0000] "POST /user/logout HTTP/1.1" 200 38 "http://localhost:4200/" "Mozilla/5.0 (Windows NT 10.0; Win64; x64) AppleWebKit/537.36 (KHTML, like Gecko) Chrome/92.0.4515.159 Safari/537.36"
::1 - - [29/Aug/2021:11:24:49 +0000] "POST /user/authenticated HTTP/1.1" 200 35 "http://localhost:4200/" "Mozilla/5.0 (Windows NT 10.0; Win64; x64) AppleWebKit/537.36 (KHTML, like Gecko) Chrome/92.0.4515.159 Safari/537.36"
::1 - - [29/Aug/2021:11:24:54 +0000] "POST /user/login HTTP/1.1" 200 379 "http://localhost:4200/" "Mozilla/5.0 (Windows NT 10.0; Win64; x64) AppleWebKit/537.36 (KHTML, like Gecko) Chrome/92.0.4515.159 Safari/537.36"
::1 - - [29/Aug/2021:11:24:54 +0000] "POST /user/authenticated HTTP/1.1" 200 38 "http://localhost:4200/" "Mozilla/5.0 (Windows NT 10.0; Win64; x64) AppleWebKit/537.36 (KHTML, like Gecko) Chrome/92.0.4515.159 Safari/537.36"
::1 - - [29/Aug/2021:11:24:54 +0000] "GET /user HTTP/1.1" 200 379 "http://localhost:4200/" "Mozilla/5.0 (Windows NT 10.0; Win64; x64) AppleWebKit/537.36 (KHTML, like Gecko) Chrome/92.0.4515.159 Safari/537.36"
::1 - - [29/Aug/2021:23:37:51 +0000] "POST /user/authenticated HTTP/1.1" 200 35 "http://localhost:4200/" "Mozilla/5.0 (Windows NT 10.0; Win64; x64) AppleWebKit/537.36 (KHTML, like Gecko) Chrome/92.0.4515.159 Safari/537.36"
::1 - - [29/Aug/2021:23:37:51 +0000] "GET /user HTTP/1.1" 200 111 "http://localhost:4200/" "Mozilla/5.0 (Windows NT 10.0; Win64; x64) AppleWebKit/537.36 (KHTML, like Gecko) Chrome/92.0.4515.159 Safari/537.36"
::1 - - [29/Aug/2021:23:37:53 +0000] "POST /user/authenticated HTTP/1.1" 200 35 "http://localhost:4200/" "Mozilla/5.0 (Windows NT 10.0; Win64; x64) AppleWebKit/537.36 (KHTML, like Gecko) Chrome/92.0.4515.159 Safari/537.36"
::1 - - [29/Aug/2021:23:37:53 +0000] "GET /plan/2021/8 HTTP/1.1" 401 - "http://localhost:4200/" "Mozilla/5.0 (Windows NT 10.0; Win64; x64) AppleWebKit/537.36 (KHTML, like Gecko) Chrome/92.0.4515.159 Safari/537.36"
::1 - - [29/Aug/2021:23:37:53 +0000] "POST /user/authenticated HTTP/1.1" 200 35 "http://localhost:4200/" "Mozilla/5.0 (Windows NT 10.0; Win64; x64) AppleWebKit/537.36 (KHTML, like Gecko) Chrome/92.0.4515.159 Safari/537.36"
::1 - - [29/Aug/2021:23:37:59 +0000] "POST /user/login HTTP/1.1" 200 379 "http://localhost:4200/" "Mozilla/5.0 (Windows NT 10.0; Win64; x64) AppleWebKit/537.36 (KHTML, like Gecko) Chrome/92.0.4515.159 Safari/537.36"
::1 - - [29/Aug/2021:23:37:59 +0000] "POST /user/authenticated HTTP/1.1" 200 38 "http://localhost:4200/" "Mozilla/5.0 (Windows NT 10.0; Win64; x64) AppleWebKit/537.36 (KHTML, like Gecko) Chrome/92.0.4515.159 Safari/537.36"
::1 - - [29/Aug/2021:23:37:59 +0000] "GET /user HTTP/1.1" 200 379 "http://localhost:4200/" "Mozilla/5.0 (Windows NT 10.0; Win64; x64) AppleWebKit/537.36 (KHTML, like Gecko) Chrome/92.0.4515.159 Safari/537.36"
::1 - - [29/Aug/2021:23:38:02 +0000] "POST /user/authenticated HTTP/1.1" 200 38 "http://localhost:4200/" "Mozilla/5.0 (Windows NT 10.0; Win64; x64) AppleWebKit/537.36 (KHTML, like Gecko) Chrome/92.0.4515.159 Safari/537.36"
::1 - - [29/Aug/2021:23:38:02 +0000] "GET /plan/2021/8 HTTP/1.1" 200 789 "http://localhost:4200/" "Mozilla/5.0 (Windows NT 10.0; Win64; x64) AppleWebKit/537.36 (KHTML, like Gecko) Chrome/92.0.4515.159 Safari/537.36"
::1 - - [29/Aug/2021:23:38:06 +0000] "POST /user/authenticated HTTP/1.1" 200 38 "http://localhost:4200/" "Mozilla/5.0 (Windows NT 10.0; Win64; x64) AppleWebKit/537.36 (KHTML, like Gecko) Chrome/92.0.4515.159 Safari/537.36"
::1 - - [29/Aug/2021:23:38:06 +0000] "GET /plan/2021/9 HTTP/1.1" 200 2 "http://localhost:4200/" "Mozilla/5.0 (Windows NT 10.0; Win64; x64) AppleWebKit/537.36 (KHTML, like Gecko) Chrome/92.0.4515.159 Safari/537.36"
::1 - - [29/Aug/2021:23:46:36 +0000] "POST /user/authenticated HTTP/1.1" 200 38 "http://localhost:4200/" "Mozilla/5.0 (Windows NT 10.0; Win64; x64) AppleWebKit/537.36 (KHTML, like Gecko) Chrome/92.0.4515.159 Safari/537.36"
::1 - - [29/Aug/2021:23:46:36 +0000] "GET /user HTTP/1.1" 200 379 "http://localhost:4200/" "Mozilla/5.0 (Windows NT 10.0; Win64; x64) AppleWebKit/537.36 (KHTML, like Gecko) Chrome/92.0.4515.159 Safari/537.36"
::1 - - [29/Aug/2021:23:46:41 +0000] "POST /user/authenticated HTTP/1.1" 200 38 "http://localhost:4200/" "Mozilla/5.0 (Windows NT 10.0; Win64; x64) AppleWebKit/537.36 (KHTML, like Gecko) Chrome/92.0.4515.159 Safari/537.36"
::1 - - [29/Aug/2021:23:46:41 +0000] "GET /plan/2021/8 HTTP/1.1" 200 789 "http://localhost:4200/" "Mozilla/5.0 (Windows NT 10.0; Win64; x64) AppleWebKit/537.36 (KHTML, like Gecko) Chrome/92.0.4515.159 Safari/537.36"
::1 - - [29/Aug/2021:23:51:32 +0000] "POST /user/authenticated HTTP/1.1" 200 38 "http://localhost:4200/" "Mozilla/5.0 (Windows NT 10.0; Win64; x64) AppleWebKit/537.36 (KHTML, like Gecko) Chrome/92.0.4515.159 Safari/537.36"
::1 - - [29/Aug/2021:23:51:42 +0000] "POST /user/authenticated HTTP/1.1" 200 38 "http://localhost:4200/" "Mozilla/5.0 (Windows NT 10.0; Win64; x64) AppleWebKit/537.36 (KHTML, like Gecko) Chrome/92.0.4515.159 Safari/537.36"
::1 - - [29/Aug/2021:23:51:52 +0000] "POST /user/authenticated HTTP/1.1" 200 38 "http://localhost:4200/" "Mozilla/5.0 (Windows NT 10.0; Win64; x64) AppleWebKit/537.36 (KHTML, like Gecko) Chrome/92.0.4515.159 Safari/537.36"
::1 - - [29/Aug/2021:23:51:52 +0000] "GET /plan/2021/8/1/7 HTTP/1.1" 200 789 "http://localhost:4200/" "Mozilla/5.0 (Windows NT 10.0; Win64; x64) AppleWebKit/537.36 (KHTML, like Gecko) Chrome/92.0.4515.159 Safari/537.36"
::1 - - [29/Aug/2021:23:55:35 +0000] "POST /user/authenticated HTTP/1.1" 200 38 "http://localhost:4200/" "Mozilla/5.0 (Windows NT 10.0; Win64; x64) AppleWebKit/537.36 (KHTML, like Gecko) Chrome/92.0.4515.159 Safari/537.36"
::1 - - [29/Aug/2021:23:55:35 +0000] "GET /plan/2021/7/1/7 HTTP/1.1" 200 286 "http://localhost:4200/" "Mozilla/5.0 (Windows NT 10.0; Win64; x64) AppleWebKit/537.36 (KHTML, like Gecko) Chrome/92.0.4515.159 Safari/537.36"
::1 - - [29/Aug/2021:23:55:50 +0000] "POST /user/authenticated HTTP/1.1" 200 38 "http://localhost:4200/" "Mozilla/5.0 (Windows NT 10.0; Win64; x64) AppleWebKit/537.36 (KHTML, like Gecko) Chrome/92.0.4515.159 Safari/537.36"
::1 - - [29/Aug/2021:23:55:50 +0000] "GET /plan/2021/8/1/7 HTTP/1.1" 200 789 "http://localhost:4200/" "Mozilla/5.0 (Windows NT 10.0; Win64; x64) AppleWebKit/537.36 (KHTML, like Gecko) Chrome/92.0.4515.159 Safari/537.36"
::1 - - [29/Aug/2021:23:58:50 +0000] "POST /user/authenticated HTTP/1.1" 200 35 "http://localhost:4200/" "Mozilla/5.0 (Windows NT 10.0; Win64; x64) AppleWebKit/537.36 (KHTML, like Gecko) Chrome/92.0.4515.159 Safari/537.36"
::1 - - [29/Aug/2021:23:58:50 +0000] "GET /plan/2021/8/1/7 HTTP/1.1" 401 - "http://localhost:4200/" "Mozilla/5.0 (Windows NT 10.0; Win64; x64) AppleWebKit/537.36 (KHTML, like Gecko) Chrome/92.0.4515.159 Safari/537.36"
::1 - - [29/Aug/2021:23:58:50 +0000] "POST /user/authenticated HTTP/1.1" 200 35 "http://localhost:4200/" "Mozilla/5.0 (Windows NT 10.0; Win64; x64) AppleWebKit/537.36 (KHTML, like Gecko) Chrome/92.0.4515.159 Safari/537.36"
::1 - - [29/Aug/2021:23:58:55 +0000] "POST /user/login HTTP/1.1" 200 379 "http://localhost:4200/" "Mozilla/5.0 (Windows NT 10.0; Win64; x64) AppleWebKit/537.36 (KHTML, like Gecko) Chrome/92.0.4515.159 Safari/537.36"
::1 - - [29/Aug/2021:23:58:55 +0000] "POST /user/authenticated HTTP/1.1" 200 38 "http://localhost:4200/" "Mozilla/5.0 (Windows NT 10.0; Win64; x64) AppleWebKit/537.36 (KHTML, like Gecko) Chrome/92.0.4515.159 Safari/537.36"
::1 - - [29/Aug/2021:23:58:55 +0000] "GET /user HTTP/1.1" 200 379 "http://localhost:4200/" "Mozilla/5.0 (Windows NT 10.0; Win64; x64) AppleWebKit/537.36 (KHTML, like Gecko) Chrome/92.0.4515.159 Safari/537.36"
::1 - - [29/Aug/2021:23:59:03 +0000] "POST /user/authenticated HTTP/1.1" 200 38 "http://localhost:4200/" "Mozilla/5.0 (Windows NT 10.0; Win64; x64) AppleWebKit/537.36 (KHTML, like Gecko) Chrome/92.0.4515.159 Safari/537.36"
::1 - - [29/Aug/2021:23:59:03 +0000] "GET /plan/2021/8/1/7 HTTP/1.1" 200 789 "http://localhost:4200/" "Mozilla/5.0 (Windows NT 10.0; Win64; x64) AppleWebKit/537.36 (KHTML, like Gecko) Chrome/92.0.4515.159 Safari/537.36"
::1 - - [29/Aug/2021:23:59:50 +0000] "POST /user/authenticated HTTP/1.1" 200 38 "http://localhost:4200/" "Mozilla/5.0 (Windows NT 10.0; Win64; x64) AppleWebKit/537.36 (KHTML, like Gecko) Chrome/92.0.4515.159 Safari/537.36"
::1 - - [29/Aug/2021:23:59:50 +0000] "GET /plan/2021/8/1/7 HTTP/1.1" 200 789 "http://localhost:4200/" "Mozilla/5.0 (Windows NT 10.0; Win64; x64) AppleWebKit/537.36 (KHTML, like Gecko) Chrome/92.0.4515.159 Safari/537.36"
::1 - - [30/Aug/2021:00:00:43 +0000] "POST /user/authenticated HTTP/1.1" 200 38 "http://localhost:4200/" "Mozilla/5.0 (Windows NT 10.0; Win64; x64) AppleWebKit/537.36 (KHTML, like Gecko) Chrome/92.0.4515.159 Safari/537.36"
::1 - - [30/Aug/2021:00:00:43 +0000] "GET /plan/2021/8/1/7 HTTP/1.1" 200 789 "http://localhost:4200/" "Mozilla/5.0 (Windows NT 10.0; Win64; x64) AppleWebKit/537.36 (KHTML, like Gecko) Chrome/92.0.4515.159 Safari/537.36"
::1 - - [30/Aug/2021:00:00:49 +0000] "POST /user/authenticated HTTP/1.1" 200 38 "http://localhost:4200/" "Mozilla/5.0 (Windows NT 10.0; Win64; x64) AppleWebKit/537.36 (KHTML, like Gecko) Chrome/92.0.4515.159 Safari/537.36"
::1 - - [30/Aug/2021:00:00:49 +0000] "GET /plan/2021/8/1/7 HTTP/1.1" 200 789 "http://localhost:4200/" "Mozilla/5.0 (Windows NT 10.0; Win64; x64) AppleWebKit/537.36 (KHTML, like Gecko) Chrome/92.0.4515.159 Safari/537.36"
::1 - - [30/Aug/2021:00:03:26 +0000] "POST /user/authenticated HTTP/1.1" 200 38 "http://localhost:4200/" "Mozilla/5.0 (Windows NT 10.0; Win64; x64) AppleWebKit/537.36 (KHTML, like Gecko) Chrome/92.0.4515.159 Safari/537.36"
::1 - - [30/Aug/2021:00:03:26 +0000] "GET /plan/2021/8/1/7 HTTP/1.1" 200 789 "http://localhost:4200/" "Mozilla/5.0 (Windows NT 10.0; Win64; x64) AppleWebKit/537.36 (KHTML, like Gecko) Chrome/92.0.4515.159 Safari/537.36"
::1 - - [30/Aug/2021:00:03:58 +0000] "POST /user/authenticated HTTP/1.1" 200 38 "http://localhost:4200/" "Mozilla/5.0 (Windows NT 10.0; Win64; x64) AppleWebKit/537.36 (KHTML, like Gecko) Chrome/92.0.4515.159 Safari/537.36"
::1 - - [30/Aug/2021:00:03:58 +0000] "GET /plan/2021/8/1/7 HTTP/1.1" 200 789 "http://localhost:4200/" "Mozilla/5.0 (Windows NT 10.0; Win64; x64) AppleWebKit/537.36 (KHTML, like Gecko) Chrome/92.0.4515.159 Safari/537.36"
::1 - - [30/Aug/2021:00:04:08 +0000] "POST /user/authenticated HTTP/1.1" 200 38 "http://localhost:4200/" "Mozilla/5.0 (Windows NT 10.0; Win64; x64) AppleWebKit/537.36 (KHTML, like Gecko) Chrome/92.0.4515.159 Safari/537.36"
::1 - - [30/Aug/2021:00:04:08 +0000] "GET /plan/2021/8/1/7 HTTP/1.1" 200 789 "http://localhost:4200/" "Mozilla/5.0 (Windows NT 10.0; Win64; x64) AppleWebKit/537.36 (KHTML, like Gecko) Chrome/92.0.4515.159 Safari/537.36"
::1 - - [30/Aug/2021:00:04:40 +0000] "POST /user/authenticated HTTP/1.1" 200 38 "http://localhost:4200/" "Mozilla/5.0 (Windows NT 10.0; Win64; x64) AppleWebKit/537.36 (KHTML, like Gecko) Chrome/92.0.4515.159 Safari/537.36"
::1 - - [30/Aug/2021:00:04:40 +0000] "GET /plan/2021/8/1/7 HTTP/1.1" 200 789 "http://localhost:4200/" "Mozilla/5.0 (Windows NT 10.0; Win64; x64) AppleWebKit/537.36 (KHTML, like Gecko) Chrome/92.0.4515.159 Safari/537.36"
::1 - - [30/Aug/2021:00:04:43 +0000] "POST /user/authenticated HTTP/1.1" 200 38 "http://localhost:4200/" "Mozilla/5.0 (Windows NT 10.0; Win64; x64) AppleWebKit/537.36 (KHTML, like Gecko) Chrome/92.0.4515.159 Safari/537.36"
::1 - - [30/Aug/2021:00:04:43 +0000] "GET /plan/2021/8/1/7 HTTP/1.1" 200 789 "http://localhost:4200/" "Mozilla/5.0 (Windows NT 10.0; Win64; x64) AppleWebKit/537.36 (KHTML, like Gecko) Chrome/92.0.4515.159 Safari/537.36"
::1 - - [30/Aug/2021:00:05:10 +0000] "POST /user/authenticated HTTP/1.1" 200 38 "http://localhost:4200/" "Mozilla/5.0 (Windows NT 10.0; Win64; x64) AppleWebKit/537.36 (KHTML, like Gecko) Chrome/92.0.4515.159 Safari/537.36"
::1 - - [30/Aug/2021:00:05:10 +0000] "GET /plan/2021/8/1/7 HTTP/1.1" 200 789 "http://localhost:4200/" "Mozilla/5.0 (Windows NT 10.0; Win64; x64) AppleWebKit/537.36 (KHTML, like Gecko) Chrome/92.0.4515.159 Safari/537.36"
::1 - - [30/Aug/2021:00:05:45 +0000] "POST /user/authenticated HTTP/1.1" 200 38 "http://localhost:4200/" "Mozilla/5.0 (Windows NT 10.0; Win64; x64) AppleWebKit/537.36 (KHTML, like Gecko) Chrome/92.0.4515.159 Safari/537.36"
::1 - - [30/Aug/2021:00:05:45 +0000] "GET /plan/2021/8/1/7 HTTP/1.1" 200 789 "http://localhost:4200/" "Mozilla/5.0 (Windows NT 10.0; Win64; x64) AppleWebKit/537.36 (KHTML, like Gecko) Chrome/92.0.4515.159 Safari/537.36"
::1 - - [30/Aug/2021:00:06:12 +0000] "POST /user/authenticated HTTP/1.1" 200 38 "http://localhost:4200/" "Mozilla/5.0 (Windows NT 10.0; Win64; x64) AppleWebKit/537.36 (KHTML, like Gecko) Chrome/92.0.4515.159 Safari/537.36"
::1 - - [30/Aug/2021:00:06:12 +0000] "GET /plan/2021/8/1/7 HTTP/1.1" 200 789 "http://localhost:4200/" "Mozilla/5.0 (Windows NT 10.0; Win64; x64) AppleWebKit/537.36 (KHTML, like Gecko) Chrome/92.0.4515.159 Safari/537.36"
::1 - - [30/Aug/2021:00:10:33 +0000] "POST /user/authenticated HTTP/1.1" 200 38 "http://localhost:4200/" "Mozilla/5.0 (Windows NT 10.0; Win64; x64) AppleWebKit/537.36 (KHTML, like Gecko) Chrome/92.0.4515.159 Safari/537.36"
::1 - - [30/Aug/2021:00:10:33 +0000] "GET /plan/2021/8/1/7 HTTP/1.1" 200 789 "http://localhost:4200/" "Mozilla/5.0 (Windows NT 10.0; Win64; x64) AppleWebKit/537.36 (KHTML, like Gecko) Chrome/92.0.4515.159 Safari/537.36"
::1 - - [30/Aug/2021:00:10:48 +0000] "POST /user/authenticated HTTP/1.1" 200 38 "http://localhost:4200/" "Mozilla/5.0 (Windows NT 10.0; Win64; x64) AppleWebKit/537.36 (KHTML, like Gecko) Chrome/92.0.4515.159 Safari/537.36"
::1 - - [30/Aug/2021:00:10:48 +0000] "GET /plan/2021/8/1/7 HTTP/1.1" 200 789 "http://localhost:4200/" "Mozilla/5.0 (Windows NT 10.0; Win64; x64) AppleWebKit/537.36 (KHTML, like Gecko) Chrome/92.0.4515.159 Safari/537.36"
::1 - - [30/Aug/2021:00:11:34 +0000] "POST /user/authenticated HTTP/1.1" 200 38 "http://localhost:4200/" "Mozilla/5.0 (Windows NT 10.0; Win64; x64) AppleWebKit/537.36 (KHTML, like Gecko) Chrome/92.0.4515.159 Safari/537.36"
::1 - - [30/Aug/2021:00:11:34 +0000] "GET /plan/2021/8/1/7 HTTP/1.1" 200 789 "http://localhost:4200/" "Mozilla/5.0 (Windows NT 10.0; Win64; x64) AppleWebKit/537.36 (KHTML, like Gecko) Chrome/92.0.4515.159 Safari/537.36"
::1 - - [30/Aug/2021:00:12:31 +0000] "POST /user/authenticated HTTP/1.1" 200 38 "http://localhost:4200/" "Mozilla/5.0 (Windows NT 10.0; Win64; x64) AppleWebKit/537.36 (KHTML, like Gecko) Chrome/92.0.4515.159 Safari/537.36"
::1 - - [30/Aug/2021:00:12:31 +0000] "GET /plan/2021/8/1/7 HTTP/1.1" 200 789 "http://localhost:4200/" "Mozilla/5.0 (Windows NT 10.0; Win64; x64) AppleWebKit/537.36 (KHTML, like Gecko) Chrome/92.0.4515.159 Safari/537.36"
::1 - - [30/Aug/2021:00:12:52 +0000] "POST /user/authenticated HTTP/1.1" 200 38 "http://localhost:4200/" "Mozilla/5.0 (Windows NT 10.0; Win64; x64) AppleWebKit/537.36 (KHTML, like Gecko) Chrome/92.0.4515.159 Safari/537.36"
::1 - - [30/Aug/2021:00:12:52 +0000] "GET /plan/2021/8/1/7 HTTP/1.1" 200 789 "http://localhost:4200/" "Mozilla/5.0 (Windows NT 10.0; Win64; x64) AppleWebKit/537.36 (KHTML, like Gecko) Chrome/92.0.4515.159 Safari/537.36"
::1 - - [30/Aug/2021:00:13:23 +0000] "POST /user/authenticated HTTP/1.1" 200 38 "http://localhost:4200/" "Mozilla/5.0 (Windows NT 10.0; Win64; x64) AppleWebKit/537.36 (KHTML, like Gecko) Chrome/92.0.4515.159 Safari/537.36"
::1 - - [30/Aug/2021:00:13:23 +0000] "GET /plan/2021/8/1/7 HTTP/1.1" 200 789 "http://localhost:4200/" "Mozilla/5.0 (Windows NT 10.0; Win64; x64) AppleWebKit/537.36 (KHTML, like Gecko) Chrome/92.0.4515.159 Safari/537.36"
::1 - - [30/Aug/2021:00:13:41 +0000] "POST /user/authenticated HTTP/1.1" 200 38 "http://localhost:4200/" "Mozilla/5.0 (Windows NT 10.0; Win64; x64) AppleWebKit/537.36 (KHTML, like Gecko) Chrome/92.0.4515.159 Safari/537.36"
::1 - - [30/Aug/2021:00:13:41 +0000] "GET /plan/2021/8/1/7 HTTP/1.1" 200 789 "http://localhost:4200/" "Mozilla/5.0 (Windows NT 10.0; Win64; x64) AppleWebKit/537.36 (KHTML, like Gecko) Chrome/92.0.4515.159 Safari/537.36"
::1 - - [30/Aug/2021:00:15:09 +0000] "POST /user/authenticated HTTP/1.1" 200 38 "http://localhost:4200/" "Mozilla/5.0 (Windows NT 10.0; Win64; x64) AppleWebKit/537.36 (KHTML, like Gecko) Chrome/92.0.4515.159 Safari/537.36"
::1 - - [30/Aug/2021:00:15:09 +0000] "GET /plan/2021/8/1/7 HTTP/1.1" 200 789 "http://localhost:4200/" "Mozilla/5.0 (Windows NT 10.0; Win64; x64) AppleWebKit/537.36 (KHTML, like Gecko) Chrome/92.0.4515.159 Safari/537.36"
::1 - - [30/Aug/2021:00:15:21 +0000] "POST /user/authenticated HTTP/1.1" 200 38 "http://localhost:4200/" "Mozilla/5.0 (Windows NT 10.0; Win64; x64) AppleWebKit/537.36 (KHTML, like Gecko) Chrome/92.0.4515.159 Safari/537.36"
::1 - - [30/Aug/2021:00:15:21 +0000] "GET /plan/2021/8/1/7 HTTP/1.1" 200 789 "http://localhost:4200/" "Mozilla/5.0 (Windows NT 10.0; Win64; x64) AppleWebKit/537.36 (KHTML, like Gecko) Chrome/92.0.4515.159 Safari/537.36"
::1 - - [30/Aug/2021:00:15:23 +0000] "POST /user/authenticated HTTP/1.1" 200 38 "http://localhost:4200/" "Mozilla/5.0 (Windows NT 10.0; Win64; x64) AppleWebKit/537.36 (KHTML, like Gecko) Chrome/92.0.4515.159 Safari/537.36"
::1 - - [30/Aug/2021:00:15:23 +0000] "GET /plan/2021/8/1/7 HTTP/1.1" 200 789 "http://localhost:4200/" "Mozilla/5.0 (Windows NT 10.0; Win64; x64) AppleWebKit/537.36 (KHTML, like Gecko) Chrome/92.0.4515.159 Safari/537.36"
::1 - - [30/Aug/2021:00:15:33 +0000] "POST /user/authenticated HTTP/1.1" 200 38 "http://localhost:4200/" "Mozilla/5.0 (Windows NT 10.0; Win64; x64) AppleWebKit/537.36 (KHTML, like Gecko) Chrome/92.0.4515.159 Safari/537.36"
::1 - - [30/Aug/2021:00:15:33 +0000] "GET /plan/2021/8/1/7 HTTP/1.1" 200 789 "http://localhost:4200/" "Mozilla/5.0 (Windows NT 10.0; Win64; x64) AppleWebKit/537.36 (KHTML, like Gecko) Chrome/92.0.4515.159 Safari/537.36"
