::1 - - [03/May/2021:17:27:04 +0000] "GET / HTTP/1.1" 200 312 "http://localhost:4200/" "Mozilla/5.0 (Windows NT 10.0; Win64; x64) AppleWebKit/537.36 (KHTML, like Gecko) Chrome/90.0.4430.93 Safari/537.36"
::1 - - [03/May/2021:17:27:11 +0000] "GET / HTTP/1.1" 200 312 "http://localhost:4200/" "Mozilla/5.0 (Windows NT 10.0; Win64; x64) AppleWebKit/537.36 (KHTML, like Gecko) Chrome/90.0.4430.93 Safari/537.36"
::1 - - [03/May/2021:17:27:17 +0000] "GET / HTTP/1.1" 200 312 "http://localhost:4200/" "Mozilla/5.0 (Windows NT 10.0; Win64; x64) AppleWebKit/537.36 (KHTML, like Gecko) Chrome/90.0.4430.93 Safari/537.36"
::1 - - [03/May/2021:19:30:15 +0000] "GET / HTTP/1.1" 200 2 "-" "Mozilla/5.0 (Windows NT 10.0; Win64; x64) AppleWebKit/537.36 (KHTML, like Gecko) Chrome/90.0.4430.93 Safari/537.36"
::1 - - [03/May/2021:19:30:16 +0000] "GET /favicon.ico HTTP/1.1" 200 0 "http://localhost:3000/" "Mozilla/5.0 (Windows NT 10.0; Win64; x64) AppleWebKit/537.36 (KHTML, like Gecko) Chrome/90.0.4430.93 Safari/537.36"
::1 - - [03/May/2021:19:32:01 +0000] "GET /user HTTP/1.1" 200 0 "-" "Mozilla/5.0 (Windows NT 10.0; Win64; x64) AppleWebKit/537.36 (KHTML, like Gecko) Chrome/90.0.4430.93 Safari/537.36"
::1 - - [03/May/2021:19:32:01 +0000] "GET /favicon.ico HTTP/1.1" 304 - "http://localhost:3000/user" "Mozilla/5.0 (Windows NT 10.0; Win64; x64) AppleWebKit/537.36 (KHTML, like Gecko) Chrome/90.0.4430.93 Safari/537.36"
::1 - - [03/May/2021:19:32:41 +0000] "GET / HTTP/1.1" 304 - "-" "Mozilla/5.0 (Windows NT 10.0; Win64; x64) AppleWebKit/537.36 (KHTML, like Gecko) Chrome/90.0.4430.93 Safari/537.36"
::1 - - [03/May/2021:19:32:41 +0000] "GET /favicon.ico HTTP/1.1" 304 - "http://localhost:3000/" "Mozilla/5.0 (Windows NT 10.0; Win64; x64) AppleWebKit/537.36 (KHTML, like Gecko) Chrome/90.0.4430.93 Safari/537.36"
::1 - - [03/May/2021:19:32:51 +0000] "GET / HTTP/1.1" 200 312 "-" "Mozilla/5.0 (Windows NT 10.0; Win64; x64) AppleWebKit/537.36 (KHTML, like Gecko) Chrome/90.0.4430.93 Safari/537.36"
::1 - - [03/May/2021:19:32:51 +0000] "GET /favicon.ico HTTP/1.1" 200 156 "http://localhost:3000/" "Mozilla/5.0 (Windows NT 10.0; Win64; x64) AppleWebKit/537.36 (KHTML, like Gecko) Chrome/90.0.4430.93 Safari/537.36"
::1 - - [03/May/2021:19:39:34 +0000] "GET / HTTP/1.1" 304 - "-" "Mozilla/5.0 (Windows NT 10.0; Win64; x64) AppleWebKit/537.36 (KHTML, like Gecko) Chrome/90.0.4430.93 Safari/537.36"
::1 - - [03/May/2021:19:39:34 +0000] "GET /favicon.ico HTTP/1.1" 200 156 "http://localhost:3000/" "Mozilla/5.0 (Windows NT 10.0; Win64; x64) AppleWebKit/537.36 (KHTML, like Gecko) Chrome/90.0.4430.93 Safari/537.36"
::1 - - [03/May/2021:19:39:36 +0000] "GET /plan HTTP/1.1" 200 156 "-" "Mozilla/5.0 (Windows NT 10.0; Win64; x64) AppleWebKit/537.36 (KHTML, like Gecko) Chrome/90.0.4430.93 Safari/537.36"
::1 - - [03/May/2021:19:39:36 +0000] "GET /favicon.ico HTTP/1.1" 304 - "http://localhost:3000/plan" "Mozilla/5.0 (Windows NT 10.0; Win64; x64) AppleWebKit/537.36 (KHTML, like Gecko) Chrome/90.0.4430.93 Safari/537.36"
::1 - - [03/May/2021:19:41:21 +0000] "GET /plan HTTP/1.1" 304 - "-" "Mozilla/5.0 (Windows NT 10.0; Win64; x64) AppleWebKit/537.36 (KHTML, like Gecko) Chrome/90.0.4430.93 Safari/537.36"
::1 - - [03/May/2021:19:41:21 +0000] "GET /favicon.ico HTTP/1.1" 200 156 "http://localhost:3000/plan" "Mozilla/5.0 (Windows NT 10.0; Win64; x64) AppleWebKit/537.36 (KHTML, like Gecko) Chrome/90.0.4430.93 Safari/537.36"
::1 - - [03/May/2021:19:41:21 +0000] "GET /plan HTTP/1.1" 304 - "-" "Mozilla/5.0 (Windows NT 10.0; Win64; x64) AppleWebKit/537.36 (KHTML, like Gecko) Chrome/90.0.4430.93 Safari/537.36"
::1 - - [03/May/2021:19:41:22 +0000] "GET /favicon.ico HTTP/1.1" 200 156 "http://localhost:3000/plan" "Mozilla/5.0 (Windows NT 10.0; Win64; x64) AppleWebKit/537.36 (KHTML, like Gecko) Chrome/90.0.4430.93 Safari/537.36"
::1 - - [03/May/2021:19:41:22 +0000] "GET /plan HTTP/1.1" 304 - "-" "Mozilla/5.0 (Windows NT 10.0; Win64; x64) AppleWebKit/537.36 (KHTML, like Gecko) Chrome/90.0.4430.93 Safari/537.36"
::1 - - [03/May/2021:19:41:22 +0000] "GET /favicon.ico HTTP/1.1" 200 156 "http://localhost:3000/plan" "Mozilla/5.0 (Windows NT 10.0; Win64; x64) AppleWebKit/537.36 (KHTML, like Gecko) Chrome/90.0.4430.93 Safari/537.36"
::1 - - [03/May/2021:19:43:05 +0000] "GET /plan HTTP/1.1" 304 - "-" "Mozilla/5.0 (Windows NT 10.0; Win64; x64) AppleWebKit/537.36 (KHTML, like Gecko) Chrome/90.0.4430.93 Safari/537.36"
::1 - - [03/May/2021:19:43:05 +0000] "GET /favicon.ico HTTP/1.1" 200 156 "http://localhost:3000/plan" "Mozilla/5.0 (Windows NT 10.0; Win64; x64) AppleWebKit/537.36 (KHTML, like Gecko) Chrome/90.0.4430.93 Safari/537.36"
::1 - - [03/May/2021:19:43:07 +0000] "GET /plan HTTP/1.1" 304 - "-" "Mozilla/5.0 (Windows NT 10.0; Win64; x64) AppleWebKit/537.36 (KHTML, like Gecko) Chrome/90.0.4430.93 Safari/537.36"
::1 - - [03/May/2021:19:43:07 +0000] "GET /favicon.ico HTTP/1.1" 200 156 "http://localhost:3000/plan" "Mozilla/5.0 (Windows NT 10.0; Win64; x64) AppleWebKit/537.36 (KHTML, like Gecko) Chrome/90.0.4430.93 Safari/537.36"
::1 - - [03/May/2021:19:43:07 +0000] "GET /plan HTTP/1.1" 304 - "-" "Mozilla/5.0 (Windows NT 10.0; Win64; x64) AppleWebKit/537.36 (KHTML, like Gecko) Chrome/90.0.4430.93 Safari/537.36"
::1 - - [03/May/2021:19:43:07 +0000] "GET /favicon.ico HTTP/1.1" 200 156 "http://localhost:3000/plan" "Mozilla/5.0 (Windows NT 10.0; Win64; x64) AppleWebKit/537.36 (KHTML, like Gecko) Chrome/90.0.4430.93 Safari/537.36"
::1 - - [03/May/2021:19:43:38 +0000] "GET /plan HTTP/1.1" 304 - "-" "Mozilla/5.0 (Windows NT 10.0; Win64; x64) AppleWebKit/537.36 (KHTML, like Gecko) Chrome/90.0.4430.93 Safari/537.36"
::1 - - [03/May/2021:19:43:39 +0000] "GET /favicon.ico HTTP/1.1" 200 156 "http://localhost:3000/plan" "Mozilla/5.0 (Windows NT 10.0; Win64; x64) AppleWebKit/537.36 (KHTML, like Gecko) Chrome/90.0.4430.93 Safari/537.36"
::1 - - [03/May/2021:19:43:42 +0000] "GET /plan HTTP/1.1" 304 - "-" "Mozilla/5.0 (Windows NT 10.0; Win64; x64) AppleWebKit/537.36 (KHTML, like Gecko) Chrome/90.0.4430.93 Safari/537.36"
::1 - - [03/May/2021:19:43:43 +0000] "GET /favicon.ico HTTP/1.1" 200 156 "http://localhost:3000/plan" "Mozilla/5.0 (Windows NT 10.0; Win64; x64) AppleWebKit/537.36 (KHTML, like Gecko) Chrome/90.0.4430.93 Safari/537.36"
::1 - - [03/May/2021:19:44:10 +0000] "GET / HTTP/1.1" 304 - "-" "Mozilla/5.0 (Windows NT 10.0; Win64; x64) AppleWebKit/537.36 (KHTML, like Gecko) Chrome/90.0.4430.93 Safari/537.36"
::1 - - [03/May/2021:19:44:10 +0000] "GET /favicon.ico HTTP/1.1" 304 - "http://localhost:3000/" "Mozilla/5.0 (Windows NT 10.0; Win64; x64) AppleWebKit/537.36 (KHTML, like Gecko) Chrome/90.0.4430.93 Safari/537.36"
::1 - - [03/May/2021:19:44:36 +0000] "GET / HTTP/1.1" 404 139 "-" "Mozilla/5.0 (Windows NT 10.0; Win64; x64) AppleWebKit/537.36 (KHTML, like Gecko) Chrome/90.0.4430.93 Safari/537.36"
::1 - - [03/May/2021:19:44:39 +0000] "GET /user HTTP/1.1" 200 312 "-" "Mozilla/5.0 (Windows NT 10.0; Win64; x64) AppleWebKit/537.36 (KHTML, like Gecko) Chrome/90.0.4430.93 Safari/537.36"
::1 - - [03/May/2021:19:44:39 +0000] "GET /favicon.ico HTTP/1.1" 404 150 "http://localhost:3000/user" "Mozilla/5.0 (Windows NT 10.0; Win64; x64) AppleWebKit/537.36 (KHTML, like Gecko) Chrome/90.0.4430.93 Safari/537.36"
::1 - - [03/May/2021:19:44:42 +0000] "GET /plan HTTP/1.1" 200 943 "-" "Mozilla/5.0 (Windows NT 10.0; Win64; x64) AppleWebKit/537.36 (KHTML, like Gecko) Chrome/90.0.4430.93 Safari/537.36"
::1 - - [03/May/2021:19:54:32 +0000] "GET /plan HTTP/1.1" 200 943 "http://localhost:4200/" "Mozilla/5.0 (Windows NT 10.0; Win64; x64) AppleWebKit/537.36 (KHTML, like Gecko) Chrome/90.0.4430.93 Safari/537.36"
::1 - - [03/May/2021:19:56:26 +0000] "GET /plan HTTP/1.1" 200 943 "http://localhost:4200/" "Mozilla/5.0 (Windows NT 10.0; Win64; x64) AppleWebKit/537.36 (KHTML, like Gecko) Chrome/90.0.4430.93 Safari/537.36"
::1 - - [03/May/2021:19:56:44 +0000] "GET /plan HTTP/1.1" 200 943 "http://localhost:4200/" "Mozilla/5.0 (Windows NT 10.0; Win64; x64) AppleWebKit/537.36 (KHTML, like Gecko) Chrome/90.0.4430.93 Safari/537.36"
::1 - - [03/May/2021:19:57:01 +0000] "GET /plan HTTP/1.1" 200 943 "http://localhost:4200/" "Mozilla/5.0 (Windows NT 10.0; Win64; x64) AppleWebKit/537.36 (KHTML, like Gecko) Chrome/90.0.4430.93 Safari/537.36"
::1 - - [03/May/2021:19:57:04 +0000] "GET /plan HTTP/1.1" 200 943 "http://localhost:4200/" "Mozilla/5.0 (Windows NT 10.0; Win64; x64) AppleWebKit/537.36 (KHTML, like Gecko) Chrome/90.0.4430.93 Safari/537.36"
::1 - - [03/May/2021:19:57:30 +0000] "GET /plan HTTP/1.1" 200 943 "http://localhost:4200/" "Mozilla/5.0 (Windows NT 10.0; Win64; x64) AppleWebKit/537.36 (KHTML, like Gecko) Chrome/90.0.4430.93 Safari/537.36"
::1 - - [03/May/2021:20:00:01 +0000] "GET / HTTP/1.1" 404 139 "-" "Mozilla/5.0 (Windows NT 10.0; Win64; x64) AppleWebKit/537.36 (KHTML, like Gecko) Chrome/90.0.4430.93 Safari/537.36"
::1 - - [03/May/2021:20:00:04 +0000] "GET /user/60904e51720b3a6b29c3d936 HTTP/1.1" 200 156 "-" "Mozilla/5.0 (Windows NT 10.0; Win64; x64) AppleWebKit/537.36 (KHTML, like Gecko) Chrome/90.0.4430.93 Safari/537.36"
::1 - - [03/May/2021:20:00:10 +0000] "GET /plan/60904e51720b3a6b29c3d936 HTTP/1.1" 200 0 "-" "Mozilla/5.0 (Windows NT 10.0; Win64; x64) AppleWebKit/537.36 (KHTML, like Gecko) Chrome/90.0.4430.93 Safari/537.36"
::1 - - [03/May/2021:20:02:14 +0000] "GET /plan/60904e51720b3a6b29c3d936 HTTP/1.1" 200 316 "-" "Mozilla/5.0 (Windows NT 10.0; Win64; x64) AppleWebKit/537.36 (KHTML, like Gecko) Chrome/90.0.4430.93 Safari/537.36"
::1 - - [03/May/2021:20:02:24 +0000] "GET /user HTTP/1.1" 304 - "-" "Mozilla/5.0 (Windows NT 10.0; Win64; x64) AppleWebKit/537.36 (KHTML, like Gecko) Chrome/90.0.4430.93 Safari/537.36"
::1 - - [03/May/2021:20:02:29 +0000] "GET /plan/60904c64720b3a6b29c3d933 HTTP/1.1" 200 316 "-" "Mozilla/5.0 (Windows NT 10.0; Win64; x64) AppleWebKit/537.36 (KHTML, like Gecko) Chrome/90.0.4430.93 Safari/537.36"
::1 - - [03/May/2021:20:02:46 +0000] "GET /plan/60904c59720b3a6b29c3d932 HTTP/1.1" 200 316 "-" "Mozilla/5.0 (Windows NT 10.0; Win64; x64) AppleWebKit/537.36 (KHTML, like Gecko) Chrome/90.0.4430.93 Safari/537.36"
::1 - - [03/May/2021:20:03:37 +0000] "GET /user/60904c59720b3a6b29c3d932 HTTP/1.1" 200 156 "-" "Mozilla/5.0 (Windows NT 10.0; Win64; x64) AppleWebKit/537.36 (KHTML, like Gecko) Chrome/90.0.4430.93 Safari/537.36"
::1 - - [03/May/2021:20:03:43 +0000] "GET /plan/60904c59720b3a6b29c3d932 HTTP/1.1" 200 316 "-" "Mozilla/5.0 (Windows NT 10.0; Win64; x64) AppleWebKit/537.36 (KHTML, like Gecko) Chrome/90.0.4430.93 Safari/537.36"
::1 - - [03/May/2021:20:03:48 +0000] "GET /plan/60904c59720b3a6b29c3d932 HTTP/1.1" 304 - "-" "Mozilla/5.0 (Windows NT 10.0; Win64; x64) AppleWebKit/537.36 (KHTML, like Gecko) Chrome/90.0.4430.93 Safari/537.36"
::1 - - [03/May/2021:20:03:49 +0000] "GET /plan/60904c59720b3a6b29c3d932 HTTP/1.1" 304 - "-" "Mozilla/5.0 (Windows NT 10.0; Win64; x64) AppleWebKit/537.36 (KHTML, like Gecko) Chrome/90.0.4430.93 Safari/537.36"
::1 - - [03/May/2021:20:03:49 +0000] "GET /plan/60904c59720b3a6b29c3d932 HTTP/1.1" 304 - "-" "Mozilla/5.0 (Windows NT 10.0; Win64; x64) AppleWebKit/537.36 (KHTML, like Gecko) Chrome/90.0.4430.93 Safari/537.36"
::1 - - [03/May/2021:20:03:50 +0000] "GET /plan/60904c59720b3a6b29c3d932 HTTP/1.1" 304 - "-" "Mozilla/5.0 (Windows NT 10.0; Win64; x64) AppleWebKit/537.36 (KHTML, like Gecko) Chrome/90.0.4430.93 Safari/537.36"
::1 - - [03/May/2021:20:03:51 +0000] "GET /plan/60904c59720b3a6b29c3d932 HTTP/1.1" 304 - "-" "Mozilla/5.0 (Windows NT 10.0; Win64; x64) AppleWebKit/537.36 (KHTML, like Gecko) Chrome/90.0.4430.93 Safari/537.36"
::1 - - [03/May/2021:20:04:09 +0000] "GET /user/60904c59720b3a6b29c3d932 HTTP/1.1" 304 - "-" "Mozilla/5.0 (Windows NT 10.0; Win64; x64) AppleWebKit/537.36 (KHTML, like Gecko) Chrome/90.0.4430.93 Safari/537.36"
::1 - - [03/May/2021:20:04:12 +0000] "GET /plan/60904c59720b3a6b29c3d932 HTTP/1.1" 304 - "-" "Mozilla/5.0 (Windows NT 10.0; Win64; x64) AppleWebKit/537.36 (KHTML, like Gecko) Chrome/90.0.4430.93 Safari/537.36"
::1 - - [03/May/2021:20:05:25 +0000] "GET /plan/60904c59720b3a6b29c3d932 HTTP/1.1" 304 - "-" "Mozilla/5.0 (Windows NT 10.0; Win64; x64) AppleWebKit/537.36 (KHTML, like Gecko) Chrome/90.0.4430.93 Safari/537.36"
::1 - - [03/May/2021:20:05:25 +0000] "GET /plan/60904c59720b3a6b29c3d932 HTTP/1.1" 304 - "-" "Mozilla/5.0 (Windows NT 10.0; Win64; x64) AppleWebKit/537.36 (KHTML, like Gecko) Chrome/90.0.4430.93 Safari/537.36"
::1 - - [03/May/2021:20:06:11 +0000] "GET /plan/60904c59720b3a6b29c3d932 HTTP/1.1" 200 943 "-" "Mozilla/5.0 (Windows NT 10.0; Win64; x64) AppleWebKit/537.36 (KHTML, like Gecko) Chrome/90.0.4430.93 Safari/537.36"
::1 - - [03/May/2021:20:06:33 +0000] "GET /plan HTTP/1.1" 200 943 "http://localhost:4200/" "Mozilla/5.0 (Windows NT 10.0; Win64; x64) AppleWebKit/537.36 (KHTML, like Gecko) Chrome/90.0.4430.93 Safari/537.36"
::1 - - [03/May/2021:20:06:55 +0000] "GET /plan/60904c59720b3a6b29c3d932 HTTP/1.1" 200 943 "http://localhost:4200/" "Mozilla/5.0 (Windows NT 10.0; Win64; x64) AppleWebKit/537.36 (KHTML, like Gecko) Chrome/90.0.4430.93 Safari/537.36"
::1 - - [03/May/2021:20:07:36 +0000] "GET /plan/60904c59720b3a6b29c3d932 HTTP/1.1" 200 943 "http://localhost:4200/" "Mozilla/5.0 (Windows NT 10.0; Win64; x64) AppleWebKit/537.36 (KHTML, like Gecko) Chrome/90.0.4430.93 Safari/537.36"
::1 - - [03/May/2021:20:12:42 +0000] "GET /plan/60904c59720b3a6b29c3d932 HTTP/1.1" 200 943 "http://localhost:4200/" "Mozilla/5.0 (Windows NT 10.0; Win64; x64) AppleWebKit/537.36 (KHTML, like Gecko) Chrome/90.0.4430.93 Safari/537.36"
::1 - - [03/May/2021:20:14:03 +0000] "GET /plan/60904c59720b3a6b29c3d932 HTTP/1.1" 200 943 "http://localhost:4200/" "Mozilla/5.0 (Windows NT 10.0; Win64; x64) AppleWebKit/537.36 (KHTML, like Gecko) Chrome/90.0.4430.93 Safari/537.36"
::1 - - [03/May/2021:20:15:00 +0000] "GET /plan/60904c59720b3a6b29c3d932 HTTP/1.1" 200 943 "http://localhost:4200/" "Mozilla/5.0 (Windows NT 10.0; Win64; x64) AppleWebKit/537.36 (KHTML, like Gecko) Chrome/90.0.4430.93 Safari/537.36"
::1 - - [03/May/2021:20:15:30 +0000] "GET /plan/60904c59720b3a6b29c3d932 HTTP/1.1" 200 943 "http://localhost:4200/" "Mozilla/5.0 (Windows NT 10.0; Win64; x64) AppleWebKit/537.36 (KHTML, like Gecko) Chrome/90.0.4430.93 Safari/537.36"
::1 - - [03/May/2021:20:18:35 +0000] "GET /plan/60904c59720b3a6b29c3d932 HTTP/1.1" 200 943 "http://localhost:4200/" "Mozilla/5.0 (Windows NT 10.0; Win64; x64) AppleWebKit/537.36 (KHTML, like Gecko) Chrome/90.0.4430.93 Safari/537.36"
::1 - - [03/May/2021:20:18:59 +0000] "GET /plan/60904c59720b3a6b29c3d932 HTTP/1.1" 200 943 "http://localhost:4200/" "Mozilla/5.0 (Windows NT 10.0; Win64; x64) AppleWebKit/537.36 (KHTML, like Gecko) Chrome/90.0.4430.93 Safari/537.36"
::1 - - [03/May/2021:20:19:04 +0000] "GET /plan/60904c59720b3a6b29c3d932 HTTP/1.1" 200 943 "http://localhost:4200/" "Mozilla/5.0 (Windows NT 10.0; Win64; x64) AppleWebKit/537.36 (KHTML, like Gecko) Chrome/90.0.4430.93 Safari/537.36"
::1 - - [03/May/2021:20:19:23 +0000] "GET /plan/60904c59720b3a6b29c3d932 HTTP/1.1" 200 943 "http://localhost:4200/" "Mozilla/5.0 (Windows NT 10.0; Win64; x64) AppleWebKit/537.36 (KHTML, like Gecko) Chrome/90.0.4430.93 Safari/537.36"
::1 - - [03/May/2021:20:20:09 +0000] "GET /plan/60904c59720b3a6b29c3d932 HTTP/1.1" 200 943 "http://localhost:4200/" "Mozilla/5.0 (Windows NT 10.0; Win64; x64) AppleWebKit/537.36 (KHTML, like Gecko) Chrome/90.0.4430.93 Safari/537.36"
::1 - - [03/May/2021:20:21:25 +0000] "GET /plan/60904c59720b3a6b29c3d932 HTTP/1.1" 200 943 "http://localhost:4200/" "Mozilla/5.0 (Windows NT 10.0; Win64; x64) AppleWebKit/537.36 (KHTML, like Gecko) Chrome/90.0.4430.93 Safari/537.36"
::1 - - [03/May/2021:20:21:52 +0000] "GET /plan/60904c59720b3a6b29c3d932 HTTP/1.1" 200 943 "http://localhost:4200/" "Mozilla/5.0 (Windows NT 10.0; Win64; x64) AppleWebKit/537.36 (KHTML, like Gecko) Chrome/90.0.4430.93 Safari/537.36"
::1 - - [03/May/2021:20:21:54 +0000] "GET /plan/60904c59720b3a6b29c3d932 HTTP/1.1" 304 - "-" "Mozilla/5.0 (Windows NT 10.0; Win64; x64) AppleWebKit/537.36 (KHTML, like Gecko) Chrome/90.0.4430.93 Safari/537.36"
::1 - - [03/May/2021:20:23:10 +0000] "GET /plan/60904c59720b3a6b29c3d932 HTTP/1.1" 200 943 "http://localhost:4200/" "Mozilla/5.0 (Windows NT 10.0; Win64; x64) AppleWebKit/537.36 (KHTML, like Gecko) Chrome/90.0.4430.93 Safari/537.36"
::1 - - [03/May/2021:20:24:04 +0000] "GET /plan/60904c59720b3a6b29c3d932 HTTP/1.1" 200 943 "http://localhost:4200/" "Mozilla/5.0 (Windows NT 10.0; Win64; x64) AppleWebKit/537.36 (KHTML, like Gecko) Chrome/90.0.4430.93 Safari/537.36"
::1 - - [03/May/2021:20:24:29 +0000] "GET /plan/60904c59720b3a6b29c3d932 HTTP/1.1" 200 943 "http://localhost:4200/" "Mozilla/5.0 (Windows NT 10.0; Win64; x64) AppleWebKit/537.36 (KHTML, like Gecko) Chrome/90.0.4430.93 Safari/537.36"
::1 - - [03/May/2021:20:25:07 +0000] "GET /plan/60904c59720b3a6b29c3d932 HTTP/1.1" 200 943 "http://localhost:4200/" "Mozilla/5.0 (Windows NT 10.0; Win64; x64) AppleWebKit/537.36 (KHTML, like Gecko) Chrome/90.0.4430.93 Safari/537.36"
::1 - - [03/May/2021:20:28:25 +0000] "GET /plan/60904c59720b3a6b29c3d932 HTTP/1.1" 200 943 "http://localhost:4200/" "Mozilla/5.0 (Windows NT 10.0; Win64; x64) AppleWebKit/537.36 (KHTML, like Gecko) Chrome/90.0.4430.93 Safari/537.36"
::1 - - [03/May/2021:20:28:58 +0000] "GET /plan/60904c59720b3a6b29c3d932 HTTP/1.1" 200 943 "http://localhost:4200/" "Mozilla/5.0 (Windows NT 10.0; Win64; x64) AppleWebKit/537.36 (KHTML, like Gecko) Chrome/90.0.4430.93 Safari/537.36"
::1 - - [03/May/2021:20:31:04 +0000] "GET /user HTTP/1.1" 304 - "http://localhost:4200/" "Mozilla/5.0 (Windows NT 10.0; Win64; x64) AppleWebKit/537.36 (KHTML, like Gecko) Chrome/90.0.4430.93 Safari/537.36"
::1 - - [03/May/2021:20:31:11 +0000] "GET /plan/60904c59720b3a6b29c3d932 HTTP/1.1" 304 - "http://localhost:4200/" "Mozilla/5.0 (Windows NT 10.0; Win64; x64) AppleWebKit/537.36 (KHTML, like Gecko) Chrome/90.0.4430.93 Safari/537.36"
::1 - - [03/May/2021:20:31:35 +0000] "GET /plan/60904c59720b3a6b29c3d932 HTTP/1.1" 200 943 "http://localhost:4200/" "Mozilla/5.0 (Windows NT 10.0; Win64; x64) AppleWebKit/537.36 (KHTML, like Gecko) Chrome/90.0.4430.93 Safari/537.36"
::1 - - [03/May/2021:20:33:15 +0000] "GET /plan/60904c59720b3a6b29c3d932 HTTP/1.1" 200 943 "http://localhost:4200/" "Mozilla/5.0 (Windows NT 10.0; Win64; x64) AppleWebKit/537.36 (KHTML, like Gecko) Chrome/90.0.4430.93 Safari/537.36"
::1 - - [03/May/2021:20:33:49 +0000] "GET /plan/60904c59720b3a6b29c3d932 HTTP/1.1" 200 943 "http://localhost:4200/" "Mozilla/5.0 (Windows NT 10.0; Win64; x64) AppleWebKit/537.36 (KHTML, like Gecko) Chrome/90.0.4430.93 Safari/537.36"
::1 - - [03/May/2021:20:34:10 +0000] "GET /plan/60904c59720b3a6b29c3d932 HTTP/1.1" 200 943 "http://localhost:4200/" "Mozilla/5.0 (Windows NT 10.0; Win64; x64) AppleWebKit/537.36 (KHTML, like Gecko) Chrome/90.0.4430.93 Safari/537.36"
::1 - - [03/May/2021:20:34:50 +0000] "GET /plan/60904c59720b3a6b29c3d932 HTTP/1.1" 304 - "-" "Mozilla/5.0 (Windows NT 10.0; Win64; x64) AppleWebKit/537.36 (KHTML, like Gecko) Chrome/90.0.4430.93 Safari/537.36"
::1 - - [03/May/2021:20:35:10 +0000] "GET /plan/60904c59720b3a6b29c3d932 HTTP/1.1" 200 943 "http://localhost:4200/" "Mozilla/5.0 (Windows NT 10.0; Win64; x64) AppleWebKit/537.36 (KHTML, like Gecko) Chrome/90.0.4430.93 Safari/537.36"
::1 - - [03/May/2021:20:35:28 +0000] "GET /plan/60904c59720b3a6b29c3d932 HTTP/1.1" 200 943 "http://localhost:4200/" "Mozilla/5.0 (Windows NT 10.0; Win64; x64) AppleWebKit/537.36 (KHTML, like Gecko) Chrome/90.0.4430.93 Safari/537.36"
::1 - - [03/May/2021:20:35:42 +0000] "GET /plan/60904c59720b3a6b29c3d932 HTTP/1.1" 200 943 "http://localhost:4200/" "Mozilla/5.0 (Windows NT 10.0; Win64; x64) AppleWebKit/537.36 (KHTML, like Gecko) Chrome/90.0.4430.93 Safari/537.36"
::1 - - [03/May/2021:20:38:43 +0000] "GET /plan/60904c59720b3a6b29c3d932 HTTP/1.1" 200 943 "http://localhost:4200/" "Mozilla/5.0 (Windows NT 10.0; Win64; x64) AppleWebKit/537.36 (KHTML, like Gecko) Chrome/90.0.4430.93 Safari/537.36"
::1 - - [03/May/2021:20:40:16 +0000] "GET /plan/60904c59720b3a6b29c3d932 HTTP/1.1" 200 943 "http://localhost:4200/" "Mozilla/5.0 (Windows NT 10.0; Win64; x64) AppleWebKit/537.36 (KHTML, like Gecko) Chrome/90.0.4430.93 Safari/537.36"
::1 - - [03/May/2021:20:41:17 +0000] "GET /plan/60904c59720b3a6b29c3d932 HTTP/1.1" 200 943 "http://localhost:4200/" "Mozilla/5.0 (Windows NT 10.0; Win64; x64) AppleWebKit/537.36 (KHTML, like Gecko) Chrome/90.0.4430.93 Safari/537.36"
::1 - - [03/May/2021:20:42:35 +0000] "GET /plan/60904c59720b3a6b29c3d932 HTTP/1.1" 200 943 "http://localhost:4200/" "Mozilla/5.0 (Windows NT 10.0; Win64; x64) AppleWebKit/537.36 (KHTML, like Gecko) Chrome/90.0.4430.93 Safari/537.36"
::1 - - [03/May/2021:20:42:57 +0000] "GET /plan/60904c59720b3a6b29c3d932 HTTP/1.1" 200 943 "http://localhost:4200/" "Mozilla/5.0 (Windows NT 10.0; Win64; x64) AppleWebKit/537.36 (KHTML, like Gecko) Chrome/90.0.4430.93 Safari/537.36"
::1 - - [03/May/2021:20:43:02 +0000] "GET /plan/60904c59720b3a6b29c3d932 HTTP/1.1" 200 943 "http://localhost:4200/" "Mozilla/5.0 (Windows NT 10.0; Win64; x64) AppleWebKit/537.36 (KHTML, like Gecko) Chrome/90.0.4430.93 Safari/537.36"
::1 - - [03/May/2021:20:45:35 +0000] "GET /plan/60904c59720b3a6b29c3d932 HTTP/1.1" 200 943 "http://localhost:4200/" "Mozilla/5.0 (Windows NT 10.0; Win64; x64) AppleWebKit/537.36 (KHTML, like Gecko) Chrome/90.0.4430.93 Safari/537.36"
::1 - - [03/May/2021:20:48:32 +0000] "GET /plan/60904c59720b3a6b29c3d932 HTTP/1.1" 200 943 "http://localhost:4200/" "Mozilla/5.0 (Windows NT 10.0; Win64; x64) AppleWebKit/537.36 (KHTML, like Gecko) Chrome/90.0.4430.93 Safari/537.36"
::1 - - [03/May/2021:20:49:33 +0000] "GET /plan/60904c59720b3a6b29c3d932 HTTP/1.1" 200 943 "http://localhost:4200/" "Mozilla/5.0 (Windows NT 10.0; Win64; x64) AppleWebKit/537.36 (KHTML, like Gecko) Chrome/90.0.4430.93 Safari/537.36"
::1 - - [03/May/2021:20:51:04 +0000] "GET /plan/60904c59720b3a6b29c3d932 HTTP/1.1" 200 943 "http://localhost:4200/" "Mozilla/5.0 (Windows NT 10.0; Win64; x64) AppleWebKit/537.36 (KHTML, like Gecko) Chrome/90.0.4430.93 Safari/537.36"
::1 - - [03/May/2021:20:51:15 +0000] "GET /plan/60904c59720b3a6b29c3d932 HTTP/1.1" 200 943 "http://localhost:4200/" "Mozilla/5.0 (Windows NT 10.0; Win64; x64) AppleWebKit/537.36 (KHTML, like Gecko) Chrome/90.0.4430.93 Safari/537.36"
::1 - - [03/May/2021:20:51:38 +0000] "GET /plan/60904c59720b3a6b29c3d932 HTTP/1.1" 200 943 "http://localhost:4200/" "Mozilla/5.0 (Windows NT 10.0; Win64; x64) AppleWebKit/537.36 (KHTML, like Gecko) Chrome/90.0.4430.93 Safari/537.36"
::1 - - [03/May/2021:20:51:49 +0000] "GET /plan/60904c59720b3a6b29c3d932 HTTP/1.1" 200 943 "http://localhost:4200/" "Mozilla/5.0 (Windows NT 10.0; Win64; x64) AppleWebKit/537.36 (KHTML, like Gecko) Chrome/90.0.4430.93 Safari/537.36"
::1 - - [03/May/2021:20:52:07 +0000] "GET /plan/60904c59720b3a6b29c3d932 HTTP/1.1" 200 943 "http://localhost:4200/" "Mozilla/5.0 (Windows NT 10.0; Win64; x64) AppleWebKit/537.36 (KHTML, like Gecko) Chrome/90.0.4430.93 Safari/537.36"
::1 - - [03/May/2021:20:52:38 +0000] "GET /plan/60904c59720b3a6b29c3d932 HTTP/1.1" 200 943 "http://localhost:4200/" "Mozilla/5.0 (Windows NT 10.0; Win64; x64) AppleWebKit/537.36 (KHTML, like Gecko) Chrome/90.0.4430.93 Safari/537.36"
::1 - - [03/May/2021:20:53:12 +0000] "GET /plan/60904c59720b3a6b29c3d932 HTTP/1.1" 200 943 "http://localhost:4200/" "Mozilla/5.0 (Windows NT 10.0; Win64; x64) AppleWebKit/537.36 (KHTML, like Gecko) Chrome/90.0.4430.93 Safari/537.36"
::1 - - [03/May/2021:20:54:17 +0000] "GET /plan/60904c59720b3a6b29c3d932 HTTP/1.1" 200 943 "http://localhost:4200/" "Mozilla/5.0 (Windows NT 10.0; Win64; x64) AppleWebKit/537.36 (KHTML, like Gecko) Chrome/90.0.4430.93 Safari/537.36"
::1 - - [03/May/2021:20:56:55 +0000] "GET /plan/60904c59720b3a6b29c3d932 HTTP/1.1" 200 943 "http://localhost:4200/" "Mozilla/5.0 (Windows NT 10.0; Win64; x64) AppleWebKit/537.36 (KHTML, like Gecko) Chrome/90.0.4430.93 Safari/537.36"
::1 - - [03/May/2021:20:57:05 +0000] "GET /plan/60904c59720b3a6b29c3d932 HTTP/1.1" 200 943 "http://localhost:4200/" "Mozilla/5.0 (Windows NT 10.0; Win64; x64) AppleWebKit/537.36 (KHTML, like Gecko) Chrome/90.0.4430.93 Safari/537.36"
::1 - - [03/May/2021:20:58:45 +0000] "GET /plan/60904c59720b3a6b29c3d932 HTTP/1.1" 200 943 "http://localhost:4200/" "Mozilla/5.0 (Windows NT 10.0; Win64; x64) AppleWebKit/537.36 (KHTML, like Gecko) Chrome/90.0.4430.93 Safari/537.36"
::1 - - [03/May/2021:20:58:49 +0000] "GET /plan/60904c59720b3a6b29c3d932 HTTP/1.1" 200 943 "http://localhost:4200/" "Mozilla/5.0 (Windows NT 10.0; Win64; x64) AppleWebKit/537.36 (KHTML, like Gecko) Chrome/90.0.4430.93 Safari/537.36"
::1 - - [03/May/2021:20:59:20 +0000] "GET /plan/60904c59720b3a6b29c3d932 HTTP/1.1" 200 943 "http://localhost:4200/" "Mozilla/5.0 (Windows NT 10.0; Win64; x64) AppleWebKit/537.36 (KHTML, like Gecko) Chrome/90.0.4430.93 Safari/537.36"
::1 - - [03/May/2021:21:06:48 +0000] "GET /plan/60904c59720b3a6b29c3d932 HTTP/1.1" 200 943 "http://localhost:4200/" "Mozilla/5.0 (Windows NT 10.0; Win64; x64) AppleWebKit/537.36 (KHTML, like Gecko) Chrome/90.0.4430.93 Safari/537.36"
::1 - - [03/May/2021:21:07:38 +0000] "GET /plan/60904c59720b3a6b29c3d932 HTTP/1.1" 200 943 "http://localhost:4200/" "Mozilla/5.0 (Windows NT 10.0; Win64; x64) AppleWebKit/537.36 (KHTML, like Gecko) Chrome/90.0.4430.93 Safari/537.36"
::1 - - [03/May/2021:21:21:34 +0000] "GET /plan/60904c59720b3a6b29c3d932 HTTP/1.1" 200 943 "http://localhost:4200/" "Mozilla/5.0 (Windows NT 10.0; Win64; x64) AppleWebKit/537.36 (KHTML, like Gecko) Chrome/90.0.4430.93 Safari/537.36"
::1 - - [03/May/2021:21:21:36 +0000] "GET /plan/60904c59720b3a6b29c3d932 HTTP/1.1" 200 943 "http://localhost:4200/" "Mozilla/5.0 (Windows NT 10.0; Win64; x64) AppleWebKit/537.36 (KHTML, like Gecko) Chrome/90.0.4430.93 Safari/537.36"
::1 - - [03/May/2021:21:23:15 +0000] "GET /plan/60904c59720b3a6b29c3d932 HTTP/1.1" 200 943 "http://localhost:4200/" "Mozilla/5.0 (Windows NT 10.0; Win64; x64) AppleWebKit/537.36 (KHTML, like Gecko) Chrome/90.0.4430.93 Safari/537.36"
::1 - - [03/May/2021:21:24:07 +0000] "GET /plan/60904c59720b3a6b29c3d932 HTTP/1.1" 200 943 "http://localhost:4200/" "Mozilla/5.0 (Windows NT 10.0; Win64; x64) AppleWebKit/537.36 (KHTML, like Gecko) Chrome/90.0.4430.93 Safari/537.36"
::1 - - [03/May/2021:21:24:11 +0000] "GET /plan/60904c59720b3a6b29c3d932 HTTP/1.1" 200 943 "http://localhost:4200/" "Mozilla/5.0 (Windows NT 10.0; Win64; x64) AppleWebKit/537.36 (KHTML, like Gecko) Chrome/90.0.4430.93 Safari/537.36"
::1 - - [03/May/2021:21:26:59 +0000] "GET /plan/60904c59720b3a6b29c3d932 HTTP/1.1" 200 943 "http://localhost:4200/" "Mozilla/5.0 (Windows NT 10.0; Win64; x64) AppleWebKit/537.36 (KHTML, like Gecko) Chrome/90.0.4430.93 Safari/537.36"
::1 - - [03/May/2021:21:29:38 +0000] "GET /plan/60904c59720b3a6b29c3d932 HTTP/1.1" 200 943 "http://localhost:4200/" "Mozilla/5.0 (Windows NT 10.0; Win64; x64) AppleWebKit/537.36 (KHTML, like Gecko) Chrome/90.0.4430.93 Safari/537.36"
::1 - - [03/May/2021:21:30:16 +0000] "GET /plan/60904c59720b3a6b29c3d932 HTTP/1.1" 200 943 "http://localhost:4200/" "Mozilla/5.0 (Windows NT 10.0; Win64; x64) AppleWebKit/537.36 (KHTML, like Gecko) Chrome/90.0.4430.93 Safari/537.36"
::1 - - [03/May/2021:21:30:45 +0000] "GET /plan/60904c59720b3a6b29c3d932 HTTP/1.1" 200 943 "http://localhost:4200/" "Mozilla/5.0 (Windows NT 10.0; Win64; x64) AppleWebKit/537.36 (KHTML, like Gecko) Chrome/90.0.4430.93 Safari/537.36"
::1 - - [03/May/2021:21:31:19 +0000] "GET /plan/60904c59720b3a6b29c3d932 HTTP/1.1" 200 943 "http://localhost:4200/" "Mozilla/5.0 (Windows NT 10.0; Win64; x64) AppleWebKit/537.36 (KHTML, like Gecko) Chrome/90.0.4430.93 Safari/537.36"
::1 - - [03/May/2021:21:31:40 +0000] "GET /plan/60904c59720b3a6b29c3d932 HTTP/1.1" 200 943 "http://localhost:4200/" "Mozilla/5.0 (Windows NT 10.0; Win64; x64) AppleWebKit/537.36 (KHTML, like Gecko) Chrome/90.0.4430.93 Safari/537.36"
::1 - - [03/May/2021:21:31:53 +0000] "GET /plan/60904c59720b3a6b29c3d932 HTTP/1.1" 200 943 "http://localhost:4200/" "Mozilla/5.0 (Windows NT 10.0; Win64; x64) AppleWebKit/537.36 (KHTML, like Gecko) Chrome/90.0.4430.93 Safari/537.36"
::1 - - [03/May/2021:21:32:01 +0000] "GET /plan/60904c59720b3a6b29c3d932 HTTP/1.1" 200 943 "http://localhost:4200/" "Mozilla/5.0 (Windows NT 10.0; Win64; x64) AppleWebKit/537.36 (KHTML, like Gecko) Chrome/90.0.4430.93 Safari/537.36"
::1 - - [03/May/2021:21:32:19 +0000] "GET /plan/60904c59720b3a6b29c3d932 HTTP/1.1" 200 943 "http://localhost:4200/" "Mozilla/5.0 (Windows NT 10.0; Win64; x64) AppleWebKit/537.36 (KHTML, like Gecko) Chrome/90.0.4430.93 Safari/537.36"
::1 - - [03/May/2021:21:32:28 +0000] "GET /plan/60904c59720b3a6b29c3d932 HTTP/1.1" 200 943 "http://localhost:4200/" "Mozilla/5.0 (Windows NT 10.0; Win64; x64) AppleWebKit/537.36 (KHTML, like Gecko) Chrome/90.0.4430.93 Safari/537.36"
::1 - - [03/May/2021:21:34:19 +0000] "GET /plan/60904c59720b3a6b29c3d932 HTTP/1.1" 200 943 "http://localhost:4200/" "Mozilla/5.0 (Windows NT 10.0; Win64; x64) AppleWebKit/537.36 (KHTML, like Gecko) Chrome/90.0.4430.93 Safari/537.36"
::1 - - [03/May/2021:21:34:51 +0000] "GET /plan/60904c59720b3a6b29c3d932 HTTP/1.1" 200 943 "http://localhost:4200/" "Mozilla/5.0 (Windows NT 10.0; Win64; x64) AppleWebKit/537.36 (KHTML, like Gecko) Chrome/90.0.4430.93 Safari/537.36"
::1 - - [03/May/2021:21:35:00 +0000] "GET /plan/60904c59720b3a6b29c3d932 HTTP/1.1" 200 943 "http://localhost:4200/" "Mozilla/5.0 (Windows NT 10.0; Win64; x64) AppleWebKit/537.36 (KHTML, like Gecko) Chrome/90.0.4430.93 Safari/537.36"
::1 - - [03/May/2021:21:35:06 +0000] "GET /plan/60904c59720b3a6b29c3d932 HTTP/1.1" 200 943 "http://localhost:4200/" "Mozilla/5.0 (Windows NT 10.0; Win64; x64) AppleWebKit/537.36 (KHTML, like Gecko) Chrome/90.0.4430.93 Safari/537.36"
::1 - - [03/May/2021:21:35:39 +0000] "GET /plan/60904c59720b3a6b29c3d932 HTTP/1.1" 200 943 "http://localhost:4200/" "Mozilla/5.0 (Windows NT 10.0; Win64; x64) AppleWebKit/537.36 (KHTML, like Gecko) Chrome/90.0.4430.93 Safari/537.36"
::1 - - [03/May/2021:21:36:01 +0000] "GET /plan/60904c59720b3a6b29c3d932 HTTP/1.1" 200 943 "http://localhost:4200/" "Mozilla/5.0 (Windows NT 10.0; Win64; x64) AppleWebKit/537.36 (KHTML, like Gecko) Chrome/90.0.4430.93 Safari/537.36"
::1 - - [03/May/2021:21:36:41 +0000] "GET /plan/60904c59720b3a6b29c3d932 HTTP/1.1" 200 943 "http://localhost:4200/" "Mozilla/5.0 (Windows NT 10.0; Win64; x64) AppleWebKit/537.36 (KHTML, like Gecko) Chrome/90.0.4430.93 Safari/537.36"
::1 - - [03/May/2021:21:37:08 +0000] "GET /plan/60904c59720b3a6b29c3d932 HTTP/1.1" 200 943 "http://localhost:4200/" "Mozilla/5.0 (Windows NT 10.0; Win64; x64) AppleWebKit/537.36 (KHTML, like Gecko) Chrome/90.0.4430.93 Safari/537.36"
::1 - - [03/May/2021:21:37:41 +0000] "GET /plan/60904c59720b3a6b29c3d932 HTTP/1.1" 200 943 "http://localhost:4200/" "Mozilla/5.0 (Windows NT 10.0; Win64; x64) AppleWebKit/537.36 (KHTML, like Gecko) Chrome/90.0.4430.93 Safari/537.36"
::1 - - [03/May/2021:21:38:59 +0000] "GET /plan/60904c59720b3a6b29c3d932 HTTP/1.1" 200 943 "http://localhost:4200/" "Mozilla/5.0 (Windows NT 10.0; Win64; x64) AppleWebKit/537.36 (KHTML, like Gecko) Chrome/90.0.4430.93 Safari/537.36"
::1 - - [03/May/2021:21:39:37 +0000] "GET /plan/60904c59720b3a6b29c3d932 HTTP/1.1" 200 943 "http://localhost:4200/" "Mozilla/5.0 (Windows NT 10.0; Win64; x64) AppleWebKit/537.36 (KHTML, like Gecko) Chrome/90.0.4430.93 Safari/537.36"
::1 - - [03/May/2021:21:59:44 +0000] "GET /plan/60904c59720b3a6b29c3d932 HTTP/1.1" 200 943 "http://localhost:4200/" "Mozilla/5.0 (Windows NT 10.0; Win64; x64) AppleWebKit/537.36 (KHTML, like Gecko) Chrome/90.0.4430.93 Safari/537.36"
::1 - - [03/May/2021:22:00:03 +0000] "GET /plan/60904c59720b3a6b29c3d932 HTTP/1.1" 200 943 "http://localhost:4200/" "Mozilla/5.0 (Windows NT 10.0; Win64; x64) AppleWebKit/537.36 (KHTML, like Gecko) Chrome/90.0.4430.93 Safari/537.36"
::1 - - [03/May/2021:22:49:19 +0000] "GET /plan/60904c59720b3a6b29c3d932 HTTP/1.1" 200 943 "http://localhost:4200/" "Mozilla/5.0 (Windows NT 10.0; Win64; x64) AppleWebKit/537.36 (KHTML, like Gecko) Chrome/90.0.4430.93 Safari/537.36"
::1 - - [03/May/2021:22:49:29 +0000] "GET /plan/60904c59720b3a6b29c3d932 HTTP/1.1" 200 943 "http://localhost:4200/" "Mozilla/5.0 (Windows NT 10.0; Win64; x64) AppleWebKit/537.36 (KHTML, like Gecko) Chrome/90.0.4430.93 Safari/537.36"
::1 - - [03/May/2021:22:49:44 +0000] "GET /plan/60904c59720b3a6b29c3d932 HTTP/1.1" 200 943 "http://localhost:4200/" "Mozilla/5.0 (Windows NT 10.0; Win64; x64) AppleWebKit/537.36 (KHTML, like Gecko) Chrome/90.0.4430.93 Safari/537.36"
::1 - - [03/May/2021:22:50:00 +0000] "GET /plan/60904c59720b3a6b29c3d932 HTTP/1.1" 200 943 "http://localhost:4200/" "Mozilla/5.0 (Windows NT 10.0; Win64; x64) AppleWebKit/537.36 (KHTML, like Gecko) Chrome/90.0.4430.93 Safari/537.36"
::1 - - [03/May/2021:22:52:25 +0000] "GET /plan/60904c59720b3a6b29c3d932 HTTP/1.1" 200 943 "http://localhost:4200/" "Mozilla/5.0 (Windows NT 10.0; Win64; x64) AppleWebKit/537.36 (KHTML, like Gecko) Chrome/90.0.4430.93 Safari/537.36"
::1 - - [03/May/2021:22:53:34 +0000] "GET /plan/60904c59720b3a6b29c3d932 HTTP/1.1" 200 943 "http://localhost:4200/" "Mozilla/5.0 (Windows NT 10.0; Win64; x64) AppleWebKit/537.36 (KHTML, like Gecko) Chrome/90.0.4430.93 Safari/537.36"
::1 - - [03/May/2021:22:53:49 +0000] "GET /plan/60904c59720b3a6b29c3d932 HTTP/1.1" 200 943 "http://localhost:4200/" "Mozilla/5.0 (Windows NT 10.0; Win64; x64) AppleWebKit/537.36 (KHTML, like Gecko) Chrome/90.0.4430.93 Safari/537.36"
::1 - - [03/May/2021:22:54:06 +0000] "GET /plan/60904c59720b3a6b29c3d932 HTTP/1.1" 200 943 "http://localhost:4200/" "Mozilla/5.0 (Windows NT 10.0; Win64; x64) AppleWebKit/537.36 (KHTML, like Gecko) Chrome/90.0.4430.93 Safari/537.36"
::1 - - [03/May/2021:22:57:12 +0000] "GET /plan/60904c59720b3a6b29c3d932 HTTP/1.1" 200 943 "http://localhost:4200/" "Mozilla/5.0 (Windows NT 10.0; Win64; x64) AppleWebKit/537.36 (KHTML, like Gecko) Chrome/90.0.4430.93 Safari/537.36"
::1 - - [03/May/2021:22:58:17 +0000] "GET /plan/60904c59720b3a6b29c3d932 HTTP/1.1" 200 943 "http://localhost:4200/" "Mozilla/5.0 (Windows NT 10.0; Win64; x64) AppleWebKit/537.36 (KHTML, like Gecko) Chrome/90.0.4430.93 Safari/537.36"
::1 - - [03/May/2021:23:00:02 +0000] "GET /plan/60904c59720b3a6b29c3d932 HTTP/1.1" 200 943 "http://localhost:4200/" "Mozilla/5.0 (Windows NT 10.0; Win64; x64) AppleWebKit/537.36 (KHTML, like Gecko) Chrome/90.0.4430.93 Safari/537.36"
::1 - - [03/May/2021:23:02:41 +0000] "GET /plan/60904c59720b3a6b29c3d932 HTTP/1.1" 200 943 "http://localhost:4200/" "Mozilla/5.0 (Windows NT 10.0; Win64; x64) AppleWebKit/537.36 (KHTML, like Gecko) Chrome/90.0.4430.93 Safari/537.36"
::1 - - [03/May/2021:23:03:40 +0000] "GET /plan/60904c59720b3a6b29c3d932 HTTP/1.1" 200 943 "http://localhost:4200/" "Mozilla/5.0 (Windows NT 10.0; Win64; x64) AppleWebKit/537.36 (KHTML, like Gecko) Chrome/90.0.4430.93 Safari/537.36"
::1 - - [03/May/2021:23:04:00 +0000] "GET /plan/60904c59720b3a6b29c3d932 HTTP/1.1" 200 943 "http://localhost:4200/" "Mozilla/5.0 (Windows NT 10.0; Win64; x64) AppleWebKit/537.36 (KHTML, like Gecko) Chrome/90.0.4430.93 Safari/537.36"
::1 - - [03/May/2021:23:12:02 +0000] "GET /plan/60904c59720b3a6b29c3d932 HTTP/1.1" 200 943 "http://localhost:4200/" "Mozilla/5.0 (Windows NT 10.0; Win64; x64) AppleWebKit/537.36 (KHTML, like Gecko) Chrome/90.0.4430.93 Safari/537.36"
::1 - - [03/May/2021:23:12:17 +0000] "GET /plan/60904c59720b3a6b29c3d932 HTTP/1.1" 200 943 "http://localhost:4200/" "Mozilla/5.0 (Windows NT 10.0; Win64; x64) AppleWebKit/537.36 (KHTML, like Gecko) Chrome/90.0.4430.93 Safari/537.36"
::1 - - [03/May/2021:23:14:24 +0000] "GET /plan/60904c59720b3a6b29c3d932 HTTP/1.1" 200 943 "http://localhost:4200/" "Mozilla/5.0 (Windows NT 10.0; Win64; x64) AppleWebKit/537.36 (KHTML, like Gecko) Chrome/90.0.4430.93 Safari/537.36"
::1 - - [03/May/2021:23:18:53 +0000] "GET /plan/60904c59720b3a6b29c3d932 HTTP/1.1" 200 943 "http://localhost:4200/" "Mozilla/5.0 (Windows NT 10.0; Win64; x64) AppleWebKit/537.36 (KHTML, like Gecko) Chrome/90.0.4430.93 Safari/537.36"
::1 - - [03/May/2021:23:19:14 +0000] "GET /plan/60904c59720b3a6b29c3d932 HTTP/1.1" 200 943 "http://localhost:4200/" "Mozilla/5.0 (Windows NT 10.0; Win64; x64) AppleWebKit/537.36 (KHTML, like Gecko) Chrome/90.0.4430.93 Safari/537.36"
::1 - - [03/May/2021:23:19:32 +0000] "GET /plan/60904c59720b3a6b29c3d932 HTTP/1.1" 200 943 "http://localhost:4200/" "Mozilla/5.0 (Windows NT 10.0; Win64; x64) AppleWebKit/537.36 (KHTML, like Gecko) Chrome/90.0.4430.93 Safari/537.36"
::1 - - [03/May/2021:23:19:45 +0000] "GET /plan/60904c59720b3a6b29c3d932 HTTP/1.1" 200 943 "http://localhost:4200/" "Mozilla/5.0 (Windows NT 10.0; Win64; x64) AppleWebKit/537.36 (KHTML, like Gecko) Chrome/90.0.4430.93 Safari/537.36"
::1 - - [03/May/2021:23:20:38 +0000] "GET /plan/60904c59720b3a6b29c3d932 HTTP/1.1" 200 943 "http://localhost:4200/" "Mozilla/5.0 (Windows NT 10.0; Win64; x64) AppleWebKit/537.36 (KHTML, like Gecko) Chrome/90.0.4430.93 Safari/537.36"
::1 - - [03/May/2021:23:29:57 +0000] "GET /plan/60904c59720b3a6b29c3d932 HTTP/1.1" 200 943 "http://localhost:4200/" "Mozilla/5.0 (Windows NT 10.0; Win64; x64) AppleWebKit/537.36 (KHTML, like Gecko) Chrome/90.0.4430.93 Safari/537.36"
::1 - - [03/May/2021:23:30:31 +0000] "GET /plan/60904c59720b3a6b29c3d932 HTTP/1.1" 200 943 "http://localhost:4200/" "Mozilla/5.0 (Windows NT 10.0; Win64; x64) AppleWebKit/537.36 (KHTML, like Gecko) Chrome/90.0.4430.93 Safari/537.36"
::1 - - [03/May/2021:23:31:04 +0000] "GET /plan/60904c59720b3a6b29c3d932 HTTP/1.1" 200 943 "http://localhost:4200/" "Mozilla/5.0 (Windows NT 10.0; Win64; x64) AppleWebKit/537.36 (KHTML, like Gecko) Chrome/90.0.4430.93 Safari/537.36"
::1 - - [03/May/2021:23:32:10 +0000] "GET /plan/60904c59720b3a6b29c3d932 HTTP/1.1" 200 943 "http://localhost:4200/" "Mozilla/5.0 (Windows NT 10.0; Win64; x64) AppleWebKit/537.36 (KHTML, like Gecko) Chrome/90.0.4430.93 Safari/537.36"
::1 - - [03/May/2021:23:32:31 +0000] "GET /plan/60904c59720b3a6b29c3d932 HTTP/1.1" 200 943 "http://localhost:4200/" "Mozilla/5.0 (Windows NT 10.0; Win64; x64) AppleWebKit/537.36 (KHTML, like Gecko) Chrome/90.0.4430.93 Safari/537.36"
::1 - - [03/May/2021:23:33:36 +0000] "GET /user HTTP/1.1" 304 - "http://localhost:4200/" "Mozilla/5.0 (Windows NT 10.0; Win64; x64) AppleWebKit/537.36 (KHTML, like Gecko) Chrome/90.0.4430.93 Safari/537.36"
::1 - - [03/May/2021:23:33:39 +0000] "GET /plan/60904c59720b3a6b29c3d932 HTTP/1.1" 304 - "http://localhost:4200/" "Mozilla/5.0 (Windows NT 10.0; Win64; x64) AppleWebKit/537.36 (KHTML, like Gecko) Chrome/90.0.4430.93 Safari/537.36"
::1 - - [03/May/2021:23:34:42 +0000] "GET /plan/60904c59720b3a6b29c3d932 HTTP/1.1" 200 943 "http://localhost:4200/" "Mozilla/5.0 (Windows NT 10.0; Win64; x64) AppleWebKit/537.36 (KHTML, like Gecko) Chrome/90.0.4430.93 Safari/537.36"
::1 - - [03/May/2021:23:35:23 +0000] "GET /plan/60904c59720b3a6b29c3d932 HTTP/1.1" 200 943 "http://localhost:4200/" "Mozilla/5.0 (Windows NT 10.0; Win64; x64) AppleWebKit/537.36 (KHTML, like Gecko) Chrome/90.0.4430.93 Safari/537.36"
::1 - - [03/May/2021:23:35:25 +0000] "GET /user HTTP/1.1" 200 312 "http://localhost:4200/" "Mozilla/5.0 (Windows NT 10.0; Win64; x64) AppleWebKit/537.36 (KHTML, like Gecko) Chrome/90.0.4430.93 Safari/537.36"
::1 - - [03/May/2021:23:35:32 +0000] "GET /user HTTP/1.1" 304 - "http://localhost:4200/" "Mozilla/5.0 (Windows NT 10.0; Win64; x64) AppleWebKit/537.36 (KHTML, like Gecko) Chrome/90.0.4430.93 Safari/537.36"
::1 - - [03/May/2021:23:36:07 +0000] "GET /user HTTP/1.1" 304 - "http://localhost:4200/" "Mozilla/5.0 (Windows NT 10.0; Win64; x64) AppleWebKit/537.36 (KHTML, like Gecko) Chrome/90.0.4430.93 Safari/537.36"
::1 - - [03/May/2021:23:36:09 +0000] "GET /user HTTP/1.1" 304 - "http://localhost:4200/" "Mozilla/5.0 (Windows NT 10.0; Win64; x64) AppleWebKit/537.36 (KHTML, like Gecko) Chrome/90.0.4430.93 Safari/537.36"
::1 - - [03/May/2021:23:36:11 +0000] "GET /user HTTP/1.1" 304 - "http://localhost:4200/" "Mozilla/5.0 (Windows NT 10.0; Win64; x64) AppleWebKit/537.36 (KHTML, like Gecko) Chrome/90.0.4430.93 Safari/537.36"
::1 - - [03/May/2021:23:36:39 +0000] "GET /user HTTP/1.1" 304 - "http://localhost:4200/" "Mozilla/5.0 (Windows NT 10.0; Win64; x64) AppleWebKit/537.36 (KHTML, like Gecko) Chrome/90.0.4430.93 Safari/537.36"
::1 - - [03/May/2021:23:36:48 +0000] "GET /user HTTP/1.1" 304 - "http://localhost:4200/" "Mozilla/5.0 (Windows NT 10.0; Win64; x64) AppleWebKit/537.36 (KHTML, like Gecko) Chrome/90.0.4430.93 Safari/537.36"
::1 - - [03/May/2021:23:36:53 +0000] "GET /plan/60904c59720b3a6b29c3d932 HTTP/1.1" 304 - "http://localhost:4200/" "Mozilla/5.0 (Windows NT 10.0; Win64; x64) AppleWebKit/537.36 (KHTML, like Gecko) Chrome/90.0.4430.93 Safari/537.36"
::1 - - [03/May/2021:23:37:11 +0000] "GET /plan/60904c59720b3a6b29c3d932 HTTP/1.1" 304 - "http://localhost:4200/" "Mozilla/5.0 (Windows NT 10.0; Win64; x64) AppleWebKit/537.36 (KHTML, like Gecko) Chrome/90.0.4430.93 Safari/537.36"
::1 - - [04/May/2021:12:39:38 +0000] "GET /user HTTP/1.1" 304 - "http://localhost:4200/" "Mozilla/5.0 (Windows NT 10.0; Win64; x64) AppleWebKit/537.36 (KHTML, like Gecko) Chrome/90.0.4430.93 Safari/537.36"
::1 - - [04/May/2021:12:40:13 +0000] "GET /plan/60904c59720b3a6b29c3d932 HTTP/1.1" 200 943 "http://localhost:4200/" "Mozilla/5.0 (Windows NT 10.0; Win64; x64) AppleWebKit/537.36 (KHTML, like Gecko) Chrome/90.0.4430.93 Safari/537.36"
::1 - - [04/May/2021:13:12:36 +0000] "GET /plan/60904c59720b3a6b29c3d932 HTTP/1.1" 200 943 "http://localhost:4200/" "Mozilla/5.0 (Windows NT 10.0; Win64; x64) AppleWebKit/537.36 (KHTML, like Gecko) Chrome/90.0.4430.93 Safari/537.36"
::1 - - [04/May/2021:13:13:26 +0000] "GET /plan/60904c59720b3a6b29c3d932 HTTP/1.1" 200 943 "http://localhost:4200/" "Mozilla/5.0 (Windows NT 10.0; Win64; x64) AppleWebKit/537.36 (KHTML, like Gecko) Chrome/90.0.4430.93 Safari/537.36"
::1 - - [04/May/2021:13:14:25 +0000] "GET /plan/60904c59720b3a6b29c3d932 HTTP/1.1" 200 943 "http://localhost:4200/" "Mozilla/5.0 (Windows NT 10.0; Win64; x64) AppleWebKit/537.36 (KHTML, like Gecko) Chrome/90.0.4430.93 Safari/537.36"
::1 - - [04/May/2021:13:26:27 +0000] "GET /plan/60904c59720b3a6b29c3d932 HTTP/1.1" 200 943 "http://localhost:4200/" "Mozilla/5.0 (Windows NT 10.0; Win64; x64) AppleWebKit/537.36 (KHTML, like Gecko) Chrome/90.0.4430.93 Safari/537.36"
::1 - - [04/May/2021:13:27:30 +0000] "GET /plan/60904c59720b3a6b29c3d932 HTTP/1.1" 200 943 "http://localhost:4200/" "Mozilla/5.0 (Windows NT 10.0; Win64; x64) AppleWebKit/537.36 (KHTML, like Gecko) Chrome/90.0.4430.93 Safari/537.36"
::1 - - [04/May/2021:13:27:43 +0000] "GET /plan/60904c59720b3a6b29c3d932 HTTP/1.1" 200 943 "http://localhost:4200/" "Mozilla/5.0 (Windows NT 10.0; Win64; x64) AppleWebKit/537.36 (KHTML, like Gecko) Chrome/90.0.4430.93 Safari/537.36"
::1 - - [04/May/2021:13:27:57 +0000] "GET /plan/60904c59720b3a6b29c3d932 HTTP/1.1" 200 943 "http://localhost:4200/" "Mozilla/5.0 (Windows NT 10.0; Win64; x64) AppleWebKit/537.36 (KHTML, like Gecko) Chrome/90.0.4430.93 Safari/537.36"
::1 - - [04/May/2021:13:31:09 +0000] "GET /plan/60904c59720b3a6b29c3d932 HTTP/1.1" 200 943 "http://localhost:4200/" "Mozilla/5.0 (Windows NT 10.0; Win64; x64) AppleWebKit/537.36 (KHTML, like Gecko) Chrome/90.0.4430.93 Safari/537.36"
::1 - - [04/May/2021:13:31:28 +0000] "GET /plan/60904c59720b3a6b29c3d932 HTTP/1.1" 200 943 "http://localhost:4200/" "Mozilla/5.0 (Windows NT 10.0; Win64; x64) AppleWebKit/537.36 (KHTML, like Gecko) Chrome/90.0.4430.93 Safari/537.36"
::1 - - [04/May/2021:13:33:45 +0000] "GET /plan/60904c59720b3a6b29c3d932 HTTP/1.1" 200 943 "http://localhost:4200/" "Mozilla/5.0 (Windows NT 10.0; Win64; x64) AppleWebKit/537.36 (KHTML, like Gecko) Chrome/90.0.4430.93 Safari/537.36"
::1 - - [04/May/2021:13:35:46 +0000] "GET /plan/60904c59720b3a6b29c3d932 HTTP/1.1" 200 943 "http://localhost:4200/" "Mozilla/5.0 (Windows NT 10.0; Win64; x64) AppleWebKit/537.36 (KHTML, like Gecko) Chrome/90.0.4430.93 Safari/537.36"
::1 - - [04/May/2021:13:36:34 +0000] "GET /plan/60904c59720b3a6b29c3d932 HTTP/1.1" 200 943 "http://localhost:4200/" "Mozilla/5.0 (Windows NT 10.0; Win64; x64) AppleWebKit/537.36 (KHTML, like Gecko) Chrome/90.0.4430.93 Safari/537.36"
::1 - - [04/May/2021:13:37:12 +0000] "GET /plan/60904c59720b3a6b29c3d932 HTTP/1.1" 200 943 "http://localhost:4200/" "Mozilla/5.0 (Windows NT 10.0; Win64; x64) AppleWebKit/537.36 (KHTML, like Gecko) Chrome/90.0.4430.93 Safari/537.36"
::1 - - [04/May/2021:13:38:21 +0000] "GET /plan/60904c59720b3a6b29c3d932 HTTP/1.1" 200 943 "http://localhost:4200/" "Mozilla/5.0 (Windows NT 10.0; Win64; x64) AppleWebKit/537.36 (KHTML, like Gecko) Chrome/90.0.4430.93 Safari/537.36"
::1 - - [04/May/2021:13:38:35 +0000] "GET /plan/60904c59720b3a6b29c3d932 HTTP/1.1" 200 943 "http://localhost:4200/" "Mozilla/5.0 (Windows NT 10.0; Win64; x64) AppleWebKit/537.36 (KHTML, like Gecko) Chrome/90.0.4430.93 Safari/537.36"
::1 - - [04/May/2021:13:40:16 +0000] "GET /plan/60904c59720b3a6b29c3d932 HTTP/1.1" 200 943 "http://localhost:4200/" "Mozilla/5.0 (Windows NT 10.0; Win64; x64) AppleWebKit/537.36 (KHTML, like Gecko) Chrome/90.0.4430.93 Safari/537.36"
::1 - - [04/May/2021:13:43:27 +0000] "GET /plan/60904c59720b3a6b29c3d932 HTTP/1.1" 200 943 "http://localhost:4200/" "Mozilla/5.0 (Windows NT 10.0; Win64; x64) AppleWebKit/537.36 (KHTML, like Gecko) Chrome/90.0.4430.93 Safari/537.36"
::1 - - [04/May/2021:13:43:33 +0000] "GET /plan/60904c59720b3a6b29c3d932 HTTP/1.1" 200 943 "http://localhost:4200/" "Mozilla/5.0 (Windows NT 10.0; Win64; x64) AppleWebKit/537.36 (KHTML, like Gecko) Chrome/90.0.4430.93 Safari/537.36"
::1 - - [04/May/2021:13:44:28 +0000] "GET /plan/60904c59720b3a6b29c3d932 HTTP/1.1" 200 943 "http://localhost:4200/" "Mozilla/5.0 (Windows NT 10.0; Win64; x64) AppleWebKit/537.36 (KHTML, like Gecko) Chrome/90.0.4430.93 Safari/537.36"
::1 - - [04/May/2021:13:45:00 +0000] "GET /plan/60904c59720b3a6b29c3d932 HTTP/1.1" 200 943 "http://localhost:4200/" "Mozilla/5.0 (Windows NT 10.0; Win64; x64) AppleWebKit/537.36 (KHTML, like Gecko) Chrome/90.0.4430.93 Safari/537.36"
::1 - - [04/May/2021:13:47:16 +0000] "GET /plan/60904c59720b3a6b29c3d932 HTTP/1.1" 200 1608 "http://localhost:4200/" "Mozilla/5.0 (Windows NT 10.0; Win64; x64) AppleWebKit/537.36 (KHTML, like Gecko) Chrome/90.0.4430.93 Safari/537.36"
::1 - - [04/May/2021:13:58:51 +0000] "GET /plan/60904c59720b3a6b29c3d932 HTTP/1.1" 304 - "-" "Mozilla/5.0 (Windows NT 10.0; Win64; x64) AppleWebKit/537.36 (KHTML, like Gecko) Chrome/90.0.4430.93 Safari/537.36"
::1 - - [04/May/2021:13:59:28 +0000] "GET /plan/60904c59720b3a6b29c3d932/2021/06 HTTP/1.1" - - "-" "Mozilla/5.0 (Windows NT 10.0; Win64; x64) AppleWebKit/537.36 (KHTML, like Gecko) Chrome/90.0.4430.93 Safari/537.36"
::1 - - [04/May/2021:14:00:04 +0000] "GET /plan/60904c59720b3a6b29c3d932/2021/05 HTTP/1.1" - - "-" "Mozilla/5.0 (Windows NT 10.0; Win64; x64) AppleWebKit/537.36 (KHTML, like Gecko) Chrome/90.0.4430.93 Safari/537.36"
::1 - - [04/May/2021:14:00:04 +0000] "GET /plan HTTP/1.1" 200 1608 "-" "Mozilla/5.0 (Windows NT 10.0; Win64; x64) AppleWebKit/537.36 (KHTML, like Gecko) Chrome/90.0.4430.93 Safari/537.36"
::1 - - [04/May/2021:14:00:12 +0000] "GET /plan/60904c59720b3a6b29c3d932 HTTP/1.1" 304 - "-" "Mozilla/5.0 (Windows NT 10.0; Win64; x64) AppleWebKit/537.36 (KHTML, like Gecko) Chrome/90.0.4430.93 Safari/537.36"
::1 - - [04/May/2021:14:01:50 +0000] "GET /user/60904c59720b3a6b29c3d932 HTTP/1.1" 200 156 "-" "Mozilla/5.0 (Windows NT 10.0; Win64; x64) AppleWebKit/537.36 (KHTML, like Gecko) Chrome/90.0.4430.93 Safari/537.36"
::1 - - [04/May/2021:14:01:56 +0000] "GET /user HTTP/1.1" 200 312 "-" "Mozilla/5.0 (Windows NT 10.0; Win64; x64) AppleWebKit/537.36 (KHTML, like Gecko) Chrome/90.0.4430.93 Safari/537.36"
::1 - - [04/May/2021:14:02:02 +0000] "GET /plan/60904c59720b3a6b29c3d932 HTTP/1.1" 200 1608 "-" "Mozilla/5.0 (Windows NT 10.0; Win64; x64) AppleWebKit/537.36 (KHTML, like Gecko) Chrome/90.0.4430.93 Safari/537.36"
::1 - - [04/May/2021:14:02:02 +0000] "GET /plan/60904c59720b3a6b29c3d932/2021/05 HTTP/1.1" - - "-" "Mozilla/5.0 (Windows NT 10.0; Win64; x64) AppleWebKit/537.36 (KHTML, like Gecko) Chrome/90.0.4430.93 Safari/537.36"
::1 - - [04/May/2021:14:03:53 +0000] "GET /plan/60904c59720b3a6b29c3d932/2021/05 HTTP/1.1" - - "-" "Mozilla/5.0 (Windows NT 10.0; Win64; x64) AppleWebKit/537.36 (KHTML, like Gecko) Chrome/90.0.4430.93 Safari/537.36"
::ffff:127.0.0.1 - - [04/May/2021:14:04:39 +0000] "GET /plan/60904c59720b3a6b29c3d932/2021/05 HTTP/1.1" 404 176 "-" "Mozilla/5.0 (Windows NT 10.0; Win64; x64) AppleWebKit/537.36 (KHTML, like Gecko) Chrome/90.0.4430.93 Safari/537.36"
::1 - - [04/May/2021:14:04:44 +0000] "GET /plan/60904c59720b3a6b29c3d932/2021/05 HTTP/1.1" 404 176 "-" "Mozilla/5.0 (Windows NT 10.0; Win64; x64) AppleWebKit/537.36 (KHTML, like Gecko) Chrome/90.0.4430.93 Safari/537.36"
::1 - - [04/May/2021:14:04:46 +0000] "GET /plan/60904c59720b3a6b29c3d932/2021/05 HTTP/1.1" 404 176 "-" "Mozilla/5.0 (Windows NT 10.0; Win64; x64) AppleWebKit/537.36 (KHTML, like Gecko) Chrome/90.0.4430.93 Safari/537.36"
::1 - - [04/May/2021:14:05:05 +0000] "GET /plan/60904c59720b3a6b29c3d932/2021/05 HTTP/1.1" 404 176 "-" "Mozilla/5.0 (Windows NT 10.0; Win64; x64) AppleWebKit/537.36 (KHTML, like Gecko) Chrome/90.0.4430.93 Safari/537.36"
::1 - - [04/May/2021:14:05:20 +0000] "GET /plan/60904c59720b3a6b29c3d932&2021&05 HTTP/1.1" 200 2 "-" "Mozilla/5.0 (Windows NT 10.0; Win64; x64) AppleWebKit/537.36 (KHTML, like Gecko) Chrome/90.0.4430.93 Safari/537.36"
::1 - - [04/May/2021:15:43:57 +0000] "GET /plan/60904c59720b3a6b29c3d932 HTTP/1.1" 200 1608 "http://localhost:4200/" "Mozilla/5.0 (Windows NT 10.0; Win64; x64) AppleWebKit/537.36 (KHTML, like Gecko) Chrome/90.0.4430.93 Safari/537.36"
::1 - - [04/May/2021:16:17:29 +0000] "GET /plan/60904c59720b3a6b29c3d932&2021&05 HTTP/1.1" 200 2 "-" "Mozilla/5.0 (Windows NT 10.0; Win64; x64) AppleWebKit/537.36 (KHTML, like Gecko) Chrome/90.0.4430.93 Safari/537.36"
::1 - - [04/May/2021:16:17:36 +0000] "GET /plan HTTP/1.1" 200 1608 "-" "Mozilla/5.0 (Windows NT 10.0; Win64; x64) AppleWebKit/537.36 (KHTML, like Gecko) Chrome/90.0.4430.93 Safari/537.36"
::1 - - [04/May/2021:16:17:43 +0000] "GET /plan/60904c59720b3a6b29c3d932 HTTP/1.1" 200 1608 "-" "Mozilla/5.0 (Windows NT 10.0; Win64; x64) AppleWebKit/537.36 (KHTML, like Gecko) Chrome/90.0.4430.93 Safari/537.36"
::1 - - [04/May/2021:16:18:03 +0000] "GET /plan/60904c59720b3a6b29c3d932/2021/05 HTTP/1.1" - - "-" "Mozilla/5.0 (Windows NT 10.0; Win64; x64) AppleWebKit/537.36 (KHTML, like Gecko) Chrome/90.0.4430.93 Safari/537.36"
::1 - - [04/May/2021:16:18:54 +0000] "GET /plan/60904c59720b3a6b29c3d932/2021/05 HTTP/1.1" - - "-" "Mozilla/5.0 (Windows NT 10.0; Win64; x64) AppleWebKit/537.36 (KHTML, like Gecko) Chrome/90.0.4430.93 Safari/537.36"
::1 - - [04/May/2021:16:18:54 +0000] "GET /plan/60904c59720b3a6b29c3d932 HTTP/1.1" 200 1608 "-" "Mozilla/5.0 (Windows NT 10.0; Win64; x64) AppleWebKit/537.36 (KHTML, like Gecko) Chrome/90.0.4430.93 Safari/537.36"
::1 - - [04/May/2021:16:21:15 +0000] "GET /plan/60904c59720b3a6b29c3d932 HTTP/1.1" 200 1608 "-" "Mozilla/5.0 (Windows NT 10.0; Win64; x64) AppleWebKit/537.36 (KHTML, like Gecko) Chrome/90.0.4430.93 Safari/537.36"
::1 - - [04/May/2021:16:23:28 +0000] "GET /plan/60904c59720b3a6b29c3d932/2021/05 HTTP/1.1" 200 2 "-" "Mozilla/5.0 (Windows NT 10.0; Win64; x64) AppleWebKit/537.36 (KHTML, like Gecko) Chrome/90.0.4430.93 Safari/537.36"
::ffff:127.0.0.1 - - [04/May/2021:16:26:58 +0000] "GET /plan/60904c59720b3a6b29c3d932/2021/05 HTTP/1.1" 500 2589 "-" "Mozilla/5.0 (Windows NT 10.0; Win64; x64) AppleWebKit/537.36 (KHTML, like Gecko) Chrome/90.0.4430.93 Safari/537.36"
::1 - - [04/May/2021:16:28:30 +0000] "GET /plan/60904c59720b3a6b29c3d932 HTTP/1.1" 200 1608 "-" "Mozilla/5.0 (Windows NT 10.0; Win64; x64) AppleWebKit/537.36 (KHTML, like Gecko) Chrome/90.0.4430.93 Safari/537.36"
::1 - - [04/May/2021:16:28:30 +0000] "GET /plan/60904c59720b3a6b29c3d932/2021/05 HTTP/1.1" - - "-" "Mozilla/5.0 (Windows NT 10.0; Win64; x64) AppleWebKit/537.36 (KHTML, like Gecko) Chrome/90.0.4430.93 Safari/537.36"
::1 - - [04/May/2021:16:34:25 +0000] "GET /plan/60904c59720b3a6b29c3d932/2021/05 HTTP/1.1" - - "-" "Mozilla/5.0 (Windows NT 10.0; Win64; x64) AppleWebKit/537.36 (KHTML, like Gecko) Chrome/90.0.4430.93 Safari/537.36"
::1 - - [04/May/2021:16:34:26 +0000] "GET /plan/60904c59720b3a6b29c3d932 HTTP/1.1" 200 1608 "-" "Mozilla/5.0 (Windows NT 10.0; Win64; x64) AppleWebKit/537.36 (KHTML, like Gecko) Chrome/90.0.4430.93 Safari/537.36"
::1 - - [04/May/2021:16:34:31 +0000] "GET /plan/60904c59720b3a6b29c3d932 HTTP/1.1" 200 1608 "-" "Mozilla/5.0 (Windows NT 10.0; Win64; x64) AppleWebKit/537.36 (KHTML, like Gecko) Chrome/90.0.4430.93 Safari/537.36"
::1 - - [04/May/2021:16:34:32 +0000] "GET /plan/60904c59720b3a6b29c3d932 HTTP/1.1" 200 1608 "-" "Mozilla/5.0 (Windows NT 10.0; Win64; x64) AppleWebKit/537.36 (KHTML, like Gecko) Chrome/90.0.4430.93 Safari/537.36"
::1 - - [04/May/2021:16:40:05 +0000] "GET /plan/60904c59720b3a6b29c3d932/2021/05 HTTP/1.1" - - "-" "Mozilla/5.0 (Windows NT 10.0; Win64; x64) AppleWebKit/537.36 (KHTML, like Gecko) Chrome/90.0.4430.93 Safari/537.36"
::1 - - [04/May/2021:16:40:13 +0000] "GET /plan/60904c59720b3a6b29c3d932/2021/05 HTTP/1.1" 500 2579 "-" "Mozilla/5.0 (Windows NT 10.0; Win64; x64) AppleWebKit/537.36 (KHTML, like Gecko) Chrome/90.0.4430.93 Safari/537.36"
::1 - - [04/May/2021:17:26:37 +0000] "GET /plan/60904c59720b3a6b29c3d932/2021/05 HTTP/1.1" 500 2562 "-" "Mozilla/5.0 (Windows NT 10.0; Win64; x64) AppleWebKit/537.36 (KHTML, like Gecko) Chrome/90.0.4430.93 Safari/537.36"
::1 - - [04/May/2021:17:28:45 +0000] "GET /plan/60904c59720b3a6b29c3d932/2021/05 HTTP/1.1" 200 615 "-" "Mozilla/5.0 (Windows NT 10.0; Win64; x64) AppleWebKit/537.36 (KHTML, like Gecko) Chrome/90.0.4430.93 Safari/537.36"
::1 - - [04/May/2021:17:34:35 +0000] "GET /plan/60904c59720b3a6b29c3d932/2021/05 HTTP/1.1" 200 615 "http://localhost:4200/" "Mozilla/5.0 (Windows NT 10.0; Win64; x64) AppleWebKit/537.36 (KHTML, like Gecko) Chrome/90.0.4430.93 Safari/537.36"
::ffff:127.0.0.1 - - [04/May/2021:17:36:48 +0000] "GET /plan/60904c59720b3a6b29c3d932/2021/05 HTTP/1.1" 200 615 "-" "Mozilla/5.0 (Windows NT 10.0; Win64; x64) AppleWebKit/537.36 (KHTML, like Gecko) Chrome/90.0.4430.93 Safari/537.36"
::1 - - [04/May/2021:17:37:51 +0000] "GET /plan/60904c59720b3a6b29c3d932/2021/05 HTTP/1.1" 200 615 "-" "Mozilla/5.0 (Windows NT 10.0; Win64; x64) AppleWebKit/537.36 (KHTML, like Gecko) Chrome/90.0.4430.93 Safari/537.36"
::1 - - [04/May/2021:17:37:58 +0000] "GET /plan/60904c59720b3a6b29c3d932 HTTP/1.1" 200 1608 "-" "Mozilla/5.0 (Windows NT 10.0; Win64; x64) AppleWebKit/537.36 (KHTML, like Gecko) Chrome/90.0.4430.93 Safari/537.36"
::1 - - [04/May/2021:17:38:50 +0000] "GET /plan/60904c59720b3a6b29c3d932/2021/06 HTTP/1.1" 200 994 "http://localhost:4200/" "Mozilla/5.0 (Windows NT 10.0; Win64; x64) AppleWebKit/537.36 (KHTML, like Gecko) Chrome/90.0.4430.93 Safari/537.36"
::1 - - [04/May/2021:17:39:18 +0000] "GET /plan/60904c59720b3a6b29c3d932/2021/05 HTTP/1.1" 200 615 "http://localhost:4200/" "Mozilla/5.0 (Windows NT 10.0; Win64; x64) AppleWebKit/537.36 (KHTML, like Gecko) Chrome/90.0.4430.93 Safari/537.36"
::1 - - [04/May/2021:19:02:55 +0000] "GET /plan/60904c59720b3a6b29c3d932/2021/05 HTTP/1.1" 200 615 "http://localhost:4200/" "Mozilla/5.0 (Windows NT 10.0; Win64; x64) AppleWebKit/537.36 (KHTML, like Gecko) Chrome/90.0.4430.93 Safari/537.36"
::1 - - [04/May/2021:19:06:59 +0000] "GET /plan/60904c59720b3a6b29c3d932/2021/05 HTTP/1.1" 200 615 "http://localhost:4200/" "Mozilla/5.0 (Windows NT 10.0; Win64; x64) AppleWebKit/537.36 (KHTML, like Gecko) Chrome/90.0.4430.93 Safari/537.36"
::1 - - [04/May/2021:19:08:39 +0000] "GET /plan/60904c59720b3a6b29c3d932/2021/05 HTTP/1.1" 200 615 "http://localhost:4200/" "Mozilla/5.0 (Windows NT 10.0; Win64; x64) AppleWebKit/537.36 (KHTML, like Gecko) Chrome/90.0.4430.93 Safari/537.36"
::1 - - [04/May/2021:19:11:18 +0000] "GET /plan/60904c59720b3a6b29c3d932/2021/05 HTTP/1.1" 200 615 "http://localhost:4200/" "Mozilla/5.0 (Windows NT 10.0; Win64; x64) AppleWebKit/537.36 (KHTML, like Gecko) Chrome/90.0.4430.93 Safari/537.36"
::1 - - [04/May/2021:19:12:00 +0000] "GET /plan/60904c59720b3a6b29c3d932/2021/05 HTTP/1.1" 200 615 "http://localhost:4200/" "Mozilla/5.0 (Windows NT 10.0; Win64; x64) AppleWebKit/537.36 (KHTML, like Gecko) Chrome/90.0.4430.93 Safari/537.36"
::1 - - [04/May/2021:19:13:33 +0000] "GET /plan/60904c59720b3a6b29c3d932/2021/05 HTTP/1.1" 200 615 "http://localhost:4200/" "Mozilla/5.0 (Windows NT 10.0; Win64; x64) AppleWebKit/537.36 (KHTML, like Gecko) Chrome/90.0.4430.93 Safari/537.36"
::1 - - [04/May/2021:19:13:48 +0000] "GET /plan/60904c59720b3a6b29c3d932/2021/05 HTTP/1.1" 200 615 "http://localhost:4200/" "Mozilla/5.0 (Windows NT 10.0; Win64; x64) AppleWebKit/537.36 (KHTML, like Gecko) Chrome/90.0.4430.93 Safari/537.36"
::1 - - [04/May/2021:19:14:01 +0000] "GET /plan/60904c59720b3a6b29c3d932/2021/05 HTTP/1.1" 200 615 "http://localhost:4200/" "Mozilla/5.0 (Windows NT 10.0; Win64; x64) AppleWebKit/537.36 (KHTML, like Gecko) Chrome/90.0.4430.93 Safari/537.36"
::1 - - [04/May/2021:19:14:16 +0000] "GET /plan/60904c59720b3a6b29c3d932/2021/05 HTTP/1.1" 200 615 "http://localhost:4200/" "Mozilla/5.0 (Windows NT 10.0; Win64; x64) AppleWebKit/537.36 (KHTML, like Gecko) Chrome/90.0.4430.93 Safari/537.36"
::1 - - [04/May/2021:19:15:44 +0000] "GET /plan/60904c59720b3a6b29c3d932/2021/05 HTTP/1.1" 200 615 "http://localhost:4200/" "Mozilla/5.0 (Windows NT 10.0; Win64; x64) AppleWebKit/537.36 (KHTML, like Gecko) Chrome/90.0.4430.93 Safari/537.36"
::1 - - [04/May/2021:19:15:56 +0000] "GET /plan/60904c59720b3a6b29c3d932/2021/05 HTTP/1.1" 200 615 "http://localhost:4200/" "Mozilla/5.0 (Windows NT 10.0; Win64; x64) AppleWebKit/537.36 (KHTML, like Gecko) Chrome/90.0.4430.93 Safari/537.36"
::1 - - [04/May/2021:19:19:38 +0000] "GET /plan/60904c59720b3a6b29c3d932/2021/05 HTTP/1.1" 200 615 "http://localhost:4200/" "Mozilla/5.0 (Windows NT 10.0; Win64; x64) AppleWebKit/537.36 (KHTML, like Gecko) Chrome/90.0.4430.93 Safari/537.36"
::1 - - [04/May/2021:19:20:00 +0000] "GET /plan/60904c59720b3a6b29c3d932/2021/05 HTTP/1.1" 200 615 "http://localhost:4200/" "Mozilla/5.0 (Windows NT 10.0; Win64; x64) AppleWebKit/537.36 (KHTML, like Gecko) Chrome/90.0.4430.93 Safari/537.36"
::1 - - [04/May/2021:19:20:13 +0000] "GET /plan/60904c59720b3a6b29c3d932/2021/05 HTTP/1.1" 200 615 "http://localhost:4200/" "Mozilla/5.0 (Windows NT 10.0; Win64; x64) AppleWebKit/537.36 (KHTML, like Gecko) Chrome/90.0.4430.93 Safari/537.36"
::1 - - [04/May/2021:19:20:21 +0000] "GET /plan/60904c59720b3a6b29c3d932/2021/05 HTTP/1.1" 200 615 "http://localhost:4200/" "Mozilla/5.0 (Windows NT 10.0; Win64; x64) AppleWebKit/537.36 (KHTML, like Gecko) Chrome/90.0.4430.93 Safari/537.36"
::1 - - [04/May/2021:19:29:14 +0000] "GET /plan/60904c59720b3a6b29c3d932/2021/05 HTTP/1.1" 200 615 "http://localhost:4200/" "Mozilla/5.0 (Windows NT 10.0; Win64; x64) AppleWebKit/537.36 (KHTML, like Gecko) Chrome/90.0.4430.93 Safari/537.36"
::1 - - [04/May/2021:19:30:45 +0000] "GET /plan/60904c59720b3a6b29c3d932/2021/05 HTTP/1.1" 200 615 "http://localhost:4200/" "Mozilla/5.0 (Windows NT 10.0; Win64; x64) AppleWebKit/537.36 (KHTML, like Gecko) Chrome/90.0.4430.93 Safari/537.36"
::1 - - [04/May/2021:19:30:48 +0000] "GET /plan/60904c59720b3a6b29c3d932/2021/05 HTTP/1.1" 200 615 "http://localhost:4200/" "Mozilla/5.0 (Windows NT 10.0; Win64; x64) AppleWebKit/537.36 (KHTML, like Gecko) Chrome/90.0.4430.93 Safari/537.36"
::1 - - [04/May/2021:19:31:11 +0000] "GET /plan/60904c59720b3a6b29c3d932/2021/05 HTTP/1.1" 200 615 "http://localhost:4200/" "Mozilla/5.0 (Windows NT 10.0; Win64; x64) AppleWebKit/537.36 (KHTML, like Gecko) Chrome/90.0.4430.93 Safari/537.36"
::1 - - [04/May/2021:19:31:53 +0000] "GET /plan/60904c59720b3a6b29c3d932/2021/05 HTTP/1.1" 200 615 "http://localhost:4200/" "Mozilla/5.0 (Windows NT 10.0; Win64; x64) AppleWebKit/537.36 (KHTML, like Gecko) Chrome/90.0.4430.93 Safari/537.36"
::1 - - [04/May/2021:19:32:59 +0000] "GET /plan/60904c59720b3a6b29c3d932/2021/05 HTTP/1.1" 200 615 "http://localhost:4200/" "Mozilla/5.0 (Windows NT 10.0; Win64; x64) AppleWebKit/537.36 (KHTML, like Gecko) Chrome/90.0.4430.93 Safari/537.36"
::1 - - [04/May/2021:19:35:03 +0000] "GET /plan/60904c59720b3a6b29c3d932/2021/05 HTTP/1.1" 200 615 "http://localhost:4200/" "Mozilla/5.0 (Windows NT 10.0; Win64; x64) AppleWebKit/537.36 (KHTML, like Gecko) Chrome/90.0.4430.93 Safari/537.36"
::1 - - [04/May/2021:19:38:41 +0000] "GET /plan/60904c59720b3a6b29c3d932/2021/05 HTTP/1.1" 200 615 "http://localhost:4200/" "Mozilla/5.0 (Windows NT 10.0; Win64; x64) AppleWebKit/537.36 (KHTML, like Gecko) Chrome/90.0.4430.93 Safari/537.36"
::1 - - [04/May/2021:19:38:47 +0000] "GET /plan/60904c59720b3a6b29c3d932/2021/05 HTTP/1.1" 200 615 "http://localhost:4200/" "Mozilla/5.0 (Windows NT 10.0; Win64; x64) AppleWebKit/537.36 (KHTML, like Gecko) Chrome/90.0.4430.93 Safari/537.36"
::1 - - [04/May/2021:19:39:17 +0000] "GET /plan/60904c59720b3a6b29c3d932/2021/05 HTTP/1.1" 200 615 "http://localhost:4200/" "Mozilla/5.0 (Windows NT 10.0; Win64; x64) AppleWebKit/537.36 (KHTML, like Gecko) Chrome/90.0.4430.93 Safari/537.36"
::1 - - [04/May/2021:19:39:19 +0000] "GET /plan/60904c59720b3a6b29c3d932/2021/05 HTTP/1.1" 200 615 "http://localhost:4200/" "Mozilla/5.0 (Windows NT 10.0; Win64; x64) AppleWebKit/537.36 (KHTML, like Gecko) Chrome/90.0.4430.93 Safari/537.36"
::1 - - [04/May/2021:19:41:56 +0000] "GET /plan/60904c59720b3a6b29c3d932/2021/05 HTTP/1.1" 200 615 "http://localhost:4200/" "Mozilla/5.0 (Windows NT 10.0; Win64; x64) AppleWebKit/537.36 (KHTML, like Gecko) Chrome/90.0.4430.93 Safari/537.36"
::1 - - [04/May/2021:19:42:08 +0000] "GET /plan/60904c59720b3a6b29c3d932/2021/05 HTTP/1.1" 200 615 "http://localhost:4200/" "Mozilla/5.0 (Windows NT 10.0; Win64; x64) AppleWebKit/537.36 (KHTML, like Gecko) Chrome/90.0.4430.93 Safari/537.36"
::1 - - [04/May/2021:19:42:48 +0000] "GET /plan/60904c59720b3a6b29c3d932/2021/05 HTTP/1.1" 200 615 "http://localhost:4200/" "Mozilla/5.0 (Windows NT 10.0; Win64; x64) AppleWebKit/537.36 (KHTML, like Gecko) Chrome/90.0.4430.93 Safari/537.36"
::1 - - [04/May/2021:19:43:19 +0000] "GET /plan/60904c59720b3a6b29c3d932/2021/05 HTTP/1.1" 200 615 "http://localhost:4200/" "Mozilla/5.0 (Windows NT 10.0; Win64; x64) AppleWebKit/537.36 (KHTML, like Gecko) Chrome/90.0.4430.93 Safari/537.36"
::1 - - [04/May/2021:19:44:08 +0000] "GET /plan/60904c59720b3a6b29c3d932/2021/05 HTTP/1.1" 200 615 "http://localhost:4200/" "Mozilla/5.0 (Windows NT 10.0; Win64; x64) AppleWebKit/537.36 (KHTML, like Gecko) Chrome/90.0.4430.93 Safari/537.36"
::1 - - [04/May/2021:19:44:21 +0000] "GET /plan/60904c59720b3a6b29c3d932/2021/05 HTTP/1.1" 200 615 "http://localhost:4200/" "Mozilla/5.0 (Windows NT 10.0; Win64; x64) AppleWebKit/537.36 (KHTML, like Gecko) Chrome/90.0.4430.93 Safari/537.36"
::1 - - [04/May/2021:19:45:13 +0000] "GET /plan/60904c59720b3a6b29c3d932/2021/05 HTTP/1.1" 200 615 "http://localhost:4200/" "Mozilla/5.0 (Windows NT 10.0; Win64; x64) AppleWebKit/537.36 (KHTML, like Gecko) Chrome/90.0.4430.93 Safari/537.36"
::1 - - [04/May/2021:19:45:27 +0000] "GET /plan/60904c59720b3a6b29c3d932/2021/05 HTTP/1.1" 200 615 "http://localhost:4200/" "Mozilla/5.0 (Windows NT 10.0; Win64; x64) AppleWebKit/537.36 (KHTML, like Gecko) Chrome/90.0.4430.93 Safari/537.36"
::1 - - [04/May/2021:19:47:01 +0000] "GET /plan/60904c59720b3a6b29c3d932/2021/05 HTTP/1.1" 200 615 "http://localhost:4200/" "Mozilla/5.0 (Windows NT 10.0; Win64; x64) AppleWebKit/537.36 (KHTML, like Gecko) Chrome/90.0.4430.93 Safari/537.36"
::1 - - [04/May/2021:19:47:41 +0000] "GET /plan/60904c59720b3a6b29c3d932/2021/05 HTTP/1.1" 200 615 "http://localhost:4200/" "Mozilla/5.0 (Windows NT 10.0; Win64; x64) AppleWebKit/537.36 (KHTML, like Gecko) Chrome/90.0.4430.93 Safari/537.36"
::1 - - [04/May/2021:19:48:16 +0000] "GET /plan/60904c59720b3a6b29c3d932/2021/05 HTTP/1.1" 200 615 "http://localhost:4200/" "Mozilla/5.0 (Windows NT 10.0; Win64; x64) AppleWebKit/537.36 (KHTML, like Gecko) Chrome/90.0.4430.93 Safari/537.36"
::1 - - [04/May/2021:19:50:03 +0000] "GET /plan/60904c59720b3a6b29c3d932/2021/05 HTTP/1.1" 200 615 "http://localhost:4200/" "Mozilla/5.0 (Windows NT 10.0; Win64; x64) AppleWebKit/537.36 (KHTML, like Gecko) Chrome/90.0.4430.93 Safari/537.36"
::1 - - [04/May/2021:19:50:14 +0000] "GET /plan/60904c59720b3a6b29c3d932/2021/05 HTTP/1.1" 200 615 "http://localhost:4200/" "Mozilla/5.0 (Windows NT 10.0; Win64; x64) AppleWebKit/537.36 (KHTML, like Gecko) Chrome/90.0.4430.93 Safari/537.36"
::1 - - [04/May/2021:19:50:22 +0000] "GET /plan/60904c59720b3a6b29c3d932/2021/05 HTTP/1.1" 200 615 "http://localhost:4200/" "Mozilla/5.0 (Windows NT 10.0; Win64; x64) AppleWebKit/537.36 (KHTML, like Gecko) Chrome/90.0.4430.93 Safari/537.36"
::1 - - [04/May/2021:19:50:38 +0000] "GET /plan/60904c59720b3a6b29c3d932/2021/05 HTTP/1.1" 200 615 "http://localhost:4200/" "Mozilla/5.0 (Windows NT 10.0; Win64; x64) AppleWebKit/537.36 (KHTML, like Gecko) Chrome/90.0.4430.93 Safari/537.36"
::1 - - [04/May/2021:19:50:57 +0000] "GET /plan/60904c59720b3a6b29c3d932/2021/05 HTTP/1.1" 200 615 "http://localhost:4200/" "Mozilla/5.0 (Windows NT 10.0; Win64; x64) AppleWebKit/537.36 (KHTML, like Gecko) Chrome/90.0.4430.93 Safari/537.36"
::1 - - [04/May/2021:19:56:41 +0000] "GET /plan/60904c59720b3a6b29c3d932/2021/05 HTTP/1.1" 200 615 "http://localhost:4200/" "Mozilla/5.0 (Windows NT 10.0; Win64; x64) AppleWebKit/537.36 (KHTML, like Gecko) Chrome/90.0.4430.93 Safari/537.36"
::1 - - [04/May/2021:19:57:05 +0000] "GET /plan/60904c59720b3a6b29c3d932/2021/05 HTTP/1.1" 200 615 "http://localhost:4200/" "Mozilla/5.0 (Windows NT 10.0; Win64; x64) AppleWebKit/537.36 (KHTML, like Gecko) Chrome/90.0.4430.93 Safari/537.36"
::1 - - [04/May/2021:19:57:25 +0000] "GET /plan/60904c59720b3a6b29c3d932/2021/05 HTTP/1.1" 200 615 "http://localhost:4200/" "Mozilla/5.0 (Windows NT 10.0; Win64; x64) AppleWebKit/537.36 (KHTML, like Gecko) Chrome/90.0.4430.93 Safari/537.36"
::1 - - [04/May/2021:20:06:24 +0000] "GET /plan/60904c59720b3a6b29c3d932/2021/05 HTTP/1.1" 200 615 "http://localhost:4200/" "Mozilla/5.0 (Windows NT 10.0; Win64; x64) AppleWebKit/537.36 (KHTML, like Gecko) Chrome/90.0.4430.93 Safari/537.36"
::1 - - [04/May/2021:20:16:54 +0000] "GET /plan/60904c59720b3a6b29c3d932/2021/05 HTTP/1.1" 200 615 "http://localhost:4200/" "Mozilla/5.0 (Windows NT 10.0; Win64; x64) AppleWebKit/537.36 (KHTML, like Gecko) Chrome/90.0.4430.93 Safari/537.36"
::1 - - [04/May/2021:20:18:50 +0000] "GET /plan/60904c59720b3a6b29c3d932/2021/05 HTTP/1.1" 200 615 "http://localhost:4200/" "Mozilla/5.0 (Windows NT 10.0; Win64; x64) AppleWebKit/537.36 (KHTML, like Gecko) Chrome/90.0.4430.93 Safari/537.36"
::1 - - [04/May/2021:20:19:29 +0000] "GET /plan/60904c59720b3a6b29c3d932/2021/05 HTTP/1.1" 200 615 "http://localhost:4200/" "Mozilla/5.0 (Windows NT 10.0; Win64; x64) AppleWebKit/537.36 (KHTML, like Gecko) Chrome/90.0.4430.93 Safari/537.36"
::1 - - [04/May/2021:20:20:02 +0000] "GET /plan/60904c59720b3a6b29c3d932/2021/05 HTTP/1.1" 200 615 "http://localhost:4200/" "Mozilla/5.0 (Windows NT 10.0; Win64; x64) AppleWebKit/537.36 (KHTML, like Gecko) Chrome/90.0.4430.93 Safari/537.36"
::1 - - [04/May/2021:20:20:15 +0000] "GET /plan/60904c59720b3a6b29c3d932/2021/05 HTTP/1.1" 200 615 "http://localhost:4200/" "Mozilla/5.0 (Windows NT 10.0; Win64; x64) AppleWebKit/537.36 (KHTML, like Gecko) Chrome/90.0.4430.93 Safari/537.36"
::1 - - [04/May/2021:20:26:28 +0000] "GET /plan/60904c59720b3a6b29c3d932/2021/05 HTTP/1.1" 200 615 "http://localhost:4200/" "Mozilla/5.0 (Windows NT 10.0; Win64; x64) AppleWebKit/537.36 (KHTML, like Gecko) Chrome/90.0.4430.93 Safari/537.36"
::1 - - [04/May/2021:20:27:24 +0000] "GET /plan/60904c59720b3a6b29c3d932/2021/05 HTTP/1.1" 200 615 "http://localhost:4200/" "Mozilla/5.0 (Windows NT 10.0; Win64; x64) AppleWebKit/537.36 (KHTML, like Gecko) Chrome/90.0.4430.93 Safari/537.36"
::1 - - [04/May/2021:20:28:04 +0000] "GET /plan/60904c59720b3a6b29c3d932/2021/05 HTTP/1.1" 200 615 "http://localhost:4200/" "Mozilla/5.0 (Windows NT 10.0; Win64; x64) AppleWebKit/537.36 (KHTML, like Gecko) Chrome/90.0.4430.93 Safari/537.36"
::1 - - [04/May/2021:20:28:50 +0000] "GET /plan/60904c59720b3a6b29c3d932/2021/05 HTTP/1.1" 200 615 "http://localhost:4200/" "Mozilla/5.0 (Windows NT 10.0; Win64; x64) AppleWebKit/537.36 (KHTML, like Gecko) Chrome/90.0.4430.93 Safari/537.36"
::1 - - [04/May/2021:20:29:03 +0000] "GET /plan/60904c59720b3a6b29c3d932/2021/05 HTTP/1.1" 200 615 "http://localhost:4200/" "Mozilla/5.0 (Windows NT 10.0; Win64; x64) AppleWebKit/537.36 (KHTML, like Gecko) Chrome/90.0.4430.93 Safari/537.36"
::1 - - [04/May/2021:20:29:31 +0000] "GET /plan/60904c59720b3a6b29c3d932/2021/05 HTTP/1.1" 200 615 "http://localhost:4200/" "Mozilla/5.0 (Windows NT 10.0; Win64; x64) AppleWebKit/537.36 (KHTML, like Gecko) Chrome/90.0.4430.93 Safari/537.36"
::1 - - [04/May/2021:20:30:26 +0000] "GET /plan/60904c59720b3a6b29c3d932/2021/05 HTTP/1.1" 200 615 "http://localhost:4200/" "Mozilla/5.0 (Windows NT 10.0; Win64; x64) AppleWebKit/537.36 (KHTML, like Gecko) Chrome/90.0.4430.93 Safari/537.36"
::1 - - [04/May/2021:22:18:14 +0000] "GET /plan/60904c59720b3a6b29c3d932/2021/05 HTTP/1.1" 200 615 "http://localhost:4200/" "Mozilla/5.0 (Windows NT 10.0; Win64; x64) AppleWebKit/537.36 (KHTML, like Gecko) Chrome/90.0.4430.93 Safari/537.36"
